<?xml version="1.0" encoding="UTF-8"?>
<testsuite name="duo.cmr.willagropastoral.WillagropastoralJdbcOauthEmailApplicationTests" tests="1" skipped="0" failures="0" errors="0" timestamp="2022-03-20T17:07:18" hostname="MacBook-von-macbook.local" time="0.794">
  <properties/>
  <testcase name="contextLoads()" classname="duo.cmr.willagropastoral.WillagropastoralJdbcOauthEmailApplicationTests" time="0.794"/>
  <system-out><![CDATA[18:07:11.178 [Test worker] DEBUG org.springframework.test.context.BootstrapUtils - Instantiating CacheAwareContextLoaderDelegate from class [org.springframework.test.context.cache.DefaultCacheAwareContextLoaderDelegate]
18:07:11.204 [Test worker] DEBUG org.springframework.test.context.BootstrapUtils - Instantiating BootstrapContext using constructor [public org.springframework.test.context.support.DefaultBootstrapContext(java.lang.Class,org.springframework.test.context.CacheAwareContextLoaderDelegate)]
18:07:11.277 [Test worker] DEBUG org.springframework.test.context.BootstrapUtils - Instantiating TestContextBootstrapper for test class [duo.cmr.willagropastoral.WillagropastoralJdbcOauthEmailApplicationTests] from class [org.springframework.boot.test.context.SpringBootTestContextBootstrapper]
18:07:11.301 [Test worker] INFO org.springframework.boot.test.context.SpringBootTestContextBootstrapper - Neither @ContextConfiguration nor @ContextHierarchy found for test class [duo.cmr.willagropastoral.WillagropastoralJdbcOauthEmailApplicationTests], using SpringBootContextLoader
18:07:11.309 [Test worker] DEBUG org.springframework.test.context.support.AbstractContextLoader - Did not detect default resource location for test class [duo.cmr.willagropastoral.WillagropastoralJdbcOauthEmailApplicationTests]: class path resource [duo/cmr/willagropastoral/WillagropastoralJdbcOauthEmailApplicationTests-context.xml] does not exist
18:07:11.310 [Test worker] DEBUG org.springframework.test.context.support.AbstractContextLoader - Did not detect default resource location for test class [duo.cmr.willagropastoral.WillagropastoralJdbcOauthEmailApplicationTests]: class path resource [duo/cmr/willagropastoral/WillagropastoralJdbcOauthEmailApplicationTestsContext.groovy] does not exist
18:07:11.311 [Test worker] INFO org.springframework.test.context.support.AbstractContextLoader - Could not detect default resource locations for test class [duo.cmr.willagropastoral.WillagropastoralJdbcOauthEmailApplicationTests]: no resource found for suffixes {-context.xml, Context.groovy}.
18:07:11.312 [Test worker] INFO org.springframework.test.context.support.AnnotationConfigContextLoaderUtils - Could not detect default configuration classes for test class [duo.cmr.willagropastoral.WillagropastoralJdbcOauthEmailApplicationTests]: WillagropastoralJdbcOauthEmailApplicationTests does not declare any static, non-private, non-final, nested classes annotated with @Configuration.
18:07:11.395 [Test worker] DEBUG org.springframework.test.context.support.ActiveProfilesUtils - Could not find an 'annotation declaring class' for annotation type [org.springframework.test.context.ActiveProfiles] and class [duo.cmr.willagropastoral.WillagropastoralJdbcOauthEmailApplicationTests]
18:07:11.491 [Test worker] DEBUG org.springframework.context.annotation.ClassPathScanningCandidateComponentProvider - Identified candidate component class: file [/Users/admin/Desktop/SprungInsMacAigain/HardCodes/willagropastoral-jdbc-oauth-email/build/classes/java/main/duo/cmr/willagropastoral/WillagropastoralJdbcOauthEmailApplication.class]
18:07:11.493 [Test worker] INFO org.springframework.boot.test.context.SpringBootTestContextBootstrapper - Found @SpringBootConfiguration duo.cmr.willagropastoral.WillagropastoralJdbcOauthEmailApplication for test class duo.cmr.willagropastoral.WillagropastoralJdbcOauthEmailApplicationTests
18:07:11.661 [Test worker] DEBUG org.springframework.boot.test.context.SpringBootTestContextBootstrapper - @TestExecutionListeners is not present for class [duo.cmr.willagropastoral.WillagropastoralJdbcOauthEmailApplicationTests]: using defaults.
18:07:11.662 [Test worker] INFO org.springframework.boot.test.context.SpringBootTestContextBootstrapper - Loaded default TestExecutionListener class names from location [META-INF/spring.factories]: [org.springframework.boot.test.autoconfigure.restdocs.RestDocsTestExecutionListener, org.springframework.boot.test.autoconfigure.web.client.MockRestServiceServerResetTestExecutionListener, org.springframework.boot.test.autoconfigure.web.servlet.MockMvcPrintOnlyOnFailureTestExecutionListener, org.springframework.boot.test.autoconfigure.web.servlet.WebDriverTestExecutionListener, org.springframework.boot.test.autoconfigure.webservices.client.MockWebServiceServerTestExecutionListener, org.springframework.boot.test.mock.mockito.MockitoTestExecutionListener, org.springframework.boot.test.mock.mockito.ResetMocksTestExecutionListener, org.springframework.test.context.web.ServletTestExecutionListener, org.springframework.test.context.support.DirtiesContextBeforeModesTestExecutionListener, org.springframework.test.context.event.ApplicationEventsTestExecutionListener, org.springframework.test.context.support.DependencyInjectionTestExecutionListener, org.springframework.test.context.support.DirtiesContextTestExecutionListener, org.springframework.test.context.transaction.TransactionalTestExecutionListener, org.springframework.test.context.jdbc.SqlScriptsTestExecutionListener, org.springframework.test.context.event.EventPublishingTestExecutionListener]
18:07:11.688 [Test worker] INFO org.springframework.boot.test.context.SpringBootTestContextBootstrapper - Using TestExecutionListeners: [org.springframework.test.context.web.ServletTestExecutionListener@12bfd80d, org.springframework.test.context.support.DirtiesContextBeforeModesTestExecutionListener@41925502, org.springframework.test.context.event.ApplicationEventsTestExecutionListener@13e3c1c7, org.springframework.boot.test.mock.mockito.MockitoTestExecutionListener@5316e95f, org.springframework.boot.test.autoconfigure.SpringBootDependencyInjectionTestExecutionListener@3f053c80, org.springframework.test.context.support.DirtiesContextTestExecutionListener@6c6c5427, org.springframework.test.context.transaction.TransactionalTestExecutionListener@618c5d94, org.springframework.test.context.jdbc.SqlScriptsTestExecutionListener@5b40ceb, org.springframework.test.context.event.EventPublishingTestExecutionListener@13c3c1e1, org.springframework.boot.test.autoconfigure.restdocs.RestDocsTestExecutionListener@1d8062d2, org.springframework.boot.test.autoconfigure.web.client.MockRestServiceServerResetTestExecutionListener@1e63ec0b, org.springframework.boot.test.autoconfigure.web.servlet.MockMvcPrintOnlyOnFailureTestExecutionListener@3b956878, org.springframework.boot.test.autoconfigure.web.servlet.WebDriverTestExecutionListener@36546a22, org.springframework.boot.test.autoconfigure.webservices.client.MockWebServiceServerTestExecutionListener@285c08c8, org.springframework.boot.test.mock.mockito.ResetMocksTestExecutionListener@295eaa7c]
18:07:11.694 [Test worker] DEBUG org.springframework.test.context.support.AbstractDirtiesContextTestExecutionListener - Before test class: context [DefaultTestContext@630cb4a4 testClass = WillagropastoralJdbcOauthEmailApplicationTests, testInstance = [null], testMethod = [null], testException = [null], mergedContextConfiguration = [WebMergedContextConfiguration@636e8cc testClass = WillagropastoralJdbcOauthEmailApplicationTests, locations = '{}', classes = '{class duo.cmr.willagropastoral.WillagropastoralJdbcOauthEmailApplication}', contextInitializerClasses = '[]', activeProfiles = '{}', propertySourceLocations = '{}', propertySourceProperties = '{org.springframework.boot.test.context.SpringBootTestContextBootstrapper=true}', contextCustomizers = set[org.springframework.boot.test.autoconfigure.actuate.metrics.MetricsExportContextCustomizerFactory$DisableMetricExportContextCustomizer@1b75c2e3, org.springframework.boot.test.autoconfigure.properties.PropertyMappingContextCustomizer@0, org.springframework.boot.test.autoconfigure.web.servlet.WebDriverContextCustomizerFactory$Customizer@2796aeae, org.springframework.boot.test.context.filter.ExcludeFilterContextCustomizer@51fadaff, org.springframework.boot.test.json.DuplicateJsonObjectContextCustomizerFactory$DuplicateJsonObjectContextCustomizer@5b6ec132, org.springframework.boot.test.mock.mockito.MockitoContextCustomizer@0, org.springframework.boot.test.web.client.TestRestTemplateContextCustomizer@78641d23, org.springframework.boot.test.context.SpringBootTestArgs@1, org.springframework.boot.test.context.SpringBootTestWebEnvironment@623a8092], resourceBasePath = 'src/main/webapp', contextLoader = 'org.springframework.boot.test.context.SpringBootContextLoader', parent = [null]], attributes = map['org.springframework.test.context.web.ServletTestExecutionListener.activateListener' -> true]], class annotated with @DirtiesContext [false] with mode [null].

  .   ____          _            __ _ _
 /\\ / ___'_ __ _ _(_)_ __  __ _ \ \ \ \
( ( )\___ | '_ | '_| | '_ \/ _` | \ \ \ \
 \\/  ___)| |_)| | | | | || (_| |  ) ) ) )
  '  |____| .__|_| |_|_| |_\__, | / / / /
 =========|_|==============|___/=/_/_/_/
 :: Spring Boot ::                (v2.6.3)

2022-03-20 18:07:12.284  INFO 8424 --- [    Test worker] ropastoralJdbcOauthEmailApplicationTests : Starting WillagropastoralJdbcOauthEmailApplicationTests using Java 17 on MacBook-von-macbook.local with PID 8424 (started by admin in /Users/admin/Desktop/SprungInsMacAigain/HardCodes/willagropastoral-jdbc-oauth-email)
2022-03-20 18:07:12.286 DEBUG 8424 --- [    Test worker] ropastoralJdbcOauthEmailApplicationTests : Running with Spring Boot v2.6.3, Spring v5.3.15
2022-03-20 18:07:12.286  INFO 8424 --- [    Test worker] ropastoralJdbcOauthEmailApplicationTests : The following profiles are active: production
2022-03-20 18:07:12.296 DEBUG 8424 --- [kground-preinit] org.jboss.logging                        : Logging Provider: org.jboss.logging.Log4j2LoggerProvider
2022-03-20 18:07:12.306 DEBUG 8424 --- [kground-preinit] o.h.v.i.xml.config.ValidationXmlParser   : Trying to load META-INF/validation.xml for XML based Validator configuration.
2022-03-20 18:07:12.309 DEBUG 8424 --- [kground-preinit] o.h.v.i.xml.config.ResourceLoaderHelper  : Trying to load META-INF/validation.xml via TCCL
2022-03-20 18:07:12.310 DEBUG 8424 --- [kground-preinit] o.h.v.i.xml.config.ResourceLoaderHelper  : Trying to load META-INF/validation.xml via Hibernate Validator's class loader
2022-03-20 18:07:12.310 DEBUG 8424 --- [kground-preinit] o.h.v.i.xml.config.ValidationXmlParser   : No META-INF/validation.xml found. Using annotation based configuration only.
2022-03-20 18:07:12.316 DEBUG 8424 --- [kground-preinit] o.h.v.i.e.resolver.TraversableResolvers  : Cannot find javax.persistence.Persistence on classpath. Assuming non JPA 2 environment. All properties will per default be traversable.
2022-03-20 18:07:12.359 DEBUG 8424 --- [kground-preinit] .h.v.m.ResourceBundleMessageInterpolator : Loaded expression factory via original TCCL
2022-03-20 18:07:12.560 DEBUG 8424 --- [kground-preinit] .i.e.ValidatorFactoryConfigurationHelper : HV000252: Using org.hibernate.validator.internal.engine.DefaultPropertyNodeNameProvider as property node name provider.
2022-03-20 18:07:12.571 DEBUG 8424 --- [kground-preinit] .i.e.ValidatorFactoryConfigurationHelper : HV000234: Using org.hibernate.validator.messageinterpolation.ResourceBundleMessageInterpolator as ValidatorFactory-scoped message interpolator.
2022-03-20 18:07:12.572 DEBUG 8424 --- [kground-preinit] .i.e.ValidatorFactoryConfigurationHelper : HV000234: Using org.hibernate.validator.internal.engine.resolver.TraverseAllTraversableResolver as ValidatorFactory-scoped traversable resolver.
2022-03-20 18:07:12.572 DEBUG 8424 --- [kground-preinit] .i.e.ValidatorFactoryConfigurationHelper : HV000234: Using org.hibernate.validator.internal.util.ExecutableParameterNameProvider as ValidatorFactory-scoped parameter name provider.
2022-03-20 18:07:12.573 DEBUG 8424 --- [kground-preinit] .i.e.ValidatorFactoryConfigurationHelper : HV000234: Using org.hibernate.validator.internal.engine.DefaultClockProvider as ValidatorFactory-scoped clock provider.
2022-03-20 18:07:12.573 DEBUG 8424 --- [kground-preinit] .i.e.ValidatorFactoryConfigurationHelper : HV000234: Using org.hibernate.validator.internal.engine.scripting.DefaultScriptEvaluatorFactory as ValidatorFactory-scoped script evaluator factory.
2022-03-20 18:07:13.695  INFO 8424 --- [    Test worker] .s.d.r.c.RepositoryConfigurationDelegate : Bootstrapping Spring Data JDBC repositories in DEFAULT mode.
2022-03-20 18:07:13.974  INFO 8424 --- [    Test worker] .s.d.r.c.RepositoryConfigurationDelegate : Finished Spring Data repository scanning in 273 ms. Found 9 JDBC repository interfaces.
2022-03-20 18:07:14.598  INFO 8424 --- [    Test worker] trationDelegate$BeanPostProcessorChecker : Bean 'methodSecurityConfiguration' of type [duo.cmr.willagropastoral.boundedContexts.dasandere.web.securityconfiguration.MethodSecurityConfiguration$$EnhancerBySpringCGLIB$$8b909463] is not eligible for getting processed by all BeanPostProcessors (for example: not eligible for auto-proxying)
2022-03-20 18:07:14.820 DEBUG 8424 --- [    Test worker] com.zaxxer.hikari.HikariConfig           : Driver class org.postgresql.Driver found in Thread context class loader jdk.internal.loader.ClassLoaders$AppClassLoader@5ffd2b27
2022-03-20 18:07:14.950 DEBUG 8424 --- [    Test worker] o.f.core.internal.util.FeatureDetector   : AWS SDK available: false
2022-03-20 18:07:14.951 DEBUG 8424 --- [    Test worker] o.f.core.internal.util.FeatureDetector   : Google Cloud Storage available: false
2022-03-20 18:07:14.952 DEBUG 8424 --- [    Test worker] o.f.c.i.s.classpath.ClassPathScanner     : Scanning for classpath resources at 'classpath:db/callback' ...
2022-03-20 18:07:14.952 DEBUG 8424 --- [    Test worker] o.f.c.i.s.classpath.ClassPathScanner     : Determining location urls for classpath:db/callback using ClassLoader jdk.internal.loader.ClassLoaders$AppClassLoader@5ffd2b27 ...
2022-03-20 18:07:14.952 DEBUG 8424 --- [    Test worker] o.f.c.i.s.classpath.ClassPathScanner     : Unable to resolve location classpath:db/callback.
2022-03-20 18:07:14.953 DEBUG 8424 --- [    Test worker] o.f.c.i.s.classpath.ClassPathScanner     : Scanning for classpath resources at 'classpath:db/migration' ...
2022-03-20 18:07:14.953 DEBUG 8424 --- [    Test worker] o.f.c.i.s.classpath.ClassPathScanner     : Determining location urls for classpath:db/migration using ClassLoader jdk.internal.loader.ClassLoaders$AppClassLoader@5ffd2b27 ...
2022-03-20 18:07:14.954 DEBUG 8424 --- [    Test worker] o.f.c.i.s.classpath.ClassPathScanner     : Scanning URL: file:/Users/admin/Desktop/SprungInsMacAigain/HardCodes/willagropastoral-jdbc-oauth-email/build/resources/main/db/migration
2022-03-20 18:07:14.954 DEBUG 8424 --- [    Test worker] o.f.core.internal.util.FeatureDetector   : JBoss VFS v2 available: false
2022-03-20 18:07:14.956 DEBUG 8424 --- [    Test worker] i.s.c.FileSystemClassPathLocationScanner : Scanning starting at classpath root in filesystem: /Users/admin/Desktop/SprungInsMacAigain/HardCodes/willagropastoral-jdbc-oauth-email/build/resources/main/
2022-03-20 18:07:14.956 DEBUG 8424 --- [    Test worker] i.s.c.FileSystemClassPathLocationScanner : Scanning for resources in path: /Users/admin/Desktop/SprungInsMacAigain/HardCodes/willagropastoral-jdbc-oauth-email/build/resources/main/db/migration (db/migration)
2022-03-20 18:07:14.959 DEBUG 8424 --- [    Test worker] o.f.c.i.s.classpath.ClassPathScanner     : Found resource: db/migration/V0__initialisierung.sql
2022-03-20 18:07:14.959 DEBUG 8424 --- [    Test worker] o.f.c.i.s.classpath.ClassPathScanner     : Found resource: db/migration/V10__insert_project_pondeuses_and_porcins.sql
2022-03-20 18:07:14.960 DEBUG 8424 --- [    Test worker] o.f.c.i.s.classpath.ClassPathScanner     : Found resource: db/migration/V1__tabelle_erstellen.sql
2022-03-20 18:07:14.960 DEBUG 8424 --- [    Test worker] o.f.c.i.s.classpath.ClassPathScanner     : Found resource: db/migration/V2__exampleData.sql
2022-03-20 18:07:14.960 DEBUG 8424 --- [    Test worker] o.f.c.i.s.classpath.ClassPathScanner     : Found resource: db/migration/V3__weitere_tabelle.sql
2022-03-20 18:07:14.960 DEBUG 8424 --- [    Test worker] o.f.c.i.s.classpath.ClassPathScanner     : Found resource: db/migration/V4__admin_and_leader.sql
2022-03-20 18:07:14.961 DEBUG 8424 --- [    Test worker] o.f.c.i.s.classpath.ClassPathScanner     : Found resource: db/migration/V5__tabelle_avis.sql
2022-03-20 18:07:14.961 DEBUG 8424 --- [    Test worker] o.f.c.i.s.classpath.ClassPathScanner     : Found resource: db/migration/V6__tabelle_vollaille.sql
2022-03-20 18:07:14.961 DEBUG 8424 --- [    Test worker] o.f.c.i.s.classpath.ClassPathScanner     : Found resource: db/migration/V7__update_table_tagesverlauf_und_finances.sql
2022-03-20 18:07:14.961 DEBUG 8424 --- [    Test worker] o.f.c.i.s.classpath.ClassPathScanner     : Found resource: db/migration/V8__create_table_project.sql
2022-03-20 18:07:14.962 DEBUG 8424 --- [    Test worker] o.f.c.i.s.classpath.ClassPathScanner     : Found resource: db/migration/V9__all_actual_tagesverlaufs_to_pondeuses_verlaufs.sql
2022-03-20 18:07:14.962 DEBUG 8424 --- [    Test worker] o.f.c.i.s.classpath.ClassPathScanner     : Scanning for classes at classpath:db/migration
2022-03-20 18:07:14.969 DEBUG 8424 --- [    Test worker] org.postgresql.Driver                    : Loading driver configuration via classloader jdk.internal.loader.ClassLoaders$AppClassLoader@5ffd2b27
2022-03-20 18:07:14.971 DEBUG 8424 --- [    Test worker] org.postgresql.Driver                    : Connecting with URL: jdbc:postgresql://localhost:15000/willagropastoral
2022-03-20 18:07:14.984 DEBUG 8424 --- [    Test worker] org.postgresql.jdbc.PgConnection         : PostgreSQL JDBC Driver 42.3.1
2022-03-20 18:07:14.986 DEBUG 8424 --- [    Test worker] org.postgresql.jdbc.PgConnection         :   setDefaultFetchSize = 0
2022-03-20 18:07:14.986 DEBUG 8424 --- [    Test worker] org.postgresql.jdbc.PgConnection         :   setPrepareThreshold = 5
2022-03-20 18:07:14.995 DEBUG 8424 --- [    Test worker] o.p.core.v3.ConnectionFactoryImpl        : Trying to establish a protocol version 3 connection to localhost:15000
2022-03-20 18:07:15.015 DEBUG 8424 --- [    Test worker] o.p.core.v3.ConnectionFactoryImpl        : Receive Buffer Size is 408.300
2022-03-20 18:07:15.016 DEBUG 8424 --- [    Test worker] o.p.core.v3.ConnectionFactoryImpl        : Send Buffer Size is 146.988
2022-03-20 18:07:15.329  INFO 8424 --- [    Test worker] o.f.c.internal.license.VersionPrinter    : Flyway Community Edition 8.0.5 by Redgate
2022-03-20 18:07:15.330  INFO 8424 --- [    Test worker] o.f.c.i.database.base.BaseDatabaseType   : Database: jdbc:postgresql://localhost:15000/willagropastoral (PostgreSQL 14.1)
2022-03-20 18:07:15.330 DEBUG 8424 --- [    Test worker] o.f.c.i.database.base.BaseDatabaseType   : Driver  : PostgreSQL JDBC Driver 42.3.1
2022-03-20 18:07:15.334 DEBUG 8424 --- [    Test worker] org.flywaydb.core.FlywayExecutor         : DDL Transactions Supported: true
2022-03-20 18:07:15.336 DEBUG 8424 --- [    Test worker] o.f.c.i.s.SchemaHistoryFactory           : Schemas: 
2022-03-20 18:07:15.337 DEBUG 8424 --- [    Test worker] o.f.c.i.s.SchemaHistoryFactory           : Default schema: null
2022-03-20 18:07:15.371 DEBUG 8424 --- [    Test worker] o.f.c.i.c.SqlScriptCallbackFactory       : Scanning for SQL callbacks ...
2022-03-20 18:07:15.389 DEBUG 8424 --- [    Test worker] o.f.core.internal.command.DbValidate     : Validating migrations ...
2022-03-20 18:07:15.391 DEBUG 8424 --- [    Test worker] org.postgresql.jdbc.PgConnection         :   setAutoCommit = false
2022-03-20 18:07:15.410 DEBUG 8424 --- [    Test worker] o.f.core.internal.scanner.Scanner        : Filtering out resource: db/migration/V5__tabelle_avis.sql (filename: V5__tabelle_avis.sql)
2022-03-20 18:07:15.410 DEBUG 8424 --- [    Test worker] o.f.core.internal.scanner.Scanner        : Filtering out resource: db/migration/V6__tabelle_vollaille.sql (filename: V6__tabelle_vollaille.sql)
2022-03-20 18:07:15.410 DEBUG 8424 --- [    Test worker] o.f.core.internal.scanner.Scanner        : Filtering out resource: db/migration/V7__update_table_tagesverlauf_und_finances.sql (filename: V7__update_table_tagesverlauf_und_finances.sql)
2022-03-20 18:07:15.411 DEBUG 8424 --- [    Test worker] o.f.core.internal.scanner.Scanner        : Filtering out resource: db/migration/V9__all_actual_tagesverlaufs_to_pondeuses_verlaufs.sql (filename: V9__all_actual_tagesverlaufs_to_pondeuses_verlaufs.sql)
2022-03-20 18:07:15.411 DEBUG 8424 --- [    Test worker] o.f.core.internal.scanner.Scanner        : Filtering out resource: db/migration/V1__tabelle_erstellen.sql (filename: V1__tabelle_erstellen.sql)
2022-03-20 18:07:15.411 DEBUG 8424 --- [    Test worker] o.f.core.internal.scanner.Scanner        : Filtering out resource: db/migration/V4__admin_and_leader.sql (filename: V4__admin_and_leader.sql)
2022-03-20 18:07:15.411 DEBUG 8424 --- [    Test worker] o.f.core.internal.scanner.Scanner        : Filtering out resource: db/migration/V2__exampleData.sql (filename: V2__exampleData.sql)
2022-03-20 18:07:15.411 DEBUG 8424 --- [    Test worker] o.f.core.internal.scanner.Scanner        : Filtering out resource: db/migration/V0__initialisierung.sql (filename: V0__initialisierung.sql)
2022-03-20 18:07:15.412 DEBUG 8424 --- [    Test worker] o.f.core.internal.scanner.Scanner        : Filtering out resource: db/migration/V10__insert_project_pondeuses_and_porcins.sql (filename: V10__insert_project_pondeuses_and_porcins.sql)
2022-03-20 18:07:15.412 DEBUG 8424 --- [    Test worker] o.f.core.internal.scanner.Scanner        : Filtering out resource: db/migration/V3__weitere_tabelle.sql (filename: V3__weitere_tabelle.sql)
2022-03-20 18:07:15.412 DEBUG 8424 --- [    Test worker] o.f.core.internal.scanner.Scanner        : Filtering out resource: db/migration/V8__create_table_project.sql (filename: V8__create_table_project.sql)
2022-03-20 18:07:15.447 DEBUG 8424 --- [    Test worker] org.postgresql.jdbc.PgConnection         :   setAutoCommit = true
2022-03-20 18:07:15.449  INFO 8424 --- [    Test worker] o.f.core.internal.command.DbValidate     : Successfully validated 11 migrations (execution time 00:00.057s)
2022-03-20 18:07:15.481  INFO 8424 --- [    Test worker] o.f.core.internal.command.DbMigrate      : Current version of schema "public": 10
2022-03-20 18:07:15.485  INFO 8424 --- [    Test worker] o.f.core.internal.command.DbMigrate      : Schema "public" is up to date. No migration necessary.
2022-03-20 18:07:15.490 DEBUG 8424 --- [    Test worker] org.postgresql.jdbc.PgConnection         :   setAutoCommit = false
2022-03-20 18:07:15.497 DEBUG 8424 --- [    Test worker] org.postgresql.jdbc.PgConnection         :   setAutoCommit = true
2022-03-20 18:07:15.501 DEBUG 8424 --- [    Test worker] org.flywaydb.core.FlywayExecutor         : Memory usage: 24 of 54M
2022-03-20 18:07:15.598 DEBUG 8424 --- [    Test worker] com.zaxxer.hikari.HikariConfig           : HikariPool-1 - configuration:
2022-03-20 18:07:15.603 DEBUG 8424 --- [    Test worker] com.zaxxer.hikari.HikariConfig           : allowPoolSuspension................................false
2022-03-20 18:07:15.604 DEBUG 8424 --- [    Test worker] com.zaxxer.hikari.HikariConfig           : autoCommit................................true
2022-03-20 18:07:15.604 DEBUG 8424 --- [    Test worker] com.zaxxer.hikari.HikariConfig           : catalog................................none
2022-03-20 18:07:15.604 DEBUG 8424 --- [    Test worker] com.zaxxer.hikari.HikariConfig           : connectionInitSql................................none
2022-03-20 18:07:15.609 DEBUG 8424 --- [    Test worker] com.zaxxer.hikari.HikariConfig           : connectionTestQuery................................none
2022-03-20 18:07:15.610 DEBUG 8424 --- [    Test worker] com.zaxxer.hikari.HikariConfig           : connectionTimeout................................30000
2022-03-20 18:07:15.610 DEBUG 8424 --- [    Test worker] com.zaxxer.hikari.HikariConfig           : dataSource................................none
2022-03-20 18:07:15.611 DEBUG 8424 --- [    Test worker] com.zaxxer.hikari.HikariConfig           : dataSourceClassName................................none
2022-03-20 18:07:15.611 DEBUG 8424 --- [    Test worker] com.zaxxer.hikari.HikariConfig           : dataSourceJNDI................................none
2022-03-20 18:07:15.611 DEBUG 8424 --- [    Test worker] com.zaxxer.hikari.HikariConfig           : dataSourceProperties................................{password=<masked>}
2022-03-20 18:07:15.612 DEBUG 8424 --- [    Test worker] com.zaxxer.hikari.HikariConfig           : driverClassName................................"org.postgresql.Driver"
2022-03-20 18:07:15.612 DEBUG 8424 --- [    Test worker] com.zaxxer.hikari.HikariConfig           : exceptionOverrideClassName................................none
2022-03-20 18:07:15.612 DEBUG 8424 --- [    Test worker] com.zaxxer.hikari.HikariConfig           : healthCheckProperties................................{}
2022-03-20 18:07:15.612 DEBUG 8424 --- [    Test worker] com.zaxxer.hikari.HikariConfig           : healthCheckRegistry................................none
2022-03-20 18:07:15.613 DEBUG 8424 --- [    Test worker] com.zaxxer.hikari.HikariConfig           : idleTimeout................................600000
2022-03-20 18:07:15.613 DEBUG 8424 --- [    Test worker] com.zaxxer.hikari.HikariConfig           : initializationFailTimeout................................1
2022-03-20 18:07:15.613 DEBUG 8424 --- [    Test worker] com.zaxxer.hikari.HikariConfig           : isolateInternalQueries................................false
2022-03-20 18:07:15.614 DEBUG 8424 --- [    Test worker] com.zaxxer.hikari.HikariConfig           : jdbcUrl................................jdbc:postgresql://localhost:15000/willagropastoral
2022-03-20 18:07:15.614 DEBUG 8424 --- [    Test worker] com.zaxxer.hikari.HikariConfig           : keepaliveTime................................0
2022-03-20 18:07:15.614 DEBUG 8424 --- [    Test worker] com.zaxxer.hikari.HikariConfig           : leakDetectionThreshold................................0
2022-03-20 18:07:15.614 DEBUG 8424 --- [    Test worker] com.zaxxer.hikari.HikariConfig           : maxLifetime................................1800000
2022-03-20 18:07:15.615 DEBUG 8424 --- [    Test worker] com.zaxxer.hikari.HikariConfig           : maximumPoolSize................................10
2022-03-20 18:07:15.615 DEBUG 8424 --- [    Test worker] com.zaxxer.hikari.HikariConfig           : metricRegistry................................none
2022-03-20 18:07:15.615 DEBUG 8424 --- [    Test worker] com.zaxxer.hikari.HikariConfig           : metricsTrackerFactory................................none
2022-03-20 18:07:15.615 DEBUG 8424 --- [    Test worker] com.zaxxer.hikari.HikariConfig           : minimumIdle................................10
2022-03-20 18:07:15.616 DEBUG 8424 --- [    Test worker] com.zaxxer.hikari.HikariConfig           : password................................<masked>
2022-03-20 18:07:15.616 DEBUG 8424 --- [    Test worker] com.zaxxer.hikari.HikariConfig           : poolName................................"HikariPool-1"
2022-03-20 18:07:15.616 DEBUG 8424 --- [    Test worker] com.zaxxer.hikari.HikariConfig           : readOnly................................false
2022-03-20 18:07:15.616 DEBUG 8424 --- [    Test worker] com.zaxxer.hikari.HikariConfig           : registerMbeans................................false
2022-03-20 18:07:15.617 DEBUG 8424 --- [    Test worker] com.zaxxer.hikari.HikariConfig           : scheduledExecutor................................none
2022-03-20 18:07:15.617 DEBUG 8424 --- [    Test worker] com.zaxxer.hikari.HikariConfig           : schema................................none
2022-03-20 18:07:15.617 DEBUG 8424 --- [    Test worker] com.zaxxer.hikari.HikariConfig           : threadFactory................................internal
2022-03-20 18:07:15.618 DEBUG 8424 --- [    Test worker] com.zaxxer.hikari.HikariConfig           : transactionIsolation................................default
2022-03-20 18:07:15.618 DEBUG 8424 --- [    Test worker] com.zaxxer.hikari.HikariConfig           : username................................"willagropastoral"
2022-03-20 18:07:15.619 DEBUG 8424 --- [    Test worker] com.zaxxer.hikari.HikariConfig           : validationTimeout................................5000
2022-03-20 18:07:15.619  INFO 8424 --- [    Test worker] com.zaxxer.hikari.HikariDataSource       : HikariPool-1 - Starting...
2022-03-20 18:07:15.636 DEBUG 8424 --- [    Test worker] org.postgresql.Driver                    : Loading driver configuration via classloader jdk.internal.loader.ClassLoaders$AppClassLoader@5ffd2b27
2022-03-20 18:07:15.637 DEBUG 8424 --- [    Test worker] org.postgresql.Driver                    : Connecting with URL: jdbc:postgresql://localhost:15000/willagropastoral
2022-03-20 18:07:15.638 DEBUG 8424 --- [    Test worker] org.postgresql.jdbc.PgConnection         : PostgreSQL JDBC Driver 42.3.1
2022-03-20 18:07:15.638 DEBUG 8424 --- [    Test worker] org.postgresql.jdbc.PgConnection         :   setDefaultFetchSize = 0
2022-03-20 18:07:15.639 DEBUG 8424 --- [    Test worker] org.postgresql.jdbc.PgConnection         :   setPrepareThreshold = 5
2022-03-20 18:07:15.640 DEBUG 8424 --- [    Test worker] o.p.core.v3.ConnectionFactoryImpl        : Trying to establish a protocol version 3 connection to localhost:15000
2022-03-20 18:07:15.642 DEBUG 8424 --- [    Test worker] o.p.core.v3.ConnectionFactoryImpl        : Receive Buffer Size is 408.300
2022-03-20 18:07:15.642 DEBUG 8424 --- [    Test worker] o.p.core.v3.ConnectionFactoryImpl        : Send Buffer Size is 146.988
2022-03-20 18:07:15.722 DEBUG 8424 --- [    Test worker] com.zaxxer.hikari.pool.HikariPool        : HikariPool-1 - Added connection org.postgresql.jdbc.PgConnection@463045fb
2022-03-20 18:07:15.725  INFO 8424 --- [    Test worker] com.zaxxer.hikari.HikariDataSource       : HikariPool-1 - Start completed.
2022-03-20 18:07:15.826 DEBUG 8424 --- [l-1 housekeeper] com.zaxxer.hikari.pool.HikariPool        : HikariPool-1 - Pool stats (total=1, active=0, idle=1, waiting=0)
2022-03-20 18:07:15.827 DEBUG 8424 --- [onnection adder] org.postgresql.Driver                    : Connecting with URL: jdbc:postgresql://localhost:15000/willagropastoral
2022-03-20 18:07:15.827 DEBUG 8424 --- [onnection adder] org.postgresql.jdbc.PgConnection         : PostgreSQL JDBC Driver 42.3.1
2022-03-20 18:07:15.828 DEBUG 8424 --- [onnection adder] org.postgresql.jdbc.PgConnection         :   setDefaultFetchSize = 0
2022-03-20 18:07:15.828 DEBUG 8424 --- [onnection adder] org.postgresql.jdbc.PgConnection         :   setPrepareThreshold = 5
2022-03-20 18:07:15.828 DEBUG 8424 --- [onnection adder] o.p.core.v3.ConnectionFactoryImpl        : Trying to establish a protocol version 3 connection to localhost:15000
2022-03-20 18:07:15.829 DEBUG 8424 --- [onnection adder] o.p.core.v3.ConnectionFactoryImpl        : Receive Buffer Size is 408.300
2022-03-20 18:07:15.830 DEBUG 8424 --- [onnection adder] o.p.core.v3.ConnectionFactoryImpl        : Send Buffer Size is 146.988
2022-03-20 18:07:15.951 DEBUG 8424 --- [onnection adder] com.zaxxer.hikari.pool.HikariPool        : HikariPool-1 - Added connection org.postgresql.jdbc.PgConnection@199353a4
2022-03-20 18:07:15.951 DEBUG 8424 --- [onnection adder] org.postgresql.Driver                    : Connecting with URL: jdbc:postgresql://localhost:15000/willagropastoral
2022-03-20 18:07:15.951 DEBUG 8424 --- [onnection adder] org.postgresql.jdbc.PgConnection         : PostgreSQL JDBC Driver 42.3.1
2022-03-20 18:07:15.952 DEBUG 8424 --- [onnection adder] org.postgresql.jdbc.PgConnection         :   setDefaultFetchSize = 0
2022-03-20 18:07:15.952 DEBUG 8424 --- [onnection adder] org.postgresql.jdbc.PgConnection         :   setPrepareThreshold = 5
2022-03-20 18:07:15.953 DEBUG 8424 --- [onnection adder] o.p.core.v3.ConnectionFactoryImpl        : Trying to establish a protocol version 3 connection to localhost:15000
2022-03-20 18:07:15.954 DEBUG 8424 --- [onnection adder] o.p.core.v3.ConnectionFactoryImpl        : Receive Buffer Size is 408.300
2022-03-20 18:07:15.954 DEBUG 8424 --- [onnection adder] o.p.core.v3.ConnectionFactoryImpl        : Send Buffer Size is 146.988
2022-03-20 18:07:16.031 DEBUG 8424 --- [onnection adder] com.zaxxer.hikari.pool.HikariPool        : HikariPool-1 - Added connection org.postgresql.jdbc.PgConnection@6d07f4a7
2022-03-20 18:07:16.033 DEBUG 8424 --- [onnection adder] org.postgresql.Driver                    : Connecting with URL: jdbc:postgresql://localhost:15000/willagropastoral
2022-03-20 18:07:16.034 DEBUG 8424 --- [onnection adder] org.postgresql.jdbc.PgConnection         : PostgreSQL JDBC Driver 42.3.1
2022-03-20 18:07:16.035 DEBUG 8424 --- [onnection adder] org.postgresql.jdbc.PgConnection         :   setDefaultFetchSize = 0
2022-03-20 18:07:16.036 DEBUG 8424 --- [onnection adder] org.postgresql.jdbc.PgConnection         :   setPrepareThreshold = 5
2022-03-20 18:07:16.036 DEBUG 8424 --- [onnection adder] o.p.core.v3.ConnectionFactoryImpl        : Trying to establish a protocol version 3 connection to localhost:15000
2022-03-20 18:07:16.037 DEBUG 8424 --- [onnection adder] o.p.core.v3.ConnectionFactoryImpl        : Receive Buffer Size is 408.300
2022-03-20 18:07:16.038 DEBUG 8424 --- [onnection adder] o.p.core.v3.ConnectionFactoryImpl        : Send Buffer Size is 146.988
2022-03-20 18:07:16.113 DEBUG 8424 --- [onnection adder] com.zaxxer.hikari.pool.HikariPool        : HikariPool-1 - Added connection org.postgresql.jdbc.PgConnection@6e0a84d0
2022-03-20 18:07:16.113 DEBUG 8424 --- [onnection adder] org.postgresql.Driver                    : Connecting with URL: jdbc:postgresql://localhost:15000/willagropastoral
2022-03-20 18:07:16.114 DEBUG 8424 --- [onnection adder] org.postgresql.jdbc.PgConnection         : PostgreSQL JDBC Driver 42.3.1
2022-03-20 18:07:16.116 DEBUG 8424 --- [onnection adder] org.postgresql.jdbc.PgConnection         :   setDefaultFetchSize = 0
2022-03-20 18:07:16.117 DEBUG 8424 --- [onnection adder] org.postgresql.jdbc.PgConnection         :   setPrepareThreshold = 5
2022-03-20 18:07:16.117 DEBUG 8424 --- [onnection adder] o.p.core.v3.ConnectionFactoryImpl        : Trying to establish a protocol version 3 connection to localhost:15000
2022-03-20 18:07:16.121 DEBUG 8424 --- [onnection adder] o.p.core.v3.ConnectionFactoryImpl        : Receive Buffer Size is 408.300
2022-03-20 18:07:16.122 DEBUG 8424 --- [onnection adder] o.p.core.v3.ConnectionFactoryImpl        : Send Buffer Size is 146.988
2022-03-20 18:07:16.196 DEBUG 8424 --- [onnection adder] com.zaxxer.hikari.pool.HikariPool        : HikariPool-1 - Added connection org.postgresql.jdbc.PgConnection@3cbe31bd
2022-03-20 18:07:16.197 DEBUG 8424 --- [onnection adder] org.postgresql.Driver                    : Connecting with URL: jdbc:postgresql://localhost:15000/willagropastoral
2022-03-20 18:07:16.197 DEBUG 8424 --- [onnection adder] org.postgresql.jdbc.PgConnection         : PostgreSQL JDBC Driver 42.3.1
2022-03-20 18:07:16.198 DEBUG 8424 --- [onnection adder] org.postgresql.jdbc.PgConnection         :   setDefaultFetchSize = 0
2022-03-20 18:07:16.198 DEBUG 8424 --- [onnection adder] org.postgresql.jdbc.PgConnection         :   setPrepareThreshold = 5
2022-03-20 18:07:16.198 DEBUG 8424 --- [onnection adder] o.p.core.v3.ConnectionFactoryImpl        : Trying to establish a protocol version 3 connection to localhost:15000
2022-03-20 18:07:16.199 DEBUG 8424 --- [onnection adder] o.p.core.v3.ConnectionFactoryImpl        : Receive Buffer Size is 408.300
2022-03-20 18:07:16.200 DEBUG 8424 --- [onnection adder] o.p.core.v3.ConnectionFactoryImpl        : Send Buffer Size is 146.988
2022-03-20 18:07:16.284 DEBUG 8424 --- [onnection adder] com.zaxxer.hikari.pool.HikariPool        : HikariPool-1 - Added connection org.postgresql.jdbc.PgConnection@1de8c186
2022-03-20 18:07:16.285 DEBUG 8424 --- [onnection adder] org.postgresql.Driver                    : Connecting with URL: jdbc:postgresql://localhost:15000/willagropastoral
2022-03-20 18:07:16.285 DEBUG 8424 --- [onnection adder] org.postgresql.jdbc.PgConnection         : PostgreSQL JDBC Driver 42.3.1
2022-03-20 18:07:16.286 DEBUG 8424 --- [onnection adder] org.postgresql.jdbc.PgConnection         :   setDefaultFetchSize = 0
2022-03-20 18:07:16.286 DEBUG 8424 --- [onnection adder] org.postgresql.jdbc.PgConnection         :   setPrepareThreshold = 5
2022-03-20 18:07:16.286 DEBUG 8424 --- [onnection adder] o.p.core.v3.ConnectionFactoryImpl        : Trying to establish a protocol version 3 connection to localhost:15000
2022-03-20 18:07:16.288 DEBUG 8424 --- [onnection adder] o.p.core.v3.ConnectionFactoryImpl        : Receive Buffer Size is 408.300
2022-03-20 18:07:16.289 DEBUG 8424 --- [onnection adder] o.p.core.v3.ConnectionFactoryImpl        : Send Buffer Size is 146.988
2022-03-20 18:07:16.350 DEBUG 8424 --- [onnection adder] com.zaxxer.hikari.pool.HikariPool        : HikariPool-1 - Added connection org.postgresql.jdbc.PgConnection@4f18ac50
2022-03-20 18:07:16.350 DEBUG 8424 --- [onnection adder] org.postgresql.Driver                    : Connecting with URL: jdbc:postgresql://localhost:15000/willagropastoral
2022-03-20 18:07:16.351 DEBUG 8424 --- [onnection adder] org.postgresql.jdbc.PgConnection         : PostgreSQL JDBC Driver 42.3.1
2022-03-20 18:07:16.352 DEBUG 8424 --- [onnection adder] org.postgresql.jdbc.PgConnection         :   setDefaultFetchSize = 0
2022-03-20 18:07:16.352 DEBUG 8424 --- [onnection adder] org.postgresql.jdbc.PgConnection         :   setPrepareThreshold = 5
2022-03-20 18:07:16.353 DEBUG 8424 --- [onnection adder] o.p.core.v3.ConnectionFactoryImpl        : Trying to establish a protocol version 3 connection to localhost:15000
2022-03-20 18:07:16.355 DEBUG 8424 --- [onnection adder] o.p.core.v3.ConnectionFactoryImpl        : Receive Buffer Size is 408.300
2022-03-20 18:07:16.356 DEBUG 8424 --- [onnection adder] o.p.core.v3.ConnectionFactoryImpl        : Send Buffer Size is 146.988
2022-03-20 18:07:16.443 DEBUG 8424 --- [onnection adder] com.zaxxer.hikari.pool.HikariPool        : HikariPool-1 - Added connection org.postgresql.jdbc.PgConnection@750e8d67
2022-03-20 18:07:16.444 DEBUG 8424 --- [onnection adder] org.postgresql.Driver                    : Connecting with URL: jdbc:postgresql://localhost:15000/willagropastoral
2022-03-20 18:07:16.444 DEBUG 8424 --- [onnection adder] org.postgresql.jdbc.PgConnection         : PostgreSQL JDBC Driver 42.3.1
2022-03-20 18:07:16.444 DEBUG 8424 --- [onnection adder] org.postgresql.jdbc.PgConnection         :   setDefaultFetchSize = 0
2022-03-20 18:07:16.445 DEBUG 8424 --- [onnection adder] org.postgresql.jdbc.PgConnection         :   setPrepareThreshold = 5
2022-03-20 18:07:16.445 DEBUG 8424 --- [onnection adder] o.p.core.v3.ConnectionFactoryImpl        : Trying to establish a protocol version 3 connection to localhost:15000
2022-03-20 18:07:16.447 DEBUG 8424 --- [onnection adder] o.p.core.v3.ConnectionFactoryImpl        : Receive Buffer Size is 408.300
2022-03-20 18:07:16.447 DEBUG 8424 --- [onnection adder] o.p.core.v3.ConnectionFactoryImpl        : Send Buffer Size is 146.988
2022-03-20 18:07:16.517 DEBUG 8424 --- [onnection adder] com.zaxxer.hikari.pool.HikariPool        : HikariPool-1 - Added connection org.postgresql.jdbc.PgConnection@38f069a2
2022-03-20 18:07:16.518 DEBUG 8424 --- [onnection adder] org.postgresql.Driver                    : Connecting with URL: jdbc:postgresql://localhost:15000/willagropastoral
2022-03-20 18:07:16.518 DEBUG 8424 --- [onnection adder] org.postgresql.jdbc.PgConnection         : PostgreSQL JDBC Driver 42.3.1
2022-03-20 18:07:16.519 DEBUG 8424 --- [onnection adder] org.postgresql.jdbc.PgConnection         :   setDefaultFetchSize = 0
2022-03-20 18:07:16.519 DEBUG 8424 --- [onnection adder] org.postgresql.jdbc.PgConnection         :   setPrepareThreshold = 5
2022-03-20 18:07:16.521 DEBUG 8424 --- [onnection adder] o.p.core.v3.ConnectionFactoryImpl        : Trying to establish a protocol version 3 connection to localhost:15000
2022-03-20 18:07:16.523 DEBUG 8424 --- [onnection adder] o.p.core.v3.ConnectionFactoryImpl        : Receive Buffer Size is 408.300
2022-03-20 18:07:16.524 DEBUG 8424 --- [onnection adder] o.p.core.v3.ConnectionFactoryImpl        : Send Buffer Size is 146.988
2022-03-20 18:07:16.585 DEBUG 8424 --- [onnection adder] com.zaxxer.hikari.pool.HikariPool        : HikariPool-1 - Added connection org.postgresql.jdbc.PgConnection@634f6bcb
2022-03-20 18:07:16.585 DEBUG 8424 --- [onnection adder] com.zaxxer.hikari.pool.HikariPool        : HikariPool-1 - After adding stats (total=10, active=0, idle=10, waiting=0)
2022-03-20 18:07:16.699 DEBUG 8424 --- [    Test worker] javax.activation                         : MimetypesFileTypeMap: load HOME
2022-03-20 18:07:16.700 DEBUG 8424 --- [    Test worker] javax.activation                         : MimetypesFileTypeMap: load SYS
2022-03-20 18:07:16.701 DEBUG 8424 --- [    Test worker] javax.activation                         : MimetypesFileTypeMap: load JAR
2022-03-20 18:07:16.704 DEBUG 8424 --- [    Test worker] javax.activation                         : MimetypesFileTypeMap: !anyLoaded
2022-03-20 18:07:16.705 DEBUG 8424 --- [    Test worker] javax.activation                         : MimetypesFileTypeMap: not loading mime types file: /META-INF/mime.types
2022-03-20 18:07:16.705 DEBUG 8424 --- [    Test worker] javax.activation                         : MimetypesFileTypeMap: load DEF
2022-03-20 18:07:16.707 DEBUG 8424 --- [    Test worker] javax.activation                         : Added: MIMETypeEntry: text/html, html
2022-03-20 18:07:16.707 DEBUG 8424 --- [    Test worker] javax.activation                         : Added: MIMETypeEntry: text/html, htm
2022-03-20 18:07:16.707 DEBUG 8424 --- [    Test worker] javax.activation                         : Added: MIMETypeEntry: text/html, HTML
2022-03-20 18:07:16.707 DEBUG 8424 --- [    Test worker] javax.activation                         : Added: MIMETypeEntry: text/html, HTM
2022-03-20 18:07:16.707 DEBUG 8424 --- [    Test worker] javax.activation                         : Added: MIMETypeEntry: text/plain, txt
2022-03-20 18:07:16.708 DEBUG 8424 --- [    Test worker] javax.activation                         : Added: MIMETypeEntry: text/plain, text
2022-03-20 18:07:16.708 DEBUG 8424 --- [    Test worker] javax.activation                         : Added: MIMETypeEntry: text/plain, TXT
2022-03-20 18:07:16.708 DEBUG 8424 --- [    Test worker] javax.activation                         : Added: MIMETypeEntry: text/plain, TEXT
2022-03-20 18:07:16.708 DEBUG 8424 --- [    Test worker] javax.activation                         : Added: MIMETypeEntry: image/gif, gif
2022-03-20 18:07:16.708 DEBUG 8424 --- [    Test worker] javax.activation                         : Added: MIMETypeEntry: image/gif, GIF
2022-03-20 18:07:16.709 DEBUG 8424 --- [    Test worker] javax.activation                         : Added: MIMETypeEntry: image/ief, ief
2022-03-20 18:07:16.709 DEBUG 8424 --- [    Test worker] javax.activation                         : Added: MIMETypeEntry: image/jpeg, jpeg
2022-03-20 18:07:16.709 DEBUG 8424 --- [    Test worker] javax.activation                         : Added: MIMETypeEntry: image/jpeg, jpg
2022-03-20 18:07:16.709 DEBUG 8424 --- [    Test worker] javax.activation                         : Added: MIMETypeEntry: image/jpeg, jpe
2022-03-20 18:07:16.709 DEBUG 8424 --- [    Test worker] javax.activation                         : Added: MIMETypeEntry: image/jpeg, JPG
2022-03-20 18:07:16.709 DEBUG 8424 --- [    Test worker] javax.activation                         : Added: MIMETypeEntry: image/tiff, tiff
2022-03-20 18:07:16.709 DEBUG 8424 --- [    Test worker] javax.activation                         : Added: MIMETypeEntry: image/tiff, tif
2022-03-20 18:07:16.709 DEBUG 8424 --- [    Test worker] javax.activation                         : Added: MIMETypeEntry: image/png, png
2022-03-20 18:07:16.710 DEBUG 8424 --- [    Test worker] javax.activation                         : Added: MIMETypeEntry: image/png, PNG
2022-03-20 18:07:16.710 DEBUG 8424 --- [    Test worker] javax.activation                         : Added: MIMETypeEntry: image/x-xwindowdump, xwd
2022-03-20 18:07:16.710 DEBUG 8424 --- [    Test worker] javax.activation                         : Added: MIMETypeEntry: application/postscript, ai
2022-03-20 18:07:16.710 DEBUG 8424 --- [    Test worker] javax.activation                         : Added: MIMETypeEntry: application/postscript, eps
2022-03-20 18:07:16.710 DEBUG 8424 --- [    Test worker] javax.activation                         : Added: MIMETypeEntry: application/postscript, ps
2022-03-20 18:07:16.710 DEBUG 8424 --- [    Test worker] javax.activation                         : Added: MIMETypeEntry: application/rtf, rtf
2022-03-20 18:07:16.710 DEBUG 8424 --- [    Test worker] javax.activation                         : Added: MIMETypeEntry: application/x-tex, tex
2022-03-20 18:07:16.710 DEBUG 8424 --- [    Test worker] javax.activation                         : Added: MIMETypeEntry: application/x-texinfo, texinfo
2022-03-20 18:07:16.711 DEBUG 8424 --- [    Test worker] javax.activation                         : Added: MIMETypeEntry: application/x-texinfo, texi
2022-03-20 18:07:16.711 DEBUG 8424 --- [    Test worker] javax.activation                         : Added: MIMETypeEntry: application/x-troff, t
2022-03-20 18:07:16.711 DEBUG 8424 --- [    Test worker] javax.activation                         : Added: MIMETypeEntry: application/x-troff, tr
2022-03-20 18:07:16.711 DEBUG 8424 --- [    Test worker] javax.activation                         : Added: MIMETypeEntry: application/x-troff, roff
2022-03-20 18:07:16.711 DEBUG 8424 --- [    Test worker] javax.activation                         : Added: MIMETypeEntry: audio/basic, au
2022-03-20 18:07:16.711 DEBUG 8424 --- [    Test worker] javax.activation                         : Added: MIMETypeEntry: audio/midi, midi
2022-03-20 18:07:16.711 DEBUG 8424 --- [    Test worker] javax.activation                         : Added: MIMETypeEntry: audio/midi, mid
2022-03-20 18:07:16.711 DEBUG 8424 --- [    Test worker] javax.activation                         : Added: MIMETypeEntry: audio/x-aifc, aifc
2022-03-20 18:07:16.712 DEBUG 8424 --- [    Test worker] javax.activation                         : Added: MIMETypeEntry: audio/x-aiff, aif
2022-03-20 18:07:16.712 DEBUG 8424 --- [    Test worker] javax.activation                         : Added: MIMETypeEntry: audio/x-aiff, aiff
2022-03-20 18:07:16.712 DEBUG 8424 --- [    Test worker] javax.activation                         : Added: MIMETypeEntry: audio/x-mpeg, mpeg
2022-03-20 18:07:16.712 DEBUG 8424 --- [    Test worker] javax.activation                         : Added: MIMETypeEntry: audio/x-mpeg, mpg
2022-03-20 18:07:16.712 DEBUG 8424 --- [    Test worker] javax.activation                         : Added: MIMETypeEntry: audio/x-wav, wav
2022-03-20 18:07:16.712 DEBUG 8424 --- [    Test worker] javax.activation                         : Added: MIMETypeEntry: video/mpeg, mpeg
2022-03-20 18:07:16.712 DEBUG 8424 --- [    Test worker] javax.activation                         : Added: MIMETypeEntry: video/mpeg, mpg
2022-03-20 18:07:16.713 DEBUG 8424 --- [    Test worker] javax.activation                         : Added: MIMETypeEntry: video/mpeg, mpe
2022-03-20 18:07:16.713 DEBUG 8424 --- [    Test worker] javax.activation                         : Added: MIMETypeEntry: video/quicktime, qt
2022-03-20 18:07:16.713 DEBUG 8424 --- [    Test worker] javax.activation                         : Added: MIMETypeEntry: video/quicktime, mov
2022-03-20 18:07:16.713 DEBUG 8424 --- [    Test worker] javax.activation                         : Added: MIMETypeEntry: video/x-msvideo, avi
2022-03-20 18:07:16.713 DEBUG 8424 --- [    Test worker] javax.activation                         : MimetypesFileTypeMap: successfully loaded mime types file: /META-INF/mimetypes.default
2022-03-20 18:07:16.714 DEBUG 8424 --- [    Test worker] javax.activation                         : Added: MIMETypeEntry: text/html, html
2022-03-20 18:07:16.714 DEBUG 8424 --- [    Test worker] javax.activation                         : Added: MIMETypeEntry: text/html, htm
2022-03-20 18:07:16.714 DEBUG 8424 --- [    Test worker] javax.activation                         : Added: MIMETypeEntry: text/html, HTML
2022-03-20 18:07:16.714 DEBUG 8424 --- [    Test worker] javax.activation                         : Added: MIMETypeEntry: text/html, HTM
2022-03-20 18:07:16.714 DEBUG 8424 --- [    Test worker] javax.activation                         : Added: MIMETypeEntry: text/plain, txt
2022-03-20 18:07:16.714 DEBUG 8424 --- [    Test worker] javax.activation                         : Added: MIMETypeEntry: text/plain, text
2022-03-20 18:07:16.715 DEBUG 8424 --- [    Test worker] javax.activation                         : Added: MIMETypeEntry: text/plain, TXT
2022-03-20 18:07:16.716 DEBUG 8424 --- [    Test worker] javax.activation                         : Added: MIMETypeEntry: text/plain, TEXT
2022-03-20 18:07:16.717 DEBUG 8424 --- [    Test worker] javax.activation                         : Added: MIMETypeEntry: text/plain, java
2022-03-20 18:07:16.717 DEBUG 8424 --- [    Test worker] javax.activation                         : Added: MIMETypeEntry: text/plain, c
2022-03-20 18:07:16.717 DEBUG 8424 --- [    Test worker] javax.activation                         : Added: MIMETypeEntry: text/plain, c++
2022-03-20 18:07:16.717 DEBUG 8424 --- [    Test worker] javax.activation                         : Added: MIMETypeEntry: text/plain, cpp
2022-03-20 18:07:16.717 DEBUG 8424 --- [    Test worker] javax.activation                         : Added: MIMETypeEntry: text/plain, pl
2022-03-20 18:07:16.717 DEBUG 8424 --- [    Test worker] javax.activation                         : Added: MIMETypeEntry: text/plain, cc
2022-03-20 18:07:16.717 DEBUG 8424 --- [    Test worker] javax.activation                         : Added: MIMETypeEntry: text/plain, h
2022-03-20 18:07:16.717 DEBUG 8424 --- [    Test worker] javax.activation                         : Added: MIMETypeEntry: image/gif, gif
2022-03-20 18:07:16.717 DEBUG 8424 --- [    Test worker] javax.activation                         : Added: MIMETypeEntry: image/gif, GIF
2022-03-20 18:07:16.718 DEBUG 8424 --- [    Test worker] javax.activation                         : Added: MIMETypeEntry: image/ief, ief
2022-03-20 18:07:16.718 DEBUG 8424 --- [    Test worker] javax.activation                         : Added: MIMETypeEntry: image/jpeg, jpeg
2022-03-20 18:07:16.718 DEBUG 8424 --- [    Test worker] javax.activation                         : Added: MIMETypeEntry: image/jpeg, jpg
2022-03-20 18:07:16.718 DEBUG 8424 --- [    Test worker] javax.activation                         : Added: MIMETypeEntry: image/jpeg, jpe
2022-03-20 18:07:16.718 DEBUG 8424 --- [    Test worker] javax.activation                         : Added: MIMETypeEntry: image/jpeg, JPG
2022-03-20 18:07:16.718 DEBUG 8424 --- [    Test worker] javax.activation                         : Added: MIMETypeEntry: image/tiff, tiff
2022-03-20 18:07:16.718 DEBUG 8424 --- [    Test worker] javax.activation                         : Added: MIMETypeEntry: image/tiff, tif
2022-03-20 18:07:16.718 DEBUG 8424 --- [    Test worker] javax.activation                         : Added: MIMETypeEntry: image/x-xwindowdump, xwd
2022-03-20 18:07:16.718 DEBUG 8424 --- [    Test worker] javax.activation                         : Added: MIMETypeEntry: application/postscript, ai
2022-03-20 18:07:16.719 DEBUG 8424 --- [    Test worker] javax.activation                         : Added: MIMETypeEntry: application/postscript, eps
2022-03-20 18:07:16.719 DEBUG 8424 --- [    Test worker] javax.activation                         : Added: MIMETypeEntry: application/postscript, ps
2022-03-20 18:07:16.719 DEBUG 8424 --- [    Test worker] javax.activation                         : Added: MIMETypeEntry: application/rtf, rtf
2022-03-20 18:07:16.719 DEBUG 8424 --- [    Test worker] javax.activation                         : Added: MIMETypeEntry: application/x-tex, tex
2022-03-20 18:07:16.719 DEBUG 8424 --- [    Test worker] javax.activation                         : Added: MIMETypeEntry: application/x-texinfo, texinfo
2022-03-20 18:07:16.719 DEBUG 8424 --- [    Test worker] javax.activation                         : Added: MIMETypeEntry: application/x-texinfo, texi
2022-03-20 18:07:16.719 DEBUG 8424 --- [    Test worker] javax.activation                         : Added: MIMETypeEntry: application/x-troff, t
2022-03-20 18:07:16.719 DEBUG 8424 --- [    Test worker] javax.activation                         : Added: MIMETypeEntry: application/x-troff, tr
2022-03-20 18:07:16.720 DEBUG 8424 --- [    Test worker] javax.activation                         : Added: MIMETypeEntry: application/x-troff, roff
2022-03-20 18:07:16.720 DEBUG 8424 --- [    Test worker] javax.activation                         : Added: MIMETypeEntry: audio/basic, au
2022-03-20 18:07:16.720 DEBUG 8424 --- [    Test worker] javax.activation                         : Added: MIMETypeEntry: audio/midi, midi
2022-03-20 18:07:16.720 DEBUG 8424 --- [    Test worker] javax.activation                         : Added: MIMETypeEntry: audio/midi, mid
2022-03-20 18:07:16.720 DEBUG 8424 --- [    Test worker] javax.activation                         : Added: MIMETypeEntry: audio/x-aifc, aifc
2022-03-20 18:07:16.720 DEBUG 8424 --- [    Test worker] javax.activation                         : Added: MIMETypeEntry: audio/x-aiff, aif
2022-03-20 18:07:16.720 DEBUG 8424 --- [    Test worker] javax.activation                         : Added: MIMETypeEntry: audio/x-aiff, aiff
2022-03-20 18:07:16.721 DEBUG 8424 --- [    Test worker] javax.activation                         : Added: MIMETypeEntry: audio/x-mpeg, mpeg
2022-03-20 18:07:16.721 DEBUG 8424 --- [    Test worker] javax.activation                         : Added: MIMETypeEntry: audio/x-mpeg, mpg
2022-03-20 18:07:16.721 DEBUG 8424 --- [    Test worker] javax.activation                         : Added: MIMETypeEntry: audio/x-wav, wav
2022-03-20 18:07:16.721 DEBUG 8424 --- [    Test worker] javax.activation                         : Added: MIMETypeEntry: video/mpeg, mpeg
2022-03-20 18:07:16.721 DEBUG 8424 --- [    Test worker] javax.activation                         : Added: MIMETypeEntry: video/mpeg, mpg
2022-03-20 18:07:16.721 DEBUG 8424 --- [    Test worker] javax.activation                         : Added: MIMETypeEntry: video/mpeg, mpe
2022-03-20 18:07:16.721 DEBUG 8424 --- [    Test worker] javax.activation                         : Added: MIMETypeEntry: video/quicktime, qt
2022-03-20 18:07:16.721 DEBUG 8424 --- [    Test worker] javax.activation                         : Added: MIMETypeEntry: video/quicktime, mov
2022-03-20 18:07:16.721 DEBUG 8424 --- [    Test worker] javax.activation                         : Added: MIMETypeEntry: video/x-msvideo, avi
2022-03-20 18:07:16.722 DEBUG 8424 --- [    Test worker] javax.activation                         : Added: MIMETypeEntry: text/x-speech, talk
2022-03-20 18:07:16.722 DEBUG 8424 --- [    Test worker] javax.activation                         : Added: MIMETypeEntry: text/css, css
2022-03-20 18:07:16.722 DEBUG 8424 --- [    Test worker] javax.activation                         : Added: MIMETypeEntry: text/csv, csv
2022-03-20 18:07:16.722 DEBUG 8424 --- [    Test worker] javax.activation                         : Added: MIMETypeEntry: image/x-xbitmap, xbm
2022-03-20 18:07:16.722 DEBUG 8424 --- [    Test worker] javax.activation                         : Added: MIMETypeEntry: image/x-xpixmap, xpm
2022-03-20 18:07:16.722 DEBUG 8424 --- [    Test worker] javax.activation                         : Added: MIMETypeEntry: image/png, png
2022-03-20 18:07:16.722 DEBUG 8424 --- [    Test worker] javax.activation                         : Added: MIMETypeEntry: image/svg+xml, svg
2022-03-20 18:07:16.723 DEBUG 8424 --- [    Test worker] javax.activation                         : Added: MIMETypeEntry: image/ief, ief
2022-03-20 18:07:16.724 DEBUG 8424 --- [    Test worker] javax.activation                         : Added: MIMETypeEntry: image/rgb, rgb
2022-03-20 18:07:16.725 DEBUG 8424 --- [    Test worker] javax.activation                         : Added: MIMETypeEntry: image/g3fax, g3f
2022-03-20 18:07:16.725 DEBUG 8424 --- [    Test worker] javax.activation                         : Added: MIMETypeEntry: image/x-xwindowdump, xwd
2022-03-20 18:07:16.725 DEBUG 8424 --- [    Test worker] javax.activation                         : Added: MIMETypeEntry: image/x-pict, pict
2022-03-20 18:07:16.725 DEBUG 8424 --- [    Test worker] javax.activation                         : Added: MIMETypeEntry: image/x-portable-pixmap, ppm
2022-03-20 18:07:16.726 DEBUG 8424 --- [    Test worker] javax.activation                         : Added: MIMETypeEntry: image/x-portable-graymap, pgm
2022-03-20 18:07:16.727 DEBUG 8424 --- [    Test worker] javax.activation                         : Added: MIMETypeEntry: image/x-portable-bitmap, pbm
2022-03-20 18:07:16.727 DEBUG 8424 --- [    Test worker] javax.activation                         : Added: MIMETypeEntry: image/x-portable-anymap, pnm
2022-03-20 18:07:16.727 DEBUG 8424 --- [    Test worker] javax.activation                         : Added: MIMETypeEntry: image/x-ms-bmp, bmp
2022-03-20 18:07:16.727 DEBUG 8424 --- [    Test worker] javax.activation                         : Added: MIMETypeEntry: image/x-cmu-raster, ras
2022-03-20 18:07:16.727 DEBUG 8424 --- [    Test worker] javax.activation                         : Added: MIMETypeEntry: image/x-photo-cd, pcd
2022-03-20 18:07:16.727 DEBUG 8424 --- [    Test worker] javax.activation                         : Added: MIMETypeEntry: image/cgm, cgm
2022-03-20 18:07:16.727 DEBUG 8424 --- [    Test worker] javax.activation                         : Added: MIMETypeEntry: image/x-cals, mil
2022-03-20 18:07:16.727 DEBUG 8424 --- [    Test worker] javax.activation                         : Added: MIMETypeEntry: image/x-cals, cal
2022-03-20 18:07:16.728 DEBUG 8424 --- [    Test worker] javax.activation                         : Added: MIMETypeEntry: image/fif, fif
2022-03-20 18:07:16.728 DEBUG 8424 --- [    Test worker] javax.activation                         : Added: MIMETypeEntry: image/x-mgx-dsf, dsf
2022-03-20 18:07:16.728 DEBUG 8424 --- [    Test worker] javax.activation                         : Added: MIMETypeEntry: image/x-cmx, cmx
2022-03-20 18:07:16.728 DEBUG 8424 --- [    Test worker] javax.activation                         : Added: MIMETypeEntry: image/wavelet, wi
2022-03-20 18:07:16.728 DEBUG 8424 --- [    Test worker] javax.activation                         : Added: MIMETypeEntry: image/vnd.dwg, dwg
2022-03-20 18:07:16.728 DEBUG 8424 --- [    Test worker] javax.activation                         : Added: MIMETypeEntry: image/vnd.dxf, dxf
2022-03-20 18:07:16.728 DEBUG 8424 --- [    Test worker] javax.activation                         : Added: MIMETypeEntry: image/vnd.svf, svf
2022-03-20 18:07:16.728 DEBUG 8424 --- [    Test worker] javax.activation                         : Added: MIMETypeEntry: audio/basic, au
2022-03-20 18:07:16.729 DEBUG 8424 --- [    Test worker] javax.activation                         : Added: MIMETypeEntry: audio/basic, snd
2022-03-20 18:07:16.729 DEBUG 8424 --- [    Test worker] javax.activation                         : Added: MIMETypeEntry: audio/x-aiff, aif
2022-03-20 18:07:16.729 DEBUG 8424 --- [    Test worker] javax.activation                         : Added: MIMETypeEntry: audio/x-aiff, aiff
2022-03-20 18:07:16.729 DEBUG 8424 --- [    Test worker] javax.activation                         : Added: MIMETypeEntry: audio/x-aiff, aifc
2022-03-20 18:07:16.729 DEBUG 8424 --- [    Test worker] javax.activation                         : Added: MIMETypeEntry: audio/x-wav, wav
2022-03-20 18:07:16.729 DEBUG 8424 --- [    Test worker] javax.activation                         : Added: MIMETypeEntry: audio/x-mpeg, mpa
2022-03-20 18:07:16.729 DEBUG 8424 --- [    Test worker] javax.activation                         : Added: MIMETypeEntry: audio/x-mpeg, abs
2022-03-20 18:07:16.729 DEBUG 8424 --- [    Test worker] javax.activation                         : Added: MIMETypeEntry: audio/x-mpeg, mpega
2022-03-20 18:07:16.729 DEBUG 8424 --- [    Test worker] javax.activation                         : Added: MIMETypeEntry: audio/x-mpeg-2, mp2a
2022-03-20 18:07:16.730 DEBUG 8424 --- [    Test worker] javax.activation                         : Added: MIMETypeEntry: audio/x-mpeg-2, mpa2
2022-03-20 18:07:16.730 DEBUG 8424 --- [    Test worker] javax.activation                         : Added: MIMETypeEntry: audio/echospeech, es
2022-03-20 18:07:16.730 DEBUG 8424 --- [    Test worker] javax.activation                         : Added: MIMETypeEntry: audio/voxware, vox
2022-03-20 18:07:16.730 DEBUG 8424 --- [    Test worker] javax.activation                         : Added: MIMETypeEntry: application/fastman, lcc
2022-03-20 18:07:16.730 DEBUG 8424 --- [    Test worker] javax.activation                         : Added: MIMETypeEntry: application/x-pn-realaudio, ra
2022-03-20 18:07:16.730 DEBUG 8424 --- [    Test worker] javax.activation                         : Added: MIMETypeEntry: application/x-pn-realaudio, ram
2022-03-20 18:07:16.730 DEBUG 8424 --- [    Test worker] javax.activation                         : Added: MIMETypeEntry: x-music/x-midi, mmid
2022-03-20 18:07:16.730 DEBUG 8424 --- [    Test worker] javax.activation                         : Added: MIMETypeEntry: application/vnd.koan, skp
2022-03-20 18:07:16.731 DEBUG 8424 --- [    Test worker] javax.activation                         : Added: MIMETypeEntry: text/x-speech, talk
2022-03-20 18:07:16.731 DEBUG 8424 --- [    Test worker] javax.activation                         : Added: MIMETypeEntry: video/mpeg, mpeg
2022-03-20 18:07:16.731 DEBUG 8424 --- [    Test worker] javax.activation                         : Added: MIMETypeEntry: video/mpeg, mpg
2022-03-20 18:07:16.732 DEBUG 8424 --- [    Test worker] javax.activation                         : Added: MIMETypeEntry: video/mpeg, mpe
2022-03-20 18:07:16.732 DEBUG 8424 --- [    Test worker] javax.activation                         : Added: MIMETypeEntry: video/mpeg-2, mpv2
2022-03-20 18:07:16.732 DEBUG 8424 --- [    Test worker] javax.activation                         : Added: MIMETypeEntry: video/mpeg-2, mp2v
2022-03-20 18:07:16.732 DEBUG 8424 --- [    Test worker] javax.activation                         : Added: MIMETypeEntry: video/quicktime, qt
2022-03-20 18:07:16.733 DEBUG 8424 --- [    Test worker] javax.activation                         : Added: MIMETypeEntry: video/quicktime, mov
2022-03-20 18:07:16.733 DEBUG 8424 --- [    Test worker] javax.activation                         : Added: MIMETypeEntry: video/x-msvideo, avi
2022-03-20 18:07:16.733 DEBUG 8424 --- [    Test worker] javax.activation                         : Added: MIMETypeEntry: video/x-sgi-movie, movie
2022-03-20 18:07:16.733 DEBUG 8424 --- [    Test worker] javax.activation                         : Added: MIMETypeEntry: video/vdo, vdo
2022-03-20 18:07:16.733 DEBUG 8424 --- [    Test worker] javax.activation                         : Added: MIMETypeEntry: video/vnd.vivo, viv
2022-03-20 18:07:16.733 DEBUG 8424 --- [    Test worker] javax.activation                         : Added: MIMETypeEntry: application/x-ns-proxy-autoconfig, pac
2022-03-20 18:07:16.733 DEBUG 8424 --- [    Test worker] javax.activation                         : Added: MIMETypeEntry: x-conference/x-cooltalk, ice
2022-03-20 18:07:16.733 DEBUG 8424 --- [    Test worker] javax.activation                         : Added: MIMETypeEntry: application/postscript, ai
2022-03-20 18:07:16.733 DEBUG 8424 --- [    Test worker] javax.activation                         : Added: MIMETypeEntry: application/postscript, eps
2022-03-20 18:07:16.733 DEBUG 8424 --- [    Test worker] javax.activation                         : Added: MIMETypeEntry: application/postscript, ps
2022-03-20 18:07:16.734 DEBUG 8424 --- [    Test worker] javax.activation                         : Added: MIMETypeEntry: application/rtf, rtf
2022-03-20 18:07:16.734 DEBUG 8424 --- [    Test worker] javax.activation                         : Added: MIMETypeEntry: application/pdf, pdf
2022-03-20 18:07:16.734 DEBUG 8424 --- [    Test worker] javax.activation                         : Added: MIMETypeEntry: application/vnd.mif, mif
2022-03-20 18:07:16.734 DEBUG 8424 --- [    Test worker] javax.activation                         : Added: MIMETypeEntry: application/x-troff, t
2022-03-20 18:07:16.734 DEBUG 8424 --- [    Test worker] javax.activation                         : Added: MIMETypeEntry: application/x-troff, tr
2022-03-20 18:07:16.734 DEBUG 8424 --- [    Test worker] javax.activation                         : Added: MIMETypeEntry: application/x-troff, roff
2022-03-20 18:07:16.734 DEBUG 8424 --- [    Test worker] javax.activation                         : Added: MIMETypeEntry: application/x-troff-man, man
2022-03-20 18:07:16.734 DEBUG 8424 --- [    Test worker] javax.activation                         : Added: MIMETypeEntry: application/x-troff-me, me
2022-03-20 18:07:16.734 DEBUG 8424 --- [    Test worker] javax.activation                         : Added: MIMETypeEntry: application/x-troff-ms, ms
2022-03-20 18:07:16.735 DEBUG 8424 --- [    Test worker] javax.activation                         : Added: MIMETypeEntry: application/x-latex, latex
2022-03-20 18:07:16.735 DEBUG 8424 --- [    Test worker] javax.activation                         : Added: MIMETypeEntry: application/x-tex, tex
2022-03-20 18:07:16.735 DEBUG 8424 --- [    Test worker] javax.activation                         : Added: MIMETypeEntry: application/x-texinfo, texinfo
2022-03-20 18:07:16.735 DEBUG 8424 --- [    Test worker] javax.activation                         : Added: MIMETypeEntry: application/x-texinfo, texi
2022-03-20 18:07:16.735 DEBUG 8424 --- [    Test worker] javax.activation                         : Added: MIMETypeEntry: application/x-dvi, dvi
2022-03-20 18:07:16.735 DEBUG 8424 --- [    Test worker] javax.activation                         : Added: MIMETypeEntry: application/msword, doc
2022-03-20 18:07:16.735 DEBUG 8424 --- [    Test worker] javax.activation                         : Added: MIMETypeEntry: application/msword, DOC
2022-03-20 18:07:16.735 DEBUG 8424 --- [    Test worker] javax.activation                         : Added: MIMETypeEntry: application/oda, oda
2022-03-20 18:07:16.736 DEBUG 8424 --- [    Test worker] javax.activation                         : Added: MIMETypeEntry: application/envoy, evy
2022-03-20 18:07:16.736 DEBUG 8424 --- [    Test worker] javax.activation                         : Added: MIMETypeEntry: application/x-gtar, gtar
2022-03-20 18:07:16.736 DEBUG 8424 --- [    Test worker] javax.activation                         : Added: MIMETypeEntry: application/x-tar, tar
2022-03-20 18:07:16.736 DEBUG 8424 --- [    Test worker] javax.activation                         : Added: MIMETypeEntry: application/x-ustar, ustar
2022-03-20 18:07:16.737 DEBUG 8424 --- [    Test worker] javax.activation                         : Added: MIMETypeEntry: application/x-bcpio, bcpio
2022-03-20 18:07:16.737 DEBUG 8424 --- [    Test worker] javax.activation                         : Added: MIMETypeEntry: application/x-cpio, cpio
2022-03-20 18:07:16.737 DEBUG 8424 --- [    Test worker] javax.activation                         : Added: MIMETypeEntry: application/x-shar, shar
2022-03-20 18:07:16.737 DEBUG 8424 --- [    Test worker] javax.activation                         : Added: MIMETypeEntry: application/zip, zip
2022-03-20 18:07:16.737 DEBUG 8424 --- [    Test worker] javax.activation                         : Added: MIMETypeEntry: application/mac-binhex40, hqx
2022-03-20 18:07:16.737 DEBUG 8424 --- [    Test worker] javax.activation                         : Added: MIMETypeEntry: application/x-stuffit, sit
2022-03-20 18:07:16.737 DEBUG 8424 --- [    Test worker] javax.activation                         : Added: MIMETypeEntry: application/x-stuffit, sea
2022-03-20 18:07:16.737 DEBUG 8424 --- [    Test worker] javax.activation                         : Added: MIMETypeEntry: application/fractals, fif
2022-03-20 18:07:16.738 DEBUG 8424 --- [    Test worker] javax.activation                         : Added: MIMETypeEntry: application/octet-stream, bin
2022-03-20 18:07:16.738 DEBUG 8424 --- [    Test worker] javax.activation                         : Added: MIMETypeEntry: application/octet-stream, uu
2022-03-20 18:07:16.738 DEBUG 8424 --- [    Test worker] javax.activation                         : Added: MIMETypeEntry: application/octet-stream, exe
2022-03-20 18:07:16.739 DEBUG 8424 --- [    Test worker] javax.activation                         : Added: MIMETypeEntry: application/x-wais-source, src
2022-03-20 18:07:16.739 DEBUG 8424 --- [    Test worker] javax.activation                         : Added: MIMETypeEntry: application/x-wais-source, wsrc
2022-03-20 18:07:16.739 DEBUG 8424 --- [    Test worker] javax.activation                         : Added: MIMETypeEntry: application/hdf, hdf
2022-03-20 18:07:16.739 DEBUG 8424 --- [    Test worker] javax.activation                         : Added: MIMETypeEntry: text/javascript, js
2022-03-20 18:07:16.739 DEBUG 8424 --- [    Test worker] javax.activation                         : Added: MIMETypeEntry: text/javascript, ls
2022-03-20 18:07:16.739 DEBUG 8424 --- [    Test worker] javax.activation                         : Added: MIMETypeEntry: text/javascript, mocha
2022-03-20 18:07:16.740 DEBUG 8424 --- [    Test worker] javax.activation                         : Added: MIMETypeEntry: application/x-sh, sh
2022-03-20 18:07:16.740 DEBUG 8424 --- [    Test worker] javax.activation                         : Added: MIMETypeEntry: application/x-csh, csh
2022-03-20 18:07:16.740 DEBUG 8424 --- [    Test worker] javax.activation                         : Added: MIMETypeEntry: application/x-perl, pl
2022-03-20 18:07:16.740 DEBUG 8424 --- [    Test worker] javax.activation                         : Added: MIMETypeEntry: application/x-tcl, tcl
2022-03-20 18:07:16.740 DEBUG 8424 --- [    Test worker] javax.activation                         : Added: MIMETypeEntry: application/futuresplash, spl
2022-03-20 18:07:16.740 DEBUG 8424 --- [    Test worker] javax.activation                         : Added: MIMETypeEntry: application/mbedlet, mbd
2022-03-20 18:07:16.740 DEBUG 8424 --- [    Test worker] javax.activation                         : Added: MIMETypeEntry: application/x-rad-powermedia, rad
2022-03-20 18:07:16.740 DEBUG 8424 --- [    Test worker] javax.activation                         : Added: MIMETypeEntry: application/mspowerpoint, ppz
2022-03-20 18:07:16.741 DEBUG 8424 --- [    Test worker] javax.activation                         : Added: MIMETypeEntry: application/x-asap, asp
2022-03-20 18:07:16.741 DEBUG 8424 --- [    Test worker] javax.activation                         : Added: MIMETypeEntry: application/astound, asn
2022-03-20 18:07:16.741 DEBUG 8424 --- [    Test worker] javax.activation                         : Added: MIMETypeEntry: application/x-olescript, axs
2022-03-20 18:07:16.741 DEBUG 8424 --- [    Test worker] javax.activation                         : Added: MIMETypeEntry: application/x-oleobject, ods
2022-03-20 18:07:16.741 DEBUG 8424 --- [    Test worker] javax.activation                         : Added: MIMETypeEntry: x-form/x-openscape, opp
2022-03-20 18:07:16.741 DEBUG 8424 --- [    Test worker] javax.activation                         : Added: MIMETypeEntry: application/x-webbasic, wba
2022-03-20 18:07:16.741 DEBUG 8424 --- [    Test worker] javax.activation                         : Added: MIMETypeEntry: application/x-alpha-form, frm
2022-03-20 18:07:16.741 DEBUG 8424 --- [    Test worker] javax.activation                         : Added: MIMETypeEntry: x-script/x-wfxclient, wfx
2022-03-20 18:07:16.741 DEBUG 8424 --- [    Test worker] javax.activation                         : Added: MIMETypeEntry: application/octet-stream, exe
2022-03-20 18:07:16.741 DEBUG 8424 --- [    Test worker] javax.activation                         : Added: MIMETypeEntry: application/octet-stream, com
2022-03-20 18:07:16.742 DEBUG 8424 --- [    Test worker] javax.activation                         : Added: MIMETypeEntry: application/x-pcn, pcn
2022-03-20 18:07:16.742 DEBUG 8424 --- [    Test worker] javax.activation                         : Added: MIMETypeEntry: application/vnd.ms-excel, xls
2022-03-20 18:07:16.742 DEBUG 8424 --- [    Test worker] javax.activation                         : Added: MIMETypeEntry: application/vnd.ms-powerpoint, ppt
2022-03-20 18:07:16.742 DEBUG 8424 --- [    Test worker] javax.activation                         : Added: MIMETypeEntry: application/vnd.ms-project, mpp
2022-03-20 18:07:16.742 DEBUG 8424 --- [    Test worker] javax.activation                         : Added: MIMETypeEntry: application/vnd.svd, svd
2022-03-20 18:07:16.742 DEBUG 8424 --- [    Test worker] javax.activation                         : Added: MIMETypeEntry: application/x-net-install, ins
2022-03-20 18:07:16.742 DEBUG 8424 --- [    Test worker] javax.activation                         : Added: MIMETypeEntry: application/ccv, ccv
2022-03-20 18:07:16.742 DEBUG 8424 --- [    Test worker] javax.activation                         : Added: MIMETypeEntry: workbook/formulaone, vts
2022-03-20 18:07:16.742 DEBUG 8424 --- [    Test worker] javax.activation                         : Added: MIMETypeEntry: x-world/x-vrml, wrl
2022-03-20 18:07:16.742 DEBUG 8424 --- [    Test worker] javax.activation                         : Added: MIMETypeEntry: x-world/x-vrml, vrml
2022-03-20 18:07:16.743 DEBUG 8424 --- [    Test worker] javax.activation                         : Added: MIMETypeEntry: x-world/x-vream, vrw
2022-03-20 18:07:16.743 DEBUG 8424 --- [    Test worker] javax.activation                         : Added: MIMETypeEntry: application/x-p3d, p3d
2022-03-20 18:07:16.743 DEBUG 8424 --- [    Test worker] javax.activation                         : Added: MIMETypeEntry: x-world/x-svr, svr
2022-03-20 18:07:16.743 DEBUG 8424 --- [    Test worker] javax.activation                         : Added: MIMETypeEntry: x-world/x-wvr, wvr
2022-03-20 18:07:16.744 DEBUG 8424 --- [    Test worker] javax.activation                         : Added: MIMETypeEntry: x-world/x-3dmf, 3dmf
2022-03-20 18:07:16.744 DEBUG 8424 --- [    Test worker] javax.activation                         : Added: MIMETypeEntry: application/mathematica, ma
2022-03-20 18:07:16.744 DEBUG 8424 --- [    Test worker] javax.activation                         : Added: MIMETypeEntry: x-model/x-mesh, msh
2022-03-20 18:07:16.744 DEBUG 8424 --- [    Test worker] javax.activation                         : Added: MIMETypeEntry: application/vis5d, v5d
2022-03-20 18:07:16.744 DEBUG 8424 --- [    Test worker] javax.activation                         : Added: MIMETypeEntry: application/iges, igs
2022-03-20 18:07:16.744 DEBUG 8424 --- [    Test worker] javax.activation                         : Added: MIMETypeEntry: drawing/x-dwf, dwf
2022-03-20 18:07:17.455  INFO 8424 --- [    Test worker] o.s.s.web.DefaultSecurityFilterChain     : Will secure any request with [org.springframework.security.web.context.request.async.WebAsyncManagerIntegrationFilter@13dc6649, org.springframework.security.web.context.SecurityContextPersistenceFilter@68a5aadd, org.springframework.security.web.header.HeaderWriterFilter@254e9709, org.springframework.security.web.csrf.CsrfFilter@401926df, org.springframework.security.web.authentication.logout.LogoutFilter@f48a080, org.springframework.security.web.authentication.UsernamePasswordAuthenticationFilter@7717b4a0, org.springframework.security.web.authentication.ui.DefaultLoginPageGeneratingFilter@1ddf42dd, org.springframework.security.web.authentication.ui.DefaultLogoutPageGeneratingFilter@1851c7d2, org.springframework.security.web.savedrequest.RequestCacheAwareFilter@17f8db6, org.springframework.security.web.servletapi.SecurityContextHolderAwareRequestFilter@7cdfa824, org.springframework.security.web.authentication.AnonymousAuthenticationFilter@250a946, org.springframework.security.web.session.SessionManagementFilter@1c90029b, org.springframework.security.web.access.ExceptionTranslationFilter@3de56885, org.springframework.security.web.access.intercept.FilterSecurityInterceptor@350567f1]
2022-03-20 18:07:17.518 DEBUG 8424 --- [    Test worker] o.a.catalina.core.AprLifecycleListener   : The Apache Tomcat Native library could not be found using names [tcnative-1, libtcnative-1] on the java.library.path [/Users/admin/Library/Java/Extensions:/Library/Java/Extensions:/Network/Library/Java/Extensions:/System/Library/Java/Extensions:/usr/lib/java:.]. The errors reported were [Can't load library: /Users/admin/Desktop/SprungInsMacAigain/HardCodes/willagropastoral-jdbc-oauth-email/bin/libtcnative-1.dylib, Can't load library: /Users/admin/Desktop/SprungInsMacAigain/HardCodes/willagropastoral-jdbc-oauth-email/bin/liblibtcnative-1.dylib, no tcnative-1 in java.library.path: /Users/admin/Library/Java/Extensions:/Library/Java/Extensions:/Network/Library/Java/Extensions:/System/Library/Java/Extensions:/usr/lib/java:., no libtcnative-1 in java.library.path: /Users/admin/Library/Java/Extensions:/Library/Java/Extensions:/Network/Library/Java/Extensions:/System/Library/Java/Extensions:/usr/lib/java:.]

org.apache.tomcat.jni.LibraryNotFoundError: Can't load library: /Users/admin/Desktop/SprungInsMacAigain/HardCodes/willagropastoral-jdbc-oauth-email/bin/libtcnative-1.dylib, Can't load library: /Users/admin/Desktop/SprungInsMacAigain/HardCodes/willagropastoral-jdbc-oauth-email/bin/liblibtcnative-1.dylib, no tcnative-1 in java.library.path: /Users/admin/Library/Java/Extensions:/Library/Java/Extensions:/Network/Library/Java/Extensions:/System/Library/Java/Extensions:/usr/lib/java:., no libtcnative-1 in java.library.path: /Users/admin/Library/Java/Extensions:/Library/Java/Extensions:/Network/Library/Java/Extensions:/System/Library/Java/Extensions:/usr/lib/java:.
	at org.apache.tomcat.jni.Library.<init>(Library.java:93) ~[tomcat-embed-core-9.0.56.jar:9.0.56]
	at org.apache.tomcat.jni.Library.initialize(Library.java:203) ~[tomcat-embed-core-9.0.56.jar:9.0.56]
	at org.apache.catalina.core.AprLifecycleListener.init(AprLifecycleListener.java:203) ~[tomcat-embed-core-9.0.56.jar:9.0.56]
	at org.apache.catalina.core.AprLifecycleListener.isAprAvailable(AprLifecycleListener.java:108) ~[tomcat-embed-core-9.0.56.jar:9.0.56]
	at org.springframework.boot.web.embedded.tomcat.TomcatServletWebServerFactory.getDefaultServerLifecycleListeners(TomcatServletWebServerFactory.java:182) ~[spring-boot-2.6.3.jar:2.6.3]
	at org.springframework.boot.web.embedded.tomcat.TomcatServletWebServerFactory.<init>(TomcatServletWebServerFactory.java:129) ~[spring-boot-2.6.3.jar:2.6.3]
	at org.springframework.boot.autoconfigure.web.servlet.ServletWebServerFactoryConfiguration$EmbeddedTomcat.tomcatServletWebServerFactory(ServletWebServerFactoryConfiguration.java:76) ~[spring-boot-autoconfigure-2.6.3.jar:2.6.3]
	at java.base/jdk.internal.reflect.NativeMethodAccessorImpl.invoke0(Native Method) ~[na:na]
	at java.base/jdk.internal.reflect.NativeMethodAccessorImpl.invoke(NativeMethodAccessorImpl.java:77) ~[na:na]
	at java.base/jdk.internal.reflect.DelegatingMethodAccessorImpl.invoke(DelegatingMethodAccessorImpl.java:43) ~[na:na]
	at java.base/java.lang.reflect.Method.invoke(Method.java:568) ~[na:na]
	at org.springframework.beans.factory.support.SimpleInstantiationStrategy.instantiate(SimpleInstantiationStrategy.java:154) ~[spring-beans-5.3.15.jar:5.3.15]
	at org.springframework.beans.factory.support.ConstructorResolver.instantiate(ConstructorResolver.java:653) ~[spring-beans-5.3.15.jar:5.3.15]
	at org.springframework.beans.factory.support.ConstructorResolver.instantiateUsingFactoryMethod(ConstructorResolver.java:638) ~[spring-beans-5.3.15.jar:5.3.15]
	at org.springframework.beans.factory.support.AbstractAutowireCapableBeanFactory.instantiateUsingFactoryMethod(AbstractAutowireCapableBeanFactory.java:1352) ~[spring-beans-5.3.15.jar:5.3.15]
	at org.springframework.beans.factory.support.AbstractAutowireCapableBeanFactory.createBeanInstance(AbstractAutowireCapableBeanFactory.java:1195) ~[spring-beans-5.3.15.jar:5.3.15]
	at org.springframework.beans.factory.support.AbstractAutowireCapableBeanFactory.doCreateBean(AbstractAutowireCapableBeanFactory.java:582) ~[spring-beans-5.3.15.jar:5.3.15]
	at org.springframework.beans.factory.support.AbstractAutowireCapableBeanFactory.createBean(AbstractAutowireCapableBeanFactory.java:542) ~[spring-beans-5.3.15.jar:5.3.15]
	at org.springframework.beans.factory.support.AbstractBeanFactory.lambda$doGetBean$0(AbstractBeanFactory.java:335) ~[spring-beans-5.3.15.jar:5.3.15]
	at org.springframework.beans.factory.support.DefaultSingletonBeanRegistry.getSingleton(DefaultSingletonBeanRegistry.java:234) ~[spring-beans-5.3.15.jar:5.3.15]
	at org.springframework.beans.factory.support.AbstractBeanFactory.doGetBean(AbstractBeanFactory.java:333) ~[spring-beans-5.3.15.jar:5.3.15]
	at org.springframework.beans.factory.support.AbstractBeanFactory.getBean(AbstractBeanFactory.java:208) ~[spring-beans-5.3.15.jar:5.3.15]
	at org.springframework.beans.factory.support.DefaultListableBeanFactory.preInstantiateSingletons(DefaultListableBeanFactory.java:953) ~[spring-beans-5.3.15.jar:5.3.15]
	at org.springframework.context.support.AbstractApplicationContext.finishBeanFactoryInitialization(AbstractApplicationContext.java:918) ~[spring-context-5.3.15.jar:5.3.15]
	at org.springframework.context.support.AbstractApplicationContext.refresh(AbstractApplicationContext.java:583) ~[spring-context-5.3.15.jar:5.3.15]
	at org.springframework.boot.SpringApplication.refresh(SpringApplication.java:732) ~[spring-boot-2.6.3.jar:2.6.3]
	at org.springframework.boot.SpringApplication.refreshContext(SpringApplication.java:414) ~[spring-boot-2.6.3.jar:2.6.3]
	at org.springframework.boot.SpringApplication.run(SpringApplication.java:302) ~[spring-boot-2.6.3.jar:2.6.3]
	at org.springframework.boot.test.context.SpringBootContextLoader.loadContext(SpringBootContextLoader.java:136) ~[spring-boot-test-2.6.3.jar:2.6.3]
	at org.springframework.test.context.cache.DefaultCacheAwareContextLoaderDelegate.loadContextInternal(DefaultCacheAwareContextLoaderDelegate.java:99) ~[spring-test-5.3.15.jar:5.3.15]
	at org.springframework.test.context.cache.DefaultCacheAwareContextLoaderDelegate.loadContext(DefaultCacheAwareContextLoaderDelegate.java:124) ~[spring-test-5.3.15.jar:5.3.15]
	at org.springframework.test.context.support.DefaultTestContext.getApplicationContext(DefaultTestContext.java:124) ~[spring-test-5.3.15.jar:5.3.15]
	at org.springframework.test.context.web.ServletTestExecutionListener.setUpRequestContextIfNecessary(ServletTestExecutionListener.java:190) ~[spring-test-5.3.15.jar:5.3.15]
	at org.springframework.test.context.web.ServletTestExecutionListener.prepareTestInstance(ServletTestExecutionListener.java:132) ~[spring-test-5.3.15.jar:5.3.15]
	at org.springframework.test.context.TestContextManager.prepareTestInstance(TestContextManager.java:248) ~[spring-test-5.3.15.jar:5.3.15]
	at org.springframework.test.context.junit.jupiter.SpringExtension.postProcessTestInstance(SpringExtension.java:138) ~[spring-test-5.3.15.jar:5.3.15]
	at org.junit.jupiter.engine.descriptor.ClassBasedTestDescriptor.lambda$invokeTestInstancePostProcessors$8(ClassBasedTestDescriptor.java:363) ~[junit-jupiter-engine-5.8.2.jar:5.8.2]
	at org.junit.jupiter.engine.descriptor.ClassBasedTestDescriptor.executeAndMaskThrowable(ClassBasedTestDescriptor.java:368) ~[junit-jupiter-engine-5.8.2.jar:5.8.2]
	at org.junit.jupiter.engine.descriptor.ClassBasedTestDescriptor.lambda$invokeTestInstancePostProcessors$9(ClassBasedTestDescriptor.java:363) ~[junit-jupiter-engine-5.8.2.jar:5.8.2]
	at java.base/java.util.stream.ReferencePipeline$3$1.accept(ReferencePipeline.java:197) ~[na:na]
	at java.base/java.util.stream.ReferencePipeline$2$1.accept(ReferencePipeline.java:179) ~[na:na]
	at java.base/java.util.ArrayList$ArrayListSpliterator.forEachRemaining(ArrayList.java:1625) ~[na:na]
	at java.base/java.util.stream.AbstractPipeline.copyInto(AbstractPipeline.java:509) ~[na:na]
	at java.base/java.util.stream.AbstractPipeline.wrapAndCopyInto(AbstractPipeline.java:499) ~[na:na]
	at java.base/java.util.stream.StreamSpliterators$WrappingSpliterator.forEachRemaining(StreamSpliterators.java:310) ~[na:na]
	at java.base/java.util.stream.Streams$ConcatSpliterator.forEachRemaining(Streams.java:735) ~[na:na]
	at java.base/java.util.stream.Streams$ConcatSpliterator.forEachRemaining(Streams.java:734) ~[na:na]
	at java.base/java.util.stream.ReferencePipeline$Head.forEach(ReferencePipeline.java:762) ~[na:na]
	at org.junit.jupiter.engine.descriptor.ClassBasedTestDescriptor.invokeTestInstancePostProcessors(ClassBasedTestDescriptor.java:362) ~[junit-jupiter-engine-5.8.2.jar:5.8.2]
	at org.junit.jupiter.engine.descriptor.ClassBasedTestDescriptor.lambda$instantiateAndPostProcessTestInstance$6(ClassBasedTestDescriptor.java:283) ~[junit-jupiter-engine-5.8.2.jar:5.8.2]
	at org.junit.platform.engine.support.hierarchical.ThrowableCollector.execute(ThrowableCollector.java:73) ~[junit-platform-engine-1.8.2.jar:1.8.2]
	at org.junit.jupiter.engine.descriptor.ClassBasedTestDescriptor.instantiateAndPostProcessTestInstance(ClassBasedTestDescriptor.java:282) ~[junit-jupiter-engine-5.8.2.jar:5.8.2]
	at org.junit.jupiter.engine.descriptor.ClassBasedTestDescriptor.lambda$testInstancesProvider$4(ClassBasedTestDescriptor.java:272) ~[junit-jupiter-engine-5.8.2.jar:5.8.2]
	at java.base/java.util.Optional.orElseGet(Optional.java:364) ~[na:na]
	at org.junit.jupiter.engine.descriptor.ClassBasedTestDescriptor.lambda$testInstancesProvider$5(ClassBasedTestDescriptor.java:271) ~[junit-jupiter-engine-5.8.2.jar:5.8.2]
	at org.junit.jupiter.engine.execution.TestInstancesProvider.getTestInstances(TestInstancesProvider.java:31) ~[junit-jupiter-engine-5.8.2.jar:5.8.2]
	at org.junit.jupiter.engine.descriptor.TestMethodTestDescriptor.lambda$prepare$0(TestMethodTestDescriptor.java:102) ~[junit-jupiter-engine-5.8.2.jar:5.8.2]
	at org.junit.platform.engine.support.hierarchical.ThrowableCollector.execute(ThrowableCollector.java:73) ~[junit-platform-engine-1.8.2.jar:1.8.2]
	at org.junit.jupiter.engine.descriptor.TestMethodTestDescriptor.prepare(TestMethodTestDescriptor.java:101) ~[junit-jupiter-engine-5.8.2.jar:5.8.2]
	at org.junit.jupiter.engine.descriptor.TestMethodTestDescriptor.prepare(TestMethodTestDescriptor.java:66) ~[junit-jupiter-engine-5.8.2.jar:5.8.2]
	at org.junit.platform.engine.support.hierarchical.NodeTestTask.lambda$prepare$2(NodeTestTask.java:123) ~[junit-platform-engine-1.8.2.jar:1.8.2]
	at org.junit.platform.engine.support.hierarchical.ThrowableCollector.execute(ThrowableCollector.java:73) ~[junit-platform-engine-1.8.2.jar:1.8.2]
	at org.junit.platform.engine.support.hierarchical.NodeTestTask.prepare(NodeTestTask.java:123) ~[junit-platform-engine-1.8.2.jar:1.8.2]
	at org.junit.platform.engine.support.hierarchical.NodeTestTask.execute(NodeTestTask.java:90) ~[junit-platform-engine-1.8.2.jar:1.8.2]
	at java.base/java.util.ArrayList.forEach(ArrayList.java:1511) ~[na:na]
	at org.junit.platform.engine.support.hierarchical.SameThreadHierarchicalTestExecutorService.invokeAll(SameThreadHierarchicalTestExecutorService.java:41) ~[junit-platform-engine-1.8.2.jar:1.8.2]
	at org.junit.platform.engine.support.hierarchical.NodeTestTask.lambda$executeRecursively$6(NodeTestTask.java:155) ~[junit-platform-engine-1.8.2.jar:1.8.2]
	at org.junit.platform.engine.support.hierarchical.ThrowableCollector.execute(ThrowableCollector.java:73) ~[junit-platform-engine-1.8.2.jar:1.8.2]
	at org.junit.platform.engine.support.hierarchical.NodeTestTask.lambda$executeRecursively$8(NodeTestTask.java:141) ~[junit-platform-engine-1.8.2.jar:1.8.2]
	at org.junit.platform.engine.support.hierarchical.Node.around(Node.java:137) ~[junit-platform-engine-1.8.2.jar:1.8.2]
	at org.junit.platform.engine.support.hierarchical.NodeTestTask.lambda$executeRecursively$9(NodeTestTask.java:139) ~[junit-platform-engine-1.8.2.jar:1.8.2]
	at org.junit.platform.engine.support.hierarchical.ThrowableCollector.execute(ThrowableCollector.java:73) ~[junit-platform-engine-1.8.2.jar:1.8.2]
	at org.junit.platform.engine.support.hierarchical.NodeTestTask.executeRecursively(NodeTestTask.java:138) ~[junit-platform-engine-1.8.2.jar:1.8.2]
	at org.junit.platform.engine.support.hierarchical.NodeTestTask.execute(NodeTestTask.java:95) ~[junit-platform-engine-1.8.2.jar:1.8.2]
	at java.base/java.util.ArrayList.forEach(ArrayList.java:1511) ~[na:na]
	at org.junit.platform.engine.support.hierarchical.SameThreadHierarchicalTestExecutorService.invokeAll(SameThreadHierarchicalTestExecutorService.java:41) ~[junit-platform-engine-1.8.2.jar:1.8.2]
	at org.junit.platform.engine.support.hierarchical.NodeTestTask.lambda$executeRecursively$6(NodeTestTask.java:155) ~[junit-platform-engine-1.8.2.jar:1.8.2]
	at org.junit.platform.engine.support.hierarchical.ThrowableCollector.execute(ThrowableCollector.java:73) ~[junit-platform-engine-1.8.2.jar:1.8.2]
	at org.junit.platform.engine.support.hierarchical.NodeTestTask.lambda$executeRecursively$8(NodeTestTask.java:141) ~[junit-platform-engine-1.8.2.jar:1.8.2]
	at org.junit.platform.engine.support.hierarchical.Node.around(Node.java:137) ~[junit-platform-engine-1.8.2.jar:1.8.2]
	at org.junit.platform.engine.support.hierarchical.NodeTestTask.lambda$executeRecursively$9(NodeTestTask.java:139) ~[junit-platform-engine-1.8.2.jar:1.8.2]
	at org.junit.platform.engine.support.hierarchical.ThrowableCollector.execute(ThrowableCollector.java:73) ~[junit-platform-engine-1.8.2.jar:1.8.2]
	at org.junit.platform.engine.support.hierarchical.NodeTestTask.executeRecursively(NodeTestTask.java:138) ~[junit-platform-engine-1.8.2.jar:1.8.2]
	at org.junit.platform.engine.support.hierarchical.NodeTestTask.execute(NodeTestTask.java:95) ~[junit-platform-engine-1.8.2.jar:1.8.2]
	at org.junit.platform.engine.support.hierarchical.SameThreadHierarchicalTestExecutorService.submit(SameThreadHierarchicalTestExecutorService.java:35) ~[junit-platform-engine-1.8.2.jar:1.8.2]
	at org.junit.platform.engine.support.hierarchical.HierarchicalTestExecutor.execute(HierarchicalTestExecutor.java:57) ~[junit-platform-engine-1.8.2.jar:1.8.2]
	at org.junit.platform.engine.support.hierarchical.HierarchicalTestEngine.execute(HierarchicalTestEngine.java:54) ~[junit-platform-engine-1.8.2.jar:1.8.2]
	at org.junit.platform.launcher.core.EngineExecutionOrchestrator.execute(EngineExecutionOrchestrator.java:108) ~[na:na]
	at org.junit.platform.launcher.core.EngineExecutionOrchestrator.execute(EngineExecutionOrchestrator.java:88) ~[na:na]
	at org.junit.platform.launcher.core.EngineExecutionOrchestrator.lambda$execute$0(EngineExecutionOrchestrator.java:54) ~[na:na]
	at org.junit.platform.launcher.core.EngineExecutionOrchestrator.withInterceptedStreams(EngineExecutionOrchestrator.java:67) ~[na:na]
	at org.junit.platform.launcher.core.EngineExecutionOrchestrator.execute(EngineExecutionOrchestrator.java:52) ~[na:na]
	at org.junit.platform.launcher.core.DefaultLauncher.execute(DefaultLauncher.java:96) ~[na:na]
	at org.junit.platform.launcher.core.DefaultLauncher.execute(DefaultLauncher.java:75) ~[na:na]
	at org.gradle.api.internal.tasks.testing.junitplatform.JUnitPlatformTestClassProcessor$CollectAllTestClassesExecutor.processAllTestClasses(JUnitPlatformTestClassProcessor.java:99) ~[na:na]
	at org.gradle.api.internal.tasks.testing.junitplatform.JUnitPlatformTestClassProcessor$CollectAllTestClassesExecutor.access$000(JUnitPlatformTestClassProcessor.java:79) ~[na:na]
	at org.gradle.api.internal.tasks.testing.junitplatform.JUnitPlatformTestClassProcessor.stop(JUnitPlatformTestClassProcessor.java:75) ~[na:na]
	at org.gradle.api.internal.tasks.testing.SuiteTestClassProcessor.stop(SuiteTestClassProcessor.java:61) ~[na:na]
	at java.base/jdk.internal.reflect.NativeMethodAccessorImpl.invoke0(Native Method) ~[na:na]
	at java.base/jdk.internal.reflect.NativeMethodAccessorImpl.invoke(NativeMethodAccessorImpl.java:77) ~[na:na]
	at java.base/jdk.internal.reflect.DelegatingMethodAccessorImpl.invoke(DelegatingMethodAccessorImpl.java:43) ~[na:na]
	at java.base/java.lang.reflect.Method.invoke(Method.java:568) ~[na:na]
	at org.gradle.internal.dispatch.ReflectionDispatch.dispatch(ReflectionDispatch.java:36) ~[na:na]
	at org.gradle.internal.dispatch.ReflectionDispatch.dispatch(ReflectionDispatch.java:24) ~[na:na]
	at org.gradle.internal.dispatch.ContextClassLoaderDispatch.dispatch(ContextClassLoaderDispatch.java:33) ~[na:na]
	at org.gradle.internal.dispatch.ProxyDispatchAdapter$DispatchingInvocationHandler.invoke(ProxyDispatchAdapter.java:94) ~[na:na]
	at jdk.proxy1/jdk.proxy1.$Proxy2.stop(Unknown Source) ~[na:na]
	at org.gradle.api.internal.tasks.testing.worker.TestWorker$3.run(TestWorker.java:193) ~[na:na]
	at org.gradle.api.internal.tasks.testing.worker.TestWorker.executeAndMaintainThreadName(TestWorker.java:129) ~[na:na]
	at org.gradle.api.internal.tasks.testing.worker.TestWorker.execute(TestWorker.java:100) ~[na:na]
	at org.gradle.api.internal.tasks.testing.worker.TestWorker.execute(TestWorker.java:60) ~[na:na]
	at org.gradle.process.internal.worker.child.ActionExecutionWorker.execute(ActionExecutionWorker.java:56) ~[na:na]
	at org.gradle.process.internal.worker.child.SystemApplicationClassLoaderWorker.call(SystemApplicationClassLoaderWorker.java:133) ~[na:na]
	at org.gradle.process.internal.worker.child.SystemApplicationClassLoaderWorker.call(SystemApplicationClassLoaderWorker.java:71) ~[na:na]
	at worker.org.gradle.process.internal.worker.GradleWorkerMain.run(GradleWorkerMain.java:69) ~[gradle-worker.jar:na]
	at worker.org.gradle.process.internal.worker.GradleWorkerMain.main(GradleWorkerMain.java:74) ~[gradle-worker.jar:na]

2022-03-20 18:07:17.726 DEBUG 8424 --- [    Test worker] .h.v.m.ResourceBundleMessageInterpolator : Loaded expression factory via original TCCL
2022-03-20 18:07:17.734 DEBUG 8424 --- [    Test worker] o.h.v.i.e.AbstractConfigurationImpl      : Setting custom MessageInterpolator of type org.springframework.validation.beanvalidation.LocaleContextMessageInterpolator
2022-03-20 18:07:17.735 DEBUG 8424 --- [    Test worker] o.h.v.i.e.AbstractConfigurationImpl      : Setting custom ConstraintValidatorFactory of type org.springframework.validation.beanvalidation.SpringConstraintValidatorFactory
2022-03-20 18:07:17.736 DEBUG 8424 --- [    Test worker] o.h.v.i.e.AbstractConfigurationImpl      : Setting custom ParameterNameProvider of type org.springframework.validation.beanvalidation.LocalValidatorFactoryBean$1
2022-03-20 18:07:17.738 DEBUG 8424 --- [    Test worker] o.h.v.i.xml.config.ValidationXmlParser   : Trying to load META-INF/validation.xml for XML based Validator configuration.
2022-03-20 18:07:17.738 DEBUG 8424 --- [    Test worker] o.h.v.i.xml.config.ResourceLoaderHelper  : Trying to load META-INF/validation.xml via user class loader
2022-03-20 18:07:17.738 DEBUG 8424 --- [    Test worker] o.h.v.i.xml.config.ResourceLoaderHelper  : Trying to load META-INF/validation.xml via TCCL
2022-03-20 18:07:17.739 DEBUG 8424 --- [    Test worker] o.h.v.i.xml.config.ResourceLoaderHelper  : Trying to load META-INF/validation.xml via Hibernate Validator's class loader
2022-03-20 18:07:17.739 DEBUG 8424 --- [    Test worker] o.h.v.i.xml.config.ValidationXmlParser   : No META-INF/validation.xml found. Using annotation based configuration only.
2022-03-20 18:07:17.740 DEBUG 8424 --- [    Test worker] o.h.v.i.e.resolver.TraversableResolvers  : Cannot find javax.persistence.Persistence on classpath. Assuming non JPA 2 environment. All properties will per default be traversable.
2022-03-20 18:07:17.743 DEBUG 8424 --- [    Test worker] .i.e.ValidatorFactoryConfigurationHelper : HV000252: Using org.hibernate.validator.internal.engine.DefaultPropertyNodeNameProvider as property node name provider.
2022-03-20 18:07:17.744 DEBUG 8424 --- [    Test worker] .i.e.ValidatorFactoryConfigurationHelper : HV000234: Using org.springframework.validation.beanvalidation.LocaleContextMessageInterpolator as ValidatorFactory-scoped message interpolator.
2022-03-20 18:07:17.744 DEBUG 8424 --- [    Test worker] .i.e.ValidatorFactoryConfigurationHelper : HV000234: Using org.hibernate.validator.internal.engine.resolver.TraverseAllTraversableResolver as ValidatorFactory-scoped traversable resolver.
2022-03-20 18:07:17.744 DEBUG 8424 --- [    Test worker] .i.e.ValidatorFactoryConfigurationHelper : HV000234: Using org.hibernate.validator.internal.util.ExecutableParameterNameProvider as ValidatorFactory-scoped parameter name provider.
2022-03-20 18:07:17.745 DEBUG 8424 --- [    Test worker] .i.e.ValidatorFactoryConfigurationHelper : HV000234: Using org.hibernate.validator.internal.engine.DefaultClockProvider as ValidatorFactory-scoped clock provider.
2022-03-20 18:07:17.745 DEBUG 8424 --- [    Test worker] .i.e.ValidatorFactoryConfigurationHelper : HV000234: Using org.hibernate.validator.internal.engine.scripting.DefaultScriptEvaluatorFactory as ValidatorFactory-scoped script evaluator factory.
2022-03-20 18:07:18.208 DEBUG 8424 --- [    Test worker] _.s.web.servlet.HandlerMapping.Mappings  : 
	d.c.w.b.a.w.c.AnalyseController:
	{GET [/analyse]}: index(Model)
	{POST [/analyse]}: indexpost(Model,CustomAnalyseForm)
2022-03-20 18:07:18.217 DEBUG 8424 --- [    Test worker] _.s.web.servlet.HandlerMapping.Mappings  : 
	d.c.w.b.a.w.c.a.AdminAnalyseController:
	{GET [/adminindex/analyse]}: index(Model)
	{GET [/adminindex/addsandards]}: addsandards(Model)
	{POST [/adminindex/addsandards]}: addsandardspost(Model,FormStandard)
	{POST [/adminindex/analyse]}: indexpost(Model,CustomAnalyseForm)
2022-03-20 18:07:18.220 DEBUG 8424 --- [    Test worker] _.s.web.servlet.HandlerMapping.Mappings  : 
	d.c.w.b.a.w.c.l.AnalyseLeaderController:
	{GET [/leaderindex/analyse]}: index(Model)
	{POST [/leaderindex/analyse]}: indexpost(Model,CustomAnalyseForm)
2022-03-20 18:07:18.222 DEBUG 8424 --- [    Test worker] _.s.web.servlet.HandlerMapping.Mappings  : 
	d.c.w.b.a.w.c.AvisController:
	{GET [/avis]}: avis(Model,FormAvis)
	{POST [/avis]}: avisPost(Model,FormAvis,String)
2022-03-20 18:07:18.224 DEBUG 8424 --- [    Test worker] _.s.web.servlet.HandlerMapping.Mappings  : 
	d.c.w.b.a.w.c.a.AdminAvisController:
	{POST [/adminindex/avis/delete/{id}]}: delete(Model,Long)
2022-03-20 18:07:18.224 DEBUG 8424 --- [    Test worker] _.s.web.servlet.HandlerMapping.Mappings  : 
	d.c.w.b.a.w.c.l.LeaderAvisController:
	{GET [/leaderindex/avisliste]}: alle(Model)
2022-03-20 18:07:18.225 DEBUG 8424 --- [    Test worker] _.s.web.servlet.HandlerMapping.Mappings  : 
	d.c.w.b.d.w.c.NotificationsController:
	{GET [/notifications]}: notifications()
2022-03-20 18:07:18.227 DEBUG 8424 --- [    Test worker] _.s.web.servlet.HandlerMapping.Mappings  : 
	d.c.w.b.d.w.c.RecoveryPasswordController:
	{GET [/maileingabe]}: maileingabe()
	{GET [/passwordeingabe]}: passwordeingabe(Model,MailPasswordPaar)
	{POST [/maileingabe]}: maileingabePost(Model,String)
	{GET [/delete/confirm]}: resetpasword(Model,String)
	{POST [/passwordeingabe]}: passwordeingabePost(Model,MailPasswordPaar)
2022-03-20 18:07:18.229 DEBUG 8424 --- [    Test worker] _.s.web.servlet.HandlerMapping.Mappings  : 
	d.c.w.b.d.w.c.RegistrationController:
	{POST [/registration]}: register(Model,RegistrationRequest)
	{GET [/registration]}: registerForm(Model,RegistrationRequest)
	{GET [/registration/confirm]}: confirm(Model,String)
2022-03-20 18:07:18.232 DEBUG 8424 --- [    Test worker] _.s.web.servlet.HandlerMapping.Mappings  : 
	d.c.w.b.d.w.c.a.AdminController:
	{GET [/adminindex/home]}: home()
	{GET [/adminindex/userliste]}: userliste(Model,String)
	{GET [/adminindex]}: adminindex(Model,String)
2022-03-20 18:07:18.237 DEBUG 8424 --- [    Test worker] _.s.web.servlet.HandlerMapping.Mappings  : 
	d.c.w.b.d.w.c.l.LeaderController:
	{GET [/leaderindex/home]}: home(Model)
	{GET [/leaderindex]}: leaderindex(Model,String)
2022-03-20 18:07:18.238 DEBUG 8424 --- [    Test worker] _.s.web.servlet.HandlerMapping.Mappings  : 
	d.c.w.b.d.w.c.u.UserController:
	{GET [/index]}: userindex(Model,String)
2022-03-20 18:07:18.243 DEBUG 8424 --- [    Test worker] _.s.web.servlet.HandlerMapping.Mappings  : 
	d.c.w.b.f.w.c.a.AdminFinancesController:
	{POST [/adminindex/finances/delete/{id}]}: delete(Model,FinanceForm,Long)
	{GET [/adminindex/finances/modifier/{id}]}: modifier(Model,Long)
	{POST [/adminindex/financesmodifier]}: modifier(Model,Long,FinanceForm,Compteur)
2022-03-20 18:07:18.245 DEBUG 8424 --- [    Test worker] _.s.web.servlet.HandlerMapping.Mappings  : 
	d.c.w.b.f.w.c.l.LeaderFinancesController:
	{POST [/leaderindex/financesuebersicht]}: uebersichtPost(FinanceForm,Compteur)
	{GET [/leaderindex/financesuebersicht]}: uebersicht(Model,FinanceForm,Compteur)
2022-03-20 18:07:18.247 DEBUG 8424 --- [    Test worker] _.s.web.servlet.HandlerMapping.Mappings  : 
	d.c.w.b.g.WebSeiteAllgemeinController:
	{GET []}: index(Model)
	{GET [/telecharger]}: telecharger(Model)
	{GET [/contacts]}: contacts(Model)
2022-03-20 18:07:18.248 DEBUG 8424 --- [    Test worker] _.s.web.servlet.HandlerMapping.Mappings  : 
	d.c.w.b.p.k.p.w.c.a.AdminPondeusesController:
	
2022-03-20 18:07:18.248 DEBUG 8424 --- [    Test worker] _.s.web.servlet.HandlerMapping.Mappings  : 
	d.c.w.b.p.k.p.w.c.l.LeaderPondeusesController:
	
2022-03-20 18:07:18.249 DEBUG 8424 --- [    Test worker] _.s.web.servlet.HandlerMapping.Mappings  : 
	d.c.w.b.p.k.p.w.c.a.AdminPorcinsController:
	
2022-03-20 18:07:18.249 DEBUG 8424 --- [    Test worker] _.s.web.servlet.HandlerMapping.Mappings  : 
	d.c.w.b.p.k.p.w.c.l.LeaderPorcinsController:
	
2022-03-20 18:07:18.250 DEBUG 8424 --- [    Test worker] _.s.web.servlet.HandlerMapping.Mappings  : 
	d.c.w.b.p.m.c.a.AdminProjectsController:
	
2022-03-20 18:07:18.255 DEBUG 8424 --- [    Test worker] _.s.web.servlet.HandlerMapping.Mappings  : 
	d.c.w.b.p.m.c.l.LeaderProjectsController:
	{POST [/leaderindex/project/verlauf/delete/{id}]}: delete(Long,String)
	{GET [/leaderindex/project/{projectName}]}: projectUebersicht(Model,String)
	{GET [/leaderindex/project/verlauf/{projectName}]}: projectVerlaufUebersicht(Model,TagesVerlaufForm,Compteur,String)
	{GET [/leaderindex/project/finances/{projectName}]}: projectFinancesUebersicht(Model,Compteur,String,FinanceForm)
	{GET [/leaderindex/project/verlauf/modifier/{id}]}: modifier(Model,Long,String)
	{GET [/leaderindex/projects]}: vollaille(Model)
	{POST [/leaderindex/project/verlauf]}: projectVerlaufUebersichtPost(TagesVerlaufForm)
2022-03-20 18:07:18.260 DEBUG 8424 --- [    Test worker] _.s.web.servlet.HandlerMapping.Mappings  : 
	o.s.b.a.w.s.e.BasicErrorController:
	{ [/error]}: error(HttpServletRequest)
	{ [/error], produces [text/html]}: errorHtml(HttpServletRequest,HttpServletResponse)
2022-03-20 18:07:18.286  INFO 8424 --- [    Test worker] o.s.b.a.w.s.WelcomePageHandlerMapping    : Adding welcome page template: index
2022-03-20 18:07:18.350 DEBUG 8424 --- [    Test worker] _.s.web.servlet.HandlerMapping.Mappings  : 'beanNameHandlerMapping' {}
2022-03-20 18:07:18.385 DEBUG 8424 --- [    Test worker] _.s.web.servlet.HandlerMapping.Mappings  : 'resourceHandlerMapping' {/webjars/**=ResourceHttpRequestHandler [classpath [META-INF/resources/webjars/]], /**=ResourceHttpRequestHandler [classpath [META-INF/resources/], classpath [resources/], classpath [static/], classpath [public/], ServletContext [/]]}
2022-03-20 18:07:18.779  INFO 8424 --- [    Test worker] ropastoralJdbcOauthEmailApplicationTests : Started WillagropastoralJdbcOauthEmailApplicationTests in 7.034 seconds (JVM running for 8.99)
]]></system-out>
  <system-err><![CDATA[]]></system-err>
</testsuite>
