<?xml version="1.0" encoding="UTF-8"?>
<testsuite name="duo.cmr.willagropastoral.WillagropastoralJdbcOauthEmailApplicationTests" tests="1" skipped="0" failures="0" errors="0" timestamp="2022-02-19T15:09:49" hostname="MacBooknmacbook" time="1.041">
  <properties/>
  <testcase name="contextLoads()" classname="duo.cmr.willagropastoral.WillagropastoralJdbcOauthEmailApplicationTests" time="1.041"/>
  <system-out><![CDATA[16:09:37.091 [Test worker] DEBUG org.springframework.test.context.BootstrapUtils - Instantiating CacheAwareContextLoaderDelegate from class [org.springframework.test.context.cache.DefaultCacheAwareContextLoaderDelegate]
16:09:37.109 [Test worker] DEBUG org.springframework.test.context.BootstrapUtils - Instantiating BootstrapContext using constructor [public org.springframework.test.context.support.DefaultBootstrapContext(java.lang.Class,org.springframework.test.context.CacheAwareContextLoaderDelegate)]
16:09:37.175 [Test worker] DEBUG org.springframework.test.context.BootstrapUtils - Instantiating TestContextBootstrapper for test class [duo.cmr.willagropastoral.WillagropastoralJdbcOauthEmailApplicationTests] from class [org.springframework.boot.test.context.SpringBootTestContextBootstrapper]
16:09:37.197 [Test worker] INFO org.springframework.boot.test.context.SpringBootTestContextBootstrapper - Neither @ContextConfiguration nor @ContextHierarchy found for test class [duo.cmr.willagropastoral.WillagropastoralJdbcOauthEmailApplicationTests], using SpringBootContextLoader
16:09:37.205 [Test worker] DEBUG org.springframework.test.context.support.AbstractContextLoader - Did not detect default resource location for test class [duo.cmr.willagropastoral.WillagropastoralJdbcOauthEmailApplicationTests]: class path resource [duo/cmr/willagropastoral/WillagropastoralJdbcOauthEmailApplicationTests-context.xml] does not exist
16:09:37.206 [Test worker] DEBUG org.springframework.test.context.support.AbstractContextLoader - Did not detect default resource location for test class [duo.cmr.willagropastoral.WillagropastoralJdbcOauthEmailApplicationTests]: class path resource [duo/cmr/willagropastoral/WillagropastoralJdbcOauthEmailApplicationTestsContext.groovy] does not exist
16:09:37.207 [Test worker] INFO org.springframework.test.context.support.AbstractContextLoader - Could not detect default resource locations for test class [duo.cmr.willagropastoral.WillagropastoralJdbcOauthEmailApplicationTests]: no resource found for suffixes {-context.xml, Context.groovy}.
16:09:37.212 [Test worker] INFO org.springframework.test.context.support.AnnotationConfigContextLoaderUtils - Could not detect default configuration classes for test class [duo.cmr.willagropastoral.WillagropastoralJdbcOauthEmailApplicationTests]: WillagropastoralJdbcOauthEmailApplicationTests does not declare any static, non-private, non-final, nested classes annotated with @Configuration.
16:09:37.324 [Test worker] DEBUG org.springframework.test.context.support.ActiveProfilesUtils - Could not find an 'annotation declaring class' for annotation type [org.springframework.test.context.ActiveProfiles] and class [duo.cmr.willagropastoral.WillagropastoralJdbcOauthEmailApplicationTests]
16:09:37.478 [Test worker] DEBUG org.springframework.context.annotation.ClassPathScanningCandidateComponentProvider - Identified candidate component class: file [/Users/admin/Desktop/SprungInsMacAigain/HardCodes/willagropastoral-jdbc-oauth-email/build/classes/java/main/duo/cmr/willagropastoral/WillagropastoralJdbcOauthEmailApplication.class]
16:09:37.479 [Test worker] INFO org.springframework.boot.test.context.SpringBootTestContextBootstrapper - Found @SpringBootConfiguration duo.cmr.willagropastoral.WillagropastoralJdbcOauthEmailApplication for test class duo.cmr.willagropastoral.WillagropastoralJdbcOauthEmailApplicationTests
16:09:37.659 [Test worker] DEBUG org.springframework.boot.test.context.SpringBootTestContextBootstrapper - @TestExecutionListeners is not present for class [duo.cmr.willagropastoral.WillagropastoralJdbcOauthEmailApplicationTests]: using defaults.
16:09:37.660 [Test worker] INFO org.springframework.boot.test.context.SpringBootTestContextBootstrapper - Loaded default TestExecutionListener class names from location [META-INF/spring.factories]: [org.springframework.boot.test.autoconfigure.restdocs.RestDocsTestExecutionListener, org.springframework.boot.test.autoconfigure.web.client.MockRestServiceServerResetTestExecutionListener, org.springframework.boot.test.autoconfigure.web.servlet.MockMvcPrintOnlyOnFailureTestExecutionListener, org.springframework.boot.test.autoconfigure.web.servlet.WebDriverTestExecutionListener, org.springframework.boot.test.autoconfigure.webservices.client.MockWebServiceServerTestExecutionListener, org.springframework.boot.test.mock.mockito.MockitoTestExecutionListener, org.springframework.boot.test.mock.mockito.ResetMocksTestExecutionListener, org.springframework.test.context.web.ServletTestExecutionListener, org.springframework.test.context.support.DirtiesContextBeforeModesTestExecutionListener, org.springframework.test.context.event.ApplicationEventsTestExecutionListener, org.springframework.test.context.support.DependencyInjectionTestExecutionListener, org.springframework.test.context.support.DirtiesContextTestExecutionListener, org.springframework.test.context.transaction.TransactionalTestExecutionListener, org.springframework.test.context.jdbc.SqlScriptsTestExecutionListener, org.springframework.test.context.event.EventPublishingTestExecutionListener]
16:09:37.691 [Test worker] INFO org.springframework.boot.test.context.SpringBootTestContextBootstrapper - Using TestExecutionListeners: [org.springframework.test.context.web.ServletTestExecutionListener@12bfd80d, org.springframework.test.context.support.DirtiesContextBeforeModesTestExecutionListener@41925502, org.springframework.test.context.event.ApplicationEventsTestExecutionListener@13e3c1c7, org.springframework.boot.test.mock.mockito.MockitoTestExecutionListener@5316e95f, org.springframework.boot.test.autoconfigure.SpringBootDependencyInjectionTestExecutionListener@3f053c80, org.springframework.test.context.support.DirtiesContextTestExecutionListener@6c6c5427, org.springframework.test.context.transaction.TransactionalTestExecutionListener@618c5d94, org.springframework.test.context.jdbc.SqlScriptsTestExecutionListener@5b40ceb, org.springframework.test.context.event.EventPublishingTestExecutionListener@13c3c1e1, org.springframework.boot.test.autoconfigure.restdocs.RestDocsTestExecutionListener@1d8062d2, org.springframework.boot.test.autoconfigure.web.client.MockRestServiceServerResetTestExecutionListener@1e63ec0b, org.springframework.boot.test.autoconfigure.web.servlet.MockMvcPrintOnlyOnFailureTestExecutionListener@3b956878, org.springframework.boot.test.autoconfigure.web.servlet.WebDriverTestExecutionListener@36546a22, org.springframework.boot.test.autoconfigure.webservices.client.MockWebServiceServerTestExecutionListener@285c08c8, org.springframework.boot.test.mock.mockito.ResetMocksTestExecutionListener@295eaa7c]
16:09:37.698 [Test worker] DEBUG org.springframework.test.context.support.AbstractDirtiesContextTestExecutionListener - Before test class: context [DefaultTestContext@630cb4a4 testClass = WillagropastoralJdbcOauthEmailApplicationTests, testInstance = [null], testMethod = [null], testException = [null], mergedContextConfiguration = [WebMergedContextConfiguration@636e8cc testClass = WillagropastoralJdbcOauthEmailApplicationTests, locations = '{}', classes = '{class duo.cmr.willagropastoral.WillagropastoralJdbcOauthEmailApplication}', contextInitializerClasses = '[]', activeProfiles = '{}', propertySourceLocations = '{}', propertySourceProperties = '{org.springframework.boot.test.context.SpringBootTestContextBootstrapper=true}', contextCustomizers = set[org.springframework.boot.test.autoconfigure.actuate.metrics.MetricsExportContextCustomizerFactory$DisableMetricExportContextCustomizer@1b75c2e3, org.springframework.boot.test.autoconfigure.properties.PropertyMappingContextCustomizer@0, org.springframework.boot.test.autoconfigure.web.servlet.WebDriverContextCustomizerFactory$Customizer@2796aeae, org.springframework.boot.test.context.filter.ExcludeFilterContextCustomizer@51fadaff, org.springframework.boot.test.json.DuplicateJsonObjectContextCustomizerFactory$DuplicateJsonObjectContextCustomizer@5b6ec132, org.springframework.boot.test.mock.mockito.MockitoContextCustomizer@0, org.springframework.boot.test.web.client.TestRestTemplateContextCustomizer@78641d23, org.springframework.boot.test.context.SpringBootTestArgs@1, org.springframework.boot.test.context.SpringBootTestWebEnvironment@623a8092], resourceBasePath = 'src/main/webapp', contextLoader = 'org.springframework.boot.test.context.SpringBootContextLoader', parent = [null]], attributes = map['org.springframework.test.context.web.ServletTestExecutionListener.activateListener' -> true]], class annotated with @DirtiesContext [false] with mode [null].

  .   ____          _            __ _ _
 /\\ / ___'_ __ _ _(_)_ __  __ _ \ \ \ \
( ( )\___ | '_ | '_| | '_ \/ _` | \ \ \ \
 \\/  ___)| |_)| | | | | || (_| |  ) ) ) )
  '  |____| .__|_| |_|_| |_\__, | / / / /
 =========|_|==============|___/=/_/_/_/
 :: Spring Boot ::                (v2.6.3)

2022-02-19 16:09:38.471  INFO 88613 --- [    Test worker] ropastoralJdbcOauthEmailApplicationTests : Starting WillagropastoralJdbcOauthEmailApplicationTests using Java 17 on MacBooknmacbook with PID 88613 (started by admin in /Users/admin/Desktop/SprungInsMacAigain/HardCodes/willagropastoral-jdbc-oauth-email)
2022-02-19 16:09:38.474 DEBUG 88613 --- [    Test worker] ropastoralJdbcOauthEmailApplicationTests : Running with Spring Boot v2.6.3, Spring v5.3.15
2022-02-19 16:09:38.475  INFO 88613 --- [    Test worker] ropastoralJdbcOauthEmailApplicationTests : The following profiles are active: production
2022-02-19 16:09:38.489 DEBUG 88613 --- [kground-preinit] org.jboss.logging                        : Logging Provider: org.jboss.logging.Log4j2LoggerProvider
2022-02-19 16:09:38.506 DEBUG 88613 --- [kground-preinit] o.h.v.i.xml.config.ValidationXmlParser   : Trying to load META-INF/validation.xml for XML based Validator configuration.
2022-02-19 16:09:38.510 DEBUG 88613 --- [kground-preinit] o.h.v.i.xml.config.ResourceLoaderHelper  : Trying to load META-INF/validation.xml via TCCL
2022-02-19 16:09:38.513 DEBUG 88613 --- [kground-preinit] o.h.v.i.xml.config.ResourceLoaderHelper  : Trying to load META-INF/validation.xml via Hibernate Validator's class loader
2022-02-19 16:09:38.514 DEBUG 88613 --- [kground-preinit] o.h.v.i.xml.config.ValidationXmlParser   : No META-INF/validation.xml found. Using annotation based configuration only.
2022-02-19 16:09:38.521 DEBUG 88613 --- [kground-preinit] o.h.v.i.e.resolver.TraversableResolvers  : Cannot find javax.persistence.Persistence on classpath. Assuming non JPA 2 environment. All properties will per default be traversable.
2022-02-19 16:09:38.571 DEBUG 88613 --- [kground-preinit] .h.v.m.ResourceBundleMessageInterpolator : Loaded expression factory via original TCCL
2022-02-19 16:09:38.810 DEBUG 88613 --- [kground-preinit] .i.e.ValidatorFactoryConfigurationHelper : HV000252: Using org.hibernate.validator.internal.engine.DefaultPropertyNodeNameProvider as property node name provider.
2022-02-19 16:09:38.828 DEBUG 88613 --- [kground-preinit] .i.e.ValidatorFactoryConfigurationHelper : HV000234: Using org.hibernate.validator.messageinterpolation.ResourceBundleMessageInterpolator as ValidatorFactory-scoped message interpolator.
2022-02-19 16:09:38.837 DEBUG 88613 --- [kground-preinit] .i.e.ValidatorFactoryConfigurationHelper : HV000234: Using org.hibernate.validator.internal.engine.resolver.TraverseAllTraversableResolver as ValidatorFactory-scoped traversable resolver.
2022-02-19 16:09:38.839 DEBUG 88613 --- [kground-preinit] .i.e.ValidatorFactoryConfigurationHelper : HV000234: Using org.hibernate.validator.internal.util.ExecutableParameterNameProvider as ValidatorFactory-scoped parameter name provider.
2022-02-19 16:09:38.840 DEBUG 88613 --- [kground-preinit] .i.e.ValidatorFactoryConfigurationHelper : HV000234: Using org.hibernate.validator.internal.engine.DefaultClockProvider as ValidatorFactory-scoped clock provider.
2022-02-19 16:09:38.840 DEBUG 88613 --- [kground-preinit] .i.e.ValidatorFactoryConfigurationHelper : HV000234: Using org.hibernate.validator.internal.engine.scripting.DefaultScriptEvaluatorFactory as ValidatorFactory-scoped script evaluator factory.
2022-02-19 16:09:40.175  INFO 88613 --- [    Test worker] .s.d.r.c.RepositoryConfigurationDelegate : Bootstrapping Spring Data JDBC repositories in DEFAULT mode.
2022-02-19 16:09:40.579  INFO 88613 --- [    Test worker] .s.d.r.c.RepositoryConfigurationDelegate : Finished Spring Data repository scanning in 396 ms. Found 8 JDBC repository interfaces.
2022-02-19 16:09:41.366  INFO 88613 --- [    Test worker] trationDelegate$BeanPostProcessorChecker : Bean 'methodSecurityConfiguration' of type [duo.cmr.willagropastoral.boundedContexts.dasandere.web.securityconfiguration.MethodSecurityConfiguration$$EnhancerBySpringCGLIB$$8b909463] is not eligible for getting processed by all BeanPostProcessors (for example: not eligible for auto-proxying)
2022-02-19 16:09:41.639 DEBUG 88613 --- [    Test worker] com.zaxxer.hikari.HikariConfig           : Driver class org.postgresql.Driver found in Thread context class loader jdk.internal.loader.ClassLoaders$AppClassLoader@5ffd2b27
2022-02-19 16:09:41.798 DEBUG 88613 --- [    Test worker] o.f.core.internal.util.FeatureDetector   : AWS SDK available: false
2022-02-19 16:09:41.798 DEBUG 88613 --- [    Test worker] o.f.core.internal.util.FeatureDetector   : Google Cloud Storage available: false
2022-02-19 16:09:41.799 DEBUG 88613 --- [    Test worker] o.f.c.i.s.classpath.ClassPathScanner     : Scanning for classpath resources at 'classpath:db/callback' ...
2022-02-19 16:09:41.799 DEBUG 88613 --- [    Test worker] o.f.c.i.s.classpath.ClassPathScanner     : Determining location urls for classpath:db/callback using ClassLoader jdk.internal.loader.ClassLoaders$AppClassLoader@5ffd2b27 ...
2022-02-19 16:09:41.800 DEBUG 88613 --- [    Test worker] o.f.c.i.s.classpath.ClassPathScanner     : Unable to resolve location classpath:db/callback.
2022-02-19 16:09:41.800 DEBUG 88613 --- [    Test worker] o.f.c.i.s.classpath.ClassPathScanner     : Scanning for classpath resources at 'classpath:db/migration' ...
2022-02-19 16:09:41.800 DEBUG 88613 --- [    Test worker] o.f.c.i.s.classpath.ClassPathScanner     : Determining location urls for classpath:db/migration using ClassLoader jdk.internal.loader.ClassLoaders$AppClassLoader@5ffd2b27 ...
2022-02-19 16:09:41.801 DEBUG 88613 --- [    Test worker] o.f.c.i.s.classpath.ClassPathScanner     : Scanning URL: file:/Users/admin/Desktop/SprungInsMacAigain/HardCodes/willagropastoral-jdbc-oauth-email/build/resources/main/db/migration
2022-02-19 16:09:41.801 DEBUG 88613 --- [    Test worker] o.f.core.internal.util.FeatureDetector   : JBoss VFS v2 available: false
2022-02-19 16:09:41.804 DEBUG 88613 --- [    Test worker] i.s.c.FileSystemClassPathLocationScanner : Scanning starting at classpath root in filesystem: /Users/admin/Desktop/SprungInsMacAigain/HardCodes/willagropastoral-jdbc-oauth-email/build/resources/main/
2022-02-19 16:09:41.804 DEBUG 88613 --- [    Test worker] i.s.c.FileSystemClassPathLocationScanner : Scanning for resources in path: /Users/admin/Desktop/SprungInsMacAigain/HardCodes/willagropastoral-jdbc-oauth-email/build/resources/main/db/migration (db/migration)
2022-02-19 16:09:41.810 DEBUG 88613 --- [    Test worker] o.f.c.i.s.classpath.ClassPathScanner     : Found resource: db/migration/V0__initialisierung.sql
2022-02-19 16:09:41.810 DEBUG 88613 --- [    Test worker] o.f.c.i.s.classpath.ClassPathScanner     : Found resource: db/migration/V1__tabelle_erstellen.sql
2022-02-19 16:09:41.811 DEBUG 88613 --- [    Test worker] o.f.c.i.s.classpath.ClassPathScanner     : Found resource: db/migration/V2__exampleData.sql
2022-02-19 16:09:41.811 DEBUG 88613 --- [    Test worker] o.f.c.i.s.classpath.ClassPathScanner     : Found resource: db/migration/V3__weitere_tabelle.sql
2022-02-19 16:09:41.811 DEBUG 88613 --- [    Test worker] o.f.c.i.s.classpath.ClassPathScanner     : Found resource: db/migration/V4__admin_and_leader.sql
2022-02-19 16:09:41.811 DEBUG 88613 --- [    Test worker] o.f.c.i.s.classpath.ClassPathScanner     : Found resource: db/migration/V5__tabelle_avis.sql
2022-02-19 16:09:41.812 DEBUG 88613 --- [    Test worker] o.f.c.i.s.classpath.ClassPathScanner     : Found resource: db/migration/V6__tabelle_vollaille.sql
2022-02-19 16:09:41.812 DEBUG 88613 --- [    Test worker] o.f.c.i.s.classpath.ClassPathScanner     : Scanning for classes at classpath:db/migration
2022-02-19 16:09:41.818 DEBUG 88613 --- [    Test worker] org.postgresql.Driver                    : Loading driver configuration via classloader jdk.internal.loader.ClassLoaders$AppClassLoader@5ffd2b27
2022-02-19 16:09:41.820 DEBUG 88613 --- [    Test worker] org.postgresql.Driver                    : Connecting with URL: jdbc:postgresql://localhost:15000/willagropastoral
2022-02-19 16:09:41.833 DEBUG 88613 --- [    Test worker] org.postgresql.jdbc.PgConnection         : PostgreSQL JDBC Driver 42.3.1
2022-02-19 16:09:41.835 DEBUG 88613 --- [    Test worker] org.postgresql.jdbc.PgConnection         :   setDefaultFetchSize = 0
2022-02-19 16:09:41.836 DEBUG 88613 --- [    Test worker] org.postgresql.jdbc.PgConnection         :   setPrepareThreshold = 5
2022-02-19 16:09:41.846 DEBUG 88613 --- [    Test worker] o.p.core.v3.ConnectionFactoryImpl        : Trying to establish a protocol version 3 connection to localhost:15000
2022-02-19 16:09:41.866 DEBUG 88613 --- [    Test worker] o.p.core.v3.ConnectionFactoryImpl        : Receive Buffer Size is 408.300
2022-02-19 16:09:41.867 DEBUG 88613 --- [    Test worker] o.p.core.v3.ConnectionFactoryImpl        : Send Buffer Size is 146.988
2022-02-19 16:09:42.224  INFO 88613 --- [    Test worker] o.f.c.internal.license.VersionPrinter    : Flyway Community Edition 8.0.5 by Redgate
2022-02-19 16:09:42.225  INFO 88613 --- [    Test worker] o.f.c.i.database.base.BaseDatabaseType   : Database: jdbc:postgresql://localhost:15000/willagropastoral (PostgreSQL 14.1)
2022-02-19 16:09:42.225 DEBUG 88613 --- [    Test worker] o.f.c.i.database.base.BaseDatabaseType   : Driver  : PostgreSQL JDBC Driver 42.3.1
2022-02-19 16:09:42.230 DEBUG 88613 --- [    Test worker] org.flywaydb.core.FlywayExecutor         : DDL Transactions Supported: true
2022-02-19 16:09:42.233 DEBUG 88613 --- [    Test worker] o.f.c.i.s.SchemaHistoryFactory           : Schemas: 
2022-02-19 16:09:42.234 DEBUG 88613 --- [    Test worker] o.f.c.i.s.SchemaHistoryFactory           : Default schema: null
2022-02-19 16:09:42.290 DEBUG 88613 --- [    Test worker] o.f.c.i.c.SqlScriptCallbackFactory       : Scanning for SQL callbacks ...
2022-02-19 16:09:42.313 DEBUG 88613 --- [    Test worker] o.f.core.internal.command.DbValidate     : Validating migrations ...
2022-02-19 16:09:42.316 DEBUG 88613 --- [    Test worker] org.postgresql.jdbc.PgConnection         :   setAutoCommit = false
2022-02-19 16:09:42.339 DEBUG 88613 --- [    Test worker] o.f.core.internal.scanner.Scanner        : Filtering out resource: db/migration/V5__tabelle_avis.sql (filename: V5__tabelle_avis.sql)
2022-02-19 16:09:42.339 DEBUG 88613 --- [    Test worker] o.f.core.internal.scanner.Scanner        : Filtering out resource: db/migration/V6__tabelle_vollaille.sql (filename: V6__tabelle_vollaille.sql)
2022-02-19 16:09:42.339 DEBUG 88613 --- [    Test worker] o.f.core.internal.scanner.Scanner        : Filtering out resource: db/migration/V1__tabelle_erstellen.sql (filename: V1__tabelle_erstellen.sql)
2022-02-19 16:09:42.340 DEBUG 88613 --- [    Test worker] o.f.core.internal.scanner.Scanner        : Filtering out resource: db/migration/V4__admin_and_leader.sql (filename: V4__admin_and_leader.sql)
2022-02-19 16:09:42.340 DEBUG 88613 --- [    Test worker] o.f.core.internal.scanner.Scanner        : Filtering out resource: db/migration/V2__exampleData.sql (filename: V2__exampleData.sql)
2022-02-19 16:09:42.340 DEBUG 88613 --- [    Test worker] o.f.core.internal.scanner.Scanner        : Filtering out resource: db/migration/V0__initialisierung.sql (filename: V0__initialisierung.sql)
2022-02-19 16:09:42.340 DEBUG 88613 --- [    Test worker] o.f.core.internal.scanner.Scanner        : Filtering out resource: db/migration/V3__weitere_tabelle.sql (filename: V3__weitere_tabelle.sql)
2022-02-19 16:09:42.385 DEBUG 88613 --- [    Test worker] org.postgresql.jdbc.PgConnection         :   setAutoCommit = true
2022-02-19 16:09:42.387  INFO 88613 --- [    Test worker] o.f.core.internal.command.DbValidate     : Successfully validated 7 migrations (execution time 00:00.071s)
2022-02-19 16:09:42.445  INFO 88613 --- [    Test worker] o.f.core.internal.command.DbMigrate      : Current version of schema "public": 6
2022-02-19 16:09:42.464  INFO 88613 --- [    Test worker] o.f.core.internal.command.DbMigrate      : Schema "public" is up to date. No migration necessary.
2022-02-19 16:09:42.474 DEBUG 88613 --- [    Test worker] org.postgresql.jdbc.PgConnection         :   setAutoCommit = false
2022-02-19 16:09:42.488 DEBUG 88613 --- [    Test worker] org.postgresql.jdbc.PgConnection         :   setAutoCommit = true
2022-02-19 16:09:42.495 DEBUG 88613 --- [    Test worker] org.flywaydb.core.FlywayExecutor         : Memory usage: 24 of 60M
2022-02-19 16:09:42.646 DEBUG 88613 --- [    Test worker] com.zaxxer.hikari.HikariConfig           : HikariPool-1 - configuration:
2022-02-19 16:09:42.652 DEBUG 88613 --- [    Test worker] com.zaxxer.hikari.HikariConfig           : allowPoolSuspension................................false
2022-02-19 16:09:42.653 DEBUG 88613 --- [    Test worker] com.zaxxer.hikari.HikariConfig           : autoCommit................................true
2022-02-19 16:09:42.654 DEBUG 88613 --- [    Test worker] com.zaxxer.hikari.HikariConfig           : catalog................................none
2022-02-19 16:09:42.654 DEBUG 88613 --- [    Test worker] com.zaxxer.hikari.HikariConfig           : connectionInitSql................................none
2022-02-19 16:09:42.654 DEBUG 88613 --- [    Test worker] com.zaxxer.hikari.HikariConfig           : connectionTestQuery................................none
2022-02-19 16:09:42.656 DEBUG 88613 --- [    Test worker] com.zaxxer.hikari.HikariConfig           : connectionTimeout................................30000
2022-02-19 16:09:42.656 DEBUG 88613 --- [    Test worker] com.zaxxer.hikari.HikariConfig           : dataSource................................none
2022-02-19 16:09:42.656 DEBUG 88613 --- [    Test worker] com.zaxxer.hikari.HikariConfig           : dataSourceClassName................................none
2022-02-19 16:09:42.656 DEBUG 88613 --- [    Test worker] com.zaxxer.hikari.HikariConfig           : dataSourceJNDI................................none
2022-02-19 16:09:42.658 DEBUG 88613 --- [    Test worker] com.zaxxer.hikari.HikariConfig           : dataSourceProperties................................{password=<masked>}
2022-02-19 16:09:42.659 DEBUG 88613 --- [    Test worker] com.zaxxer.hikari.HikariConfig           : driverClassName................................"org.postgresql.Driver"
2022-02-19 16:09:42.659 DEBUG 88613 --- [    Test worker] com.zaxxer.hikari.HikariConfig           : exceptionOverrideClassName................................none
2022-02-19 16:09:42.660 DEBUG 88613 --- [    Test worker] com.zaxxer.hikari.HikariConfig           : healthCheckProperties................................{}
2022-02-19 16:09:42.660 DEBUG 88613 --- [    Test worker] com.zaxxer.hikari.HikariConfig           : healthCheckRegistry................................none
2022-02-19 16:09:42.661 DEBUG 88613 --- [    Test worker] com.zaxxer.hikari.HikariConfig           : idleTimeout................................600000
2022-02-19 16:09:42.661 DEBUG 88613 --- [    Test worker] com.zaxxer.hikari.HikariConfig           : initializationFailTimeout................................1
2022-02-19 16:09:42.661 DEBUG 88613 --- [    Test worker] com.zaxxer.hikari.HikariConfig           : isolateInternalQueries................................false
2022-02-19 16:09:42.662 DEBUG 88613 --- [    Test worker] com.zaxxer.hikari.HikariConfig           : jdbcUrl................................jdbc:postgresql://localhost:15000/willagropastoral
2022-02-19 16:09:42.665 DEBUG 88613 --- [    Test worker] com.zaxxer.hikari.HikariConfig           : keepaliveTime................................0
2022-02-19 16:09:42.665 DEBUG 88613 --- [    Test worker] com.zaxxer.hikari.HikariConfig           : leakDetectionThreshold................................0
2022-02-19 16:09:42.666 DEBUG 88613 --- [    Test worker] com.zaxxer.hikari.HikariConfig           : maxLifetime................................1800000
2022-02-19 16:09:42.666 DEBUG 88613 --- [    Test worker] com.zaxxer.hikari.HikariConfig           : maximumPoolSize................................10
2022-02-19 16:09:42.667 DEBUG 88613 --- [    Test worker] com.zaxxer.hikari.HikariConfig           : metricRegistry................................none
2022-02-19 16:09:42.667 DEBUG 88613 --- [    Test worker] com.zaxxer.hikari.HikariConfig           : metricsTrackerFactory................................none
2022-02-19 16:09:42.667 DEBUG 88613 --- [    Test worker] com.zaxxer.hikari.HikariConfig           : minimumIdle................................10
2022-02-19 16:09:42.667 DEBUG 88613 --- [    Test worker] com.zaxxer.hikari.HikariConfig           : password................................<masked>
2022-02-19 16:09:42.668 DEBUG 88613 --- [    Test worker] com.zaxxer.hikari.HikariConfig           : poolName................................"HikariPool-1"
2022-02-19 16:09:42.668 DEBUG 88613 --- [    Test worker] com.zaxxer.hikari.HikariConfig           : readOnly................................false
2022-02-19 16:09:42.668 DEBUG 88613 --- [    Test worker] com.zaxxer.hikari.HikariConfig           : registerMbeans................................false
2022-02-19 16:09:42.669 DEBUG 88613 --- [    Test worker] com.zaxxer.hikari.HikariConfig           : scheduledExecutor................................none
2022-02-19 16:09:42.669 DEBUG 88613 --- [    Test worker] com.zaxxer.hikari.HikariConfig           : schema................................none
2022-02-19 16:09:42.675 DEBUG 88613 --- [    Test worker] com.zaxxer.hikari.HikariConfig           : threadFactory................................internal
2022-02-19 16:09:42.676 DEBUG 88613 --- [    Test worker] com.zaxxer.hikari.HikariConfig           : transactionIsolation................................default
2022-02-19 16:09:42.676 DEBUG 88613 --- [    Test worker] com.zaxxer.hikari.HikariConfig           : username................................"willagropastoral"
2022-02-19 16:09:42.676 DEBUG 88613 --- [    Test worker] com.zaxxer.hikari.HikariConfig           : validationTimeout................................5000
2022-02-19 16:09:42.676  INFO 88613 --- [    Test worker] com.zaxxer.hikari.HikariDataSource       : HikariPool-1 - Starting...
2022-02-19 16:09:42.696 DEBUG 88613 --- [    Test worker] org.postgresql.Driver                    : Loading driver configuration via classloader jdk.internal.loader.ClassLoaders$AppClassLoader@5ffd2b27
2022-02-19 16:09:42.697 DEBUG 88613 --- [    Test worker] org.postgresql.Driver                    : Connecting with URL: jdbc:postgresql://localhost:15000/willagropastoral
2022-02-19 16:09:42.698 DEBUG 88613 --- [    Test worker] org.postgresql.jdbc.PgConnection         : PostgreSQL JDBC Driver 42.3.1
2022-02-19 16:09:42.698 DEBUG 88613 --- [    Test worker] org.postgresql.jdbc.PgConnection         :   setDefaultFetchSize = 0
2022-02-19 16:09:42.698 DEBUG 88613 --- [    Test worker] org.postgresql.jdbc.PgConnection         :   setPrepareThreshold = 5
2022-02-19 16:09:42.698 DEBUG 88613 --- [    Test worker] o.p.core.v3.ConnectionFactoryImpl        : Trying to establish a protocol version 3 connection to localhost:15000
2022-02-19 16:09:42.702 DEBUG 88613 --- [    Test worker] o.p.core.v3.ConnectionFactoryImpl        : Receive Buffer Size is 408.300
2022-02-19 16:09:42.703 DEBUG 88613 --- [    Test worker] o.p.core.v3.ConnectionFactoryImpl        : Send Buffer Size is 146.988
2022-02-19 16:09:42.795 DEBUG 88613 --- [    Test worker] com.zaxxer.hikari.pool.HikariPool        : HikariPool-1 - Added connection org.postgresql.jdbc.PgConnection@289f15e9
2022-02-19 16:09:42.798  INFO 88613 --- [    Test worker] com.zaxxer.hikari.HikariDataSource       : HikariPool-1 - Start completed.
2022-02-19 16:09:42.901 DEBUG 88613 --- [l-1 housekeeper] com.zaxxer.hikari.pool.HikariPool        : HikariPool-1 - Pool stats (total=1, active=0, idle=1, waiting=0)
2022-02-19 16:09:42.903 DEBUG 88613 --- [onnection adder] org.postgresql.Driver                    : Connecting with URL: jdbc:postgresql://localhost:15000/willagropastoral
2022-02-19 16:09:42.906 DEBUG 88613 --- [onnection adder] org.postgresql.jdbc.PgConnection         : PostgreSQL JDBC Driver 42.3.1
2022-02-19 16:09:42.906 DEBUG 88613 --- [onnection adder] org.postgresql.jdbc.PgConnection         :   setDefaultFetchSize = 0
2022-02-19 16:09:42.907 DEBUG 88613 --- [onnection adder] org.postgresql.jdbc.PgConnection         :   setPrepareThreshold = 5
2022-02-19 16:09:42.908 DEBUG 88613 --- [onnection adder] o.p.core.v3.ConnectionFactoryImpl        : Trying to establish a protocol version 3 connection to localhost:15000
2022-02-19 16:09:42.910 DEBUG 88613 --- [onnection adder] o.p.core.v3.ConnectionFactoryImpl        : Receive Buffer Size is 408.300
2022-02-19 16:09:42.911 DEBUG 88613 --- [onnection adder] o.p.core.v3.ConnectionFactoryImpl        : Send Buffer Size is 146.988
2022-02-19 16:09:43.043 DEBUG 88613 --- [onnection adder] com.zaxxer.hikari.pool.HikariPool        : HikariPool-1 - Added connection org.postgresql.jdbc.PgConnection@63bdd247
2022-02-19 16:09:43.044 DEBUG 88613 --- [onnection adder] org.postgresql.Driver                    : Connecting with URL: jdbc:postgresql://localhost:15000/willagropastoral
2022-02-19 16:09:43.045 DEBUG 88613 --- [onnection adder] org.postgresql.jdbc.PgConnection         : PostgreSQL JDBC Driver 42.3.1
2022-02-19 16:09:43.046 DEBUG 88613 --- [onnection adder] org.postgresql.jdbc.PgConnection         :   setDefaultFetchSize = 0
2022-02-19 16:09:43.046 DEBUG 88613 --- [onnection adder] org.postgresql.jdbc.PgConnection         :   setPrepareThreshold = 5
2022-02-19 16:09:43.049 DEBUG 88613 --- [onnection adder] o.p.core.v3.ConnectionFactoryImpl        : Trying to establish a protocol version 3 connection to localhost:15000
2022-02-19 16:09:43.053 DEBUG 88613 --- [onnection adder] o.p.core.v3.ConnectionFactoryImpl        : Receive Buffer Size is 408.300
2022-02-19 16:09:43.053 DEBUG 88613 --- [onnection adder] o.p.core.v3.ConnectionFactoryImpl        : Send Buffer Size is 146.988
2022-02-19 16:09:43.212 DEBUG 88613 --- [onnection adder] com.zaxxer.hikari.pool.HikariPool        : HikariPool-1 - Added connection org.postgresql.jdbc.PgConnection@17d3b6a6
2022-02-19 16:09:43.213 DEBUG 88613 --- [onnection adder] org.postgresql.Driver                    : Connecting with URL: jdbc:postgresql://localhost:15000/willagropastoral
2022-02-19 16:09:43.214 DEBUG 88613 --- [onnection adder] org.postgresql.jdbc.PgConnection         : PostgreSQL JDBC Driver 42.3.1
2022-02-19 16:09:43.215 DEBUG 88613 --- [onnection adder] org.postgresql.jdbc.PgConnection         :   setDefaultFetchSize = 0
2022-02-19 16:09:43.218 DEBUG 88613 --- [onnection adder] org.postgresql.jdbc.PgConnection         :   setPrepareThreshold = 5
2022-02-19 16:09:43.219 DEBUG 88613 --- [onnection adder] o.p.core.v3.ConnectionFactoryImpl        : Trying to establish a protocol version 3 connection to localhost:15000
2022-02-19 16:09:43.221 DEBUG 88613 --- [onnection adder] o.p.core.v3.ConnectionFactoryImpl        : Receive Buffer Size is 408.300
2022-02-19 16:09:43.222 DEBUG 88613 --- [onnection adder] o.p.core.v3.ConnectionFactoryImpl        : Send Buffer Size is 146.988
2022-02-19 16:09:43.366 DEBUG 88613 --- [onnection adder] com.zaxxer.hikari.pool.HikariPool        : HikariPool-1 - Added connection org.postgresql.jdbc.PgConnection@1a7161f1
2022-02-19 16:09:43.367 DEBUG 88613 --- [onnection adder] org.postgresql.Driver                    : Connecting with URL: jdbc:postgresql://localhost:15000/willagropastoral
2022-02-19 16:09:43.367 DEBUG 88613 --- [onnection adder] org.postgresql.jdbc.PgConnection         : PostgreSQL JDBC Driver 42.3.1
2022-02-19 16:09:43.368 DEBUG 88613 --- [onnection adder] org.postgresql.jdbc.PgConnection         :   setDefaultFetchSize = 0
2022-02-19 16:09:43.368 DEBUG 88613 --- [onnection adder] org.postgresql.jdbc.PgConnection         :   setPrepareThreshold = 5
2022-02-19 16:09:43.369 DEBUG 88613 --- [onnection adder] o.p.core.v3.ConnectionFactoryImpl        : Trying to establish a protocol version 3 connection to localhost:15000
2022-02-19 16:09:43.370 DEBUG 88613 --- [onnection adder] o.p.core.v3.ConnectionFactoryImpl        : Receive Buffer Size is 408.300
2022-02-19 16:09:43.371 DEBUG 88613 --- [onnection adder] o.p.core.v3.ConnectionFactoryImpl        : Send Buffer Size is 146.988
2022-02-19 16:09:43.421 DEBUG 88613 --- [onnection adder] com.zaxxer.hikari.pool.HikariPool        : HikariPool-1 - Added connection org.postgresql.jdbc.PgConnection@4690af1b
2022-02-19 16:09:43.421 DEBUG 88613 --- [onnection adder] org.postgresql.Driver                    : Connecting with URL: jdbc:postgresql://localhost:15000/willagropastoral
2022-02-19 16:09:43.422 DEBUG 88613 --- [onnection adder] org.postgresql.jdbc.PgConnection         : PostgreSQL JDBC Driver 42.3.1
2022-02-19 16:09:43.422 DEBUG 88613 --- [onnection adder] org.postgresql.jdbc.PgConnection         :   setDefaultFetchSize = 0
2022-02-19 16:09:43.423 DEBUG 88613 --- [onnection adder] org.postgresql.jdbc.PgConnection         :   setPrepareThreshold = 5
2022-02-19 16:09:43.423 DEBUG 88613 --- [onnection adder] o.p.core.v3.ConnectionFactoryImpl        : Trying to establish a protocol version 3 connection to localhost:15000
2022-02-19 16:09:43.449 DEBUG 88613 --- [onnection adder] o.p.core.v3.ConnectionFactoryImpl        : Receive Buffer Size is 408.300
2022-02-19 16:09:43.450 DEBUG 88613 --- [onnection adder] o.p.core.v3.ConnectionFactoryImpl        : Send Buffer Size is 146.988
2022-02-19 16:09:43.502 DEBUG 88613 --- [onnection adder] com.zaxxer.hikari.pool.HikariPool        : HikariPool-1 - Added connection org.postgresql.jdbc.PgConnection@1af6fc0d
2022-02-19 16:09:43.502 DEBUG 88613 --- [onnection adder] org.postgresql.Driver                    : Connecting with URL: jdbc:postgresql://localhost:15000/willagropastoral
2022-02-19 16:09:43.503 DEBUG 88613 --- [onnection adder] org.postgresql.jdbc.PgConnection         : PostgreSQL JDBC Driver 42.3.1
2022-02-19 16:09:43.503 DEBUG 88613 --- [onnection adder] org.postgresql.jdbc.PgConnection         :   setDefaultFetchSize = 0
2022-02-19 16:09:43.504 DEBUG 88613 --- [onnection adder] org.postgresql.jdbc.PgConnection         :   setPrepareThreshold = 5
2022-02-19 16:09:43.504 DEBUG 88613 --- [onnection adder] o.p.core.v3.ConnectionFactoryImpl        : Trying to establish a protocol version 3 connection to localhost:15000
2022-02-19 16:09:43.506 DEBUG 88613 --- [onnection adder] o.p.core.v3.ConnectionFactoryImpl        : Receive Buffer Size is 408.300
2022-02-19 16:09:43.507 DEBUG 88613 --- [onnection adder] o.p.core.v3.ConnectionFactoryImpl        : Send Buffer Size is 146.988
2022-02-19 16:09:43.572 DEBUG 88613 --- [onnection adder] com.zaxxer.hikari.pool.HikariPool        : HikariPool-1 - Added connection org.postgresql.jdbc.PgConnection@109a0f73
2022-02-19 16:09:43.573 DEBUG 88613 --- [onnection adder] org.postgresql.Driver                    : Connecting with URL: jdbc:postgresql://localhost:15000/willagropastoral
2022-02-19 16:09:43.574 DEBUG 88613 --- [onnection adder] org.postgresql.jdbc.PgConnection         : PostgreSQL JDBC Driver 42.3.1
2022-02-19 16:09:43.575 DEBUG 88613 --- [onnection adder] org.postgresql.jdbc.PgConnection         :   setDefaultFetchSize = 0
2022-02-19 16:09:43.575 DEBUG 88613 --- [onnection adder] org.postgresql.jdbc.PgConnection         :   setPrepareThreshold = 5
2022-02-19 16:09:43.575 DEBUG 88613 --- [onnection adder] o.p.core.v3.ConnectionFactoryImpl        : Trying to establish a protocol version 3 connection to localhost:15000
2022-02-19 16:09:43.577 DEBUG 88613 --- [onnection adder] o.p.core.v3.ConnectionFactoryImpl        : Receive Buffer Size is 408.300
2022-02-19 16:09:43.578 DEBUG 88613 --- [onnection adder] o.p.core.v3.ConnectionFactoryImpl        : Send Buffer Size is 146.988
2022-02-19 16:09:43.790 DEBUG 88613 --- [onnection adder] com.zaxxer.hikari.pool.HikariPool        : HikariPool-1 - Added connection org.postgresql.jdbc.PgConnection@1758a78
2022-02-19 16:09:43.791 DEBUG 88613 --- [onnection adder] org.postgresql.Driver                    : Connecting with URL: jdbc:postgresql://localhost:15000/willagropastoral
2022-02-19 16:09:43.792 DEBUG 88613 --- [onnection adder] org.postgresql.jdbc.PgConnection         : PostgreSQL JDBC Driver 42.3.1
2022-02-19 16:09:43.792 DEBUG 88613 --- [onnection adder] org.postgresql.jdbc.PgConnection         :   setDefaultFetchSize = 0
2022-02-19 16:09:43.793 DEBUG 88613 --- [onnection adder] org.postgresql.jdbc.PgConnection         :   setPrepareThreshold = 5
2022-02-19 16:09:43.794 DEBUG 88613 --- [onnection adder] o.p.core.v3.ConnectionFactoryImpl        : Trying to establish a protocol version 3 connection to localhost:15000
2022-02-19 16:09:43.797 DEBUG 88613 --- [onnection adder] o.p.core.v3.ConnectionFactoryImpl        : Receive Buffer Size is 408.300
2022-02-19 16:09:43.798 DEBUG 88613 --- [onnection adder] o.p.core.v3.ConnectionFactoryImpl        : Send Buffer Size is 146.988
2022-02-19 16:09:43.896 DEBUG 88613 --- [onnection adder] com.zaxxer.hikari.pool.HikariPool        : HikariPool-1 - Added connection org.postgresql.jdbc.PgConnection@42de153a
2022-02-19 16:09:43.897 DEBUG 88613 --- [onnection adder] org.postgresql.Driver                    : Connecting with URL: jdbc:postgresql://localhost:15000/willagropastoral
2022-02-19 16:09:43.897 DEBUG 88613 --- [onnection adder] org.postgresql.jdbc.PgConnection         : PostgreSQL JDBC Driver 42.3.1
2022-02-19 16:09:43.898 DEBUG 88613 --- [onnection adder] org.postgresql.jdbc.PgConnection         :   setDefaultFetchSize = 0
2022-02-19 16:09:43.898 DEBUG 88613 --- [onnection adder] org.postgresql.jdbc.PgConnection         :   setPrepareThreshold = 5
2022-02-19 16:09:43.899 DEBUG 88613 --- [onnection adder] o.p.core.v3.ConnectionFactoryImpl        : Trying to establish a protocol version 3 connection to localhost:15000
2022-02-19 16:09:43.901 DEBUG 88613 --- [onnection adder] o.p.core.v3.ConnectionFactoryImpl        : Receive Buffer Size is 408.300
2022-02-19 16:09:43.904 DEBUG 88613 --- [onnection adder] o.p.core.v3.ConnectionFactoryImpl        : Send Buffer Size is 146.988
2022-02-19 16:09:44.100 DEBUG 88613 --- [onnection adder] com.zaxxer.hikari.pool.HikariPool        : HikariPool-1 - Added connection org.postgresql.jdbc.PgConnection@6fe59ff8
2022-02-19 16:09:44.101 DEBUG 88613 --- [onnection adder] com.zaxxer.hikari.pool.HikariPool        : HikariPool-1 - After adding stats (total=10, active=0, idle=10, waiting=0)
2022-02-19 16:09:44.487 DEBUG 88613 --- [    Test worker] javax.activation                         : MimetypesFileTypeMap: load HOME
2022-02-19 16:09:44.489 DEBUG 88613 --- [    Test worker] javax.activation                         : MimetypesFileTypeMap: load SYS
2022-02-19 16:09:44.490 DEBUG 88613 --- [    Test worker] javax.activation                         : MimetypesFileTypeMap: load JAR
2022-02-19 16:09:44.494 DEBUG 88613 --- [    Test worker] javax.activation                         : MimetypesFileTypeMap: !anyLoaded
2022-02-19 16:09:44.496 DEBUG 88613 --- [    Test worker] javax.activation                         : MimetypesFileTypeMap: not loading mime types file: /META-INF/mime.types
2022-02-19 16:09:44.496 DEBUG 88613 --- [    Test worker] javax.activation                         : MimetypesFileTypeMap: load DEF
2022-02-19 16:09:44.498 DEBUG 88613 --- [    Test worker] javax.activation                         : Added: MIMETypeEntry: text/html, html
2022-02-19 16:09:44.498 DEBUG 88613 --- [    Test worker] javax.activation                         : Added: MIMETypeEntry: text/html, htm
2022-02-19 16:09:44.499 DEBUG 88613 --- [    Test worker] javax.activation                         : Added: MIMETypeEntry: text/html, HTML
2022-02-19 16:09:44.499 DEBUG 88613 --- [    Test worker] javax.activation                         : Added: MIMETypeEntry: text/html, HTM
2022-02-19 16:09:44.499 DEBUG 88613 --- [    Test worker] javax.activation                         : Added: MIMETypeEntry: text/plain, txt
2022-02-19 16:09:44.500 DEBUG 88613 --- [    Test worker] javax.activation                         : Added: MIMETypeEntry: text/plain, text
2022-02-19 16:09:44.500 DEBUG 88613 --- [    Test worker] javax.activation                         : Added: MIMETypeEntry: text/plain, TXT
2022-02-19 16:09:44.501 DEBUG 88613 --- [    Test worker] javax.activation                         : Added: MIMETypeEntry: text/plain, TEXT
2022-02-19 16:09:44.501 DEBUG 88613 --- [    Test worker] javax.activation                         : Added: MIMETypeEntry: image/gif, gif
2022-02-19 16:09:44.502 DEBUG 88613 --- [    Test worker] javax.activation                         : Added: MIMETypeEntry: image/gif, GIF
2022-02-19 16:09:44.502 DEBUG 88613 --- [    Test worker] javax.activation                         : Added: MIMETypeEntry: image/ief, ief
2022-02-19 16:09:44.502 DEBUG 88613 --- [    Test worker] javax.activation                         : Added: MIMETypeEntry: image/jpeg, jpeg
2022-02-19 16:09:44.503 DEBUG 88613 --- [    Test worker] javax.activation                         : Added: MIMETypeEntry: image/jpeg, jpg
2022-02-19 16:09:44.504 DEBUG 88613 --- [    Test worker] javax.activation                         : Added: MIMETypeEntry: image/jpeg, jpe
2022-02-19 16:09:44.505 DEBUG 88613 --- [    Test worker] javax.activation                         : Added: MIMETypeEntry: image/jpeg, JPG
2022-02-19 16:09:44.508 DEBUG 88613 --- [    Test worker] javax.activation                         : Added: MIMETypeEntry: image/tiff, tiff
2022-02-19 16:09:44.508 DEBUG 88613 --- [    Test worker] javax.activation                         : Added: MIMETypeEntry: image/tiff, tif
2022-02-19 16:09:44.508 DEBUG 88613 --- [    Test worker] javax.activation                         : Added: MIMETypeEntry: image/png, png
2022-02-19 16:09:44.509 DEBUG 88613 --- [    Test worker] javax.activation                         : Added: MIMETypeEntry: image/png, PNG
2022-02-19 16:09:44.509 DEBUG 88613 --- [    Test worker] javax.activation                         : Added: MIMETypeEntry: image/x-xwindowdump, xwd
2022-02-19 16:09:44.510 DEBUG 88613 --- [    Test worker] javax.activation                         : Added: MIMETypeEntry: application/postscript, ai
2022-02-19 16:09:44.510 DEBUG 88613 --- [    Test worker] javax.activation                         : Added: MIMETypeEntry: application/postscript, eps
2022-02-19 16:09:44.510 DEBUG 88613 --- [    Test worker] javax.activation                         : Added: MIMETypeEntry: application/postscript, ps
2022-02-19 16:09:44.510 DEBUG 88613 --- [    Test worker] javax.activation                         : Added: MIMETypeEntry: application/rtf, rtf
2022-02-19 16:09:44.511 DEBUG 88613 --- [    Test worker] javax.activation                         : Added: MIMETypeEntry: application/x-tex, tex
2022-02-19 16:09:44.512 DEBUG 88613 --- [    Test worker] javax.activation                         : Added: MIMETypeEntry: application/x-texinfo, texinfo
2022-02-19 16:09:44.513 DEBUG 88613 --- [    Test worker] javax.activation                         : Added: MIMETypeEntry: application/x-texinfo, texi
2022-02-19 16:09:44.514 DEBUG 88613 --- [    Test worker] javax.activation                         : Added: MIMETypeEntry: application/x-troff, t
2022-02-19 16:09:44.515 DEBUG 88613 --- [    Test worker] javax.activation                         : Added: MIMETypeEntry: application/x-troff, tr
2022-02-19 16:09:44.515 DEBUG 88613 --- [    Test worker] javax.activation                         : Added: MIMETypeEntry: application/x-troff, roff
2022-02-19 16:09:44.516 DEBUG 88613 --- [    Test worker] javax.activation                         : Added: MIMETypeEntry: audio/basic, au
2022-02-19 16:09:44.516 DEBUG 88613 --- [    Test worker] javax.activation                         : Added: MIMETypeEntry: audio/midi, midi
2022-02-19 16:09:44.517 DEBUG 88613 --- [    Test worker] javax.activation                         : Added: MIMETypeEntry: audio/midi, mid
2022-02-19 16:09:44.517 DEBUG 88613 --- [    Test worker] javax.activation                         : Added: MIMETypeEntry: audio/x-aifc, aifc
2022-02-19 16:09:44.518 DEBUG 88613 --- [    Test worker] javax.activation                         : Added: MIMETypeEntry: audio/x-aiff, aif
2022-02-19 16:09:44.518 DEBUG 88613 --- [    Test worker] javax.activation                         : Added: MIMETypeEntry: audio/x-aiff, aiff
2022-02-19 16:09:44.518 DEBUG 88613 --- [    Test worker] javax.activation                         : Added: MIMETypeEntry: audio/x-mpeg, mpeg
2022-02-19 16:09:44.519 DEBUG 88613 --- [    Test worker] javax.activation                         : Added: MIMETypeEntry: audio/x-mpeg, mpg
2022-02-19 16:09:44.519 DEBUG 88613 --- [    Test worker] javax.activation                         : Added: MIMETypeEntry: audio/x-wav, wav
2022-02-19 16:09:44.519 DEBUG 88613 --- [    Test worker] javax.activation                         : Added: MIMETypeEntry: video/mpeg, mpeg
2022-02-19 16:09:44.519 DEBUG 88613 --- [    Test worker] javax.activation                         : Added: MIMETypeEntry: video/mpeg, mpg
2022-02-19 16:09:44.520 DEBUG 88613 --- [    Test worker] javax.activation                         : Added: MIMETypeEntry: video/mpeg, mpe
2022-02-19 16:09:44.521 DEBUG 88613 --- [    Test worker] javax.activation                         : Added: MIMETypeEntry: video/quicktime, qt
2022-02-19 16:09:44.521 DEBUG 88613 --- [    Test worker] javax.activation                         : Added: MIMETypeEntry: video/quicktime, mov
2022-02-19 16:09:44.521 DEBUG 88613 --- [    Test worker] javax.activation                         : Added: MIMETypeEntry: video/x-msvideo, avi
2022-02-19 16:09:44.521 DEBUG 88613 --- [    Test worker] javax.activation                         : MimetypesFileTypeMap: successfully loaded mime types file: /META-INF/mimetypes.default
2022-02-19 16:09:44.522 DEBUG 88613 --- [    Test worker] javax.activation                         : Added: MIMETypeEntry: text/html, html
2022-02-19 16:09:44.523 DEBUG 88613 --- [    Test worker] javax.activation                         : Added: MIMETypeEntry: text/html, htm
2022-02-19 16:09:44.524 DEBUG 88613 --- [    Test worker] javax.activation                         : Added: MIMETypeEntry: text/html, HTML
2022-02-19 16:09:44.524 DEBUG 88613 --- [    Test worker] javax.activation                         : Added: MIMETypeEntry: text/html, HTM
2022-02-19 16:09:44.524 DEBUG 88613 --- [    Test worker] javax.activation                         : Added: MIMETypeEntry: text/plain, txt
2022-02-19 16:09:44.525 DEBUG 88613 --- [    Test worker] javax.activation                         : Added: MIMETypeEntry: text/plain, text
2022-02-19 16:09:44.525 DEBUG 88613 --- [    Test worker] javax.activation                         : Added: MIMETypeEntry: text/plain, TXT
2022-02-19 16:09:44.526 DEBUG 88613 --- [    Test worker] javax.activation                         : Added: MIMETypeEntry: text/plain, TEXT
2022-02-19 16:09:44.526 DEBUG 88613 --- [    Test worker] javax.activation                         : Added: MIMETypeEntry: text/plain, java
2022-02-19 16:09:44.526 DEBUG 88613 --- [    Test worker] javax.activation                         : Added: MIMETypeEntry: text/plain, c
2022-02-19 16:09:44.527 DEBUG 88613 --- [    Test worker] javax.activation                         : Added: MIMETypeEntry: text/plain, c++
2022-02-19 16:09:44.528 DEBUG 88613 --- [    Test worker] javax.activation                         : Added: MIMETypeEntry: text/plain, cpp
2022-02-19 16:09:44.529 DEBUG 88613 --- [    Test worker] javax.activation                         : Added: MIMETypeEntry: text/plain, pl
2022-02-19 16:09:44.529 DEBUG 88613 --- [    Test worker] javax.activation                         : Added: MIMETypeEntry: text/plain, cc
2022-02-19 16:09:44.530 DEBUG 88613 --- [    Test worker] javax.activation                         : Added: MIMETypeEntry: text/plain, h
2022-02-19 16:09:44.531 DEBUG 88613 --- [    Test worker] javax.activation                         : Added: MIMETypeEntry: image/gif, gif
2022-02-19 16:09:44.531 DEBUG 88613 --- [    Test worker] javax.activation                         : Added: MIMETypeEntry: image/gif, GIF
2022-02-19 16:09:44.531 DEBUG 88613 --- [    Test worker] javax.activation                         : Added: MIMETypeEntry: image/ief, ief
2022-02-19 16:09:44.532 DEBUG 88613 --- [    Test worker] javax.activation                         : Added: MIMETypeEntry: image/jpeg, jpeg
2022-02-19 16:09:44.532 DEBUG 88613 --- [    Test worker] javax.activation                         : Added: MIMETypeEntry: image/jpeg, jpg
2022-02-19 16:09:44.532 DEBUG 88613 --- [    Test worker] javax.activation                         : Added: MIMETypeEntry: image/jpeg, jpe
2022-02-19 16:09:44.533 DEBUG 88613 --- [    Test worker] javax.activation                         : Added: MIMETypeEntry: image/jpeg, JPG
2022-02-19 16:09:44.533 DEBUG 88613 --- [    Test worker] javax.activation                         : Added: MIMETypeEntry: image/tiff, tiff
2022-02-19 16:09:44.533 DEBUG 88613 --- [    Test worker] javax.activation                         : Added: MIMETypeEntry: image/tiff, tif
2022-02-19 16:09:44.534 DEBUG 88613 --- [    Test worker] javax.activation                         : Added: MIMETypeEntry: image/x-xwindowdump, xwd
2022-02-19 16:09:44.534 DEBUG 88613 --- [    Test worker] javax.activation                         : Added: MIMETypeEntry: application/postscript, ai
2022-02-19 16:09:44.535 DEBUG 88613 --- [    Test worker] javax.activation                         : Added: MIMETypeEntry: application/postscript, eps
2022-02-19 16:09:44.535 DEBUG 88613 --- [    Test worker] javax.activation                         : Added: MIMETypeEntry: application/postscript, ps
2022-02-19 16:09:44.536 DEBUG 88613 --- [    Test worker] javax.activation                         : Added: MIMETypeEntry: application/rtf, rtf
2022-02-19 16:09:44.536 DEBUG 88613 --- [    Test worker] javax.activation                         : Added: MIMETypeEntry: application/x-tex, tex
2022-02-19 16:09:44.537 DEBUG 88613 --- [    Test worker] javax.activation                         : Added: MIMETypeEntry: application/x-texinfo, texinfo
2022-02-19 16:09:44.537 DEBUG 88613 --- [    Test worker] javax.activation                         : Added: MIMETypeEntry: application/x-texinfo, texi
2022-02-19 16:09:44.538 DEBUG 88613 --- [    Test worker] javax.activation                         : Added: MIMETypeEntry: application/x-troff, t
2022-02-19 16:09:44.538 DEBUG 88613 --- [    Test worker] javax.activation                         : Added: MIMETypeEntry: application/x-troff, tr
2022-02-19 16:09:44.539 DEBUG 88613 --- [    Test worker] javax.activation                         : Added: MIMETypeEntry: application/x-troff, roff
2022-02-19 16:09:44.539 DEBUG 88613 --- [    Test worker] javax.activation                         : Added: MIMETypeEntry: audio/basic, au
2022-02-19 16:09:44.539 DEBUG 88613 --- [    Test worker] javax.activation                         : Added: MIMETypeEntry: audio/midi, midi
2022-02-19 16:09:44.540 DEBUG 88613 --- [    Test worker] javax.activation                         : Added: MIMETypeEntry: audio/midi, mid
2022-02-19 16:09:44.540 DEBUG 88613 --- [    Test worker] javax.activation                         : Added: MIMETypeEntry: audio/x-aifc, aifc
2022-02-19 16:09:44.540 DEBUG 88613 --- [    Test worker] javax.activation                         : Added: MIMETypeEntry: audio/x-aiff, aif
2022-02-19 16:09:44.540 DEBUG 88613 --- [    Test worker] javax.activation                         : Added: MIMETypeEntry: audio/x-aiff, aiff
2022-02-19 16:09:44.541 DEBUG 88613 --- [    Test worker] javax.activation                         : Added: MIMETypeEntry: audio/x-mpeg, mpeg
2022-02-19 16:09:44.541 DEBUG 88613 --- [    Test worker] javax.activation                         : Added: MIMETypeEntry: audio/x-mpeg, mpg
2022-02-19 16:09:44.541 DEBUG 88613 --- [    Test worker] javax.activation                         : Added: MIMETypeEntry: audio/x-wav, wav
2022-02-19 16:09:44.542 DEBUG 88613 --- [    Test worker] javax.activation                         : Added: MIMETypeEntry: video/mpeg, mpeg
2022-02-19 16:09:44.542 DEBUG 88613 --- [    Test worker] javax.activation                         : Added: MIMETypeEntry: video/mpeg, mpg
2022-02-19 16:09:44.542 DEBUG 88613 --- [    Test worker] javax.activation                         : Added: MIMETypeEntry: video/mpeg, mpe
2022-02-19 16:09:44.543 DEBUG 88613 --- [    Test worker] javax.activation                         : Added: MIMETypeEntry: video/quicktime, qt
2022-02-19 16:09:44.543 DEBUG 88613 --- [    Test worker] javax.activation                         : Added: MIMETypeEntry: video/quicktime, mov
2022-02-19 16:09:44.543 DEBUG 88613 --- [    Test worker] javax.activation                         : Added: MIMETypeEntry: video/x-msvideo, avi
2022-02-19 16:09:44.543 DEBUG 88613 --- [    Test worker] javax.activation                         : Added: MIMETypeEntry: text/x-speech, talk
2022-02-19 16:09:44.543 DEBUG 88613 --- [    Test worker] javax.activation                         : Added: MIMETypeEntry: text/css, css
2022-02-19 16:09:44.544 DEBUG 88613 --- [    Test worker] javax.activation                         : Added: MIMETypeEntry: text/csv, csv
2022-02-19 16:09:44.545 DEBUG 88613 --- [    Test worker] javax.activation                         : Added: MIMETypeEntry: image/x-xbitmap, xbm
2022-02-19 16:09:44.546 DEBUG 88613 --- [    Test worker] javax.activation                         : Added: MIMETypeEntry: image/x-xpixmap, xpm
2022-02-19 16:09:44.546 DEBUG 88613 --- [    Test worker] javax.activation                         : Added: MIMETypeEntry: image/png, png
2022-02-19 16:09:44.547 DEBUG 88613 --- [    Test worker] javax.activation                         : Added: MIMETypeEntry: image/svg+xml, svg
2022-02-19 16:09:44.548 DEBUG 88613 --- [    Test worker] javax.activation                         : Added: MIMETypeEntry: image/ief, ief
2022-02-19 16:09:44.549 DEBUG 88613 --- [    Test worker] javax.activation                         : Added: MIMETypeEntry: image/rgb, rgb
2022-02-19 16:09:44.550 DEBUG 88613 --- [    Test worker] javax.activation                         : Added: MIMETypeEntry: image/g3fax, g3f
2022-02-19 16:09:44.550 DEBUG 88613 --- [    Test worker] javax.activation                         : Added: MIMETypeEntry: image/x-xwindowdump, xwd
2022-02-19 16:09:44.551 DEBUG 88613 --- [    Test worker] javax.activation                         : Added: MIMETypeEntry: image/x-pict, pict
2022-02-19 16:09:44.551 DEBUG 88613 --- [    Test worker] javax.activation                         : Added: MIMETypeEntry: image/x-portable-pixmap, ppm
2022-02-19 16:09:44.551 DEBUG 88613 --- [    Test worker] javax.activation                         : Added: MIMETypeEntry: image/x-portable-graymap, pgm
2022-02-19 16:09:44.551 DEBUG 88613 --- [    Test worker] javax.activation                         : Added: MIMETypeEntry: image/x-portable-bitmap, pbm
2022-02-19 16:09:44.551 DEBUG 88613 --- [    Test worker] javax.activation                         : Added: MIMETypeEntry: image/x-portable-anymap, pnm
2022-02-19 16:09:44.552 DEBUG 88613 --- [    Test worker] javax.activation                         : Added: MIMETypeEntry: image/x-ms-bmp, bmp
2022-02-19 16:09:44.552 DEBUG 88613 --- [    Test worker] javax.activation                         : Added: MIMETypeEntry: image/x-cmu-raster, ras
2022-02-19 16:09:44.553 DEBUG 88613 --- [    Test worker] javax.activation                         : Added: MIMETypeEntry: image/x-photo-cd, pcd
2022-02-19 16:09:44.553 DEBUG 88613 --- [    Test worker] javax.activation                         : Added: MIMETypeEntry: image/cgm, cgm
2022-02-19 16:09:44.553 DEBUG 88613 --- [    Test worker] javax.activation                         : Added: MIMETypeEntry: image/x-cals, mil
2022-02-19 16:09:44.554 DEBUG 88613 --- [    Test worker] javax.activation                         : Added: MIMETypeEntry: image/x-cals, cal
2022-02-19 16:09:44.556 DEBUG 88613 --- [    Test worker] javax.activation                         : Added: MIMETypeEntry: image/fif, fif
2022-02-19 16:09:44.557 DEBUG 88613 --- [    Test worker] javax.activation                         : Added: MIMETypeEntry: image/x-mgx-dsf, dsf
2022-02-19 16:09:44.557 DEBUG 88613 --- [    Test worker] javax.activation                         : Added: MIMETypeEntry: image/x-cmx, cmx
2022-02-19 16:09:44.557 DEBUG 88613 --- [    Test worker] javax.activation                         : Added: MIMETypeEntry: image/wavelet, wi
2022-02-19 16:09:44.558 DEBUG 88613 --- [    Test worker] javax.activation                         : Added: MIMETypeEntry: image/vnd.dwg, dwg
2022-02-19 16:09:44.559 DEBUG 88613 --- [    Test worker] javax.activation                         : Added: MIMETypeEntry: image/vnd.dxf, dxf
2022-02-19 16:09:44.559 DEBUG 88613 --- [    Test worker] javax.activation                         : Added: MIMETypeEntry: image/vnd.svf, svf
2022-02-19 16:09:44.560 DEBUG 88613 --- [    Test worker] javax.activation                         : Added: MIMETypeEntry: audio/basic, au
2022-02-19 16:09:44.563 DEBUG 88613 --- [    Test worker] javax.activation                         : Added: MIMETypeEntry: audio/basic, snd
2022-02-19 16:09:44.563 DEBUG 88613 --- [    Test worker] javax.activation                         : Added: MIMETypeEntry: audio/x-aiff, aif
2022-02-19 16:09:44.572 DEBUG 88613 --- [    Test worker] javax.activation                         : Added: MIMETypeEntry: audio/x-aiff, aiff
2022-02-19 16:09:44.578 DEBUG 88613 --- [    Test worker] javax.activation                         : Added: MIMETypeEntry: audio/x-aiff, aifc
2022-02-19 16:09:44.579 DEBUG 88613 --- [    Test worker] javax.activation                         : Added: MIMETypeEntry: audio/x-wav, wav
2022-02-19 16:09:44.579 DEBUG 88613 --- [    Test worker] javax.activation                         : Added: MIMETypeEntry: audio/x-mpeg, mpa
2022-02-19 16:09:44.579 DEBUG 88613 --- [    Test worker] javax.activation                         : Added: MIMETypeEntry: audio/x-mpeg, abs
2022-02-19 16:09:44.580 DEBUG 88613 --- [    Test worker] javax.activation                         : Added: MIMETypeEntry: audio/x-mpeg, mpega
2022-02-19 16:09:44.580 DEBUG 88613 --- [    Test worker] javax.activation                         : Added: MIMETypeEntry: audio/x-mpeg-2, mp2a
2022-02-19 16:09:44.581 DEBUG 88613 --- [    Test worker] javax.activation                         : Added: MIMETypeEntry: audio/x-mpeg-2, mpa2
2022-02-19 16:09:44.582 DEBUG 88613 --- [    Test worker] javax.activation                         : Added: MIMETypeEntry: audio/echospeech, es
2022-02-19 16:09:44.583 DEBUG 88613 --- [    Test worker] javax.activation                         : Added: MIMETypeEntry: audio/voxware, vox
2022-02-19 16:09:44.583 DEBUG 88613 --- [    Test worker] javax.activation                         : Added: MIMETypeEntry: application/fastman, lcc
2022-02-19 16:09:44.584 DEBUG 88613 --- [    Test worker] javax.activation                         : Added: MIMETypeEntry: application/x-pn-realaudio, ra
2022-02-19 16:09:44.584 DEBUG 88613 --- [    Test worker] javax.activation                         : Added: MIMETypeEntry: application/x-pn-realaudio, ram
2022-02-19 16:09:44.584 DEBUG 88613 --- [    Test worker] javax.activation                         : Added: MIMETypeEntry: x-music/x-midi, mmid
2022-02-19 16:09:44.587 DEBUG 88613 --- [    Test worker] javax.activation                         : Added: MIMETypeEntry: application/vnd.koan, skp
2022-02-19 16:09:44.590 DEBUG 88613 --- [    Test worker] javax.activation                         : Added: MIMETypeEntry: text/x-speech, talk
2022-02-19 16:09:44.593 DEBUG 88613 --- [    Test worker] javax.activation                         : Added: MIMETypeEntry: video/mpeg, mpeg
2022-02-19 16:09:44.596 DEBUG 88613 --- [    Test worker] javax.activation                         : Added: MIMETypeEntry: video/mpeg, mpg
2022-02-19 16:09:44.596 DEBUG 88613 --- [    Test worker] javax.activation                         : Added: MIMETypeEntry: video/mpeg, mpe
2022-02-19 16:09:44.597 DEBUG 88613 --- [    Test worker] javax.activation                         : Added: MIMETypeEntry: video/mpeg-2, mpv2
2022-02-19 16:09:44.599 DEBUG 88613 --- [    Test worker] javax.activation                         : Added: MIMETypeEntry: video/mpeg-2, mp2v
2022-02-19 16:09:44.599 DEBUG 88613 --- [    Test worker] javax.activation                         : Added: MIMETypeEntry: video/quicktime, qt
2022-02-19 16:09:44.602 DEBUG 88613 --- [    Test worker] javax.activation                         : Added: MIMETypeEntry: video/quicktime, mov
2022-02-19 16:09:44.604 DEBUG 88613 --- [    Test worker] javax.activation                         : Added: MIMETypeEntry: video/x-msvideo, avi
2022-02-19 16:09:44.605 DEBUG 88613 --- [    Test worker] javax.activation                         : Added: MIMETypeEntry: video/x-sgi-movie, movie
2022-02-19 16:09:44.676 DEBUG 88613 --- [    Test worker] javax.activation                         : Added: MIMETypeEntry: video/vdo, vdo
2022-02-19 16:09:44.677 DEBUG 88613 --- [    Test worker] javax.activation                         : Added: MIMETypeEntry: video/vnd.vivo, viv
2022-02-19 16:09:44.677 DEBUG 88613 --- [    Test worker] javax.activation                         : Added: MIMETypeEntry: application/x-ns-proxy-autoconfig, pac
2022-02-19 16:09:44.677 DEBUG 88613 --- [    Test worker] javax.activation                         : Added: MIMETypeEntry: x-conference/x-cooltalk, ice
2022-02-19 16:09:44.677 DEBUG 88613 --- [    Test worker] javax.activation                         : Added: MIMETypeEntry: application/postscript, ai
2022-02-19 16:09:44.677 DEBUG 88613 --- [    Test worker] javax.activation                         : Added: MIMETypeEntry: application/postscript, eps
2022-02-19 16:09:44.677 DEBUG 88613 --- [    Test worker] javax.activation                         : Added: MIMETypeEntry: application/postscript, ps
2022-02-19 16:09:44.677 DEBUG 88613 --- [    Test worker] javax.activation                         : Added: MIMETypeEntry: application/rtf, rtf
2022-02-19 16:09:44.678 DEBUG 88613 --- [    Test worker] javax.activation                         : Added: MIMETypeEntry: application/pdf, pdf
2022-02-19 16:09:44.678 DEBUG 88613 --- [    Test worker] javax.activation                         : Added: MIMETypeEntry: application/vnd.mif, mif
2022-02-19 16:09:44.678 DEBUG 88613 --- [    Test worker] javax.activation                         : Added: MIMETypeEntry: application/x-troff, t
2022-02-19 16:09:44.678 DEBUG 88613 --- [    Test worker] javax.activation                         : Added: MIMETypeEntry: application/x-troff, tr
2022-02-19 16:09:44.678 DEBUG 88613 --- [    Test worker] javax.activation                         : Added: MIMETypeEntry: application/x-troff, roff
2022-02-19 16:09:44.678 DEBUG 88613 --- [    Test worker] javax.activation                         : Added: MIMETypeEntry: application/x-troff-man, man
2022-02-19 16:09:44.678 DEBUG 88613 --- [    Test worker] javax.activation                         : Added: MIMETypeEntry: application/x-troff-me, me
2022-02-19 16:09:44.678 DEBUG 88613 --- [    Test worker] javax.activation                         : Added: MIMETypeEntry: application/x-troff-ms, ms
2022-02-19 16:09:44.678 DEBUG 88613 --- [    Test worker] javax.activation                         : Added: MIMETypeEntry: application/x-latex, latex
2022-02-19 16:09:44.715 DEBUG 88613 --- [    Test worker] javax.activation                         : Added: MIMETypeEntry: application/x-tex, tex
2022-02-19 16:09:44.717 DEBUG 88613 --- [    Test worker] javax.activation                         : Added: MIMETypeEntry: application/x-texinfo, texinfo
2022-02-19 16:09:44.719 DEBUG 88613 --- [    Test worker] javax.activation                         : Added: MIMETypeEntry: application/x-texinfo, texi
2022-02-19 16:09:44.721 DEBUG 88613 --- [    Test worker] javax.activation                         : Added: MIMETypeEntry: application/x-dvi, dvi
2022-02-19 16:09:44.721 DEBUG 88613 --- [    Test worker] javax.activation                         : Added: MIMETypeEntry: application/msword, doc
2022-02-19 16:09:44.721 DEBUG 88613 --- [    Test worker] javax.activation                         : Added: MIMETypeEntry: application/msword, DOC
2022-02-19 16:09:44.722 DEBUG 88613 --- [    Test worker] javax.activation                         : Added: MIMETypeEntry: application/oda, oda
2022-02-19 16:09:44.722 DEBUG 88613 --- [    Test worker] javax.activation                         : Added: MIMETypeEntry: application/envoy, evy
2022-02-19 16:09:44.722 DEBUG 88613 --- [    Test worker] javax.activation                         : Added: MIMETypeEntry: application/x-gtar, gtar
2022-02-19 16:09:44.722 DEBUG 88613 --- [    Test worker] javax.activation                         : Added: MIMETypeEntry: application/x-tar, tar
2022-02-19 16:09:44.723 DEBUG 88613 --- [    Test worker] javax.activation                         : Added: MIMETypeEntry: application/x-ustar, ustar
2022-02-19 16:09:44.725 DEBUG 88613 --- [    Test worker] javax.activation                         : Added: MIMETypeEntry: application/x-bcpio, bcpio
2022-02-19 16:09:44.727 DEBUG 88613 --- [    Test worker] javax.activation                         : Added: MIMETypeEntry: application/x-cpio, cpio
2022-02-19 16:09:44.728 DEBUG 88613 --- [    Test worker] javax.activation                         : Added: MIMETypeEntry: application/x-shar, shar
2022-02-19 16:09:44.728 DEBUG 88613 --- [    Test worker] javax.activation                         : Added: MIMETypeEntry: application/zip, zip
2022-02-19 16:09:44.730 DEBUG 88613 --- [    Test worker] javax.activation                         : Added: MIMETypeEntry: application/mac-binhex40, hqx
2022-02-19 16:09:44.731 DEBUG 88613 --- [    Test worker] javax.activation                         : Added: MIMETypeEntry: application/x-stuffit, sit
2022-02-19 16:09:44.731 DEBUG 88613 --- [    Test worker] javax.activation                         : Added: MIMETypeEntry: application/x-stuffit, sea
2022-02-19 16:09:44.732 DEBUG 88613 --- [    Test worker] javax.activation                         : Added: MIMETypeEntry: application/fractals, fif
2022-02-19 16:09:44.735 DEBUG 88613 --- [    Test worker] javax.activation                         : Added: MIMETypeEntry: application/octet-stream, bin
2022-02-19 16:09:44.735 DEBUG 88613 --- [    Test worker] javax.activation                         : Added: MIMETypeEntry: application/octet-stream, uu
2022-02-19 16:09:44.736 DEBUG 88613 --- [    Test worker] javax.activation                         : Added: MIMETypeEntry: application/octet-stream, exe
2022-02-19 16:09:44.736 DEBUG 88613 --- [    Test worker] javax.activation                         : Added: MIMETypeEntry: application/x-wais-source, src
2022-02-19 16:09:44.736 DEBUG 88613 --- [    Test worker] javax.activation                         : Added: MIMETypeEntry: application/x-wais-source, wsrc
2022-02-19 16:09:44.736 DEBUG 88613 --- [    Test worker] javax.activation                         : Added: MIMETypeEntry: application/hdf, hdf
2022-02-19 16:09:44.736 DEBUG 88613 --- [    Test worker] javax.activation                         : Added: MIMETypeEntry: text/javascript, js
2022-02-19 16:09:44.736 DEBUG 88613 --- [    Test worker] javax.activation                         : Added: MIMETypeEntry: text/javascript, ls
2022-02-19 16:09:44.737 DEBUG 88613 --- [    Test worker] javax.activation                         : Added: MIMETypeEntry: text/javascript, mocha
2022-02-19 16:09:44.743 DEBUG 88613 --- [    Test worker] javax.activation                         : Added: MIMETypeEntry: application/x-sh, sh
2022-02-19 16:09:44.744 DEBUG 88613 --- [    Test worker] javax.activation                         : Added: MIMETypeEntry: application/x-csh, csh
2022-02-19 16:09:44.745 DEBUG 88613 --- [    Test worker] javax.activation                         : Added: MIMETypeEntry: application/x-perl, pl
2022-02-19 16:09:44.746 DEBUG 88613 --- [    Test worker] javax.activation                         : Added: MIMETypeEntry: application/x-tcl, tcl
2022-02-19 16:09:44.746 DEBUG 88613 --- [    Test worker] javax.activation                         : Added: MIMETypeEntry: application/futuresplash, spl
2022-02-19 16:09:44.748 DEBUG 88613 --- [    Test worker] javax.activation                         : Added: MIMETypeEntry: application/mbedlet, mbd
2022-02-19 16:09:44.748 DEBUG 88613 --- [    Test worker] javax.activation                         : Added: MIMETypeEntry: application/x-rad-powermedia, rad
2022-02-19 16:09:44.748 DEBUG 88613 --- [    Test worker] javax.activation                         : Added: MIMETypeEntry: application/mspowerpoint, ppz
2022-02-19 16:09:44.748 DEBUG 88613 --- [    Test worker] javax.activation                         : Added: MIMETypeEntry: application/x-asap, asp
2022-02-19 16:09:44.748 DEBUG 88613 --- [    Test worker] javax.activation                         : Added: MIMETypeEntry: application/astound, asn
2022-02-19 16:09:44.749 DEBUG 88613 --- [    Test worker] javax.activation                         : Added: MIMETypeEntry: application/x-olescript, axs
2022-02-19 16:09:44.749 DEBUG 88613 --- [    Test worker] javax.activation                         : Added: MIMETypeEntry: application/x-oleobject, ods
2022-02-19 16:09:44.749 DEBUG 88613 --- [    Test worker] javax.activation                         : Added: MIMETypeEntry: x-form/x-openscape, opp
2022-02-19 16:09:44.749 DEBUG 88613 --- [    Test worker] javax.activation                         : Added: MIMETypeEntry: application/x-webbasic, wba
2022-02-19 16:09:44.749 DEBUG 88613 --- [    Test worker] javax.activation                         : Added: MIMETypeEntry: application/x-alpha-form, frm
2022-02-19 16:09:44.749 DEBUG 88613 --- [    Test worker] javax.activation                         : Added: MIMETypeEntry: x-script/x-wfxclient, wfx
2022-02-19 16:09:44.749 DEBUG 88613 --- [    Test worker] javax.activation                         : Added: MIMETypeEntry: application/octet-stream, exe
2022-02-19 16:09:44.752 DEBUG 88613 --- [    Test worker] javax.activation                         : Added: MIMETypeEntry: application/octet-stream, com
2022-02-19 16:09:44.752 DEBUG 88613 --- [    Test worker] javax.activation                         : Added: MIMETypeEntry: application/x-pcn, pcn
2022-02-19 16:09:44.753 DEBUG 88613 --- [    Test worker] javax.activation                         : Added: MIMETypeEntry: application/vnd.ms-excel, xls
2022-02-19 16:09:44.753 DEBUG 88613 --- [    Test worker] javax.activation                         : Added: MIMETypeEntry: application/vnd.ms-powerpoint, ppt
2022-02-19 16:09:44.753 DEBUG 88613 --- [    Test worker] javax.activation                         : Added: MIMETypeEntry: application/vnd.ms-project, mpp
2022-02-19 16:09:44.753 DEBUG 88613 --- [    Test worker] javax.activation                         : Added: MIMETypeEntry: application/vnd.svd, svd
2022-02-19 16:09:44.753 DEBUG 88613 --- [    Test worker] javax.activation                         : Added: MIMETypeEntry: application/x-net-install, ins
2022-02-19 16:09:44.753 DEBUG 88613 --- [    Test worker] javax.activation                         : Added: MIMETypeEntry: application/ccv, ccv
2022-02-19 16:09:44.753 DEBUG 88613 --- [    Test worker] javax.activation                         : Added: MIMETypeEntry: workbook/formulaone, vts
2022-02-19 16:09:44.753 DEBUG 88613 --- [    Test worker] javax.activation                         : Added: MIMETypeEntry: x-world/x-vrml, wrl
2022-02-19 16:09:44.753 DEBUG 88613 --- [    Test worker] javax.activation                         : Added: MIMETypeEntry: x-world/x-vrml, vrml
2022-02-19 16:09:44.753 DEBUG 88613 --- [    Test worker] javax.activation                         : Added: MIMETypeEntry: x-world/x-vream, vrw
2022-02-19 16:09:44.753 DEBUG 88613 --- [    Test worker] javax.activation                         : Added: MIMETypeEntry: application/x-p3d, p3d
2022-02-19 16:09:44.754 DEBUG 88613 --- [    Test worker] javax.activation                         : Added: MIMETypeEntry: x-world/x-svr, svr
2022-02-19 16:09:44.754 DEBUG 88613 --- [    Test worker] javax.activation                         : Added: MIMETypeEntry: x-world/x-wvr, wvr
2022-02-19 16:09:44.754 DEBUG 88613 --- [    Test worker] javax.activation                         : Added: MIMETypeEntry: x-world/x-3dmf, 3dmf
2022-02-19 16:09:44.754 DEBUG 88613 --- [    Test worker] javax.activation                         : Added: MIMETypeEntry: application/mathematica, ma
2022-02-19 16:09:44.754 DEBUG 88613 --- [    Test worker] javax.activation                         : Added: MIMETypeEntry: x-model/x-mesh, msh
2022-02-19 16:09:44.754 DEBUG 88613 --- [    Test worker] javax.activation                         : Added: MIMETypeEntry: application/vis5d, v5d
2022-02-19 16:09:44.754 DEBUG 88613 --- [    Test worker] javax.activation                         : Added: MIMETypeEntry: application/iges, igs
2022-02-19 16:09:44.754 DEBUG 88613 --- [    Test worker] javax.activation                         : Added: MIMETypeEntry: drawing/x-dwf, dwf
2022-02-19 16:09:46.771  INFO 88613 --- [    Test worker] o.s.s.web.DefaultSecurityFilterChain     : Will secure any request with [org.springframework.security.web.context.request.async.WebAsyncManagerIntegrationFilter@70a24f9, org.springframework.security.web.context.SecurityContextPersistenceFilter@604c7e9b, org.springframework.security.web.header.HeaderWriterFilter@6c830ebd, org.springframework.security.web.csrf.CsrfFilter@b9b97ad, org.springframework.security.web.authentication.logout.LogoutFilter@79b7c350, org.springframework.security.web.authentication.UsernamePasswordAuthenticationFilter@5f7cd50e, org.springframework.security.web.authentication.ui.DefaultLoginPageGeneratingFilter@370a8b6e, org.springframework.security.web.authentication.ui.DefaultLogoutPageGeneratingFilter@78bad03b, org.springframework.security.web.savedrequest.RequestCacheAwareFilter@70485aa, org.springframework.security.web.servletapi.SecurityContextHolderAwareRequestFilter@399f5daf, org.springframework.security.web.authentication.AnonymousAuthenticationFilter@26101efc, org.springframework.security.web.session.SessionManagementFilter@65af05b2, org.springframework.security.web.access.ExceptionTranslationFilter@6210666c, org.springframework.security.web.access.intercept.FilterSecurityInterceptor@749d7c01]
2022-02-19 16:09:46.966 DEBUG 88613 --- [    Test worker] o.a.catalina.core.AprLifecycleListener   : The Apache Tomcat Native library could not be found using names [tcnative-1, libtcnative-1] on the java.library.path [/Users/admin/Library/Java/Extensions:/Library/Java/Extensions:/Network/Library/Java/Extensions:/System/Library/Java/Extensions:/usr/lib/java:.]. The errors reported were [Can't load library: /Users/admin/Desktop/SprungInsMacAigain/HardCodes/willagropastoral-jdbc-oauth-email/bin/libtcnative-1.dylib, Can't load library: /Users/admin/Desktop/SprungInsMacAigain/HardCodes/willagropastoral-jdbc-oauth-email/bin/liblibtcnative-1.dylib, no tcnative-1 in java.library.path: /Users/admin/Library/Java/Extensions:/Library/Java/Extensions:/Network/Library/Java/Extensions:/System/Library/Java/Extensions:/usr/lib/java:., no libtcnative-1 in java.library.path: /Users/admin/Library/Java/Extensions:/Library/Java/Extensions:/Network/Library/Java/Extensions:/System/Library/Java/Extensions:/usr/lib/java:.]

org.apache.tomcat.jni.LibraryNotFoundError: Can't load library: /Users/admin/Desktop/SprungInsMacAigain/HardCodes/willagropastoral-jdbc-oauth-email/bin/libtcnative-1.dylib, Can't load library: /Users/admin/Desktop/SprungInsMacAigain/HardCodes/willagropastoral-jdbc-oauth-email/bin/liblibtcnative-1.dylib, no tcnative-1 in java.library.path: /Users/admin/Library/Java/Extensions:/Library/Java/Extensions:/Network/Library/Java/Extensions:/System/Library/Java/Extensions:/usr/lib/java:., no libtcnative-1 in java.library.path: /Users/admin/Library/Java/Extensions:/Library/Java/Extensions:/Network/Library/Java/Extensions:/System/Library/Java/Extensions:/usr/lib/java:.
	at org.apache.tomcat.jni.Library.<init>(Library.java:93) ~[tomcat-embed-core-9.0.56.jar:9.0.56]
	at org.apache.tomcat.jni.Library.initialize(Library.java:203) ~[tomcat-embed-core-9.0.56.jar:9.0.56]
	at org.apache.catalina.core.AprLifecycleListener.init(AprLifecycleListener.java:203) ~[tomcat-embed-core-9.0.56.jar:9.0.56]
	at org.apache.catalina.core.AprLifecycleListener.isAprAvailable(AprLifecycleListener.java:108) ~[tomcat-embed-core-9.0.56.jar:9.0.56]
	at org.springframework.boot.web.embedded.tomcat.TomcatServletWebServerFactory.getDefaultServerLifecycleListeners(TomcatServletWebServerFactory.java:182) ~[spring-boot-2.6.3.jar:2.6.3]
	at org.springframework.boot.web.embedded.tomcat.TomcatServletWebServerFactory.<init>(TomcatServletWebServerFactory.java:129) ~[spring-boot-2.6.3.jar:2.6.3]
	at org.springframework.boot.autoconfigure.web.servlet.ServletWebServerFactoryConfiguration$EmbeddedTomcat.tomcatServletWebServerFactory(ServletWebServerFactoryConfiguration.java:76) ~[spring-boot-autoconfigure-2.6.3.jar:2.6.3]
	at java.base/jdk.internal.reflect.NativeMethodAccessorImpl.invoke0(Native Method) ~[na:na]
	at java.base/jdk.internal.reflect.NativeMethodAccessorImpl.invoke(NativeMethodAccessorImpl.java:77) ~[na:na]
	at java.base/jdk.internal.reflect.DelegatingMethodAccessorImpl.invoke(DelegatingMethodAccessorImpl.java:43) ~[na:na]
	at java.base/java.lang.reflect.Method.invoke(Method.java:568) ~[na:na]
	at org.springframework.beans.factory.support.SimpleInstantiationStrategy.instantiate(SimpleInstantiationStrategy.java:154) ~[spring-beans-5.3.15.jar:5.3.15]
	at org.springframework.beans.factory.support.ConstructorResolver.instantiate(ConstructorResolver.java:653) ~[spring-beans-5.3.15.jar:5.3.15]
	at org.springframework.beans.factory.support.ConstructorResolver.instantiateUsingFactoryMethod(ConstructorResolver.java:638) ~[spring-beans-5.3.15.jar:5.3.15]
	at org.springframework.beans.factory.support.AbstractAutowireCapableBeanFactory.instantiateUsingFactoryMethod(AbstractAutowireCapableBeanFactory.java:1352) ~[spring-beans-5.3.15.jar:5.3.15]
	at org.springframework.beans.factory.support.AbstractAutowireCapableBeanFactory.createBeanInstance(AbstractAutowireCapableBeanFactory.java:1195) ~[spring-beans-5.3.15.jar:5.3.15]
	at org.springframework.beans.factory.support.AbstractAutowireCapableBeanFactory.doCreateBean(AbstractAutowireCapableBeanFactory.java:582) ~[spring-beans-5.3.15.jar:5.3.15]
	at org.springframework.beans.factory.support.AbstractAutowireCapableBeanFactory.createBean(AbstractAutowireCapableBeanFactory.java:542) ~[spring-beans-5.3.15.jar:5.3.15]
	at org.springframework.beans.factory.support.AbstractBeanFactory.lambda$doGetBean$0(AbstractBeanFactory.java:335) ~[spring-beans-5.3.15.jar:5.3.15]
	at org.springframework.beans.factory.support.DefaultSingletonBeanRegistry.getSingleton(DefaultSingletonBeanRegistry.java:234) ~[spring-beans-5.3.15.jar:5.3.15]
	at org.springframework.beans.factory.support.AbstractBeanFactory.doGetBean(AbstractBeanFactory.java:333) ~[spring-beans-5.3.15.jar:5.3.15]
	at org.springframework.beans.factory.support.AbstractBeanFactory.getBean(AbstractBeanFactory.java:208) ~[spring-beans-5.3.15.jar:5.3.15]
	at org.springframework.beans.factory.support.DefaultListableBeanFactory.preInstantiateSingletons(DefaultListableBeanFactory.java:953) ~[spring-beans-5.3.15.jar:5.3.15]
	at org.springframework.context.support.AbstractApplicationContext.finishBeanFactoryInitialization(AbstractApplicationContext.java:918) ~[spring-context-5.3.15.jar:5.3.15]
	at org.springframework.context.support.AbstractApplicationContext.refresh(AbstractApplicationContext.java:583) ~[spring-context-5.3.15.jar:5.3.15]
	at org.springframework.boot.SpringApplication.refresh(SpringApplication.java:732) ~[spring-boot-2.6.3.jar:2.6.3]
	at org.springframework.boot.SpringApplication.refreshContext(SpringApplication.java:414) ~[spring-boot-2.6.3.jar:2.6.3]
	at org.springframework.boot.SpringApplication.run(SpringApplication.java:302) ~[spring-boot-2.6.3.jar:2.6.3]
	at org.springframework.boot.test.context.SpringBootContextLoader.loadContext(SpringBootContextLoader.java:136) ~[spring-boot-test-2.6.3.jar:2.6.3]
	at org.springframework.test.context.cache.DefaultCacheAwareContextLoaderDelegate.loadContextInternal(DefaultCacheAwareContextLoaderDelegate.java:99) ~[spring-test-5.3.15.jar:5.3.15]
	at org.springframework.test.context.cache.DefaultCacheAwareContextLoaderDelegate.loadContext(DefaultCacheAwareContextLoaderDelegate.java:124) ~[spring-test-5.3.15.jar:5.3.15]
	at org.springframework.test.context.support.DefaultTestContext.getApplicationContext(DefaultTestContext.java:124) ~[spring-test-5.3.15.jar:5.3.15]
	at org.springframework.test.context.web.ServletTestExecutionListener.setUpRequestContextIfNecessary(ServletTestExecutionListener.java:190) ~[spring-test-5.3.15.jar:5.3.15]
	at org.springframework.test.context.web.ServletTestExecutionListener.prepareTestInstance(ServletTestExecutionListener.java:132) ~[spring-test-5.3.15.jar:5.3.15]
	at org.springframework.test.context.TestContextManager.prepareTestInstance(TestContextManager.java:248) ~[spring-test-5.3.15.jar:5.3.15]
	at org.springframework.test.context.junit.jupiter.SpringExtension.postProcessTestInstance(SpringExtension.java:138) ~[spring-test-5.3.15.jar:5.3.15]
	at org.junit.jupiter.engine.descriptor.ClassBasedTestDescriptor.lambda$invokeTestInstancePostProcessors$8(ClassBasedTestDescriptor.java:363) ~[junit-jupiter-engine-5.8.2.jar:5.8.2]
	at org.junit.jupiter.engine.descriptor.ClassBasedTestDescriptor.executeAndMaskThrowable(ClassBasedTestDescriptor.java:368) ~[junit-jupiter-engine-5.8.2.jar:5.8.2]
	at org.junit.jupiter.engine.descriptor.ClassBasedTestDescriptor.lambda$invokeTestInstancePostProcessors$9(ClassBasedTestDescriptor.java:363) ~[junit-jupiter-engine-5.8.2.jar:5.8.2]
	at java.base/java.util.stream.ReferencePipeline$3$1.accept(ReferencePipeline.java:197) ~[na:na]
	at java.base/java.util.stream.ReferencePipeline$2$1.accept(ReferencePipeline.java:179) ~[na:na]
	at java.base/java.util.ArrayList$ArrayListSpliterator.forEachRemaining(ArrayList.java:1625) ~[na:na]
	at java.base/java.util.stream.AbstractPipeline.copyInto(AbstractPipeline.java:509) ~[na:na]
	at java.base/java.util.stream.AbstractPipeline.wrapAndCopyInto(AbstractPipeline.java:499) ~[na:na]
	at java.base/java.util.stream.StreamSpliterators$WrappingSpliterator.forEachRemaining(StreamSpliterators.java:310) ~[na:na]
	at java.base/java.util.stream.Streams$ConcatSpliterator.forEachRemaining(Streams.java:735) ~[na:na]
	at java.base/java.util.stream.Streams$ConcatSpliterator.forEachRemaining(Streams.java:734) ~[na:na]
	at java.base/java.util.stream.ReferencePipeline$Head.forEach(ReferencePipeline.java:762) ~[na:na]
	at org.junit.jupiter.engine.descriptor.ClassBasedTestDescriptor.invokeTestInstancePostProcessors(ClassBasedTestDescriptor.java:362) ~[junit-jupiter-engine-5.8.2.jar:5.8.2]
	at org.junit.jupiter.engine.descriptor.ClassBasedTestDescriptor.lambda$instantiateAndPostProcessTestInstance$6(ClassBasedTestDescriptor.java:283) ~[junit-jupiter-engine-5.8.2.jar:5.8.2]
	at org.junit.platform.engine.support.hierarchical.ThrowableCollector.execute(ThrowableCollector.java:73) ~[junit-platform-engine-1.8.2.jar:1.8.2]
	at org.junit.jupiter.engine.descriptor.ClassBasedTestDescriptor.instantiateAndPostProcessTestInstance(ClassBasedTestDescriptor.java:282) ~[junit-jupiter-engine-5.8.2.jar:5.8.2]
	at org.junit.jupiter.engine.descriptor.ClassBasedTestDescriptor.lambda$testInstancesProvider$4(ClassBasedTestDescriptor.java:272) ~[junit-jupiter-engine-5.8.2.jar:5.8.2]
	at java.base/java.util.Optional.orElseGet(Optional.java:364) ~[na:na]
	at org.junit.jupiter.engine.descriptor.ClassBasedTestDescriptor.lambda$testInstancesProvider$5(ClassBasedTestDescriptor.java:271) ~[junit-jupiter-engine-5.8.2.jar:5.8.2]
	at org.junit.jupiter.engine.execution.TestInstancesProvider.getTestInstances(TestInstancesProvider.java:31) ~[junit-jupiter-engine-5.8.2.jar:5.8.2]
	at org.junit.jupiter.engine.descriptor.TestMethodTestDescriptor.lambda$prepare$0(TestMethodTestDescriptor.java:102) ~[junit-jupiter-engine-5.8.2.jar:5.8.2]
	at org.junit.platform.engine.support.hierarchical.ThrowableCollector.execute(ThrowableCollector.java:73) ~[junit-platform-engine-1.8.2.jar:1.8.2]
	at org.junit.jupiter.engine.descriptor.TestMethodTestDescriptor.prepare(TestMethodTestDescriptor.java:101) ~[junit-jupiter-engine-5.8.2.jar:5.8.2]
	at org.junit.jupiter.engine.descriptor.TestMethodTestDescriptor.prepare(TestMethodTestDescriptor.java:66) ~[junit-jupiter-engine-5.8.2.jar:5.8.2]
	at org.junit.platform.engine.support.hierarchical.NodeTestTask.lambda$prepare$2(NodeTestTask.java:123) ~[junit-platform-engine-1.8.2.jar:1.8.2]
	at org.junit.platform.engine.support.hierarchical.ThrowableCollector.execute(ThrowableCollector.java:73) ~[junit-platform-engine-1.8.2.jar:1.8.2]
	at org.junit.platform.engine.support.hierarchical.NodeTestTask.prepare(NodeTestTask.java:123) ~[junit-platform-engine-1.8.2.jar:1.8.2]
	at org.junit.platform.engine.support.hierarchical.NodeTestTask.execute(NodeTestTask.java:90) ~[junit-platform-engine-1.8.2.jar:1.8.2]
	at java.base/java.util.ArrayList.forEach(ArrayList.java:1511) ~[na:na]
	at org.junit.platform.engine.support.hierarchical.SameThreadHierarchicalTestExecutorService.invokeAll(SameThreadHierarchicalTestExecutorService.java:41) ~[junit-platform-engine-1.8.2.jar:1.8.2]
	at org.junit.platform.engine.support.hierarchical.NodeTestTask.lambda$executeRecursively$6(NodeTestTask.java:155) ~[junit-platform-engine-1.8.2.jar:1.8.2]
	at org.junit.platform.engine.support.hierarchical.ThrowableCollector.execute(ThrowableCollector.java:73) ~[junit-platform-engine-1.8.2.jar:1.8.2]
	at org.junit.platform.engine.support.hierarchical.NodeTestTask.lambda$executeRecursively$8(NodeTestTask.java:141) ~[junit-platform-engine-1.8.2.jar:1.8.2]
	at org.junit.platform.engine.support.hierarchical.Node.around(Node.java:137) ~[junit-platform-engine-1.8.2.jar:1.8.2]
	at org.junit.platform.engine.support.hierarchical.NodeTestTask.lambda$executeRecursively$9(NodeTestTask.java:139) ~[junit-platform-engine-1.8.2.jar:1.8.2]
	at org.junit.platform.engine.support.hierarchical.ThrowableCollector.execute(ThrowableCollector.java:73) ~[junit-platform-engine-1.8.2.jar:1.8.2]
	at org.junit.platform.engine.support.hierarchical.NodeTestTask.executeRecursively(NodeTestTask.java:138) ~[junit-platform-engine-1.8.2.jar:1.8.2]
	at org.junit.platform.engine.support.hierarchical.NodeTestTask.execute(NodeTestTask.java:95) ~[junit-platform-engine-1.8.2.jar:1.8.2]
	at java.base/java.util.ArrayList.forEach(ArrayList.java:1511) ~[na:na]
	at org.junit.platform.engine.support.hierarchical.SameThreadHierarchicalTestExecutorService.invokeAll(SameThreadHierarchicalTestExecutorService.java:41) ~[junit-platform-engine-1.8.2.jar:1.8.2]
	at org.junit.platform.engine.support.hierarchical.NodeTestTask.lambda$executeRecursively$6(NodeTestTask.java:155) ~[junit-platform-engine-1.8.2.jar:1.8.2]
	at org.junit.platform.engine.support.hierarchical.ThrowableCollector.execute(ThrowableCollector.java:73) ~[junit-platform-engine-1.8.2.jar:1.8.2]
	at org.junit.platform.engine.support.hierarchical.NodeTestTask.lambda$executeRecursively$8(NodeTestTask.java:141) ~[junit-platform-engine-1.8.2.jar:1.8.2]
	at org.junit.platform.engine.support.hierarchical.Node.around(Node.java:137) ~[junit-platform-engine-1.8.2.jar:1.8.2]
	at org.junit.platform.engine.support.hierarchical.NodeTestTask.lambda$executeRecursively$9(NodeTestTask.java:139) ~[junit-platform-engine-1.8.2.jar:1.8.2]
	at org.junit.platform.engine.support.hierarchical.ThrowableCollector.execute(ThrowableCollector.java:73) ~[junit-platform-engine-1.8.2.jar:1.8.2]
	at org.junit.platform.engine.support.hierarchical.NodeTestTask.executeRecursively(NodeTestTask.java:138) ~[junit-platform-engine-1.8.2.jar:1.8.2]
	at org.junit.platform.engine.support.hierarchical.NodeTestTask.execute(NodeTestTask.java:95) ~[junit-platform-engine-1.8.2.jar:1.8.2]
	at org.junit.platform.engine.support.hierarchical.SameThreadHierarchicalTestExecutorService.submit(SameThreadHierarchicalTestExecutorService.java:35) ~[junit-platform-engine-1.8.2.jar:1.8.2]
	at org.junit.platform.engine.support.hierarchical.HierarchicalTestExecutor.execute(HierarchicalTestExecutor.java:57) ~[junit-platform-engine-1.8.2.jar:1.8.2]
	at org.junit.platform.engine.support.hierarchical.HierarchicalTestEngine.execute(HierarchicalTestEngine.java:54) ~[junit-platform-engine-1.8.2.jar:1.8.2]
	at org.junit.platform.launcher.core.EngineExecutionOrchestrator.execute(EngineExecutionOrchestrator.java:108) ~[na:na]
	at org.junit.platform.launcher.core.EngineExecutionOrchestrator.execute(EngineExecutionOrchestrator.java:88) ~[na:na]
	at org.junit.platform.launcher.core.EngineExecutionOrchestrator.lambda$execute$0(EngineExecutionOrchestrator.java:54) ~[na:na]
	at org.junit.platform.launcher.core.EngineExecutionOrchestrator.withInterceptedStreams(EngineExecutionOrchestrator.java:67) ~[na:na]
	at org.junit.platform.launcher.core.EngineExecutionOrchestrator.execute(EngineExecutionOrchestrator.java:52) ~[na:na]
	at org.junit.platform.launcher.core.DefaultLauncher.execute(DefaultLauncher.java:96) ~[na:na]
	at org.junit.platform.launcher.core.DefaultLauncher.execute(DefaultLauncher.java:75) ~[na:na]
	at org.gradle.api.internal.tasks.testing.junitplatform.JUnitPlatformTestClassProcessor$CollectAllTestClassesExecutor.processAllTestClasses(JUnitPlatformTestClassProcessor.java:99) ~[na:na]
	at org.gradle.api.internal.tasks.testing.junitplatform.JUnitPlatformTestClassProcessor$CollectAllTestClassesExecutor.access$000(JUnitPlatformTestClassProcessor.java:79) ~[na:na]
	at org.gradle.api.internal.tasks.testing.junitplatform.JUnitPlatformTestClassProcessor.stop(JUnitPlatformTestClassProcessor.java:75) ~[na:na]
	at org.gradle.api.internal.tasks.testing.SuiteTestClassProcessor.stop(SuiteTestClassProcessor.java:61) ~[na:na]
	at java.base/jdk.internal.reflect.NativeMethodAccessorImpl.invoke0(Native Method) ~[na:na]
	at java.base/jdk.internal.reflect.NativeMethodAccessorImpl.invoke(NativeMethodAccessorImpl.java:77) ~[na:na]
	at java.base/jdk.internal.reflect.DelegatingMethodAccessorImpl.invoke(DelegatingMethodAccessorImpl.java:43) ~[na:na]
	at java.base/java.lang.reflect.Method.invoke(Method.java:568) ~[na:na]
	at org.gradle.internal.dispatch.ReflectionDispatch.dispatch(ReflectionDispatch.java:36) ~[na:na]
	at org.gradle.internal.dispatch.ReflectionDispatch.dispatch(ReflectionDispatch.java:24) ~[na:na]
	at org.gradle.internal.dispatch.ContextClassLoaderDispatch.dispatch(ContextClassLoaderDispatch.java:33) ~[na:na]
	at org.gradle.internal.dispatch.ProxyDispatchAdapter$DispatchingInvocationHandler.invoke(ProxyDispatchAdapter.java:94) ~[na:na]
	at jdk.proxy1/jdk.proxy1.$Proxy2.stop(Unknown Source) ~[na:na]
	at org.gradle.api.internal.tasks.testing.worker.TestWorker$3.run(TestWorker.java:193) ~[na:na]
	at org.gradle.api.internal.tasks.testing.worker.TestWorker.executeAndMaintainThreadName(TestWorker.java:129) ~[na:na]
	at org.gradle.api.internal.tasks.testing.worker.TestWorker.execute(TestWorker.java:100) ~[na:na]
	at org.gradle.api.internal.tasks.testing.worker.TestWorker.execute(TestWorker.java:60) ~[na:na]
	at org.gradle.process.internal.worker.child.ActionExecutionWorker.execute(ActionExecutionWorker.java:56) ~[na:na]
	at org.gradle.process.internal.worker.child.SystemApplicationClassLoaderWorker.call(SystemApplicationClassLoaderWorker.java:133) ~[na:na]
	at org.gradle.process.internal.worker.child.SystemApplicationClassLoaderWorker.call(SystemApplicationClassLoaderWorker.java:71) ~[na:na]
	at worker.org.gradle.process.internal.worker.GradleWorkerMain.run(GradleWorkerMain.java:69) ~[gradle-worker.jar:na]
	at worker.org.gradle.process.internal.worker.GradleWorkerMain.main(GradleWorkerMain.java:74) ~[gradle-worker.jar:na]

2022-02-19 16:09:47.307 DEBUG 88613 --- [    Test worker] .h.v.m.ResourceBundleMessageInterpolator : Loaded expression factory via original TCCL
2022-02-19 16:09:47.329 DEBUG 88613 --- [    Test worker] o.h.v.i.e.AbstractConfigurationImpl      : Setting custom MessageInterpolator of type org.springframework.validation.beanvalidation.LocaleContextMessageInterpolator
2022-02-19 16:09:47.330 DEBUG 88613 --- [    Test worker] o.h.v.i.e.AbstractConfigurationImpl      : Setting custom ConstraintValidatorFactory of type org.springframework.validation.beanvalidation.SpringConstraintValidatorFactory
2022-02-19 16:09:47.331 DEBUG 88613 --- [    Test worker] o.h.v.i.e.AbstractConfigurationImpl      : Setting custom ParameterNameProvider of type org.springframework.validation.beanvalidation.LocalValidatorFactoryBean$1
2022-02-19 16:09:47.333 DEBUG 88613 --- [    Test worker] o.h.v.i.xml.config.ValidationXmlParser   : Trying to load META-INF/validation.xml for XML based Validator configuration.
2022-02-19 16:09:47.333 DEBUG 88613 --- [    Test worker] o.h.v.i.xml.config.ResourceLoaderHelper  : Trying to load META-INF/validation.xml via user class loader
2022-02-19 16:09:47.333 DEBUG 88613 --- [    Test worker] o.h.v.i.xml.config.ResourceLoaderHelper  : Trying to load META-INF/validation.xml via TCCL
2022-02-19 16:09:47.334 DEBUG 88613 --- [    Test worker] o.h.v.i.xml.config.ResourceLoaderHelper  : Trying to load META-INF/validation.xml via Hibernate Validator's class loader
2022-02-19 16:09:47.334 DEBUG 88613 --- [    Test worker] o.h.v.i.xml.config.ValidationXmlParser   : No META-INF/validation.xml found. Using annotation based configuration only.
2022-02-19 16:09:47.335 DEBUG 88613 --- [    Test worker] o.h.v.i.e.resolver.TraversableResolvers  : Cannot find javax.persistence.Persistence on classpath. Assuming non JPA 2 environment. All properties will per default be traversable.
2022-02-19 16:09:47.338 DEBUG 88613 --- [    Test worker] .i.e.ValidatorFactoryConfigurationHelper : HV000252: Using org.hibernate.validator.internal.engine.DefaultPropertyNodeNameProvider as property node name provider.
2022-02-19 16:09:47.338 DEBUG 88613 --- [    Test worker] .i.e.ValidatorFactoryConfigurationHelper : HV000234: Using org.springframework.validation.beanvalidation.LocaleContextMessageInterpolator as ValidatorFactory-scoped message interpolator.
2022-02-19 16:09:47.339 DEBUG 88613 --- [    Test worker] .i.e.ValidatorFactoryConfigurationHelper : HV000234: Using org.hibernate.validator.internal.engine.resolver.TraverseAllTraversableResolver as ValidatorFactory-scoped traversable resolver.
2022-02-19 16:09:47.339 DEBUG 88613 --- [    Test worker] .i.e.ValidatorFactoryConfigurationHelper : HV000234: Using org.hibernate.validator.internal.util.ExecutableParameterNameProvider as ValidatorFactory-scoped parameter name provider.
2022-02-19 16:09:47.339 DEBUG 88613 --- [    Test worker] .i.e.ValidatorFactoryConfigurationHelper : HV000234: Using org.hibernate.validator.internal.engine.DefaultClockProvider as ValidatorFactory-scoped clock provider.
2022-02-19 16:09:47.339 DEBUG 88613 --- [    Test worker] .i.e.ValidatorFactoryConfigurationHelper : HV000234: Using org.hibernate.validator.internal.engine.scripting.DefaultScriptEvaluatorFactory as ValidatorFactory-scoped script evaluator factory.
2022-02-19 16:09:48.186 DEBUG 88613 --- [    Test worker] _.s.web.servlet.HandlerMapping.Mappings  : 
	d.c.w.b.a.w.c.AnalyseController:
	{GET [/analyse]}: index(Model)
	{POST [/analyse]}: indexpost(Model,CustomAnalyseForm)
2022-02-19 16:09:48.197 DEBUG 88613 --- [    Test worker] _.s.web.servlet.HandlerMapping.Mappings  : 
	d.c.w.b.a.w.c.AvisController:
	{GET [/avis]}: avis(Model,FormAvis)
	{POST [/avis]}: avisPost(Model,FormAvis)
2022-02-19 16:09:48.202 DEBUG 88613 --- [    Test worker] _.s.web.servlet.HandlerMapping.Mappings  : 
	d.c.w.b.a.w.c.a.AdminAvisController:
	{POST [/adminindex/avis/delete/{id}]}: delete(Model,Long)
2022-02-19 16:09:48.205 DEBUG 88613 --- [    Test worker] _.s.web.servlet.HandlerMapping.Mappings  : 
	d.c.w.b.a.w.c.l.LeaderAvisController:
	{GET [/leaderindex/avis/liste]}: alle(Model)
2022-02-19 16:09:48.206 DEBUG 88613 --- [    Test worker] _.s.web.servlet.HandlerMapping.Mappings  : 
	d.c.w.b.d.w.c.NotificationsController:
	{GET [/notifications]}: notifications()
2022-02-19 16:09:48.213 DEBUG 88613 --- [    Test worker] _.s.web.servlet.HandlerMapping.Mappings  : 
	d.c.w.b.d.w.c.RecoveryPasswordController:
	{GET [/maileingabe]}: maileingabe()
	{GET [/passwordeingabe]}: passwordeingabe(Model,MailPasswordPaar)
	{POST [/maileingabe]}: maileingabePost(Model,String)
	{GET [/delete/confirm]}: resetpasword(Model,String)
	{POST [/passwordeingabe]}: passwordeingabePost(Model,MailPasswordPaar)
2022-02-19 16:09:48.216 DEBUG 88613 --- [    Test worker] _.s.web.servlet.HandlerMapping.Mappings  : 
	d.c.w.b.d.w.c.RegistrationController:
	{POST [/registration]}: register(Model,RegistrationRequest)
	{GET [/registration]}: registerForm(Model,RegistrationRequest)
	{GET [/registration/confirm]}: confirm(Model,String)
2022-02-19 16:09:48.219 DEBUG 88613 --- [    Test worker] _.s.web.servlet.HandlerMapping.Mappings  : 
	d.c.w.b.d.w.c.a.AdminController:
	{GET [/adminindex/home]}: home()
	{GET [/adminindex]}: adminindex(Model,String)
2022-02-19 16:09:48.221 DEBUG 88613 --- [    Test worker] _.s.web.servlet.HandlerMapping.Mappings  : 
	d.c.w.b.d.w.c.l.LeaderController:
	{GET [/leaderindex/home]}: home(Model)
	{GET [/leaderindex]}: leaderindex(Model,String)
2022-02-19 16:09:48.223 DEBUG 88613 --- [    Test worker] _.s.web.servlet.HandlerMapping.Mappings  : 
	d.c.w.b.d.w.c.u.UserController:
	{GET [/index]}: userindex(Model,String)
2022-02-19 16:09:48.224 DEBUG 88613 --- [    Test worker] _.s.web.servlet.HandlerMapping.Mappings  : 
	d.c.w.b.f.w.c.a.AdminFinancesController:
	{POST [/adminindex/finances/delete/{id}]}: delete(Model,FinanceForm,Long)
2022-02-19 16:09:48.229 DEBUG 88613 --- [    Test worker] _.s.web.servlet.HandlerMapping.Mappings  : 
	d.c.w.b.f.w.c.l.LeaderFinancesController:
	{POST [/leaderindex/finances/uebersicht]}: uebersichtPost(Model,FinanceForm,Compteur)
	{GET [/leaderindex/finances/uebersicht]}: uebersicht(Model,FinanceForm,Compteur)
2022-02-19 16:09:48.232 DEBUG 88613 --- [    Test worker] _.s.web.servlet.HandlerMapping.Mappings  : 
	d.c.w.b.g.WebSeiteControllerSupreme:
	{GET [/]}: index(Model)
	{GET [/telecharger]}: telecharger(Model)
	{GET [/contacts]}: contacts(Model)
2022-02-19 16:09:48.235 DEBUG 88613 --- [    Test worker] _.s.web.servlet.HandlerMapping.Mappings  : 
	d.c.w.b.p.v.w.c.a.AdminVollailleController:
	
2022-02-19 16:09:48.238 DEBUG 88613 --- [    Test worker] _.s.web.servlet.HandlerMapping.Mappings  : 
	d.c.w.b.p.v.w.c.l.LeaderVollaillesController:
	{POST [/leaderindex/vollaille/delete/{id}]}: delete(Model,FinanceForm,Long)
	{POST [/leaderindex/vollaille]}: uebersichtPost(Model,VollailleForm)
	{GET [/leaderindex/vollaille]}: vollaille(Model,VollailleForm)
	{GET [/leaderindex/vollaille/modifier/{id}]}: modifier(Model,Long)
2022-02-19 16:09:48.245 DEBUG 88613 --- [    Test worker] _.s.web.servlet.HandlerMapping.Mappings  : 
	o.s.b.a.w.s.e.BasicErrorController:
	{ [/error]}: error(HttpServletRequest)
	{ [/error], produces [text/html]}: errorHtml(HttpServletRequest,HttpServletResponse)
2022-02-19 16:09:48.269  INFO 88613 --- [    Test worker] o.s.b.a.w.s.WelcomePageHandlerMapping    : Adding welcome page template: index
2022-02-19 16:09:48.361 DEBUG 88613 --- [    Test worker] _.s.web.servlet.HandlerMapping.Mappings  : 'beanNameHandlerMapping' {}
2022-02-19 16:09:48.437 DEBUG 88613 --- [    Test worker] _.s.web.servlet.HandlerMapping.Mappings  : 'resourceHandlerMapping' {/webjars/**=ResourceHttpRequestHandler [classpath [META-INF/resources/webjars/]], /**=ResourceHttpRequestHandler [classpath [META-INF/resources/], classpath [resources/], classpath [static/], classpath [public/], ServletContext [/]]}
2022-02-19 16:09:49.146  INFO 88613 --- [    Test worker] ropastoralJdbcOauthEmailApplicationTests : Started WillagropastoralJdbcOauthEmailApplicationTests in 11.372 seconds (JVM running for 13.694)
]]></system-out>
  <system-err><![CDATA[]]></system-err>
</testsuite>
