<?xml version="1.0" encoding="UTF-8"?>
<testsuite name="duo.cmr.willagropastoral.WillagropastoralJdbcOauthEmailApplicationTests" tests="1" skipped="0" failures="0" errors="0" timestamp="2022-02-12T20:56:42" hostname="MacBook-von-macbook.local" time="0.763">
  <properties/>
  <testcase name="contextLoads()" classname="duo.cmr.willagropastoral.WillagropastoralJdbcOauthEmailApplicationTests" time="0.763"/>
  <system-out><![CDATA[21:56:35.593 [Test worker] DEBUG org.springframework.test.context.BootstrapUtils - Instantiating CacheAwareContextLoaderDelegate from class [org.springframework.test.context.cache.DefaultCacheAwareContextLoaderDelegate]
21:56:35.611 [Test worker] DEBUG org.springframework.test.context.BootstrapUtils - Instantiating BootstrapContext using constructor [public org.springframework.test.context.support.DefaultBootstrapContext(java.lang.Class,org.springframework.test.context.CacheAwareContextLoaderDelegate)]
21:56:35.663 [Test worker] DEBUG org.springframework.test.context.BootstrapUtils - Instantiating TestContextBootstrapper for test class [duo.cmr.willagropastoral.WillagropastoralJdbcOauthEmailApplicationTests] from class [org.springframework.boot.test.context.SpringBootTestContextBootstrapper]
21:56:35.684 [Test worker] INFO org.springframework.boot.test.context.SpringBootTestContextBootstrapper - Neither @ContextConfiguration nor @ContextHierarchy found for test class [duo.cmr.willagropastoral.WillagropastoralJdbcOauthEmailApplicationTests], using SpringBootContextLoader
21:56:35.689 [Test worker] DEBUG org.springframework.test.context.support.AbstractContextLoader - Did not detect default resource location for test class [duo.cmr.willagropastoral.WillagropastoralJdbcOauthEmailApplicationTests]: class path resource [duo/cmr/willagropastoral/WillagropastoralJdbcOauthEmailApplicationTests-context.xml] does not exist
21:56:35.690 [Test worker] DEBUG org.springframework.test.context.support.AbstractContextLoader - Did not detect default resource location for test class [duo.cmr.willagropastoral.WillagropastoralJdbcOauthEmailApplicationTests]: class path resource [duo/cmr/willagropastoral/WillagropastoralJdbcOauthEmailApplicationTestsContext.groovy] does not exist
21:56:35.691 [Test worker] INFO org.springframework.test.context.support.AbstractContextLoader - Could not detect default resource locations for test class [duo.cmr.willagropastoral.WillagropastoralJdbcOauthEmailApplicationTests]: no resource found for suffixes {-context.xml, Context.groovy}.
21:56:35.692 [Test worker] INFO org.springframework.test.context.support.AnnotationConfigContextLoaderUtils - Could not detect default configuration classes for test class [duo.cmr.willagropastoral.WillagropastoralJdbcOauthEmailApplicationTests]: WillagropastoralJdbcOauthEmailApplicationTests does not declare any static, non-private, non-final, nested classes annotated with @Configuration.
21:56:35.780 [Test worker] DEBUG org.springframework.test.context.support.ActiveProfilesUtils - Could not find an 'annotation declaring class' for annotation type [org.springframework.test.context.ActiveProfiles] and class [duo.cmr.willagropastoral.WillagropastoralJdbcOauthEmailApplicationTests]
21:56:35.919 [Test worker] DEBUG org.springframework.context.annotation.ClassPathScanningCandidateComponentProvider - Identified candidate component class: file [/Users/admin/Desktop/SprungInsMacAigain/HardCodes/willagropastoral-jdbc-oauth-email/build/classes/java/main/duo/cmr/willagropastoral/WillagropastoralJdbcOauthEmailApplication.class]
21:56:35.921 [Test worker] INFO org.springframework.boot.test.context.SpringBootTestContextBootstrapper - Found @SpringBootConfiguration duo.cmr.willagropastoral.WillagropastoralJdbcOauthEmailApplication for test class duo.cmr.willagropastoral.WillagropastoralJdbcOauthEmailApplicationTests
21:56:36.148 [Test worker] DEBUG org.springframework.boot.test.context.SpringBootTestContextBootstrapper - @TestExecutionListeners is not present for class [duo.cmr.willagropastoral.WillagropastoralJdbcOauthEmailApplicationTests]: using defaults.
21:56:36.149 [Test worker] INFO org.springframework.boot.test.context.SpringBootTestContextBootstrapper - Loaded default TestExecutionListener class names from location [META-INF/spring.factories]: [org.springframework.boot.test.autoconfigure.restdocs.RestDocsTestExecutionListener, org.springframework.boot.test.autoconfigure.web.client.MockRestServiceServerResetTestExecutionListener, org.springframework.boot.test.autoconfigure.web.servlet.MockMvcPrintOnlyOnFailureTestExecutionListener, org.springframework.boot.test.autoconfigure.web.servlet.WebDriverTestExecutionListener, org.springframework.boot.test.autoconfigure.webservices.client.MockWebServiceServerTestExecutionListener, org.springframework.boot.test.mock.mockito.MockitoTestExecutionListener, org.springframework.boot.test.mock.mockito.ResetMocksTestExecutionListener, org.springframework.test.context.web.ServletTestExecutionListener, org.springframework.test.context.support.DirtiesContextBeforeModesTestExecutionListener, org.springframework.test.context.event.ApplicationEventsTestExecutionListener, org.springframework.test.context.support.DependencyInjectionTestExecutionListener, org.springframework.test.context.support.DirtiesContextTestExecutionListener, org.springframework.test.context.transaction.TransactionalTestExecutionListener, org.springframework.test.context.jdbc.SqlScriptsTestExecutionListener, org.springframework.test.context.event.EventPublishingTestExecutionListener]
21:56:36.180 [Test worker] INFO org.springframework.boot.test.context.SpringBootTestContextBootstrapper - Using TestExecutionListeners: [org.springframework.test.context.web.ServletTestExecutionListener@12bfd80d, org.springframework.test.context.support.DirtiesContextBeforeModesTestExecutionListener@41925502, org.springframework.test.context.event.ApplicationEventsTestExecutionListener@13e3c1c7, org.springframework.boot.test.mock.mockito.MockitoTestExecutionListener@5316e95f, org.springframework.boot.test.autoconfigure.SpringBootDependencyInjectionTestExecutionListener@3f053c80, org.springframework.test.context.support.DirtiesContextTestExecutionListener@6c6c5427, org.springframework.test.context.transaction.TransactionalTestExecutionListener@618c5d94, org.springframework.test.context.jdbc.SqlScriptsTestExecutionListener@5b40ceb, org.springframework.test.context.event.EventPublishingTestExecutionListener@13c3c1e1, org.springframework.boot.test.autoconfigure.restdocs.RestDocsTestExecutionListener@1d8062d2, org.springframework.boot.test.autoconfigure.web.client.MockRestServiceServerResetTestExecutionListener@1e63ec0b, org.springframework.boot.test.autoconfigure.web.servlet.MockMvcPrintOnlyOnFailureTestExecutionListener@3b956878, org.springframework.boot.test.autoconfigure.web.servlet.WebDriverTestExecutionListener@36546a22, org.springframework.boot.test.autoconfigure.webservices.client.MockWebServiceServerTestExecutionListener@285c08c8, org.springframework.boot.test.mock.mockito.ResetMocksTestExecutionListener@295eaa7c]
21:56:36.187 [Test worker] DEBUG org.springframework.test.context.support.AbstractDirtiesContextTestExecutionListener - Before test class: context [DefaultTestContext@630cb4a4 testClass = WillagropastoralJdbcOauthEmailApplicationTests, testInstance = [null], testMethod = [null], testException = [null], mergedContextConfiguration = [WebMergedContextConfiguration@636e8cc testClass = WillagropastoralJdbcOauthEmailApplicationTests, locations = '{}', classes = '{class duo.cmr.willagropastoral.WillagropastoralJdbcOauthEmailApplication}', contextInitializerClasses = '[]', activeProfiles = '{}', propertySourceLocations = '{}', propertySourceProperties = '{org.springframework.boot.test.context.SpringBootTestContextBootstrapper=true}', contextCustomizers = set[org.springframework.boot.test.autoconfigure.actuate.metrics.MetricsExportContextCustomizerFactory$DisableMetricExportContextCustomizer@1b75c2e3, org.springframework.boot.test.autoconfigure.properties.PropertyMappingContextCustomizer@0, org.springframework.boot.test.autoconfigure.web.servlet.WebDriverContextCustomizerFactory$Customizer@2796aeae, org.springframework.boot.test.context.filter.ExcludeFilterContextCustomizer@51fadaff, org.springframework.boot.test.json.DuplicateJsonObjectContextCustomizerFactory$DuplicateJsonObjectContextCustomizer@5b6ec132, org.springframework.boot.test.mock.mockito.MockitoContextCustomizer@0, org.springframework.boot.test.web.client.TestRestTemplateContextCustomizer@78641d23, org.springframework.boot.test.context.SpringBootTestArgs@1, org.springframework.boot.test.context.SpringBootTestWebEnvironment@623a8092], resourceBasePath = 'src/main/webapp', contextLoader = 'org.springframework.boot.test.context.SpringBootContextLoader', parent = [null]], attributes = map['org.springframework.test.context.web.ServletTestExecutionListener.activateListener' -> true]], class annotated with @DirtiesContext [false] with mode [null].

  .   ____          _            __ _ _
 /\\ / ___'_ __ _ _(_)_ __  __ _ \ \ \ \
( ( )\___ | '_ | '_| | '_ \/ _` | \ \ \ \
 \\/  ___)| |_)| | | | | || (_| |  ) ) ) )
  '  |____| .__|_| |_|_| |_\__, | / / / /
 =========|_|==============|___/=/_/_/_/
 :: Spring Boot ::                (v2.6.3)

2022-02-12 21:56:36.745  INFO 50137 --- [    Test worker] ropastoralJdbcOauthEmailApplicationTests : Starting WillagropastoralJdbcOauthEmailApplicationTests using Java 17 on MacBook-von-macbook.local with PID 50137 (started by admin in /Users/admin/Desktop/SprungInsMacAigain/HardCodes/willagropastoral-jdbc-oauth-email)
2022-02-12 21:56:36.747 DEBUG 50137 --- [    Test worker] ropastoralJdbcOauthEmailApplicationTests : Running with Spring Boot v2.6.3, Spring v5.3.15
2022-02-12 21:56:36.748  INFO 50137 --- [    Test worker] ropastoralJdbcOauthEmailApplicationTests : The following profiles are active: production
2022-02-12 21:56:36.762 DEBUG 50137 --- [kground-preinit] org.jboss.logging                        : Logging Provider: org.jboss.logging.Log4j2LoggerProvider
2022-02-12 21:56:36.772 DEBUG 50137 --- [kground-preinit] o.h.v.i.xml.config.ValidationXmlParser   : Trying to load META-INF/validation.xml for XML based Validator configuration.
2022-02-12 21:56:36.774 DEBUG 50137 --- [kground-preinit] o.h.v.i.xml.config.ResourceLoaderHelper  : Trying to load META-INF/validation.xml via TCCL
2022-02-12 21:56:36.775 DEBUG 50137 --- [kground-preinit] o.h.v.i.xml.config.ResourceLoaderHelper  : Trying to load META-INF/validation.xml via Hibernate Validator's class loader
2022-02-12 21:56:36.776 DEBUG 50137 --- [kground-preinit] o.h.v.i.xml.config.ValidationXmlParser   : No META-INF/validation.xml found. Using annotation based configuration only.
2022-02-12 21:56:36.782 DEBUG 50137 --- [kground-preinit] o.h.v.i.e.resolver.TraversableResolvers  : Cannot find javax.persistence.Persistence on classpath. Assuming non JPA 2 environment. All properties will per default be traversable.
2022-02-12 21:56:36.818 DEBUG 50137 --- [kground-preinit] .h.v.m.ResourceBundleMessageInterpolator : Loaded expression factory via original TCCL
2022-02-12 21:56:37.004 DEBUG 50137 --- [kground-preinit] .i.e.ValidatorFactoryConfigurationHelper : HV000252: Using org.hibernate.validator.internal.engine.DefaultPropertyNodeNameProvider as property node name provider.
2022-02-12 21:56:37.012 DEBUG 50137 --- [kground-preinit] .i.e.ValidatorFactoryConfigurationHelper : HV000234: Using org.hibernate.validator.messageinterpolation.ResourceBundleMessageInterpolator as ValidatorFactory-scoped message interpolator.
2022-02-12 21:56:37.013 DEBUG 50137 --- [kground-preinit] .i.e.ValidatorFactoryConfigurationHelper : HV000234: Using org.hibernate.validator.internal.engine.resolver.TraverseAllTraversableResolver as ValidatorFactory-scoped traversable resolver.
2022-02-12 21:56:37.013 DEBUG 50137 --- [kground-preinit] .i.e.ValidatorFactoryConfigurationHelper : HV000234: Using org.hibernate.validator.internal.util.ExecutableParameterNameProvider as ValidatorFactory-scoped parameter name provider.
2022-02-12 21:56:37.014 DEBUG 50137 --- [kground-preinit] .i.e.ValidatorFactoryConfigurationHelper : HV000234: Using org.hibernate.validator.internal.engine.DefaultClockProvider as ValidatorFactory-scoped clock provider.
2022-02-12 21:56:37.014 DEBUG 50137 --- [kground-preinit] .i.e.ValidatorFactoryConfigurationHelper : HV000234: Using org.hibernate.validator.internal.engine.scripting.DefaultScriptEvaluatorFactory as ValidatorFactory-scoped script evaluator factory.
2022-02-12 21:56:38.006  INFO 50137 --- [    Test worker] .s.d.r.c.RepositoryConfigurationDelegate : Bootstrapping Spring Data JDBC repositories in DEFAULT mode.
2022-02-12 21:56:38.252  INFO 50137 --- [    Test worker] .s.d.r.c.RepositoryConfigurationDelegate : Finished Spring Data repository scanning in 240 ms. Found 5 JDBC repository interfaces.
2022-02-12 21:56:38.843  INFO 50137 --- [    Test worker] trationDelegate$BeanPostProcessorChecker : Bean 'methodSecurityConfiguration' of type [duo.cmr.willagropastoral.boundedContexts.dasandere.web.securityconfiguration.MethodSecurityConfiguration$$EnhancerBySpringCGLIB$$a0e6fac3] is not eligible for getting processed by all BeanPostProcessors (for example: not eligible for auto-proxying)
2022-02-12 21:56:39.063 DEBUG 50137 --- [    Test worker] com.zaxxer.hikari.HikariConfig           : Driver class org.postgresql.Driver found in Thread context class loader jdk.internal.loader.ClassLoaders$AppClassLoader@5ffd2b27
2022-02-12 21:56:39.178 DEBUG 50137 --- [    Test worker] o.f.core.internal.util.FeatureDetector   : AWS SDK available: false
2022-02-12 21:56:39.178 DEBUG 50137 --- [    Test worker] o.f.core.internal.util.FeatureDetector   : Google Cloud Storage available: false
2022-02-12 21:56:39.179 DEBUG 50137 --- [    Test worker] o.f.c.i.s.classpath.ClassPathScanner     : Scanning for classpath resources at 'classpath:db/callback' ...
2022-02-12 21:56:39.180 DEBUG 50137 --- [    Test worker] o.f.c.i.s.classpath.ClassPathScanner     : Determining location urls for classpath:db/callback using ClassLoader jdk.internal.loader.ClassLoaders$AppClassLoader@5ffd2b27 ...
2022-02-12 21:56:39.180 DEBUG 50137 --- [    Test worker] o.f.c.i.s.classpath.ClassPathScanner     : Unable to resolve location classpath:db/callback.
2022-02-12 21:56:39.180 DEBUG 50137 --- [    Test worker] o.f.c.i.s.classpath.ClassPathScanner     : Scanning for classpath resources at 'classpath:db/migration' ...
2022-02-12 21:56:39.181 DEBUG 50137 --- [    Test worker] o.f.c.i.s.classpath.ClassPathScanner     : Determining location urls for classpath:db/migration using ClassLoader jdk.internal.loader.ClassLoaders$AppClassLoader@5ffd2b27 ...
2022-02-12 21:56:39.181 DEBUG 50137 --- [    Test worker] o.f.c.i.s.classpath.ClassPathScanner     : Scanning URL: file:/Users/admin/Desktop/SprungInsMacAigain/HardCodes/willagropastoral-jdbc-oauth-email/build/resources/main/db/migration
2022-02-12 21:56:39.182 DEBUG 50137 --- [    Test worker] o.f.core.internal.util.FeatureDetector   : JBoss VFS v2 available: false
2022-02-12 21:56:39.184 DEBUG 50137 --- [    Test worker] i.s.c.FileSystemClassPathLocationScanner : Scanning starting at classpath root in filesystem: /Users/admin/Desktop/SprungInsMacAigain/HardCodes/willagropastoral-jdbc-oauth-email/build/resources/main/
2022-02-12 21:56:39.184 DEBUG 50137 --- [    Test worker] i.s.c.FileSystemClassPathLocationScanner : Scanning for resources in path: /Users/admin/Desktop/SprungInsMacAigain/HardCodes/willagropastoral-jdbc-oauth-email/build/resources/main/db/migration (db/migration)
2022-02-12 21:56:39.187 DEBUG 50137 --- [    Test worker] o.f.c.i.s.classpath.ClassPathScanner     : Found resource: db/migration/V0__initialisierung.sql
2022-02-12 21:56:39.187 DEBUG 50137 --- [    Test worker] o.f.c.i.s.classpath.ClassPathScanner     : Found resource: db/migration/V1__tabelle_erstellen.sql
2022-02-12 21:56:39.188 DEBUG 50137 --- [    Test worker] o.f.c.i.s.classpath.ClassPathScanner     : Found resource: db/migration/V2__exampleData.sql
2022-02-12 21:56:39.188 DEBUG 50137 --- [    Test worker] o.f.c.i.s.classpath.ClassPathScanner     : Found resource: db/migration/V3__firstnamenon_unique.sql
2022-02-12 21:56:39.188 DEBUG 50137 --- [    Test worker] o.f.c.i.s.classpath.ClassPathScanner     : Found resource: db/migration/V4__weitere_werten.sql
2022-02-12 21:56:39.189 DEBUG 50137 --- [    Test worker] o.f.c.i.s.classpath.ClassPathScanner     : Scanning for classes at classpath:db/migration
2022-02-12 21:56:39.194 DEBUG 50137 --- [    Test worker] org.postgresql.Driver                    : Loading driver configuration via classloader jdk.internal.loader.ClassLoaders$AppClassLoader@5ffd2b27
2022-02-12 21:56:39.196 DEBUG 50137 --- [    Test worker] org.postgresql.Driver                    : Connecting with URL: jdbc:postgresql://localhost:15000/willagropastoral
2022-02-12 21:56:39.207 DEBUG 50137 --- [    Test worker] org.postgresql.jdbc.PgConnection         : PostgreSQL JDBC Driver 42.3.1
2022-02-12 21:56:39.209 DEBUG 50137 --- [    Test worker] org.postgresql.jdbc.PgConnection         :   setDefaultFetchSize = 0
2022-02-12 21:56:39.209 DEBUG 50137 --- [    Test worker] org.postgresql.jdbc.PgConnection         :   setPrepareThreshold = 5
2022-02-12 21:56:39.216 DEBUG 50137 --- [    Test worker] o.p.core.v3.ConnectionFactoryImpl        : Trying to establish a protocol version 3 connection to localhost:15000
2022-02-12 21:56:39.251 DEBUG 50137 --- [    Test worker] o.p.core.v3.ConnectionFactoryImpl        : Receive Buffer Size is 408.300
2022-02-12 21:56:39.252 DEBUG 50137 --- [    Test worker] o.p.core.v3.ConnectionFactoryImpl        : Send Buffer Size is 146.988
2022-02-12 21:56:39.530  INFO 50137 --- [    Test worker] o.f.c.internal.license.VersionPrinter    : Flyway Community Edition 8.0.5 by Redgate
2022-02-12 21:56:39.531  INFO 50137 --- [    Test worker] o.f.c.i.database.base.BaseDatabaseType   : Database: jdbc:postgresql://localhost:15000/willagropastoral (PostgreSQL 14.1)
2022-02-12 21:56:39.531 DEBUG 50137 --- [    Test worker] o.f.c.i.database.base.BaseDatabaseType   : Driver  : PostgreSQL JDBC Driver 42.3.1
2022-02-12 21:56:39.535 DEBUG 50137 --- [    Test worker] org.flywaydb.core.FlywayExecutor         : DDL Transactions Supported: true
2022-02-12 21:56:39.537 DEBUG 50137 --- [    Test worker] o.f.c.i.s.SchemaHistoryFactory           : Schemas: 
2022-02-12 21:56:39.538 DEBUG 50137 --- [    Test worker] o.f.c.i.s.SchemaHistoryFactory           : Default schema: null
2022-02-12 21:56:39.572 DEBUG 50137 --- [    Test worker] o.f.c.i.c.SqlScriptCallbackFactory       : Scanning for SQL callbacks ...
2022-02-12 21:56:39.591 DEBUG 50137 --- [    Test worker] o.f.core.internal.command.DbValidate     : Validating migrations ...
2022-02-12 21:56:39.593 DEBUG 50137 --- [    Test worker] org.postgresql.jdbc.PgConnection         :   setAutoCommit = false
2022-02-12 21:56:39.608 DEBUG 50137 --- [    Test worker] o.f.core.internal.scanner.Scanner        : Filtering out resource: db/migration/V3__firstnamenon_unique.sql (filename: V3__firstnamenon_unique.sql)
2022-02-12 21:56:39.608 DEBUG 50137 --- [    Test worker] o.f.core.internal.scanner.Scanner        : Filtering out resource: db/migration/V1__tabelle_erstellen.sql (filename: V1__tabelle_erstellen.sql)
2022-02-12 21:56:39.609 DEBUG 50137 --- [    Test worker] o.f.core.internal.scanner.Scanner        : Filtering out resource: db/migration/V2__exampleData.sql (filename: V2__exampleData.sql)
2022-02-12 21:56:39.609 DEBUG 50137 --- [    Test worker] o.f.core.internal.scanner.Scanner        : Filtering out resource: db/migration/V4__weitere_werten.sql (filename: V4__weitere_werten.sql)
2022-02-12 21:56:39.609 DEBUG 50137 --- [    Test worker] o.f.core.internal.scanner.Scanner        : Filtering out resource: db/migration/V0__initialisierung.sql (filename: V0__initialisierung.sql)
2022-02-12 21:56:39.642 DEBUG 50137 --- [    Test worker] org.postgresql.jdbc.PgConnection         :   setAutoCommit = true
2022-02-12 21:56:39.644  INFO 50137 --- [    Test worker] o.f.core.internal.command.DbValidate     : Successfully validated 5 migrations (execution time 00:00.050s)
2022-02-12 21:56:39.677  INFO 50137 --- [    Test worker] o.f.core.internal.command.DbMigrate      : Current version of schema "public": 4
2022-02-12 21:56:39.682  INFO 50137 --- [    Test worker] o.f.core.internal.command.DbMigrate      : Schema "public" is up to date. No migration necessary.
2022-02-12 21:56:39.687 DEBUG 50137 --- [    Test worker] org.postgresql.jdbc.PgConnection         :   setAutoCommit = false
2022-02-12 21:56:39.694 DEBUG 50137 --- [    Test worker] org.postgresql.jdbc.PgConnection         :   setAutoCommit = true
2022-02-12 21:56:39.697 DEBUG 50137 --- [    Test worker] org.flywaydb.core.FlywayExecutor         : Memory usage: 24 of 57M
2022-02-12 21:56:39.794 DEBUG 50137 --- [    Test worker] com.zaxxer.hikari.HikariConfig           : HikariPool-1 - configuration:
2022-02-12 21:56:39.798 DEBUG 50137 --- [    Test worker] com.zaxxer.hikari.HikariConfig           : allowPoolSuspension................................false
2022-02-12 21:56:39.798 DEBUG 50137 --- [    Test worker] com.zaxxer.hikari.HikariConfig           : autoCommit................................true
2022-02-12 21:56:39.799 DEBUG 50137 --- [    Test worker] com.zaxxer.hikari.HikariConfig           : catalog................................none
2022-02-12 21:56:39.799 DEBUG 50137 --- [    Test worker] com.zaxxer.hikari.HikariConfig           : connectionInitSql................................none
2022-02-12 21:56:39.799 DEBUG 50137 --- [    Test worker] com.zaxxer.hikari.HikariConfig           : connectionTestQuery................................none
2022-02-12 21:56:39.800 DEBUG 50137 --- [    Test worker] com.zaxxer.hikari.HikariConfig           : connectionTimeout................................30000
2022-02-12 21:56:39.800 DEBUG 50137 --- [    Test worker] com.zaxxer.hikari.HikariConfig           : dataSource................................none
2022-02-12 21:56:39.800 DEBUG 50137 --- [    Test worker] com.zaxxer.hikari.HikariConfig           : dataSourceClassName................................none
2022-02-12 21:56:39.801 DEBUG 50137 --- [    Test worker] com.zaxxer.hikari.HikariConfig           : dataSourceJNDI................................none
2022-02-12 21:56:39.802 DEBUG 50137 --- [    Test worker] com.zaxxer.hikari.HikariConfig           : dataSourceProperties................................{password=<masked>}
2022-02-12 21:56:39.802 DEBUG 50137 --- [    Test worker] com.zaxxer.hikari.HikariConfig           : driverClassName................................"org.postgresql.Driver"
2022-02-12 21:56:39.803 DEBUG 50137 --- [    Test worker] com.zaxxer.hikari.HikariConfig           : exceptionOverrideClassName................................none
2022-02-12 21:56:39.803 DEBUG 50137 --- [    Test worker] com.zaxxer.hikari.HikariConfig           : healthCheckProperties................................{}
2022-02-12 21:56:39.803 DEBUG 50137 --- [    Test worker] com.zaxxer.hikari.HikariConfig           : healthCheckRegistry................................none
2022-02-12 21:56:39.804 DEBUG 50137 --- [    Test worker] com.zaxxer.hikari.HikariConfig           : idleTimeout................................600000
2022-02-12 21:56:39.804 DEBUG 50137 --- [    Test worker] com.zaxxer.hikari.HikariConfig           : initializationFailTimeout................................1
2022-02-12 21:56:39.805 DEBUG 50137 --- [    Test worker] com.zaxxer.hikari.HikariConfig           : isolateInternalQueries................................false
2022-02-12 21:56:39.805 DEBUG 50137 --- [    Test worker] com.zaxxer.hikari.HikariConfig           : jdbcUrl................................jdbc:postgresql://localhost:15000/willagropastoral
2022-02-12 21:56:39.806 DEBUG 50137 --- [    Test worker] com.zaxxer.hikari.HikariConfig           : keepaliveTime................................0
2022-02-12 21:56:39.806 DEBUG 50137 --- [    Test worker] com.zaxxer.hikari.HikariConfig           : leakDetectionThreshold................................0
2022-02-12 21:56:39.806 DEBUG 50137 --- [    Test worker] com.zaxxer.hikari.HikariConfig           : maxLifetime................................1800000
2022-02-12 21:56:39.807 DEBUG 50137 --- [    Test worker] com.zaxxer.hikari.HikariConfig           : maximumPoolSize................................10
2022-02-12 21:56:39.807 DEBUG 50137 --- [    Test worker] com.zaxxer.hikari.HikariConfig           : metricRegistry................................none
2022-02-12 21:56:39.807 DEBUG 50137 --- [    Test worker] com.zaxxer.hikari.HikariConfig           : metricsTrackerFactory................................none
2022-02-12 21:56:39.808 DEBUG 50137 --- [    Test worker] com.zaxxer.hikari.HikariConfig           : minimumIdle................................10
2022-02-12 21:56:39.808 DEBUG 50137 --- [    Test worker] com.zaxxer.hikari.HikariConfig           : password................................<masked>
2022-02-12 21:56:39.809 DEBUG 50137 --- [    Test worker] com.zaxxer.hikari.HikariConfig           : poolName................................"HikariPool-1"
2022-02-12 21:56:39.809 DEBUG 50137 --- [    Test worker] com.zaxxer.hikari.HikariConfig           : readOnly................................false
2022-02-12 21:56:39.810 DEBUG 50137 --- [    Test worker] com.zaxxer.hikari.HikariConfig           : registerMbeans................................false
2022-02-12 21:56:39.810 DEBUG 50137 --- [    Test worker] com.zaxxer.hikari.HikariConfig           : scheduledExecutor................................none
2022-02-12 21:56:39.810 DEBUG 50137 --- [    Test worker] com.zaxxer.hikari.HikariConfig           : schema................................none
2022-02-12 21:56:39.810 DEBUG 50137 --- [    Test worker] com.zaxxer.hikari.HikariConfig           : threadFactory................................internal
2022-02-12 21:56:39.811 DEBUG 50137 --- [    Test worker] com.zaxxer.hikari.HikariConfig           : transactionIsolation................................default
2022-02-12 21:56:39.811 DEBUG 50137 --- [    Test worker] com.zaxxer.hikari.HikariConfig           : username................................"willagropastoral"
2022-02-12 21:56:39.811 DEBUG 50137 --- [    Test worker] com.zaxxer.hikari.HikariConfig           : validationTimeout................................5000
2022-02-12 21:56:39.812  INFO 50137 --- [    Test worker] com.zaxxer.hikari.HikariDataSource       : HikariPool-1 - Starting...
2022-02-12 21:56:39.824 DEBUG 50137 --- [    Test worker] org.postgresql.Driver                    : Loading driver configuration via classloader jdk.internal.loader.ClassLoaders$AppClassLoader@5ffd2b27
2022-02-12 21:56:39.825 DEBUG 50137 --- [    Test worker] org.postgresql.Driver                    : Connecting with URL: jdbc:postgresql://localhost:15000/willagropastoral
2022-02-12 21:56:39.825 DEBUG 50137 --- [    Test worker] org.postgresql.jdbc.PgConnection         : PostgreSQL JDBC Driver 42.3.1
2022-02-12 21:56:39.826 DEBUG 50137 --- [    Test worker] org.postgresql.jdbc.PgConnection         :   setDefaultFetchSize = 0
2022-02-12 21:56:39.826 DEBUG 50137 --- [    Test worker] org.postgresql.jdbc.PgConnection         :   setPrepareThreshold = 5
2022-02-12 21:56:39.826 DEBUG 50137 --- [    Test worker] o.p.core.v3.ConnectionFactoryImpl        : Trying to establish a protocol version 3 connection to localhost:15000
2022-02-12 21:56:39.827 DEBUG 50137 --- [    Test worker] o.p.core.v3.ConnectionFactoryImpl        : Receive Buffer Size is 408.300
2022-02-12 21:56:39.828 DEBUG 50137 --- [    Test worker] o.p.core.v3.ConnectionFactoryImpl        : Send Buffer Size is 146.988
2022-02-12 21:56:39.920 DEBUG 50137 --- [    Test worker] com.zaxxer.hikari.pool.HikariPool        : HikariPool-1 - Added connection org.postgresql.jdbc.PgConnection@34c62fdf
2022-02-12 21:56:39.922  INFO 50137 --- [    Test worker] com.zaxxer.hikari.HikariDataSource       : HikariPool-1 - Start completed.
2022-02-12 21:56:40.026 DEBUG 50137 --- [l-1 housekeeper] com.zaxxer.hikari.pool.HikariPool        : HikariPool-1 - Pool stats (total=1, active=0, idle=1, waiting=0)
2022-02-12 21:56:40.027 DEBUG 50137 --- [onnection adder] org.postgresql.Driver                    : Connecting with URL: jdbc:postgresql://localhost:15000/willagropastoral
2022-02-12 21:56:40.028 DEBUG 50137 --- [onnection adder] org.postgresql.jdbc.PgConnection         : PostgreSQL JDBC Driver 42.3.1
2022-02-12 21:56:40.028 DEBUG 50137 --- [onnection adder] org.postgresql.jdbc.PgConnection         :   setDefaultFetchSize = 0
2022-02-12 21:56:40.029 DEBUG 50137 --- [onnection adder] org.postgresql.jdbc.PgConnection         :   setPrepareThreshold = 5
2022-02-12 21:56:40.029 DEBUG 50137 --- [onnection adder] o.p.core.v3.ConnectionFactoryImpl        : Trying to establish a protocol version 3 connection to localhost:15000
2022-02-12 21:56:40.030 DEBUG 50137 --- [onnection adder] o.p.core.v3.ConnectionFactoryImpl        : Receive Buffer Size is 408.300
2022-02-12 21:56:40.031 DEBUG 50137 --- [onnection adder] o.p.core.v3.ConnectionFactoryImpl        : Send Buffer Size is 146.988
2022-02-12 21:56:40.129 DEBUG 50137 --- [onnection adder] com.zaxxer.hikari.pool.HikariPool        : HikariPool-1 - Added connection org.postgresql.jdbc.PgConnection@24b3e27f
2022-02-12 21:56:40.129 DEBUG 50137 --- [onnection adder] org.postgresql.Driver                    : Connecting with URL: jdbc:postgresql://localhost:15000/willagropastoral
2022-02-12 21:56:40.130 DEBUG 50137 --- [onnection adder] org.postgresql.jdbc.PgConnection         : PostgreSQL JDBC Driver 42.3.1
2022-02-12 21:56:40.131 DEBUG 50137 --- [onnection adder] org.postgresql.jdbc.PgConnection         :   setDefaultFetchSize = 0
2022-02-12 21:56:40.131 DEBUG 50137 --- [onnection adder] org.postgresql.jdbc.PgConnection         :   setPrepareThreshold = 5
2022-02-12 21:56:40.131 DEBUG 50137 --- [onnection adder] o.p.core.v3.ConnectionFactoryImpl        : Trying to establish a protocol version 3 connection to localhost:15000
2022-02-12 21:56:40.133 DEBUG 50137 --- [onnection adder] o.p.core.v3.ConnectionFactoryImpl        : Receive Buffer Size is 408.300
2022-02-12 21:56:40.134 DEBUG 50137 --- [onnection adder] o.p.core.v3.ConnectionFactoryImpl        : Send Buffer Size is 146.988
2022-02-12 21:56:40.208 DEBUG 50137 --- [onnection adder] com.zaxxer.hikari.pool.HikariPool        : HikariPool-1 - Added connection org.postgresql.jdbc.PgConnection@509acf49
2022-02-12 21:56:40.209 DEBUG 50137 --- [onnection adder] org.postgresql.Driver                    : Connecting with URL: jdbc:postgresql://localhost:15000/willagropastoral
2022-02-12 21:56:40.209 DEBUG 50137 --- [onnection adder] org.postgresql.jdbc.PgConnection         : PostgreSQL JDBC Driver 42.3.1
2022-02-12 21:56:40.210 DEBUG 50137 --- [onnection adder] org.postgresql.jdbc.PgConnection         :   setDefaultFetchSize = 0
2022-02-12 21:56:40.210 DEBUG 50137 --- [onnection adder] org.postgresql.jdbc.PgConnection         :   setPrepareThreshold = 5
2022-02-12 21:56:40.211 DEBUG 50137 --- [onnection adder] o.p.core.v3.ConnectionFactoryImpl        : Trying to establish a protocol version 3 connection to localhost:15000
2022-02-12 21:56:40.212 DEBUG 50137 --- [onnection adder] o.p.core.v3.ConnectionFactoryImpl        : Receive Buffer Size is 408.300
2022-02-12 21:56:40.215 DEBUG 50137 --- [onnection adder] o.p.core.v3.ConnectionFactoryImpl        : Send Buffer Size is 146.988
2022-02-12 21:56:40.274 DEBUG 50137 --- [onnection adder] com.zaxxer.hikari.pool.HikariPool        : HikariPool-1 - Added connection org.postgresql.jdbc.PgConnection@6b816f3f
2022-02-12 21:56:40.275 DEBUG 50137 --- [onnection adder] org.postgresql.Driver                    : Connecting with URL: jdbc:postgresql://localhost:15000/willagropastoral
2022-02-12 21:56:40.276 DEBUG 50137 --- [onnection adder] org.postgresql.jdbc.PgConnection         : PostgreSQL JDBC Driver 42.3.1
2022-02-12 21:56:40.276 DEBUG 50137 --- [onnection adder] org.postgresql.jdbc.PgConnection         :   setDefaultFetchSize = 0
2022-02-12 21:56:40.277 DEBUG 50137 --- [onnection adder] org.postgresql.jdbc.PgConnection         :   setPrepareThreshold = 5
2022-02-12 21:56:40.277 DEBUG 50137 --- [onnection adder] o.p.core.v3.ConnectionFactoryImpl        : Trying to establish a protocol version 3 connection to localhost:15000
2022-02-12 21:56:40.279 DEBUG 50137 --- [onnection adder] o.p.core.v3.ConnectionFactoryImpl        : Receive Buffer Size is 408.300
2022-02-12 21:56:40.280 DEBUG 50137 --- [onnection adder] o.p.core.v3.ConnectionFactoryImpl        : Send Buffer Size is 146.988
2022-02-12 21:56:40.338 DEBUG 50137 --- [onnection adder] com.zaxxer.hikari.pool.HikariPool        : HikariPool-1 - Added connection org.postgresql.jdbc.PgConnection@19e97c2
2022-02-12 21:56:40.338 DEBUG 50137 --- [onnection adder] org.postgresql.Driver                    : Connecting with URL: jdbc:postgresql://localhost:15000/willagropastoral
2022-02-12 21:56:40.339 DEBUG 50137 --- [onnection adder] org.postgresql.jdbc.PgConnection         : PostgreSQL JDBC Driver 42.3.1
2022-02-12 21:56:40.339 DEBUG 50137 --- [onnection adder] org.postgresql.jdbc.PgConnection         :   setDefaultFetchSize = 0
2022-02-12 21:56:40.340 DEBUG 50137 --- [onnection adder] org.postgresql.jdbc.PgConnection         :   setPrepareThreshold = 5
2022-02-12 21:56:40.340 DEBUG 50137 --- [onnection adder] o.p.core.v3.ConnectionFactoryImpl        : Trying to establish a protocol version 3 connection to localhost:15000
2022-02-12 21:56:40.342 DEBUG 50137 --- [onnection adder] o.p.core.v3.ConnectionFactoryImpl        : Receive Buffer Size is 408.300
2022-02-12 21:56:40.345 DEBUG 50137 --- [onnection adder] o.p.core.v3.ConnectionFactoryImpl        : Send Buffer Size is 146.988
2022-02-12 21:56:40.397 DEBUG 50137 --- [onnection adder] com.zaxxer.hikari.pool.HikariPool        : HikariPool-1 - Added connection org.postgresql.jdbc.PgConnection@16fbcb0a
2022-02-12 21:56:40.398 DEBUG 50137 --- [onnection adder] org.postgresql.Driver                    : Connecting with URL: jdbc:postgresql://localhost:15000/willagropastoral
2022-02-12 21:56:40.398 DEBUG 50137 --- [onnection adder] org.postgresql.jdbc.PgConnection         : PostgreSQL JDBC Driver 42.3.1
2022-02-12 21:56:40.399 DEBUG 50137 --- [onnection adder] org.postgresql.jdbc.PgConnection         :   setDefaultFetchSize = 0
2022-02-12 21:56:40.400 DEBUG 50137 --- [onnection adder] org.postgresql.jdbc.PgConnection         :   setPrepareThreshold = 5
2022-02-12 21:56:40.400 DEBUG 50137 --- [onnection adder] o.p.core.v3.ConnectionFactoryImpl        : Trying to establish a protocol version 3 connection to localhost:15000
2022-02-12 21:56:40.401 DEBUG 50137 --- [onnection adder] o.p.core.v3.ConnectionFactoryImpl        : Receive Buffer Size is 408.300
2022-02-12 21:56:40.402 DEBUG 50137 --- [onnection adder] o.p.core.v3.ConnectionFactoryImpl        : Send Buffer Size is 146.988
2022-02-12 21:56:40.460 DEBUG 50137 --- [onnection adder] com.zaxxer.hikari.pool.HikariPool        : HikariPool-1 - Added connection org.postgresql.jdbc.PgConnection@101dae1b
2022-02-12 21:56:40.461 DEBUG 50137 --- [onnection adder] org.postgresql.Driver                    : Connecting with URL: jdbc:postgresql://localhost:15000/willagropastoral
2022-02-12 21:56:40.461 DEBUG 50137 --- [onnection adder] org.postgresql.jdbc.PgConnection         : PostgreSQL JDBC Driver 42.3.1
2022-02-12 21:56:40.462 DEBUG 50137 --- [onnection adder] org.postgresql.jdbc.PgConnection         :   setDefaultFetchSize = 0
2022-02-12 21:56:40.463 DEBUG 50137 --- [onnection adder] org.postgresql.jdbc.PgConnection         :   setPrepareThreshold = 5
2022-02-12 21:56:40.463 DEBUG 50137 --- [onnection adder] o.p.core.v3.ConnectionFactoryImpl        : Trying to establish a protocol version 3 connection to localhost:15000
2022-02-12 21:56:40.465 DEBUG 50137 --- [onnection adder] o.p.core.v3.ConnectionFactoryImpl        : Receive Buffer Size is 408.300
2022-02-12 21:56:40.466 DEBUG 50137 --- [onnection adder] o.p.core.v3.ConnectionFactoryImpl        : Send Buffer Size is 146.988
2022-02-12 21:56:40.531 DEBUG 50137 --- [onnection adder] com.zaxxer.hikari.pool.HikariPool        : HikariPool-1 - Added connection org.postgresql.jdbc.PgConnection@7085c3b0
2022-02-12 21:56:40.531 DEBUG 50137 --- [onnection adder] org.postgresql.Driver                    : Connecting with URL: jdbc:postgresql://localhost:15000/willagropastoral
2022-02-12 21:56:40.531 DEBUG 50137 --- [onnection adder] org.postgresql.jdbc.PgConnection         : PostgreSQL JDBC Driver 42.3.1
2022-02-12 21:56:40.531 DEBUG 50137 --- [onnection adder] org.postgresql.jdbc.PgConnection         :   setDefaultFetchSize = 0
2022-02-12 21:56:40.532 DEBUG 50137 --- [onnection adder] org.postgresql.jdbc.PgConnection         :   setPrepareThreshold = 5
2022-02-12 21:56:40.532 DEBUG 50137 --- [onnection adder] o.p.core.v3.ConnectionFactoryImpl        : Trying to establish a protocol version 3 connection to localhost:15000
2022-02-12 21:56:40.533 DEBUG 50137 --- [onnection adder] o.p.core.v3.ConnectionFactoryImpl        : Receive Buffer Size is 408.300
2022-02-12 21:56:40.534 DEBUG 50137 --- [onnection adder] o.p.core.v3.ConnectionFactoryImpl        : Send Buffer Size is 146.988
2022-02-12 21:56:40.594 DEBUG 50137 --- [onnection adder] com.zaxxer.hikari.pool.HikariPool        : HikariPool-1 - Added connection org.postgresql.jdbc.PgConnection@5d06ae5
2022-02-12 21:56:40.594 DEBUG 50137 --- [onnection adder] org.postgresql.Driver                    : Connecting with URL: jdbc:postgresql://localhost:15000/willagropastoral
2022-02-12 21:56:40.595 DEBUG 50137 --- [onnection adder] org.postgresql.jdbc.PgConnection         : PostgreSQL JDBC Driver 42.3.1
2022-02-12 21:56:40.595 DEBUG 50137 --- [onnection adder] org.postgresql.jdbc.PgConnection         :   setDefaultFetchSize = 0
2022-02-12 21:56:40.596 DEBUG 50137 --- [onnection adder] org.postgresql.jdbc.PgConnection         :   setPrepareThreshold = 5
2022-02-12 21:56:40.596 DEBUG 50137 --- [onnection adder] o.p.core.v3.ConnectionFactoryImpl        : Trying to establish a protocol version 3 connection to localhost:15000
2022-02-12 21:56:40.597 DEBUG 50137 --- [onnection adder] o.p.core.v3.ConnectionFactoryImpl        : Receive Buffer Size is 408.300
2022-02-12 21:56:40.598 DEBUG 50137 --- [onnection adder] o.p.core.v3.ConnectionFactoryImpl        : Send Buffer Size is 146.988
2022-02-12 21:56:40.648 DEBUG 50137 --- [onnection adder] com.zaxxer.hikari.pool.HikariPool        : HikariPool-1 - Added connection org.postgresql.jdbc.PgConnection@4dbb52ce
2022-02-12 21:56:40.648 DEBUG 50137 --- [onnection adder] com.zaxxer.hikari.pool.HikariPool        : HikariPool-1 - After adding stats (total=10, active=0, idle=10, waiting=0)
2022-02-12 21:56:40.783 DEBUG 50137 --- [    Test worker] javax.activation                         : MimetypesFileTypeMap: load HOME
2022-02-12 21:56:40.784 DEBUG 50137 --- [    Test worker] javax.activation                         : MimetypesFileTypeMap: load SYS
2022-02-12 21:56:40.785 DEBUG 50137 --- [    Test worker] javax.activation                         : MimetypesFileTypeMap: load JAR
2022-02-12 21:56:40.786 DEBUG 50137 --- [    Test worker] javax.activation                         : MimetypesFileTypeMap: !anyLoaded
2022-02-12 21:56:40.787 DEBUG 50137 --- [    Test worker] javax.activation                         : MimetypesFileTypeMap: not loading mime types file: /META-INF/mime.types
2022-02-12 21:56:40.788 DEBUG 50137 --- [    Test worker] javax.activation                         : MimetypesFileTypeMap: load DEF
2022-02-12 21:56:40.789 DEBUG 50137 --- [    Test worker] javax.activation                         : Added: MIMETypeEntry: text/html, html
2022-02-12 21:56:40.789 DEBUG 50137 --- [    Test worker] javax.activation                         : Added: MIMETypeEntry: text/html, htm
2022-02-12 21:56:40.789 DEBUG 50137 --- [    Test worker] javax.activation                         : Added: MIMETypeEntry: text/html, HTML
2022-02-12 21:56:40.789 DEBUG 50137 --- [    Test worker] javax.activation                         : Added: MIMETypeEntry: text/html, HTM
2022-02-12 21:56:40.790 DEBUG 50137 --- [    Test worker] javax.activation                         : Added: MIMETypeEntry: text/plain, txt
2022-02-12 21:56:40.790 DEBUG 50137 --- [    Test worker] javax.activation                         : Added: MIMETypeEntry: text/plain, text
2022-02-12 21:56:40.790 DEBUG 50137 --- [    Test worker] javax.activation                         : Added: MIMETypeEntry: text/plain, TXT
2022-02-12 21:56:40.790 DEBUG 50137 --- [    Test worker] javax.activation                         : Added: MIMETypeEntry: text/plain, TEXT
2022-02-12 21:56:40.790 DEBUG 50137 --- [    Test worker] javax.activation                         : Added: MIMETypeEntry: image/gif, gif
2022-02-12 21:56:40.791 DEBUG 50137 --- [    Test worker] javax.activation                         : Added: MIMETypeEntry: image/gif, GIF
2022-02-12 21:56:40.791 DEBUG 50137 --- [    Test worker] javax.activation                         : Added: MIMETypeEntry: image/ief, ief
2022-02-12 21:56:40.791 DEBUG 50137 --- [    Test worker] javax.activation                         : Added: MIMETypeEntry: image/jpeg, jpeg
2022-02-12 21:56:40.791 DEBUG 50137 --- [    Test worker] javax.activation                         : Added: MIMETypeEntry: image/jpeg, jpg
2022-02-12 21:56:40.791 DEBUG 50137 --- [    Test worker] javax.activation                         : Added: MIMETypeEntry: image/jpeg, jpe
2022-02-12 21:56:40.791 DEBUG 50137 --- [    Test worker] javax.activation                         : Added: MIMETypeEntry: image/jpeg, JPG
2022-02-12 21:56:40.792 DEBUG 50137 --- [    Test worker] javax.activation                         : Added: MIMETypeEntry: image/tiff, tiff
2022-02-12 21:56:40.792 DEBUG 50137 --- [    Test worker] javax.activation                         : Added: MIMETypeEntry: image/tiff, tif
2022-02-12 21:56:40.792 DEBUG 50137 --- [    Test worker] javax.activation                         : Added: MIMETypeEntry: image/png, png
2022-02-12 21:56:40.792 DEBUG 50137 --- [    Test worker] javax.activation                         : Added: MIMETypeEntry: image/png, PNG
2022-02-12 21:56:40.793 DEBUG 50137 --- [    Test worker] javax.activation                         : Added: MIMETypeEntry: image/x-xwindowdump, xwd
2022-02-12 21:56:40.793 DEBUG 50137 --- [    Test worker] javax.activation                         : Added: MIMETypeEntry: application/postscript, ai
2022-02-12 21:56:40.793 DEBUG 50137 --- [    Test worker] javax.activation                         : Added: MIMETypeEntry: application/postscript, eps
2022-02-12 21:56:40.794 DEBUG 50137 --- [    Test worker] javax.activation                         : Added: MIMETypeEntry: application/postscript, ps
2022-02-12 21:56:40.794 DEBUG 50137 --- [    Test worker] javax.activation                         : Added: MIMETypeEntry: application/rtf, rtf
2022-02-12 21:56:40.794 DEBUG 50137 --- [    Test worker] javax.activation                         : Added: MIMETypeEntry: application/x-tex, tex
2022-02-12 21:56:40.794 DEBUG 50137 --- [    Test worker] javax.activation                         : Added: MIMETypeEntry: application/x-texinfo, texinfo
2022-02-12 21:56:40.795 DEBUG 50137 --- [    Test worker] javax.activation                         : Added: MIMETypeEntry: application/x-texinfo, texi
2022-02-12 21:56:40.795 DEBUG 50137 --- [    Test worker] javax.activation                         : Added: MIMETypeEntry: application/x-troff, t
2022-02-12 21:56:40.795 DEBUG 50137 --- [    Test worker] javax.activation                         : Added: MIMETypeEntry: application/x-troff, tr
2022-02-12 21:56:40.796 DEBUG 50137 --- [    Test worker] javax.activation                         : Added: MIMETypeEntry: application/x-troff, roff
2022-02-12 21:56:40.796 DEBUG 50137 --- [    Test worker] javax.activation                         : Added: MIMETypeEntry: audio/basic, au
2022-02-12 21:56:40.797 DEBUG 50137 --- [    Test worker] javax.activation                         : Added: MIMETypeEntry: audio/midi, midi
2022-02-12 21:56:40.797 DEBUG 50137 --- [    Test worker] javax.activation                         : Added: MIMETypeEntry: audio/midi, mid
2022-02-12 21:56:40.797 DEBUG 50137 --- [    Test worker] javax.activation                         : Added: MIMETypeEntry: audio/x-aifc, aifc
2022-02-12 21:56:40.798 DEBUG 50137 --- [    Test worker] javax.activation                         : Added: MIMETypeEntry: audio/x-aiff, aif
2022-02-12 21:56:40.798 DEBUG 50137 --- [    Test worker] javax.activation                         : Added: MIMETypeEntry: audio/x-aiff, aiff
2022-02-12 21:56:40.799 DEBUG 50137 --- [    Test worker] javax.activation                         : Added: MIMETypeEntry: audio/x-mpeg, mpeg
2022-02-12 21:56:40.799 DEBUG 50137 --- [    Test worker] javax.activation                         : Added: MIMETypeEntry: audio/x-mpeg, mpg
2022-02-12 21:56:40.800 DEBUG 50137 --- [    Test worker] javax.activation                         : Added: MIMETypeEntry: audio/x-wav, wav
2022-02-12 21:56:40.800 DEBUG 50137 --- [    Test worker] javax.activation                         : Added: MIMETypeEntry: video/mpeg, mpeg
2022-02-12 21:56:40.801 DEBUG 50137 --- [    Test worker] javax.activation                         : Added: MIMETypeEntry: video/mpeg, mpg
2022-02-12 21:56:40.801 DEBUG 50137 --- [    Test worker] javax.activation                         : Added: MIMETypeEntry: video/mpeg, mpe
2022-02-12 21:56:40.801 DEBUG 50137 --- [    Test worker] javax.activation                         : Added: MIMETypeEntry: video/quicktime, qt
2022-02-12 21:56:40.802 DEBUG 50137 --- [    Test worker] javax.activation                         : Added: MIMETypeEntry: video/quicktime, mov
2022-02-12 21:56:40.802 DEBUG 50137 --- [    Test worker] javax.activation                         : Added: MIMETypeEntry: video/x-msvideo, avi
2022-02-12 21:56:40.802 DEBUG 50137 --- [    Test worker] javax.activation                         : MimetypesFileTypeMap: successfully loaded mime types file: /META-INF/mimetypes.default
2022-02-12 21:56:40.803 DEBUG 50137 --- [    Test worker] javax.activation                         : Added: MIMETypeEntry: text/html, html
2022-02-12 21:56:40.804 DEBUG 50137 --- [    Test worker] javax.activation                         : Added: MIMETypeEntry: text/html, htm
2022-02-12 21:56:40.804 DEBUG 50137 --- [    Test worker] javax.activation                         : Added: MIMETypeEntry: text/html, HTML
2022-02-12 21:56:40.805 DEBUG 50137 --- [    Test worker] javax.activation                         : Added: MIMETypeEntry: text/html, HTM
2022-02-12 21:56:40.805 DEBUG 50137 --- [    Test worker] javax.activation                         : Added: MIMETypeEntry: text/plain, txt
2022-02-12 21:56:40.805 DEBUG 50137 --- [    Test worker] javax.activation                         : Added: MIMETypeEntry: text/plain, text
2022-02-12 21:56:40.806 DEBUG 50137 --- [    Test worker] javax.activation                         : Added: MIMETypeEntry: text/plain, TXT
2022-02-12 21:56:40.806 DEBUG 50137 --- [    Test worker] javax.activation                         : Added: MIMETypeEntry: text/plain, TEXT
2022-02-12 21:56:40.806 DEBUG 50137 --- [    Test worker] javax.activation                         : Added: MIMETypeEntry: text/plain, java
2022-02-12 21:56:40.806 DEBUG 50137 --- [    Test worker] javax.activation                         : Added: MIMETypeEntry: text/plain, c
2022-02-12 21:56:40.807 DEBUG 50137 --- [    Test worker] javax.activation                         : Added: MIMETypeEntry: text/plain, c++
2022-02-12 21:56:40.807 DEBUG 50137 --- [    Test worker] javax.activation                         : Added: MIMETypeEntry: text/plain, cpp
2022-02-12 21:56:40.807 DEBUG 50137 --- [    Test worker] javax.activation                         : Added: MIMETypeEntry: text/plain, pl
2022-02-12 21:56:40.807 DEBUG 50137 --- [    Test worker] javax.activation                         : Added: MIMETypeEntry: text/plain, cc
2022-02-12 21:56:40.807 DEBUG 50137 --- [    Test worker] javax.activation                         : Added: MIMETypeEntry: text/plain, h
2022-02-12 21:56:40.808 DEBUG 50137 --- [    Test worker] javax.activation                         : Added: MIMETypeEntry: image/gif, gif
2022-02-12 21:56:40.808 DEBUG 50137 --- [    Test worker] javax.activation                         : Added: MIMETypeEntry: image/gif, GIF
2022-02-12 21:56:40.808 DEBUG 50137 --- [    Test worker] javax.activation                         : Added: MIMETypeEntry: image/ief, ief
2022-02-12 21:56:40.808 DEBUG 50137 --- [    Test worker] javax.activation                         : Added: MIMETypeEntry: image/jpeg, jpeg
2022-02-12 21:56:40.809 DEBUG 50137 --- [    Test worker] javax.activation                         : Added: MIMETypeEntry: image/jpeg, jpg
2022-02-12 21:56:40.809 DEBUG 50137 --- [    Test worker] javax.activation                         : Added: MIMETypeEntry: image/jpeg, jpe
2022-02-12 21:56:40.809 DEBUG 50137 --- [    Test worker] javax.activation                         : Added: MIMETypeEntry: image/jpeg, JPG
2022-02-12 21:56:40.809 DEBUG 50137 --- [    Test worker] javax.activation                         : Added: MIMETypeEntry: image/tiff, tiff
2022-02-12 21:56:40.809 DEBUG 50137 --- [    Test worker] javax.activation                         : Added: MIMETypeEntry: image/tiff, tif
2022-02-12 21:56:40.809 DEBUG 50137 --- [    Test worker] javax.activation                         : Added: MIMETypeEntry: image/x-xwindowdump, xwd
2022-02-12 21:56:40.809 DEBUG 50137 --- [    Test worker] javax.activation                         : Added: MIMETypeEntry: application/postscript, ai
2022-02-12 21:56:40.810 DEBUG 50137 --- [    Test worker] javax.activation                         : Added: MIMETypeEntry: application/postscript, eps
2022-02-12 21:56:40.810 DEBUG 50137 --- [    Test worker] javax.activation                         : Added: MIMETypeEntry: application/postscript, ps
2022-02-12 21:56:40.810 DEBUG 50137 --- [    Test worker] javax.activation                         : Added: MIMETypeEntry: application/rtf, rtf
2022-02-12 21:56:40.810 DEBUG 50137 --- [    Test worker] javax.activation                         : Added: MIMETypeEntry: application/x-tex, tex
2022-02-12 21:56:40.810 DEBUG 50137 --- [    Test worker] javax.activation                         : Added: MIMETypeEntry: application/x-texinfo, texinfo
2022-02-12 21:56:40.811 DEBUG 50137 --- [    Test worker] javax.activation                         : Added: MIMETypeEntry: application/x-texinfo, texi
2022-02-12 21:56:40.811 DEBUG 50137 --- [    Test worker] javax.activation                         : Added: MIMETypeEntry: application/x-troff, t
2022-02-12 21:56:40.811 DEBUG 50137 --- [    Test worker] javax.activation                         : Added: MIMETypeEntry: application/x-troff, tr
2022-02-12 21:56:40.811 DEBUG 50137 --- [    Test worker] javax.activation                         : Added: MIMETypeEntry: application/x-troff, roff
2022-02-12 21:56:40.812 DEBUG 50137 --- [    Test worker] javax.activation                         : Added: MIMETypeEntry: audio/basic, au
2022-02-12 21:56:40.812 DEBUG 50137 --- [    Test worker] javax.activation                         : Added: MIMETypeEntry: audio/midi, midi
2022-02-12 21:56:40.812 DEBUG 50137 --- [    Test worker] javax.activation                         : Added: MIMETypeEntry: audio/midi, mid
2022-02-12 21:56:40.812 DEBUG 50137 --- [    Test worker] javax.activation                         : Added: MIMETypeEntry: audio/x-aifc, aifc
2022-02-12 21:56:40.812 DEBUG 50137 --- [    Test worker] javax.activation                         : Added: MIMETypeEntry: audio/x-aiff, aif
2022-02-12 21:56:40.812 DEBUG 50137 --- [    Test worker] javax.activation                         : Added: MIMETypeEntry: audio/x-aiff, aiff
2022-02-12 21:56:40.813 DEBUG 50137 --- [    Test worker] javax.activation                         : Added: MIMETypeEntry: audio/x-mpeg, mpeg
2022-02-12 21:56:40.813 DEBUG 50137 --- [    Test worker] javax.activation                         : Added: MIMETypeEntry: audio/x-mpeg, mpg
2022-02-12 21:56:40.813 DEBUG 50137 --- [    Test worker] javax.activation                         : Added: MIMETypeEntry: audio/x-wav, wav
2022-02-12 21:56:40.813 DEBUG 50137 --- [    Test worker] javax.activation                         : Added: MIMETypeEntry: video/mpeg, mpeg
2022-02-12 21:56:40.813 DEBUG 50137 --- [    Test worker] javax.activation                         : Added: MIMETypeEntry: video/mpeg, mpg
2022-02-12 21:56:40.814 DEBUG 50137 --- [    Test worker] javax.activation                         : Added: MIMETypeEntry: video/mpeg, mpe
2022-02-12 21:56:40.814 DEBUG 50137 --- [    Test worker] javax.activation                         : Added: MIMETypeEntry: video/quicktime, qt
2022-02-12 21:56:40.814 DEBUG 50137 --- [    Test worker] javax.activation                         : Added: MIMETypeEntry: video/quicktime, mov
2022-02-12 21:56:40.814 DEBUG 50137 --- [    Test worker] javax.activation                         : Added: MIMETypeEntry: video/x-msvideo, avi
2022-02-12 21:56:40.814 DEBUG 50137 --- [    Test worker] javax.activation                         : Added: MIMETypeEntry: text/x-speech, talk
2022-02-12 21:56:40.814 DEBUG 50137 --- [    Test worker] javax.activation                         : Added: MIMETypeEntry: text/css, css
2022-02-12 21:56:40.814 DEBUG 50137 --- [    Test worker] javax.activation                         : Added: MIMETypeEntry: text/csv, csv
2022-02-12 21:56:40.814 DEBUG 50137 --- [    Test worker] javax.activation                         : Added: MIMETypeEntry: image/x-xbitmap, xbm
2022-02-12 21:56:40.815 DEBUG 50137 --- [    Test worker] javax.activation                         : Added: MIMETypeEntry: image/x-xpixmap, xpm
2022-02-12 21:56:40.815 DEBUG 50137 --- [    Test worker] javax.activation                         : Added: MIMETypeEntry: image/png, png
2022-02-12 21:56:40.815 DEBUG 50137 --- [    Test worker] javax.activation                         : Added: MIMETypeEntry: image/svg+xml, svg
2022-02-12 21:56:40.815 DEBUG 50137 --- [    Test worker] javax.activation                         : Added: MIMETypeEntry: image/ief, ief
2022-02-12 21:56:40.815 DEBUG 50137 --- [    Test worker] javax.activation                         : Added: MIMETypeEntry: image/rgb, rgb
2022-02-12 21:56:40.815 DEBUG 50137 --- [    Test worker] javax.activation                         : Added: MIMETypeEntry: image/g3fax, g3f
2022-02-12 21:56:40.816 DEBUG 50137 --- [    Test worker] javax.activation                         : Added: MIMETypeEntry: image/x-xwindowdump, xwd
2022-02-12 21:56:40.816 DEBUG 50137 --- [    Test worker] javax.activation                         : Added: MIMETypeEntry: image/x-pict, pict
2022-02-12 21:56:40.816 DEBUG 50137 --- [    Test worker] javax.activation                         : Added: MIMETypeEntry: image/x-portable-pixmap, ppm
2022-02-12 21:56:40.816 DEBUG 50137 --- [    Test worker] javax.activation                         : Added: MIMETypeEntry: image/x-portable-graymap, pgm
2022-02-12 21:56:40.816 DEBUG 50137 --- [    Test worker] javax.activation                         : Added: MIMETypeEntry: image/x-portable-bitmap, pbm
2022-02-12 21:56:40.816 DEBUG 50137 --- [    Test worker] javax.activation                         : Added: MIMETypeEntry: image/x-portable-anymap, pnm
2022-02-12 21:56:40.816 DEBUG 50137 --- [    Test worker] javax.activation                         : Added: MIMETypeEntry: image/x-ms-bmp, bmp
2022-02-12 21:56:40.817 DEBUG 50137 --- [    Test worker] javax.activation                         : Added: MIMETypeEntry: image/x-cmu-raster, ras
2022-02-12 21:56:40.817 DEBUG 50137 --- [    Test worker] javax.activation                         : Added: MIMETypeEntry: image/x-photo-cd, pcd
2022-02-12 21:56:40.817 DEBUG 50137 --- [    Test worker] javax.activation                         : Added: MIMETypeEntry: image/cgm, cgm
2022-02-12 21:56:40.817 DEBUG 50137 --- [    Test worker] javax.activation                         : Added: MIMETypeEntry: image/x-cals, mil
2022-02-12 21:56:40.817 DEBUG 50137 --- [    Test worker] javax.activation                         : Added: MIMETypeEntry: image/x-cals, cal
2022-02-12 21:56:40.818 DEBUG 50137 --- [    Test worker] javax.activation                         : Added: MIMETypeEntry: image/fif, fif
2022-02-12 21:56:40.818 DEBUG 50137 --- [    Test worker] javax.activation                         : Added: MIMETypeEntry: image/x-mgx-dsf, dsf
2022-02-12 21:56:40.818 DEBUG 50137 --- [    Test worker] javax.activation                         : Added: MIMETypeEntry: image/x-cmx, cmx
2022-02-12 21:56:40.818 DEBUG 50137 --- [    Test worker] javax.activation                         : Added: MIMETypeEntry: image/wavelet, wi
2022-02-12 21:56:40.818 DEBUG 50137 --- [    Test worker] javax.activation                         : Added: MIMETypeEntry: image/vnd.dwg, dwg
2022-02-12 21:56:40.819 DEBUG 50137 --- [    Test worker] javax.activation                         : Added: MIMETypeEntry: image/vnd.dxf, dxf
2022-02-12 21:56:40.819 DEBUG 50137 --- [    Test worker] javax.activation                         : Added: MIMETypeEntry: image/vnd.svf, svf
2022-02-12 21:56:40.820 DEBUG 50137 --- [    Test worker] javax.activation                         : Added: MIMETypeEntry: audio/basic, au
2022-02-12 21:56:40.820 DEBUG 50137 --- [    Test worker] javax.activation                         : Added: MIMETypeEntry: audio/basic, snd
2022-02-12 21:56:40.820 DEBUG 50137 --- [    Test worker] javax.activation                         : Added: MIMETypeEntry: audio/x-aiff, aif
2022-02-12 21:56:40.820 DEBUG 50137 --- [    Test worker] javax.activation                         : Added: MIMETypeEntry: audio/x-aiff, aiff
2022-02-12 21:56:40.820 DEBUG 50137 --- [    Test worker] javax.activation                         : Added: MIMETypeEntry: audio/x-aiff, aifc
2022-02-12 21:56:40.820 DEBUG 50137 --- [    Test worker] javax.activation                         : Added: MIMETypeEntry: audio/x-wav, wav
2022-02-12 21:56:40.821 DEBUG 50137 --- [    Test worker] javax.activation                         : Added: MIMETypeEntry: audio/x-mpeg, mpa
2022-02-12 21:56:40.821 DEBUG 50137 --- [    Test worker] javax.activation                         : Added: MIMETypeEntry: audio/x-mpeg, abs
2022-02-12 21:56:40.821 DEBUG 50137 --- [    Test worker] javax.activation                         : Added: MIMETypeEntry: audio/x-mpeg, mpega
2022-02-12 21:56:40.821 DEBUG 50137 --- [    Test worker] javax.activation                         : Added: MIMETypeEntry: audio/x-mpeg-2, mp2a
2022-02-12 21:56:40.821 DEBUG 50137 --- [    Test worker] javax.activation                         : Added: MIMETypeEntry: audio/x-mpeg-2, mpa2
2022-02-12 21:56:40.821 DEBUG 50137 --- [    Test worker] javax.activation                         : Added: MIMETypeEntry: audio/echospeech, es
2022-02-12 21:56:40.822 DEBUG 50137 --- [    Test worker] javax.activation                         : Added: MIMETypeEntry: audio/voxware, vox
2022-02-12 21:56:40.822 DEBUG 50137 --- [    Test worker] javax.activation                         : Added: MIMETypeEntry: application/fastman, lcc
2022-02-12 21:56:40.822 DEBUG 50137 --- [    Test worker] javax.activation                         : Added: MIMETypeEntry: application/x-pn-realaudio, ra
2022-02-12 21:56:40.822 DEBUG 50137 --- [    Test worker] javax.activation                         : Added: MIMETypeEntry: application/x-pn-realaudio, ram
2022-02-12 21:56:40.822 DEBUG 50137 --- [    Test worker] javax.activation                         : Added: MIMETypeEntry: x-music/x-midi, mmid
2022-02-12 21:56:40.823 DEBUG 50137 --- [    Test worker] javax.activation                         : Added: MIMETypeEntry: application/vnd.koan, skp
2022-02-12 21:56:40.823 DEBUG 50137 --- [    Test worker] javax.activation                         : Added: MIMETypeEntry: text/x-speech, talk
2022-02-12 21:56:40.823 DEBUG 50137 --- [    Test worker] javax.activation                         : Added: MIMETypeEntry: video/mpeg, mpeg
2022-02-12 21:56:40.824 DEBUG 50137 --- [    Test worker] javax.activation                         : Added: MIMETypeEntry: video/mpeg, mpg
2022-02-12 21:56:40.824 DEBUG 50137 --- [    Test worker] javax.activation                         : Added: MIMETypeEntry: video/mpeg, mpe
2022-02-12 21:56:40.824 DEBUG 50137 --- [    Test worker] javax.activation                         : Added: MIMETypeEntry: video/mpeg-2, mpv2
2022-02-12 21:56:40.825 DEBUG 50137 --- [    Test worker] javax.activation                         : Added: MIMETypeEntry: video/mpeg-2, mp2v
2022-02-12 21:56:40.825 DEBUG 50137 --- [    Test worker] javax.activation                         : Added: MIMETypeEntry: video/quicktime, qt
2022-02-12 21:56:40.825 DEBUG 50137 --- [    Test worker] javax.activation                         : Added: MIMETypeEntry: video/quicktime, mov
2022-02-12 21:56:40.826 DEBUG 50137 --- [    Test worker] javax.activation                         : Added: MIMETypeEntry: video/x-msvideo, avi
2022-02-12 21:56:40.826 DEBUG 50137 --- [    Test worker] javax.activation                         : Added: MIMETypeEntry: video/x-sgi-movie, movie
2022-02-12 21:56:40.826 DEBUG 50137 --- [    Test worker] javax.activation                         : Added: MIMETypeEntry: video/vdo, vdo
2022-02-12 21:56:40.826 DEBUG 50137 --- [    Test worker] javax.activation                         : Added: MIMETypeEntry: video/vnd.vivo, viv
2022-02-12 21:56:40.827 DEBUG 50137 --- [    Test worker] javax.activation                         : Added: MIMETypeEntry: application/x-ns-proxy-autoconfig, pac
2022-02-12 21:56:40.827 DEBUG 50137 --- [    Test worker] javax.activation                         : Added: MIMETypeEntry: x-conference/x-cooltalk, ice
2022-02-12 21:56:40.827 DEBUG 50137 --- [    Test worker] javax.activation                         : Added: MIMETypeEntry: application/postscript, ai
2022-02-12 21:56:40.828 DEBUG 50137 --- [    Test worker] javax.activation                         : Added: MIMETypeEntry: application/postscript, eps
2022-02-12 21:56:40.828 DEBUG 50137 --- [    Test worker] javax.activation                         : Added: MIMETypeEntry: application/postscript, ps
2022-02-12 21:56:40.828 DEBUG 50137 --- [    Test worker] javax.activation                         : Added: MIMETypeEntry: application/rtf, rtf
2022-02-12 21:56:40.828 DEBUG 50137 --- [    Test worker] javax.activation                         : Added: MIMETypeEntry: application/pdf, pdf
2022-02-12 21:56:40.829 DEBUG 50137 --- [    Test worker] javax.activation                         : Added: MIMETypeEntry: application/vnd.mif, mif
2022-02-12 21:56:40.829 DEBUG 50137 --- [    Test worker] javax.activation                         : Added: MIMETypeEntry: application/x-troff, t
2022-02-12 21:56:40.829 DEBUG 50137 --- [    Test worker] javax.activation                         : Added: MIMETypeEntry: application/x-troff, tr
2022-02-12 21:56:40.830 DEBUG 50137 --- [    Test worker] javax.activation                         : Added: MIMETypeEntry: application/x-troff, roff
2022-02-12 21:56:40.830 DEBUG 50137 --- [    Test worker] javax.activation                         : Added: MIMETypeEntry: application/x-troff-man, man
2022-02-12 21:56:40.830 DEBUG 50137 --- [    Test worker] javax.activation                         : Added: MIMETypeEntry: application/x-troff-me, me
2022-02-12 21:56:40.831 DEBUG 50137 --- [    Test worker] javax.activation                         : Added: MIMETypeEntry: application/x-troff-ms, ms
2022-02-12 21:56:40.831 DEBUG 50137 --- [    Test worker] javax.activation                         : Added: MIMETypeEntry: application/x-latex, latex
2022-02-12 21:56:40.831 DEBUG 50137 --- [    Test worker] javax.activation                         : Added: MIMETypeEntry: application/x-tex, tex
2022-02-12 21:56:40.831 DEBUG 50137 --- [    Test worker] javax.activation                         : Added: MIMETypeEntry: application/x-texinfo, texinfo
2022-02-12 21:56:40.831 DEBUG 50137 --- [    Test worker] javax.activation                         : Added: MIMETypeEntry: application/x-texinfo, texi
2022-02-12 21:56:40.832 DEBUG 50137 --- [    Test worker] javax.activation                         : Added: MIMETypeEntry: application/x-dvi, dvi
2022-02-12 21:56:40.832 DEBUG 50137 --- [    Test worker] javax.activation                         : Added: MIMETypeEntry: application/msword, doc
2022-02-12 21:56:40.832 DEBUG 50137 --- [    Test worker] javax.activation                         : Added: MIMETypeEntry: application/msword, DOC
2022-02-12 21:56:40.832 DEBUG 50137 --- [    Test worker] javax.activation                         : Added: MIMETypeEntry: application/oda, oda
2022-02-12 21:56:40.832 DEBUG 50137 --- [    Test worker] javax.activation                         : Added: MIMETypeEntry: application/envoy, evy
2022-02-12 21:56:40.832 DEBUG 50137 --- [    Test worker] javax.activation                         : Added: MIMETypeEntry: application/x-gtar, gtar
2022-02-12 21:56:40.833 DEBUG 50137 --- [    Test worker] javax.activation                         : Added: MIMETypeEntry: application/x-tar, tar
2022-02-12 21:56:40.833 DEBUG 50137 --- [    Test worker] javax.activation                         : Added: MIMETypeEntry: application/x-ustar, ustar
2022-02-12 21:56:40.833 DEBUG 50137 --- [    Test worker] javax.activation                         : Added: MIMETypeEntry: application/x-bcpio, bcpio
2022-02-12 21:56:40.833 DEBUG 50137 --- [    Test worker] javax.activation                         : Added: MIMETypeEntry: application/x-cpio, cpio
2022-02-12 21:56:40.833 DEBUG 50137 --- [    Test worker] javax.activation                         : Added: MIMETypeEntry: application/x-shar, shar
2022-02-12 21:56:40.834 DEBUG 50137 --- [    Test worker] javax.activation                         : Added: MIMETypeEntry: application/zip, zip
2022-02-12 21:56:40.834 DEBUG 50137 --- [    Test worker] javax.activation                         : Added: MIMETypeEntry: application/mac-binhex40, hqx
2022-02-12 21:56:40.834 DEBUG 50137 --- [    Test worker] javax.activation                         : Added: MIMETypeEntry: application/x-stuffit, sit
2022-02-12 21:56:40.834 DEBUG 50137 --- [    Test worker] javax.activation                         : Added: MIMETypeEntry: application/x-stuffit, sea
2022-02-12 21:56:40.834 DEBUG 50137 --- [    Test worker] javax.activation                         : Added: MIMETypeEntry: application/fractals, fif
2022-02-12 21:56:40.835 DEBUG 50137 --- [    Test worker] javax.activation                         : Added: MIMETypeEntry: application/octet-stream, bin
2022-02-12 21:56:40.835 DEBUG 50137 --- [    Test worker] javax.activation                         : Added: MIMETypeEntry: application/octet-stream, uu
2022-02-12 21:56:40.835 DEBUG 50137 --- [    Test worker] javax.activation                         : Added: MIMETypeEntry: application/octet-stream, exe
2022-02-12 21:56:40.836 DEBUG 50137 --- [    Test worker] javax.activation                         : Added: MIMETypeEntry: application/x-wais-source, src
2022-02-12 21:56:40.836 DEBUG 50137 --- [    Test worker] javax.activation                         : Added: MIMETypeEntry: application/x-wais-source, wsrc
2022-02-12 21:56:40.836 DEBUG 50137 --- [    Test worker] javax.activation                         : Added: MIMETypeEntry: application/hdf, hdf
2022-02-12 21:56:40.836 DEBUG 50137 --- [    Test worker] javax.activation                         : Added: MIMETypeEntry: text/javascript, js
2022-02-12 21:56:40.836 DEBUG 50137 --- [    Test worker] javax.activation                         : Added: MIMETypeEntry: text/javascript, ls
2022-02-12 21:56:40.836 DEBUG 50137 --- [    Test worker] javax.activation                         : Added: MIMETypeEntry: text/javascript, mocha
2022-02-12 21:56:40.837 DEBUG 50137 --- [    Test worker] javax.activation                         : Added: MIMETypeEntry: application/x-sh, sh
2022-02-12 21:56:40.837 DEBUG 50137 --- [    Test worker] javax.activation                         : Added: MIMETypeEntry: application/x-csh, csh
2022-02-12 21:56:40.837 DEBUG 50137 --- [    Test worker] javax.activation                         : Added: MIMETypeEntry: application/x-perl, pl
2022-02-12 21:56:40.838 DEBUG 50137 --- [    Test worker] javax.activation                         : Added: MIMETypeEntry: application/x-tcl, tcl
2022-02-12 21:56:40.838 DEBUG 50137 --- [    Test worker] javax.activation                         : Added: MIMETypeEntry: application/futuresplash, spl
2022-02-12 21:56:40.838 DEBUG 50137 --- [    Test worker] javax.activation                         : Added: MIMETypeEntry: application/mbedlet, mbd
2022-02-12 21:56:40.838 DEBUG 50137 --- [    Test worker] javax.activation                         : Added: MIMETypeEntry: application/x-rad-powermedia, rad
2022-02-12 21:56:40.839 DEBUG 50137 --- [    Test worker] javax.activation                         : Added: MIMETypeEntry: application/mspowerpoint, ppz
2022-02-12 21:56:40.839 DEBUG 50137 --- [    Test worker] javax.activation                         : Added: MIMETypeEntry: application/x-asap, asp
2022-02-12 21:56:40.839 DEBUG 50137 --- [    Test worker] javax.activation                         : Added: MIMETypeEntry: application/astound, asn
2022-02-12 21:56:40.839 DEBUG 50137 --- [    Test worker] javax.activation                         : Added: MIMETypeEntry: application/x-olescript, axs
2022-02-12 21:56:40.840 DEBUG 50137 --- [    Test worker] javax.activation                         : Added: MIMETypeEntry: application/x-oleobject, ods
2022-02-12 21:56:40.840 DEBUG 50137 --- [    Test worker] javax.activation                         : Added: MIMETypeEntry: x-form/x-openscape, opp
2022-02-12 21:56:40.840 DEBUG 50137 --- [    Test worker] javax.activation                         : Added: MIMETypeEntry: application/x-webbasic, wba
2022-02-12 21:56:40.840 DEBUG 50137 --- [    Test worker] javax.activation                         : Added: MIMETypeEntry: application/x-alpha-form, frm
2022-02-12 21:56:40.840 DEBUG 50137 --- [    Test worker] javax.activation                         : Added: MIMETypeEntry: x-script/x-wfxclient, wfx
2022-02-12 21:56:40.841 DEBUG 50137 --- [    Test worker] javax.activation                         : Added: MIMETypeEntry: application/octet-stream, exe
2022-02-12 21:56:40.841 DEBUG 50137 --- [    Test worker] javax.activation                         : Added: MIMETypeEntry: application/octet-stream, com
2022-02-12 21:56:40.841 DEBUG 50137 --- [    Test worker] javax.activation                         : Added: MIMETypeEntry: application/x-pcn, pcn
2022-02-12 21:56:40.841 DEBUG 50137 --- [    Test worker] javax.activation                         : Added: MIMETypeEntry: application/vnd.ms-excel, xls
2022-02-12 21:56:40.841 DEBUG 50137 --- [    Test worker] javax.activation                         : Added: MIMETypeEntry: application/vnd.ms-powerpoint, ppt
2022-02-12 21:56:40.842 DEBUG 50137 --- [    Test worker] javax.activation                         : Added: MIMETypeEntry: application/vnd.ms-project, mpp
2022-02-12 21:56:40.842 DEBUG 50137 --- [    Test worker] javax.activation                         : Added: MIMETypeEntry: application/vnd.svd, svd
2022-02-12 21:56:40.842 DEBUG 50137 --- [    Test worker] javax.activation                         : Added: MIMETypeEntry: application/x-net-install, ins
2022-02-12 21:56:40.842 DEBUG 50137 --- [    Test worker] javax.activation                         : Added: MIMETypeEntry: application/ccv, ccv
2022-02-12 21:56:40.842 DEBUG 50137 --- [    Test worker] javax.activation                         : Added: MIMETypeEntry: workbook/formulaone, vts
2022-02-12 21:56:40.843 DEBUG 50137 --- [    Test worker] javax.activation                         : Added: MIMETypeEntry: x-world/x-vrml, wrl
2022-02-12 21:56:40.843 DEBUG 50137 --- [    Test worker] javax.activation                         : Added: MIMETypeEntry: x-world/x-vrml, vrml
2022-02-12 21:56:40.843 DEBUG 50137 --- [    Test worker] javax.activation                         : Added: MIMETypeEntry: x-world/x-vream, vrw
2022-02-12 21:56:40.843 DEBUG 50137 --- [    Test worker] javax.activation                         : Added: MIMETypeEntry: application/x-p3d, p3d
2022-02-12 21:56:40.843 DEBUG 50137 --- [    Test worker] javax.activation                         : Added: MIMETypeEntry: x-world/x-svr, svr
2022-02-12 21:56:40.844 DEBUG 50137 --- [    Test worker] javax.activation                         : Added: MIMETypeEntry: x-world/x-wvr, wvr
2022-02-12 21:56:40.844 DEBUG 50137 --- [    Test worker] javax.activation                         : Added: MIMETypeEntry: x-world/x-3dmf, 3dmf
2022-02-12 21:56:40.844 DEBUG 50137 --- [    Test worker] javax.activation                         : Added: MIMETypeEntry: application/mathematica, ma
2022-02-12 21:56:40.844 DEBUG 50137 --- [    Test worker] javax.activation                         : Added: MIMETypeEntry: x-model/x-mesh, msh
2022-02-12 21:56:40.845 DEBUG 50137 --- [    Test worker] javax.activation                         : Added: MIMETypeEntry: application/vis5d, v5d
2022-02-12 21:56:40.845 DEBUG 50137 --- [    Test worker] javax.activation                         : Added: MIMETypeEntry: application/iges, igs
2022-02-12 21:56:40.845 DEBUG 50137 --- [    Test worker] javax.activation                         : Added: MIMETypeEntry: drawing/x-dwf, dwf
2022-02-12 21:56:41.400  INFO 50137 --- [    Test worker] o.s.s.web.DefaultSecurityFilterChain     : Will secure any request with [org.springframework.security.web.context.request.async.WebAsyncManagerIntegrationFilter@536da29c, org.springframework.security.web.context.SecurityContextPersistenceFilter@2a667f44, org.springframework.security.web.header.HeaderWriterFilter@4d8056bf, org.springframework.security.web.csrf.CsrfFilter@1c6ac73c, org.springframework.security.web.authentication.logout.LogoutFilter@369ad7da, org.springframework.security.web.authentication.UsernamePasswordAuthenticationFilter@70c56434, org.springframework.security.web.authentication.ui.DefaultLoginPageGeneratingFilter@5db9f51f, org.springframework.security.web.authentication.ui.DefaultLogoutPageGeneratingFilter@58fbcb71, org.springframework.security.web.savedrequest.RequestCacheAwareFilter@61dd1c3d, org.springframework.security.web.servletapi.SecurityContextHolderAwareRequestFilter@cae2a97, org.springframework.security.web.authentication.AnonymousAuthenticationFilter@70cf7d1e, org.springframework.security.web.session.SessionManagementFilter@312a738d, org.springframework.security.web.access.ExceptionTranslationFilter@1cc9bd9b, org.springframework.security.web.access.intercept.FilterSecurityInterceptor@14590fe2]
2022-02-12 21:56:41.502 DEBUG 50137 --- [    Test worker] o.a.catalina.core.AprLifecycleListener   : The Apache Tomcat Native library could not be found using names [tcnative-1, libtcnative-1] on the java.library.path [/Users/admin/Library/Java/Extensions:/Library/Java/Extensions:/Network/Library/Java/Extensions:/System/Library/Java/Extensions:/usr/lib/java:.]. The errors reported were [Can't load library: /Users/admin/Desktop/SprungInsMacAigain/HardCodes/willagropastoral-jdbc-oauth-email/bin/libtcnative-1.dylib, Can't load library: /Users/admin/Desktop/SprungInsMacAigain/HardCodes/willagropastoral-jdbc-oauth-email/bin/liblibtcnative-1.dylib, no tcnative-1 in java.library.path: /Users/admin/Library/Java/Extensions:/Library/Java/Extensions:/Network/Library/Java/Extensions:/System/Library/Java/Extensions:/usr/lib/java:., no libtcnative-1 in java.library.path: /Users/admin/Library/Java/Extensions:/Library/Java/Extensions:/Network/Library/Java/Extensions:/System/Library/Java/Extensions:/usr/lib/java:.]

org.apache.tomcat.jni.LibraryNotFoundError: Can't load library: /Users/admin/Desktop/SprungInsMacAigain/HardCodes/willagropastoral-jdbc-oauth-email/bin/libtcnative-1.dylib, Can't load library: /Users/admin/Desktop/SprungInsMacAigain/HardCodes/willagropastoral-jdbc-oauth-email/bin/liblibtcnative-1.dylib, no tcnative-1 in java.library.path: /Users/admin/Library/Java/Extensions:/Library/Java/Extensions:/Network/Library/Java/Extensions:/System/Library/Java/Extensions:/usr/lib/java:., no libtcnative-1 in java.library.path: /Users/admin/Library/Java/Extensions:/Library/Java/Extensions:/Network/Library/Java/Extensions:/System/Library/Java/Extensions:/usr/lib/java:.
	at org.apache.tomcat.jni.Library.<init>(Library.java:93) ~[tomcat-embed-core-9.0.56.jar:9.0.56]
	at org.apache.tomcat.jni.Library.initialize(Library.java:203) ~[tomcat-embed-core-9.0.56.jar:9.0.56]
	at org.apache.catalina.core.AprLifecycleListener.init(AprLifecycleListener.java:203) ~[tomcat-embed-core-9.0.56.jar:9.0.56]
	at org.apache.catalina.core.AprLifecycleListener.isAprAvailable(AprLifecycleListener.java:108) ~[tomcat-embed-core-9.0.56.jar:9.0.56]
	at org.springframework.boot.web.embedded.tomcat.TomcatServletWebServerFactory.getDefaultServerLifecycleListeners(TomcatServletWebServerFactory.java:182) ~[spring-boot-2.6.3.jar:2.6.3]
	at org.springframework.boot.web.embedded.tomcat.TomcatServletWebServerFactory.<init>(TomcatServletWebServerFactory.java:129) ~[spring-boot-2.6.3.jar:2.6.3]
	at org.springframework.boot.autoconfigure.web.servlet.ServletWebServerFactoryConfiguration$EmbeddedTomcat.tomcatServletWebServerFactory(ServletWebServerFactoryConfiguration.java:76) ~[spring-boot-autoconfigure-2.6.3.jar:2.6.3]
	at java.base/jdk.internal.reflect.NativeMethodAccessorImpl.invoke0(Native Method) ~[na:na]
	at java.base/jdk.internal.reflect.NativeMethodAccessorImpl.invoke(NativeMethodAccessorImpl.java:77) ~[na:na]
	at java.base/jdk.internal.reflect.DelegatingMethodAccessorImpl.invoke(DelegatingMethodAccessorImpl.java:43) ~[na:na]
	at java.base/java.lang.reflect.Method.invoke(Method.java:568) ~[na:na]
	at org.springframework.beans.factory.support.SimpleInstantiationStrategy.instantiate(SimpleInstantiationStrategy.java:154) ~[spring-beans-5.3.15.jar:5.3.15]
	at org.springframework.beans.factory.support.ConstructorResolver.instantiate(ConstructorResolver.java:653) ~[spring-beans-5.3.15.jar:5.3.15]
	at org.springframework.beans.factory.support.ConstructorResolver.instantiateUsingFactoryMethod(ConstructorResolver.java:638) ~[spring-beans-5.3.15.jar:5.3.15]
	at org.springframework.beans.factory.support.AbstractAutowireCapableBeanFactory.instantiateUsingFactoryMethod(AbstractAutowireCapableBeanFactory.java:1352) ~[spring-beans-5.3.15.jar:5.3.15]
	at org.springframework.beans.factory.support.AbstractAutowireCapableBeanFactory.createBeanInstance(AbstractAutowireCapableBeanFactory.java:1195) ~[spring-beans-5.3.15.jar:5.3.15]
	at org.springframework.beans.factory.support.AbstractAutowireCapableBeanFactory.doCreateBean(AbstractAutowireCapableBeanFactory.java:582) ~[spring-beans-5.3.15.jar:5.3.15]
	at org.springframework.beans.factory.support.AbstractAutowireCapableBeanFactory.createBean(AbstractAutowireCapableBeanFactory.java:542) ~[spring-beans-5.3.15.jar:5.3.15]
	at org.springframework.beans.factory.support.AbstractBeanFactory.lambda$doGetBean$0(AbstractBeanFactory.java:335) ~[spring-beans-5.3.15.jar:5.3.15]
	at org.springframework.beans.factory.support.DefaultSingletonBeanRegistry.getSingleton(DefaultSingletonBeanRegistry.java:234) ~[spring-beans-5.3.15.jar:5.3.15]
	at org.springframework.beans.factory.support.AbstractBeanFactory.doGetBean(AbstractBeanFactory.java:333) ~[spring-beans-5.3.15.jar:5.3.15]
	at org.springframework.beans.factory.support.AbstractBeanFactory.getBean(AbstractBeanFactory.java:208) ~[spring-beans-5.3.15.jar:5.3.15]
	at org.springframework.beans.factory.support.DefaultListableBeanFactory.preInstantiateSingletons(DefaultListableBeanFactory.java:953) ~[spring-beans-5.3.15.jar:5.3.15]
	at org.springframework.context.support.AbstractApplicationContext.finishBeanFactoryInitialization(AbstractApplicationContext.java:918) ~[spring-context-5.3.15.jar:5.3.15]
	at org.springframework.context.support.AbstractApplicationContext.refresh(AbstractApplicationContext.java:583) ~[spring-context-5.3.15.jar:5.3.15]
	at org.springframework.boot.SpringApplication.refresh(SpringApplication.java:732) ~[spring-boot-2.6.3.jar:2.6.3]
	at org.springframework.boot.SpringApplication.refreshContext(SpringApplication.java:414) ~[spring-boot-2.6.3.jar:2.6.3]
	at org.springframework.boot.SpringApplication.run(SpringApplication.java:302) ~[spring-boot-2.6.3.jar:2.6.3]
	at org.springframework.boot.test.context.SpringBootContextLoader.loadContext(SpringBootContextLoader.java:136) ~[spring-boot-test-2.6.3.jar:2.6.3]
	at org.springframework.test.context.cache.DefaultCacheAwareContextLoaderDelegate.loadContextInternal(DefaultCacheAwareContextLoaderDelegate.java:99) ~[spring-test-5.3.15.jar:5.3.15]
	at org.springframework.test.context.cache.DefaultCacheAwareContextLoaderDelegate.loadContext(DefaultCacheAwareContextLoaderDelegate.java:124) ~[spring-test-5.3.15.jar:5.3.15]
	at org.springframework.test.context.support.DefaultTestContext.getApplicationContext(DefaultTestContext.java:124) ~[spring-test-5.3.15.jar:5.3.15]
	at org.springframework.test.context.web.ServletTestExecutionListener.setUpRequestContextIfNecessary(ServletTestExecutionListener.java:190) ~[spring-test-5.3.15.jar:5.3.15]
	at org.springframework.test.context.web.ServletTestExecutionListener.prepareTestInstance(ServletTestExecutionListener.java:132) ~[spring-test-5.3.15.jar:5.3.15]
	at org.springframework.test.context.TestContextManager.prepareTestInstance(TestContextManager.java:248) ~[spring-test-5.3.15.jar:5.3.15]
	at org.springframework.test.context.junit.jupiter.SpringExtension.postProcessTestInstance(SpringExtension.java:138) ~[spring-test-5.3.15.jar:5.3.15]
	at org.junit.jupiter.engine.descriptor.ClassBasedTestDescriptor.lambda$invokeTestInstancePostProcessors$8(ClassBasedTestDescriptor.java:363) ~[junit-jupiter-engine-5.8.2.jar:5.8.2]
	at org.junit.jupiter.engine.descriptor.ClassBasedTestDescriptor.executeAndMaskThrowable(ClassBasedTestDescriptor.java:368) ~[junit-jupiter-engine-5.8.2.jar:5.8.2]
	at org.junit.jupiter.engine.descriptor.ClassBasedTestDescriptor.lambda$invokeTestInstancePostProcessors$9(ClassBasedTestDescriptor.java:363) ~[junit-jupiter-engine-5.8.2.jar:5.8.2]
	at java.base/java.util.stream.ReferencePipeline$3$1.accept(ReferencePipeline.java:197) ~[na:na]
	at java.base/java.util.stream.ReferencePipeline$2$1.accept(ReferencePipeline.java:179) ~[na:na]
	at java.base/java.util.ArrayList$ArrayListSpliterator.forEachRemaining(ArrayList.java:1625) ~[na:na]
	at java.base/java.util.stream.AbstractPipeline.copyInto(AbstractPipeline.java:509) ~[na:na]
	at java.base/java.util.stream.AbstractPipeline.wrapAndCopyInto(AbstractPipeline.java:499) ~[na:na]
	at java.base/java.util.stream.StreamSpliterators$WrappingSpliterator.forEachRemaining(StreamSpliterators.java:310) ~[na:na]
	at java.base/java.util.stream.Streams$ConcatSpliterator.forEachRemaining(Streams.java:735) ~[na:na]
	at java.base/java.util.stream.Streams$ConcatSpliterator.forEachRemaining(Streams.java:734) ~[na:na]
	at java.base/java.util.stream.ReferencePipeline$Head.forEach(ReferencePipeline.java:762) ~[na:na]
	at org.junit.jupiter.engine.descriptor.ClassBasedTestDescriptor.invokeTestInstancePostProcessors(ClassBasedTestDescriptor.java:362) ~[junit-jupiter-engine-5.8.2.jar:5.8.2]
	at org.junit.jupiter.engine.descriptor.ClassBasedTestDescriptor.lambda$instantiateAndPostProcessTestInstance$6(ClassBasedTestDescriptor.java:283) ~[junit-jupiter-engine-5.8.2.jar:5.8.2]
	at org.junit.platform.engine.support.hierarchical.ThrowableCollector.execute(ThrowableCollector.java:73) ~[junit-platform-engine-1.8.2.jar:1.8.2]
	at org.junit.jupiter.engine.descriptor.ClassBasedTestDescriptor.instantiateAndPostProcessTestInstance(ClassBasedTestDescriptor.java:282) ~[junit-jupiter-engine-5.8.2.jar:5.8.2]
	at org.junit.jupiter.engine.descriptor.ClassBasedTestDescriptor.lambda$testInstancesProvider$4(ClassBasedTestDescriptor.java:272) ~[junit-jupiter-engine-5.8.2.jar:5.8.2]
	at java.base/java.util.Optional.orElseGet(Optional.java:364) ~[na:na]
	at org.junit.jupiter.engine.descriptor.ClassBasedTestDescriptor.lambda$testInstancesProvider$5(ClassBasedTestDescriptor.java:271) ~[junit-jupiter-engine-5.8.2.jar:5.8.2]
	at org.junit.jupiter.engine.execution.TestInstancesProvider.getTestInstances(TestInstancesProvider.java:31) ~[junit-jupiter-engine-5.8.2.jar:5.8.2]
	at org.junit.jupiter.engine.descriptor.TestMethodTestDescriptor.lambda$prepare$0(TestMethodTestDescriptor.java:102) ~[junit-jupiter-engine-5.8.2.jar:5.8.2]
	at org.junit.platform.engine.support.hierarchical.ThrowableCollector.execute(ThrowableCollector.java:73) ~[junit-platform-engine-1.8.2.jar:1.8.2]
	at org.junit.jupiter.engine.descriptor.TestMethodTestDescriptor.prepare(TestMethodTestDescriptor.java:101) ~[junit-jupiter-engine-5.8.2.jar:5.8.2]
	at org.junit.jupiter.engine.descriptor.TestMethodTestDescriptor.prepare(TestMethodTestDescriptor.java:66) ~[junit-jupiter-engine-5.8.2.jar:5.8.2]
	at org.junit.platform.engine.support.hierarchical.NodeTestTask.lambda$prepare$2(NodeTestTask.java:123) ~[junit-platform-engine-1.8.2.jar:1.8.2]
	at org.junit.platform.engine.support.hierarchical.ThrowableCollector.execute(ThrowableCollector.java:73) ~[junit-platform-engine-1.8.2.jar:1.8.2]
	at org.junit.platform.engine.support.hierarchical.NodeTestTask.prepare(NodeTestTask.java:123) ~[junit-platform-engine-1.8.2.jar:1.8.2]
	at org.junit.platform.engine.support.hierarchical.NodeTestTask.execute(NodeTestTask.java:90) ~[junit-platform-engine-1.8.2.jar:1.8.2]
	at java.base/java.util.ArrayList.forEach(ArrayList.java:1511) ~[na:na]
	at org.junit.platform.engine.support.hierarchical.SameThreadHierarchicalTestExecutorService.invokeAll(SameThreadHierarchicalTestExecutorService.java:41) ~[junit-platform-engine-1.8.2.jar:1.8.2]
	at org.junit.platform.engine.support.hierarchical.NodeTestTask.lambda$executeRecursively$6(NodeTestTask.java:155) ~[junit-platform-engine-1.8.2.jar:1.8.2]
	at org.junit.platform.engine.support.hierarchical.ThrowableCollector.execute(ThrowableCollector.java:73) ~[junit-platform-engine-1.8.2.jar:1.8.2]
	at org.junit.platform.engine.support.hierarchical.NodeTestTask.lambda$executeRecursively$8(NodeTestTask.java:141) ~[junit-platform-engine-1.8.2.jar:1.8.2]
	at org.junit.platform.engine.support.hierarchical.Node.around(Node.java:137) ~[junit-platform-engine-1.8.2.jar:1.8.2]
	at org.junit.platform.engine.support.hierarchical.NodeTestTask.lambda$executeRecursively$9(NodeTestTask.java:139) ~[junit-platform-engine-1.8.2.jar:1.8.2]
	at org.junit.platform.engine.support.hierarchical.ThrowableCollector.execute(ThrowableCollector.java:73) ~[junit-platform-engine-1.8.2.jar:1.8.2]
	at org.junit.platform.engine.support.hierarchical.NodeTestTask.executeRecursively(NodeTestTask.java:138) ~[junit-platform-engine-1.8.2.jar:1.8.2]
	at org.junit.platform.engine.support.hierarchical.NodeTestTask.execute(NodeTestTask.java:95) ~[junit-platform-engine-1.8.2.jar:1.8.2]
	at java.base/java.util.ArrayList.forEach(ArrayList.java:1511) ~[na:na]
	at org.junit.platform.engine.support.hierarchical.SameThreadHierarchicalTestExecutorService.invokeAll(SameThreadHierarchicalTestExecutorService.java:41) ~[junit-platform-engine-1.8.2.jar:1.8.2]
	at org.junit.platform.engine.support.hierarchical.NodeTestTask.lambda$executeRecursively$6(NodeTestTask.java:155) ~[junit-platform-engine-1.8.2.jar:1.8.2]
	at org.junit.platform.engine.support.hierarchical.ThrowableCollector.execute(ThrowableCollector.java:73) ~[junit-platform-engine-1.8.2.jar:1.8.2]
	at org.junit.platform.engine.support.hierarchical.NodeTestTask.lambda$executeRecursively$8(NodeTestTask.java:141) ~[junit-platform-engine-1.8.2.jar:1.8.2]
	at org.junit.platform.engine.support.hierarchical.Node.around(Node.java:137) ~[junit-platform-engine-1.8.2.jar:1.8.2]
	at org.junit.platform.engine.support.hierarchical.NodeTestTask.lambda$executeRecursively$9(NodeTestTask.java:139) ~[junit-platform-engine-1.8.2.jar:1.8.2]
	at org.junit.platform.engine.support.hierarchical.ThrowableCollector.execute(ThrowableCollector.java:73) ~[junit-platform-engine-1.8.2.jar:1.8.2]
	at org.junit.platform.engine.support.hierarchical.NodeTestTask.executeRecursively(NodeTestTask.java:138) ~[junit-platform-engine-1.8.2.jar:1.8.2]
	at org.junit.platform.engine.support.hierarchical.NodeTestTask.execute(NodeTestTask.java:95) ~[junit-platform-engine-1.8.2.jar:1.8.2]
	at org.junit.platform.engine.support.hierarchical.SameThreadHierarchicalTestExecutorService.submit(SameThreadHierarchicalTestExecutorService.java:35) ~[junit-platform-engine-1.8.2.jar:1.8.2]
	at org.junit.platform.engine.support.hierarchical.HierarchicalTestExecutor.execute(HierarchicalTestExecutor.java:57) ~[junit-platform-engine-1.8.2.jar:1.8.2]
	at org.junit.platform.engine.support.hierarchical.HierarchicalTestEngine.execute(HierarchicalTestEngine.java:54) ~[junit-platform-engine-1.8.2.jar:1.8.2]
	at org.junit.platform.launcher.core.EngineExecutionOrchestrator.execute(EngineExecutionOrchestrator.java:108) ~[na:na]
	at org.junit.platform.launcher.core.EngineExecutionOrchestrator.execute(EngineExecutionOrchestrator.java:88) ~[na:na]
	at org.junit.platform.launcher.core.EngineExecutionOrchestrator.lambda$execute$0(EngineExecutionOrchestrator.java:54) ~[na:na]
	at org.junit.platform.launcher.core.EngineExecutionOrchestrator.withInterceptedStreams(EngineExecutionOrchestrator.java:67) ~[na:na]
	at org.junit.platform.launcher.core.EngineExecutionOrchestrator.execute(EngineExecutionOrchestrator.java:52) ~[na:na]
	at org.junit.platform.launcher.core.DefaultLauncher.execute(DefaultLauncher.java:96) ~[na:na]
	at org.junit.platform.launcher.core.DefaultLauncher.execute(DefaultLauncher.java:75) ~[na:na]
	at org.gradle.api.internal.tasks.testing.junitplatform.JUnitPlatformTestClassProcessor$CollectAllTestClassesExecutor.processAllTestClasses(JUnitPlatformTestClassProcessor.java:99) ~[na:na]
	at org.gradle.api.internal.tasks.testing.junitplatform.JUnitPlatformTestClassProcessor$CollectAllTestClassesExecutor.access$000(JUnitPlatformTestClassProcessor.java:79) ~[na:na]
	at org.gradle.api.internal.tasks.testing.junitplatform.JUnitPlatformTestClassProcessor.stop(JUnitPlatformTestClassProcessor.java:75) ~[na:na]
	at org.gradle.api.internal.tasks.testing.SuiteTestClassProcessor.stop(SuiteTestClassProcessor.java:61) ~[na:na]
	at java.base/jdk.internal.reflect.NativeMethodAccessorImpl.invoke0(Native Method) ~[na:na]
	at java.base/jdk.internal.reflect.NativeMethodAccessorImpl.invoke(NativeMethodAccessorImpl.java:77) ~[na:na]
	at java.base/jdk.internal.reflect.DelegatingMethodAccessorImpl.invoke(DelegatingMethodAccessorImpl.java:43) ~[na:na]
	at java.base/java.lang.reflect.Method.invoke(Method.java:568) ~[na:na]
	at org.gradle.internal.dispatch.ReflectionDispatch.dispatch(ReflectionDispatch.java:36) ~[na:na]
	at org.gradle.internal.dispatch.ReflectionDispatch.dispatch(ReflectionDispatch.java:24) ~[na:na]
	at org.gradle.internal.dispatch.ContextClassLoaderDispatch.dispatch(ContextClassLoaderDispatch.java:33) ~[na:na]
	at org.gradle.internal.dispatch.ProxyDispatchAdapter$DispatchingInvocationHandler.invoke(ProxyDispatchAdapter.java:94) ~[na:na]
	at jdk.proxy1/jdk.proxy1.$Proxy2.stop(Unknown Source) ~[na:na]
	at org.gradle.api.internal.tasks.testing.worker.TestWorker$3.run(TestWorker.java:193) ~[na:na]
	at org.gradle.api.internal.tasks.testing.worker.TestWorker.executeAndMaintainThreadName(TestWorker.java:129) ~[na:na]
	at org.gradle.api.internal.tasks.testing.worker.TestWorker.execute(TestWorker.java:100) ~[na:na]
	at org.gradle.api.internal.tasks.testing.worker.TestWorker.execute(TestWorker.java:60) ~[na:na]
	at org.gradle.process.internal.worker.child.ActionExecutionWorker.execute(ActionExecutionWorker.java:56) ~[na:na]
	at org.gradle.process.internal.worker.child.SystemApplicationClassLoaderWorker.call(SystemApplicationClassLoaderWorker.java:133) ~[na:na]
	at org.gradle.process.internal.worker.child.SystemApplicationClassLoaderWorker.call(SystemApplicationClassLoaderWorker.java:71) ~[na:na]
	at worker.org.gradle.process.internal.worker.GradleWorkerMain.run(GradleWorkerMain.java:69) ~[gradle-worker.jar:na]
	at worker.org.gradle.process.internal.worker.GradleWorkerMain.main(GradleWorkerMain.java:74) ~[gradle-worker.jar:na]

2022-02-12 21:56:41.696 DEBUG 50137 --- [    Test worker] .h.v.m.ResourceBundleMessageInterpolator : Loaded expression factory via original TCCL
2022-02-12 21:56:41.706 DEBUG 50137 --- [    Test worker] o.h.v.i.e.AbstractConfigurationImpl      : Setting custom MessageInterpolator of type org.springframework.validation.beanvalidation.LocaleContextMessageInterpolator
2022-02-12 21:56:41.707 DEBUG 50137 --- [    Test worker] o.h.v.i.e.AbstractConfigurationImpl      : Setting custom ConstraintValidatorFactory of type org.springframework.validation.beanvalidation.SpringConstraintValidatorFactory
2022-02-12 21:56:41.708 DEBUG 50137 --- [    Test worker] o.h.v.i.e.AbstractConfigurationImpl      : Setting custom ParameterNameProvider of type org.springframework.validation.beanvalidation.LocalValidatorFactoryBean$1
2022-02-12 21:56:41.709 DEBUG 50137 --- [    Test worker] o.h.v.i.xml.config.ValidationXmlParser   : Trying to load META-INF/validation.xml for XML based Validator configuration.
2022-02-12 21:56:41.710 DEBUG 50137 --- [    Test worker] o.h.v.i.xml.config.ResourceLoaderHelper  : Trying to load META-INF/validation.xml via user class loader
2022-02-12 21:56:41.710 DEBUG 50137 --- [    Test worker] o.h.v.i.xml.config.ResourceLoaderHelper  : Trying to load META-INF/validation.xml via TCCL
2022-02-12 21:56:41.710 DEBUG 50137 --- [    Test worker] o.h.v.i.xml.config.ResourceLoaderHelper  : Trying to load META-INF/validation.xml via Hibernate Validator's class loader
2022-02-12 21:56:41.711 DEBUG 50137 --- [    Test worker] o.h.v.i.xml.config.ValidationXmlParser   : No META-INF/validation.xml found. Using annotation based configuration only.
2022-02-12 21:56:41.712 DEBUG 50137 --- [    Test worker] o.h.v.i.e.resolver.TraversableResolvers  : Cannot find javax.persistence.Persistence on classpath. Assuming non JPA 2 environment. All properties will per default be traversable.
2022-02-12 21:56:41.715 DEBUG 50137 --- [    Test worker] .i.e.ValidatorFactoryConfigurationHelper : HV000252: Using org.hibernate.validator.internal.engine.DefaultPropertyNodeNameProvider as property node name provider.
2022-02-12 21:56:41.716 DEBUG 50137 --- [    Test worker] .i.e.ValidatorFactoryConfigurationHelper : HV000234: Using org.springframework.validation.beanvalidation.LocaleContextMessageInterpolator as ValidatorFactory-scoped message interpolator.
2022-02-12 21:56:41.716 DEBUG 50137 --- [    Test worker] .i.e.ValidatorFactoryConfigurationHelper : HV000234: Using org.hibernate.validator.internal.engine.resolver.TraverseAllTraversableResolver as ValidatorFactory-scoped traversable resolver.
2022-02-12 21:56:41.716 DEBUG 50137 --- [    Test worker] .i.e.ValidatorFactoryConfigurationHelper : HV000234: Using org.hibernate.validator.internal.util.ExecutableParameterNameProvider as ValidatorFactory-scoped parameter name provider.
2022-02-12 21:56:41.716 DEBUG 50137 --- [    Test worker] .i.e.ValidatorFactoryConfigurationHelper : HV000234: Using org.hibernate.validator.internal.engine.DefaultClockProvider as ValidatorFactory-scoped clock provider.
2022-02-12 21:56:41.716 DEBUG 50137 --- [    Test worker] .i.e.ValidatorFactoryConfigurationHelper : HV000234: Using org.hibernate.validator.internal.engine.scripting.DefaultScriptEvaluatorFactory as ValidatorFactory-scoped script evaluator factory.
2022-02-12 21:56:42.124 DEBUG 50137 --- [    Test worker] _.s.web.servlet.HandlerMapping.Mappings  : 
	d.c.w.b.WebSeiteControllerSupreme:
	{GET [/newindex]}: index()
2022-02-12 21:56:42.126 DEBUG 50137 --- [    Test worker] _.s.web.servlet.HandlerMapping.Mappings  : 
	d.c.w.b.a.w.c.WillAgropastoralController:
	{GET [/analyse]}: index(Model)
	{POST [/analyse]}: indexpost(Model,CustomAnalyseForm)
2022-02-12 21:56:42.129 DEBUG 50137 --- [    Test worker] _.s.web.servlet.HandlerMapping.Mappings  : 
	d.c.w.b.d.w.c.NotificationsController:
	{GET [/notifications]}: notifications()
2022-02-12 21:56:42.131 DEBUG 50137 --- [    Test worker] _.s.web.servlet.HandlerMapping.Mappings  : 
	d.c.w.b.d.w.c.RecoveryPasswordController:
	{GET [/maileingabe]}: maileingabe()
	{GET [/passwordeingabe]}: passwordeingabe(Model,MailPasswordPaar)
	{POST [/maileingabe]}: maileingabePost(Model,String)
	{GET [/delete/confirm]}: resetpasword(Model,String)
	{POST [/passwordeingabe]}: passwordeingabePost(Model,MailPasswordPaar)
2022-02-12 21:56:42.133 DEBUG 50137 --- [    Test worker] _.s.web.servlet.HandlerMapping.Mappings  : 
	d.c.w.b.d.w.c.RegistrationController:
	{POST [/registration]}: register(Model,RegistrationRequest)
	{GET [/]}: loginOrResgister()
	{GET [/registration]}: registerForm(Model,RegistrationRequest)
	{GET [/registration/confirm]}: confirm(Model,String)
2022-02-12 21:56:42.138 DEBUG 50137 --- [    Test worker] _.s.web.servlet.HandlerMapping.Mappings  : 
	d.c.w.b.d.w.c.a.AdminController:
	{GET [/adminindex/home]}: home()
	{GET [/adminindex]}: adminindex(Model,String)
2022-02-12 21:56:42.139 DEBUG 50137 --- [    Test worker] _.s.web.servlet.HandlerMapping.Mappings  : 
	d.c.w.b.d.w.c.l.LeaderController:
	{GET [/leaderindex/home]}: home(Model,String)
	{GET [/leaderindex]}: leaderindex(Model,String)
2022-02-12 21:56:42.140 DEBUG 50137 --- [    Test worker] _.s.web.servlet.HandlerMapping.Mappings  : 
	d.c.w.b.d.w.c.u.UserController:
	{GET [/index]}: userindex(Model,String)
2022-02-12 21:56:42.144 DEBUG 50137 --- [    Test worker] _.s.web.servlet.HandlerMapping.Mappings  : 
	o.s.b.a.w.s.e.BasicErrorController:
	{ [/error]}: error(HttpServletRequest)
	{ [/error], produces [text/html]}: errorHtml(HttpServletRequest,HttpServletResponse)
2022-02-12 21:56:42.218 DEBUG 50137 --- [    Test worker] _.s.web.servlet.HandlerMapping.Mappings  : 'beanNameHandlerMapping' {}
2022-02-12 21:56:42.253 DEBUG 50137 --- [    Test worker] _.s.web.servlet.HandlerMapping.Mappings  : 'resourceHandlerMapping' {/webjars/**=ResourceHttpRequestHandler [classpath [META-INF/resources/webjars/]], /**=ResourceHttpRequestHandler [classpath [META-INF/resources/], classpath [resources/], classpath [static/], classpath [public/], ServletContext [/]]}
2022-02-12 21:56:42.611  INFO 50137 --- [    Test worker] ropastoralJdbcOauthEmailApplicationTests : Started WillagropastoralJdbcOauthEmailApplicationTests in 6.364 seconds (JVM running for 8.401)
]]></system-out>
  <system-err><![CDATA[]]></system-err>
</testsuite>
