<?xml version="1.0" encoding="UTF-8"?>
<testsuite name="duo.cmr.willagropastoral.WillagropastoralJdbcOauthEmailApplicationTests" tests="1" skipped="0" failures="0" errors="0" timestamp="2022-02-03T15:38:42" hostname="MacBooknmacbook" time="0.903">
  <properties/>
  <testcase name="contextLoads()" classname="duo.cmr.willagropastoral.WillagropastoralJdbcOauthEmailApplicationTests" time="0.903"/>
  <system-out><![CDATA[16:38:35.733 [Test worker] DEBUG org.springframework.test.context.BootstrapUtils - Instantiating CacheAwareContextLoaderDelegate from class [org.springframework.test.context.cache.DefaultCacheAwareContextLoaderDelegate]
16:38:35.762 [Test worker] DEBUG org.springframework.test.context.BootstrapUtils - Instantiating BootstrapContext using constructor [public org.springframework.test.context.support.DefaultBootstrapContext(java.lang.Class,org.springframework.test.context.CacheAwareContextLoaderDelegate)]
16:38:35.827 [Test worker] DEBUG org.springframework.test.context.BootstrapUtils - Instantiating TestContextBootstrapper for test class [duo.cmr.willagropastoral.WillagropastoralJdbcOauthEmailApplicationTests] from class [org.springframework.boot.test.context.SpringBootTestContextBootstrapper]
16:38:35.855 [Test worker] INFO org.springframework.boot.test.context.SpringBootTestContextBootstrapper - Neither @ContextConfiguration nor @ContextHierarchy found for test class [duo.cmr.willagropastoral.WillagropastoralJdbcOauthEmailApplicationTests], using SpringBootContextLoader
16:38:35.860 [Test worker] DEBUG org.springframework.test.context.support.AbstractContextLoader - Did not detect default resource location for test class [duo.cmr.willagropastoral.WillagropastoralJdbcOauthEmailApplicationTests]: class path resource [duo/cmr/willagropastoral/WillagropastoralJdbcOauthEmailApplicationTests-context.xml] does not exist
16:38:35.862 [Test worker] DEBUG org.springframework.test.context.support.AbstractContextLoader - Did not detect default resource location for test class [duo.cmr.willagropastoral.WillagropastoralJdbcOauthEmailApplicationTests]: class path resource [duo/cmr/willagropastoral/WillagropastoralJdbcOauthEmailApplicationTestsContext.groovy] does not exist
16:38:35.862 [Test worker] INFO org.springframework.test.context.support.AbstractContextLoader - Could not detect default resource locations for test class [duo.cmr.willagropastoral.WillagropastoralJdbcOauthEmailApplicationTests]: no resource found for suffixes {-context.xml, Context.groovy}.
16:38:35.864 [Test worker] INFO org.springframework.test.context.support.AnnotationConfigContextLoaderUtils - Could not detect default configuration classes for test class [duo.cmr.willagropastoral.WillagropastoralJdbcOauthEmailApplicationTests]: WillagropastoralJdbcOauthEmailApplicationTests does not declare any static, non-private, non-final, nested classes annotated with @Configuration.
16:38:35.946 [Test worker] DEBUG org.springframework.test.context.support.ActiveProfilesUtils - Could not find an 'annotation declaring class' for annotation type [org.springframework.test.context.ActiveProfiles] and class [duo.cmr.willagropastoral.WillagropastoralJdbcOauthEmailApplicationTests]
16:38:36.036 [Test worker] DEBUG org.springframework.context.annotation.ClassPathScanningCandidateComponentProvider - Identified candidate component class: file [/Users/admin/Desktop/SprungInsMacAigain/HardCodes/willagropastoral-jdbc-oauth-email/build/classes/java/main/duo/cmr/willagropastoral/WillagropastoralJdbcOauthEmailApplication.class]
16:38:36.038 [Test worker] INFO org.springframework.boot.test.context.SpringBootTestContextBootstrapper - Found @SpringBootConfiguration duo.cmr.willagropastoral.WillagropastoralJdbcOauthEmailApplication for test class duo.cmr.willagropastoral.WillagropastoralJdbcOauthEmailApplicationTests
16:38:36.177 [Test worker] DEBUG org.springframework.boot.test.context.SpringBootTestContextBootstrapper - @TestExecutionListeners is not present for class [duo.cmr.willagropastoral.WillagropastoralJdbcOauthEmailApplicationTests]: using defaults.
16:38:36.178 [Test worker] INFO org.springframework.boot.test.context.SpringBootTestContextBootstrapper - Loaded default TestExecutionListener class names from location [META-INF/spring.factories]: [org.springframework.boot.test.autoconfigure.restdocs.RestDocsTestExecutionListener, org.springframework.boot.test.autoconfigure.web.client.MockRestServiceServerResetTestExecutionListener, org.springframework.boot.test.autoconfigure.web.servlet.MockMvcPrintOnlyOnFailureTestExecutionListener, org.springframework.boot.test.autoconfigure.web.servlet.WebDriverTestExecutionListener, org.springframework.boot.test.autoconfigure.webservices.client.MockWebServiceServerTestExecutionListener, org.springframework.boot.test.mock.mockito.MockitoTestExecutionListener, org.springframework.boot.test.mock.mockito.ResetMocksTestExecutionListener, org.springframework.test.context.web.ServletTestExecutionListener, org.springframework.test.context.support.DirtiesContextBeforeModesTestExecutionListener, org.springframework.test.context.event.ApplicationEventsTestExecutionListener, org.springframework.test.context.support.DependencyInjectionTestExecutionListener, org.springframework.test.context.support.DirtiesContextTestExecutionListener, org.springframework.test.context.transaction.TransactionalTestExecutionListener, org.springframework.test.context.jdbc.SqlScriptsTestExecutionListener, org.springframework.test.context.event.EventPublishingTestExecutionListener]
16:38:36.214 [Test worker] INFO org.springframework.boot.test.context.SpringBootTestContextBootstrapper - Using TestExecutionListeners: [org.springframework.test.context.web.ServletTestExecutionListener@a4b2d8f, org.springframework.test.context.support.DirtiesContextBeforeModesTestExecutionListener@dcfda20, org.springframework.test.context.event.ApplicationEventsTestExecutionListener@6d304f9d, org.springframework.boot.test.mock.mockito.MockitoTestExecutionListener@f73dcd6, org.springframework.boot.test.autoconfigure.SpringBootDependencyInjectionTestExecutionListener@5c87bfe2, org.springframework.test.context.support.DirtiesContextTestExecutionListener@2fea7088, org.springframework.test.context.transaction.TransactionalTestExecutionListener@40499e4f, org.springframework.test.context.jdbc.SqlScriptsTestExecutionListener@51cd7ffc, org.springframework.test.context.event.EventPublishingTestExecutionListener@30d4b288, org.springframework.boot.test.autoconfigure.restdocs.RestDocsTestExecutionListener@4cc6fa2a, org.springframework.boot.test.autoconfigure.web.client.MockRestServiceServerResetTestExecutionListener@40f1be1b, org.springframework.boot.test.autoconfigure.web.servlet.MockMvcPrintOnlyOnFailureTestExecutionListener@7a791b66, org.springframework.boot.test.autoconfigure.web.servlet.WebDriverTestExecutionListener@6f2cb653, org.springframework.boot.test.autoconfigure.webservices.client.MockWebServiceServerTestExecutionListener@14c01636, org.springframework.boot.test.mock.mockito.ResetMocksTestExecutionListener@590c73d3]
16:38:36.219 [Test worker] DEBUG org.springframework.test.context.support.AbstractDirtiesContextTestExecutionListener - Before test class: context [DefaultTestContext@12bfd80d testClass = WillagropastoralJdbcOauthEmailApplicationTests, testInstance = [null], testMethod = [null], testException = [null], mergedContextConfiguration = [WebMergedContextConfiguration@41925502 testClass = WillagropastoralJdbcOauthEmailApplicationTests, locations = '{}', classes = '{class duo.cmr.willagropastoral.WillagropastoralJdbcOauthEmailApplication}', contextInitializerClasses = '[]', activeProfiles = '{}', propertySourceLocations = '{}', propertySourceProperties = '{org.springframework.boot.test.context.SpringBootTestContextBootstrapper=true}', contextCustomizers = set[org.springframework.boot.test.autoconfigure.actuate.metrics.MetricsExportContextCustomizerFactory$DisableMetricExportContextCustomizer@457c9034, org.springframework.boot.test.autoconfigure.properties.PropertyMappingContextCustomizer@0, org.springframework.boot.test.autoconfigure.web.servlet.WebDriverContextCustomizerFactory$Customizer@7e5c856f, org.springframework.boot.test.context.filter.ExcludeFilterContextCustomizer@3bd323e9, org.springframework.boot.test.json.DuplicateJsonObjectContextCustomizerFactory$DuplicateJsonObjectContextCustomizer@4ff8d125, org.springframework.boot.test.mock.mockito.MockitoContextCustomizer@0, org.springframework.boot.test.web.client.TestRestTemplateContextCustomizer@58ce9668, org.springframework.boot.test.context.SpringBootTestArgs@1, org.springframework.boot.test.context.SpringBootTestWebEnvironment@37271612], resourceBasePath = 'src/main/webapp', contextLoader = 'org.springframework.boot.test.context.SpringBootContextLoader', parent = [null]], attributes = map['org.springframework.test.context.web.ServletTestExecutionListener.activateListener' -> true]], class annotated with @DirtiesContext [false] with mode [null].

  .   ____          _            __ _ _
 /\\ / ___'_ __ _ _(_)_ __  __ _ \ \ \ \
( ( )\___ | '_ | '_| | '_ \/ _` | \ \ \ \
 \\/  ___)| |_)| | | | | || (_| |  ) ) ) )
  '  |____| .__|_| |_|_| |_\__, | / / / /
 =========|_|==============|___/=/_/_/_/
 :: Spring Boot ::                (v2.6.3)

2022-02-03 16:38:36.924  INFO 13409 --- [    Test worker] ropastoralJdbcOauthEmailApplicationTests : Starting WillagropastoralJdbcOauthEmailApplicationTests using Java 17 on MacBook-von-macbook.local with PID 13409 (started by admin in /Users/admin/Desktop/SprungInsMacAigain/HardCodes/willagropastoral-jdbc-oauth-email)
2022-02-03 16:38:36.926 DEBUG 13409 --- [    Test worker] ropastoralJdbcOauthEmailApplicationTests : Running with Spring Boot v2.6.3, Spring v5.3.15
2022-02-03 16:38:36.927  INFO 13409 --- [    Test worker] ropastoralJdbcOauthEmailApplicationTests : The following profiles are active: production
2022-02-03 16:38:36.937 DEBUG 13409 --- [kground-preinit] org.jboss.logging                        : Logging Provider: org.jboss.logging.Log4j2LoggerProvider
2022-02-03 16:38:36.951 DEBUG 13409 --- [kground-preinit] o.h.v.i.xml.config.ValidationXmlParser   : Trying to load META-INF/validation.xml for XML based Validator configuration.
2022-02-03 16:38:36.954 DEBUG 13409 --- [kground-preinit] o.h.v.i.xml.config.ResourceLoaderHelper  : Trying to load META-INF/validation.xml via TCCL
2022-02-03 16:38:36.955 DEBUG 13409 --- [kground-preinit] o.h.v.i.xml.config.ResourceLoaderHelper  : Trying to load META-INF/validation.xml via Hibernate Validator's class loader
2022-02-03 16:38:36.956 DEBUG 13409 --- [kground-preinit] o.h.v.i.xml.config.ValidationXmlParser   : No META-INF/validation.xml found. Using annotation based configuration only.
2022-02-03 16:38:36.961 DEBUG 13409 --- [kground-preinit] o.h.v.i.e.resolver.TraversableResolvers  : Cannot find javax.persistence.Persistence on classpath. Assuming non JPA 2 environment. All properties will per default be traversable.
2022-02-03 16:38:37.006 DEBUG 13409 --- [kground-preinit] .h.v.m.ResourceBundleMessageInterpolator : Loaded expression factory via original TCCL
2022-02-03 16:38:37.184 DEBUG 13409 --- [kground-preinit] .i.e.ValidatorFactoryConfigurationHelper : HV000252: Using org.hibernate.validator.internal.engine.DefaultPropertyNodeNameProvider as property node name provider.
2022-02-03 16:38:37.195 DEBUG 13409 --- [kground-preinit] .i.e.ValidatorFactoryConfigurationHelper : HV000234: Using org.hibernate.validator.messageinterpolation.ResourceBundleMessageInterpolator as ValidatorFactory-scoped message interpolator.
2022-02-03 16:38:37.197 DEBUG 13409 --- [kground-preinit] .i.e.ValidatorFactoryConfigurationHelper : HV000234: Using org.hibernate.validator.internal.engine.resolver.TraverseAllTraversableResolver as ValidatorFactory-scoped traversable resolver.
2022-02-03 16:38:37.198 DEBUG 13409 --- [kground-preinit] .i.e.ValidatorFactoryConfigurationHelper : HV000234: Using org.hibernate.validator.internal.util.ExecutableParameterNameProvider as ValidatorFactory-scoped parameter name provider.
2022-02-03 16:38:37.198 DEBUG 13409 --- [kground-preinit] .i.e.ValidatorFactoryConfigurationHelper : HV000234: Using org.hibernate.validator.internal.engine.DefaultClockProvider as ValidatorFactory-scoped clock provider.
2022-02-03 16:38:37.199 DEBUG 13409 --- [kground-preinit] .i.e.ValidatorFactoryConfigurationHelper : HV000234: Using org.hibernate.validator.internal.engine.scripting.DefaultScriptEvaluatorFactory as ValidatorFactory-scoped script evaluator factory.
2022-02-03 16:38:38.198  INFO 13409 --- [    Test worker] .s.d.r.c.RepositoryConfigurationDelegate : Bootstrapping Spring Data JDBC repositories in DEFAULT mode.
2022-02-03 16:38:38.304  INFO 13409 --- [    Test worker] .s.d.r.c.RepositoryConfigurationDelegate : Finished Spring Data repository scanning in 99 ms. Found 5 JDBC repository interfaces.
2022-02-03 16:38:38.947 DEBUG 13409 --- [    Test worker] com.zaxxer.hikari.HikariConfig           : Driver class org.postgresql.Driver found in Thread context class loader jdk.internal.loader.ClassLoaders$AppClassLoader@5ffd2b27
2022-02-03 16:38:39.076 DEBUG 13409 --- [    Test worker] com.zaxxer.hikari.HikariConfig           : HikariPool-1 - configuration:
2022-02-03 16:38:39.079 DEBUG 13409 --- [    Test worker] com.zaxxer.hikari.HikariConfig           : allowPoolSuspension................................false
2022-02-03 16:38:39.080 DEBUG 13409 --- [    Test worker] com.zaxxer.hikari.HikariConfig           : autoCommit................................true
2022-02-03 16:38:39.080 DEBUG 13409 --- [    Test worker] com.zaxxer.hikari.HikariConfig           : catalog................................none
2022-02-03 16:38:39.081 DEBUG 13409 --- [    Test worker] com.zaxxer.hikari.HikariConfig           : connectionInitSql................................none
2022-02-03 16:38:39.081 DEBUG 13409 --- [    Test worker] com.zaxxer.hikari.HikariConfig           : connectionTestQuery................................none
2022-02-03 16:38:39.081 DEBUG 13409 --- [    Test worker] com.zaxxer.hikari.HikariConfig           : connectionTimeout................................30000
2022-02-03 16:38:39.081 DEBUG 13409 --- [    Test worker] com.zaxxer.hikari.HikariConfig           : dataSource................................none
2022-02-03 16:38:39.082 DEBUG 13409 --- [    Test worker] com.zaxxer.hikari.HikariConfig           : dataSourceClassName................................none
2022-02-03 16:38:39.082 DEBUG 13409 --- [    Test worker] com.zaxxer.hikari.HikariConfig           : dataSourceJNDI................................none
2022-02-03 16:38:39.083 DEBUG 13409 --- [    Test worker] com.zaxxer.hikari.HikariConfig           : dataSourceProperties................................{password=<masked>}
2022-02-03 16:38:39.083 DEBUG 13409 --- [    Test worker] com.zaxxer.hikari.HikariConfig           : driverClassName................................"org.postgresql.Driver"
2022-02-03 16:38:39.084 DEBUG 13409 --- [    Test worker] com.zaxxer.hikari.HikariConfig           : exceptionOverrideClassName................................none
2022-02-03 16:38:39.084 DEBUG 13409 --- [    Test worker] com.zaxxer.hikari.HikariConfig           : healthCheckProperties................................{}
2022-02-03 16:38:39.085 DEBUG 13409 --- [    Test worker] com.zaxxer.hikari.HikariConfig           : healthCheckRegistry................................none
2022-02-03 16:38:39.085 DEBUG 13409 --- [    Test worker] com.zaxxer.hikari.HikariConfig           : idleTimeout................................600000
2022-02-03 16:38:39.085 DEBUG 13409 --- [    Test worker] com.zaxxer.hikari.HikariConfig           : initializationFailTimeout................................1
2022-02-03 16:38:39.086 DEBUG 13409 --- [    Test worker] com.zaxxer.hikari.HikariConfig           : isolateInternalQueries................................false
2022-02-03 16:38:39.087 DEBUG 13409 --- [    Test worker] com.zaxxer.hikari.HikariConfig           : jdbcUrl................................jdbc:postgresql://localhost:15000/willagropastoral
2022-02-03 16:38:39.087 DEBUG 13409 --- [    Test worker] com.zaxxer.hikari.HikariConfig           : keepaliveTime................................0
2022-02-03 16:38:39.087 DEBUG 13409 --- [    Test worker] com.zaxxer.hikari.HikariConfig           : leakDetectionThreshold................................0
2022-02-03 16:38:39.088 DEBUG 13409 --- [    Test worker] com.zaxxer.hikari.HikariConfig           : maxLifetime................................1800000
2022-02-03 16:38:39.088 DEBUG 13409 --- [    Test worker] com.zaxxer.hikari.HikariConfig           : maximumPoolSize................................10
2022-02-03 16:38:39.088 DEBUG 13409 --- [    Test worker] com.zaxxer.hikari.HikariConfig           : metricRegistry................................none
2022-02-03 16:38:39.089 DEBUG 13409 --- [    Test worker] com.zaxxer.hikari.HikariConfig           : metricsTrackerFactory................................none
2022-02-03 16:38:39.089 DEBUG 13409 --- [    Test worker] com.zaxxer.hikari.HikariConfig           : minimumIdle................................10
2022-02-03 16:38:39.090 DEBUG 13409 --- [    Test worker] com.zaxxer.hikari.HikariConfig           : password................................<masked>
2022-02-03 16:38:39.090 DEBUG 13409 --- [    Test worker] com.zaxxer.hikari.HikariConfig           : poolName................................"HikariPool-1"
2022-02-03 16:38:39.090 DEBUG 13409 --- [    Test worker] com.zaxxer.hikari.HikariConfig           : readOnly................................false
2022-02-03 16:38:39.091 DEBUG 13409 --- [    Test worker] com.zaxxer.hikari.HikariConfig           : registerMbeans................................false
2022-02-03 16:38:39.091 DEBUG 13409 --- [    Test worker] com.zaxxer.hikari.HikariConfig           : scheduledExecutor................................none
2022-02-03 16:38:39.091 DEBUG 13409 --- [    Test worker] com.zaxxer.hikari.HikariConfig           : schema................................none
2022-02-03 16:38:39.092 DEBUG 13409 --- [    Test worker] com.zaxxer.hikari.HikariConfig           : threadFactory................................internal
2022-02-03 16:38:39.092 DEBUG 13409 --- [    Test worker] com.zaxxer.hikari.HikariConfig           : transactionIsolation................................default
2022-02-03 16:38:39.092 DEBUG 13409 --- [    Test worker] com.zaxxer.hikari.HikariConfig           : username................................"willagropastoral"
2022-02-03 16:38:39.093 DEBUG 13409 --- [    Test worker] com.zaxxer.hikari.HikariConfig           : validationTimeout................................5000
2022-02-03 16:38:39.093  INFO 13409 --- [    Test worker] com.zaxxer.hikari.HikariDataSource       : HikariPool-1 - Starting...
2022-02-03 16:38:39.111 DEBUG 13409 --- [    Test worker] org.postgresql.Driver                    : Loading driver configuration via classloader jdk.internal.loader.ClassLoaders$AppClassLoader@5ffd2b27
2022-02-03 16:38:39.112 DEBUG 13409 --- [    Test worker] org.postgresql.Driver                    : Connecting with URL: jdbc:postgresql://localhost:15000/willagropastoral
2022-02-03 16:38:39.123 DEBUG 13409 --- [    Test worker] org.postgresql.jdbc.PgConnection         : PostgreSQL JDBC Driver 42.3.1
2022-02-03 16:38:39.124 DEBUG 13409 --- [    Test worker] org.postgresql.jdbc.PgConnection         :   setDefaultFetchSize = 0
2022-02-03 16:38:39.124 DEBUG 13409 --- [    Test worker] org.postgresql.jdbc.PgConnection         :   setPrepareThreshold = 5
2022-02-03 16:38:39.131 DEBUG 13409 --- [    Test worker] o.p.core.v3.ConnectionFactoryImpl        : Trying to establish a protocol version 3 connection to localhost:15000
2022-02-03 16:38:39.149 DEBUG 13409 --- [    Test worker] o.p.core.v3.ConnectionFactoryImpl        : Receive Buffer Size is 408.300
2022-02-03 16:38:39.149 DEBUG 13409 --- [    Test worker] o.p.core.v3.ConnectionFactoryImpl        : Send Buffer Size is 146.988
2022-02-03 16:38:39.444 DEBUG 13409 --- [    Test worker] com.zaxxer.hikari.pool.HikariPool        : HikariPool-1 - Added connection org.postgresql.jdbc.PgConnection@52d3fafd
2022-02-03 16:38:39.446  INFO 13409 --- [    Test worker] com.zaxxer.hikari.HikariDataSource       : HikariPool-1 - Start completed.
2022-02-03 16:38:39.547 DEBUG 13409 --- [l-1 housekeeper] com.zaxxer.hikari.pool.HikariPool        : HikariPool-1 - Pool stats (total=1, active=0, idle=1, waiting=0)
2022-02-03 16:38:39.549 DEBUG 13409 --- [onnection adder] org.postgresql.Driver                    : Connecting with URL: jdbc:postgresql://localhost:15000/willagropastoral
2022-02-03 16:38:39.549 DEBUG 13409 --- [onnection adder] org.postgresql.jdbc.PgConnection         : PostgreSQL JDBC Driver 42.3.1
2022-02-03 16:38:39.549 DEBUG 13409 --- [onnection adder] org.postgresql.jdbc.PgConnection         :   setDefaultFetchSize = 0
2022-02-03 16:38:39.550 DEBUG 13409 --- [onnection adder] org.postgresql.jdbc.PgConnection         :   setPrepareThreshold = 5
2022-02-03 16:38:39.550 DEBUG 13409 --- [onnection adder] o.p.core.v3.ConnectionFactoryImpl        : Trying to establish a protocol version 3 connection to localhost:15000
2022-02-03 16:38:39.552 DEBUG 13409 --- [onnection adder] o.p.core.v3.ConnectionFactoryImpl        : Receive Buffer Size is 408.300
2022-02-03 16:38:39.552 DEBUG 13409 --- [onnection adder] o.p.core.v3.ConnectionFactoryImpl        : Send Buffer Size is 146.988
2022-02-03 16:38:39.666 DEBUG 13409 --- [onnection adder] com.zaxxer.hikari.pool.HikariPool        : HikariPool-1 - Added connection org.postgresql.jdbc.PgConnection@26843085
2022-02-03 16:38:39.667 DEBUG 13409 --- [onnection adder] org.postgresql.Driver                    : Connecting with URL: jdbc:postgresql://localhost:15000/willagropastoral
2022-02-03 16:38:39.667 DEBUG 13409 --- [onnection adder] org.postgresql.jdbc.PgConnection         : PostgreSQL JDBC Driver 42.3.1
2022-02-03 16:38:39.668 DEBUG 13409 --- [onnection adder] org.postgresql.jdbc.PgConnection         :   setDefaultFetchSize = 0
2022-02-03 16:38:39.668 DEBUG 13409 --- [onnection adder] org.postgresql.jdbc.PgConnection         :   setPrepareThreshold = 5
2022-02-03 16:38:39.668 DEBUG 13409 --- [onnection adder] o.p.core.v3.ConnectionFactoryImpl        : Trying to establish a protocol version 3 connection to localhost:15000
2022-02-03 16:38:39.670 DEBUG 13409 --- [onnection adder] o.p.core.v3.ConnectionFactoryImpl        : Receive Buffer Size is 408.300
2022-02-03 16:38:39.670 DEBUG 13409 --- [onnection adder] o.p.core.v3.ConnectionFactoryImpl        : Send Buffer Size is 146.988
2022-02-03 16:38:39.772 DEBUG 13409 --- [onnection adder] com.zaxxer.hikari.pool.HikariPool        : HikariPool-1 - Added connection org.postgresql.jdbc.PgConnection@697ec01e
2022-02-03 16:38:39.773 DEBUG 13409 --- [onnection adder] org.postgresql.Driver                    : Connecting with URL: jdbc:postgresql://localhost:15000/willagropastoral
2022-02-03 16:38:39.773 DEBUG 13409 --- [onnection adder] org.postgresql.jdbc.PgConnection         : PostgreSQL JDBC Driver 42.3.1
2022-02-03 16:38:39.774 DEBUG 13409 --- [onnection adder] org.postgresql.jdbc.PgConnection         :   setDefaultFetchSize = 0
2022-02-03 16:38:39.774 DEBUG 13409 --- [onnection adder] org.postgresql.jdbc.PgConnection         :   setPrepareThreshold = 5
2022-02-03 16:38:39.775 DEBUG 13409 --- [onnection adder] o.p.core.v3.ConnectionFactoryImpl        : Trying to establish a protocol version 3 connection to localhost:15000
2022-02-03 16:38:39.776 DEBUG 13409 --- [onnection adder] o.p.core.v3.ConnectionFactoryImpl        : Receive Buffer Size is 408.300
2022-02-03 16:38:39.777 DEBUG 13409 --- [onnection adder] o.p.core.v3.ConnectionFactoryImpl        : Send Buffer Size is 146.988
2022-02-03 16:38:39.895 DEBUG 13409 --- [onnection adder] com.zaxxer.hikari.pool.HikariPool        : HikariPool-1 - Added connection org.postgresql.jdbc.PgConnection@163073b9
2022-02-03 16:38:39.895 DEBUG 13409 --- [onnection adder] org.postgresql.Driver                    : Connecting with URL: jdbc:postgresql://localhost:15000/willagropastoral
2022-02-03 16:38:39.899 DEBUG 13409 --- [onnection adder] org.postgresql.jdbc.PgConnection         : PostgreSQL JDBC Driver 42.3.1
2022-02-03 16:38:39.900 DEBUG 13409 --- [onnection adder] org.postgresql.jdbc.PgConnection         :   setDefaultFetchSize = 0
2022-02-03 16:38:39.901 DEBUG 13409 --- [onnection adder] org.postgresql.jdbc.PgConnection         :   setPrepareThreshold = 5
2022-02-03 16:38:39.902 DEBUG 13409 --- [onnection adder] o.p.core.v3.ConnectionFactoryImpl        : Trying to establish a protocol version 3 connection to localhost:15000
2022-02-03 16:38:39.904 DEBUG 13409 --- [onnection adder] o.p.core.v3.ConnectionFactoryImpl        : Receive Buffer Size is 408.300
2022-02-03 16:38:39.905 DEBUG 13409 --- [onnection adder] o.p.core.v3.ConnectionFactoryImpl        : Send Buffer Size is 146.988
2022-02-03 16:38:40.027 DEBUG 13409 --- [onnection adder] com.zaxxer.hikari.pool.HikariPool        : HikariPool-1 - Added connection org.postgresql.jdbc.PgConnection@9513f51
2022-02-03 16:38:40.028 DEBUG 13409 --- [onnection adder] org.postgresql.Driver                    : Connecting with URL: jdbc:postgresql://localhost:15000/willagropastoral
2022-02-03 16:38:40.029 DEBUG 13409 --- [onnection adder] org.postgresql.jdbc.PgConnection         : PostgreSQL JDBC Driver 42.3.1
2022-02-03 16:38:40.029 DEBUG 13409 --- [onnection adder] org.postgresql.jdbc.PgConnection         :   setDefaultFetchSize = 0
2022-02-03 16:38:40.030 DEBUG 13409 --- [onnection adder] org.postgresql.jdbc.PgConnection         :   setPrepareThreshold = 5
2022-02-03 16:38:40.030 DEBUG 13409 --- [onnection adder] o.p.core.v3.ConnectionFactoryImpl        : Trying to establish a protocol version 3 connection to localhost:15000
2022-02-03 16:38:40.032 DEBUG 13409 --- [onnection adder] o.p.core.v3.ConnectionFactoryImpl        : Receive Buffer Size is 408.300
2022-02-03 16:38:40.035 DEBUG 13409 --- [onnection adder] o.p.core.v3.ConnectionFactoryImpl        : Send Buffer Size is 146.988
2022-02-03 16:38:40.137 DEBUG 13409 --- [onnection adder] com.zaxxer.hikari.pool.HikariPool        : HikariPool-1 - Added connection org.postgresql.jdbc.PgConnection@2925cf72
2022-02-03 16:38:40.138 DEBUG 13409 --- [onnection adder] org.postgresql.Driver                    : Connecting with URL: jdbc:postgresql://localhost:15000/willagropastoral
2022-02-03 16:38:40.138 DEBUG 13409 --- [onnection adder] org.postgresql.jdbc.PgConnection         : PostgreSQL JDBC Driver 42.3.1
2022-02-03 16:38:40.139 DEBUG 13409 --- [onnection adder] org.postgresql.jdbc.PgConnection         :   setDefaultFetchSize = 0
2022-02-03 16:38:40.139 DEBUG 13409 --- [onnection adder] org.postgresql.jdbc.PgConnection         :   setPrepareThreshold = 5
2022-02-03 16:38:40.140 DEBUG 13409 --- [onnection adder] o.p.core.v3.ConnectionFactoryImpl        : Trying to establish a protocol version 3 connection to localhost:15000
2022-02-03 16:38:40.141 DEBUG 13409 --- [onnection adder] o.p.core.v3.ConnectionFactoryImpl        : Receive Buffer Size is 408.300
2022-02-03 16:38:40.142 DEBUG 13409 --- [onnection adder] o.p.core.v3.ConnectionFactoryImpl        : Send Buffer Size is 146.988
2022-02-03 16:38:40.211 DEBUG 13409 --- [    Test worker] javax.activation                         : MimetypesFileTypeMap: load HOME
2022-02-03 16:38:40.213 DEBUG 13409 --- [    Test worker] javax.activation                         : MimetypesFileTypeMap: load SYS
2022-02-03 16:38:40.213 DEBUG 13409 --- [    Test worker] javax.activation                         : MimetypesFileTypeMap: load JAR
2022-02-03 16:38:40.216 DEBUG 13409 --- [    Test worker] javax.activation                         : MimetypesFileTypeMap: !anyLoaded
2022-02-03 16:38:40.217 DEBUG 13409 --- [    Test worker] javax.activation                         : MimetypesFileTypeMap: not loading mime types file: /META-INF/mime.types
2022-02-03 16:38:40.218 DEBUG 13409 --- [    Test worker] javax.activation                         : MimetypesFileTypeMap: load DEF
2022-02-03 16:38:40.219 DEBUG 13409 --- [    Test worker] javax.activation                         : Added: MIMETypeEntry: text/html, html
2022-02-03 16:38:40.220 DEBUG 13409 --- [    Test worker] javax.activation                         : Added: MIMETypeEntry: text/html, htm
2022-02-03 16:38:40.220 DEBUG 13409 --- [    Test worker] javax.activation                         : Added: MIMETypeEntry: text/html, HTML
2022-02-03 16:38:40.221 DEBUG 13409 --- [    Test worker] javax.activation                         : Added: MIMETypeEntry: text/html, HTM
2022-02-03 16:38:40.221 DEBUG 13409 --- [    Test worker] javax.activation                         : Added: MIMETypeEntry: text/plain, txt
2022-02-03 16:38:40.221 DEBUG 13409 --- [    Test worker] javax.activation                         : Added: MIMETypeEntry: text/plain, text
2022-02-03 16:38:40.222 DEBUG 13409 --- [    Test worker] javax.activation                         : Added: MIMETypeEntry: text/plain, TXT
2022-02-03 16:38:40.222 DEBUG 13409 --- [    Test worker] javax.activation                         : Added: MIMETypeEntry: text/plain, TEXT
2022-02-03 16:38:40.223 DEBUG 13409 --- [    Test worker] javax.activation                         : Added: MIMETypeEntry: image/gif, gif
2022-02-03 16:38:40.223 DEBUG 13409 --- [    Test worker] javax.activation                         : Added: MIMETypeEntry: image/gif, GIF
2022-02-03 16:38:40.223 DEBUG 13409 --- [    Test worker] javax.activation                         : Added: MIMETypeEntry: image/ief, ief
2022-02-03 16:38:40.224 DEBUG 13409 --- [    Test worker] javax.activation                         : Added: MIMETypeEntry: image/jpeg, jpeg
2022-02-03 16:38:40.224 DEBUG 13409 --- [    Test worker] javax.activation                         : Added: MIMETypeEntry: image/jpeg, jpg
2022-02-03 16:38:40.224 DEBUG 13409 --- [    Test worker] javax.activation                         : Added: MIMETypeEntry: image/jpeg, jpe
2022-02-03 16:38:40.225 DEBUG 13409 --- [    Test worker] javax.activation                         : Added: MIMETypeEntry: image/jpeg, JPG
2022-02-03 16:38:40.225 DEBUG 13409 --- [    Test worker] javax.activation                         : Added: MIMETypeEntry: image/tiff, tiff
2022-02-03 16:38:40.225 DEBUG 13409 --- [    Test worker] javax.activation                         : Added: MIMETypeEntry: image/tiff, tif
2022-02-03 16:38:40.225 DEBUG 13409 --- [    Test worker] javax.activation                         : Added: MIMETypeEntry: image/png, png
2022-02-03 16:38:40.226 DEBUG 13409 --- [    Test worker] javax.activation                         : Added: MIMETypeEntry: image/png, PNG
2022-02-03 16:38:40.226 DEBUG 13409 --- [    Test worker] javax.activation                         : Added: MIMETypeEntry: image/x-xwindowdump, xwd
2022-02-03 16:38:40.226 DEBUG 13409 --- [    Test worker] javax.activation                         : Added: MIMETypeEntry: application/postscript, ai
2022-02-03 16:38:40.227 DEBUG 13409 --- [    Test worker] javax.activation                         : Added: MIMETypeEntry: application/postscript, eps
2022-02-03 16:38:40.227 DEBUG 13409 --- [    Test worker] javax.activation                         : Added: MIMETypeEntry: application/postscript, ps
2022-02-03 16:38:40.228 DEBUG 13409 --- [    Test worker] javax.activation                         : Added: MIMETypeEntry: application/rtf, rtf
2022-02-03 16:38:40.228 DEBUG 13409 --- [    Test worker] javax.activation                         : Added: MIMETypeEntry: application/x-tex, tex
2022-02-03 16:38:40.229 DEBUG 13409 --- [    Test worker] javax.activation                         : Added: MIMETypeEntry: application/x-texinfo, texinfo
2022-02-03 16:38:40.229 DEBUG 13409 --- [    Test worker] javax.activation                         : Added: MIMETypeEntry: application/x-texinfo, texi
2022-02-03 16:38:40.231 DEBUG 13409 --- [    Test worker] javax.activation                         : Added: MIMETypeEntry: application/x-troff, t
2022-02-03 16:38:40.232 DEBUG 13409 --- [    Test worker] javax.activation                         : Added: MIMETypeEntry: application/x-troff, tr
2022-02-03 16:38:40.233 DEBUG 13409 --- [    Test worker] javax.activation                         : Added: MIMETypeEntry: application/x-troff, roff
2022-02-03 16:38:40.234 DEBUG 13409 --- [    Test worker] javax.activation                         : Added: MIMETypeEntry: audio/basic, au
2022-02-03 16:38:40.234 DEBUG 13409 --- [    Test worker] javax.activation                         : Added: MIMETypeEntry: audio/midi, midi
2022-02-03 16:38:40.234 DEBUG 13409 --- [    Test worker] javax.activation                         : Added: MIMETypeEntry: audio/midi, mid
2022-02-03 16:38:40.235 DEBUG 13409 --- [    Test worker] javax.activation                         : Added: MIMETypeEntry: audio/x-aifc, aifc
2022-02-03 16:38:40.236 DEBUG 13409 --- [    Test worker] javax.activation                         : Added: MIMETypeEntry: audio/x-aiff, aif
2022-02-03 16:38:40.238 DEBUG 13409 --- [    Test worker] javax.activation                         : Added: MIMETypeEntry: audio/x-aiff, aiff
2022-02-03 16:38:40.238 DEBUG 13409 --- [    Test worker] javax.activation                         : Added: MIMETypeEntry: audio/x-mpeg, mpeg
2022-02-03 16:38:40.238 DEBUG 13409 --- [    Test worker] javax.activation                         : Added: MIMETypeEntry: audio/x-mpeg, mpg
2022-02-03 16:38:40.239 DEBUG 13409 --- [    Test worker] javax.activation                         : Added: MIMETypeEntry: audio/x-wav, wav
2022-02-03 16:38:40.239 DEBUG 13409 --- [    Test worker] javax.activation                         : Added: MIMETypeEntry: video/mpeg, mpeg
2022-02-03 16:38:40.239 DEBUG 13409 --- [    Test worker] javax.activation                         : Added: MIMETypeEntry: video/mpeg, mpg
2022-02-03 16:38:40.240 DEBUG 13409 --- [    Test worker] javax.activation                         : Added: MIMETypeEntry: video/mpeg, mpe
2022-02-03 16:38:40.240 DEBUG 13409 --- [    Test worker] javax.activation                         : Added: MIMETypeEntry: video/quicktime, qt
2022-02-03 16:38:40.241 DEBUG 13409 --- [    Test worker] javax.activation                         : Added: MIMETypeEntry: video/quicktime, mov
2022-02-03 16:38:40.242 DEBUG 13409 --- [    Test worker] javax.activation                         : Added: MIMETypeEntry: video/x-msvideo, avi
2022-02-03 16:38:40.242 DEBUG 13409 --- [    Test worker] javax.activation                         : MimetypesFileTypeMap: successfully loaded mime types file: /META-INF/mimetypes.default
2022-02-03 16:38:40.243 DEBUG 13409 --- [    Test worker] javax.activation                         : Added: MIMETypeEntry: text/html, html
2022-02-03 16:38:40.244 DEBUG 13409 --- [    Test worker] javax.activation                         : Added: MIMETypeEntry: text/html, htm
2022-02-03 16:38:40.244 DEBUG 13409 --- [    Test worker] javax.activation                         : Added: MIMETypeEntry: text/html, HTML
2022-02-03 16:38:40.245 DEBUG 13409 --- [    Test worker] javax.activation                         : Added: MIMETypeEntry: text/html, HTM
2022-02-03 16:38:40.245 DEBUG 13409 --- [    Test worker] javax.activation                         : Added: MIMETypeEntry: text/plain, txt
2022-02-03 16:38:40.245 DEBUG 13409 --- [    Test worker] javax.activation                         : Added: MIMETypeEntry: text/plain, text
2022-02-03 16:38:40.246 DEBUG 13409 --- [    Test worker] javax.activation                         : Added: MIMETypeEntry: text/plain, TXT
2022-02-03 16:38:40.246 DEBUG 13409 --- [    Test worker] javax.activation                         : Added: MIMETypeEntry: text/plain, TEXT
2022-02-03 16:38:40.246 DEBUG 13409 --- [    Test worker] javax.activation                         : Added: MIMETypeEntry: text/plain, java
2022-02-03 16:38:40.246 DEBUG 13409 --- [    Test worker] javax.activation                         : Added: MIMETypeEntry: text/plain, c
2022-02-03 16:38:40.247 DEBUG 13409 --- [    Test worker] javax.activation                         : Added: MIMETypeEntry: text/plain, c++
2022-02-03 16:38:40.247 DEBUG 13409 --- [    Test worker] javax.activation                         : Added: MIMETypeEntry: text/plain, cpp
2022-02-03 16:38:40.248 DEBUG 13409 --- [    Test worker] javax.activation                         : Added: MIMETypeEntry: text/plain, pl
2022-02-03 16:38:40.248 DEBUG 13409 --- [    Test worker] javax.activation                         : Added: MIMETypeEntry: text/plain, cc
2022-02-03 16:38:40.248 DEBUG 13409 --- [    Test worker] javax.activation                         : Added: MIMETypeEntry: text/plain, h
2022-02-03 16:38:40.249 DEBUG 13409 --- [    Test worker] javax.activation                         : Added: MIMETypeEntry: image/gif, gif
2022-02-03 16:38:40.249 DEBUG 13409 --- [    Test worker] javax.activation                         : Added: MIMETypeEntry: image/gif, GIF
2022-02-03 16:38:40.250 DEBUG 13409 --- [    Test worker] javax.activation                         : Added: MIMETypeEntry: image/ief, ief
2022-02-03 16:38:40.250 DEBUG 13409 --- [    Test worker] javax.activation                         : Added: MIMETypeEntry: image/jpeg, jpeg
2022-02-03 16:38:40.250 DEBUG 13409 --- [    Test worker] javax.activation                         : Added: MIMETypeEntry: image/jpeg, jpg
2022-02-03 16:38:40.251 DEBUG 13409 --- [    Test worker] javax.activation                         : Added: MIMETypeEntry: image/jpeg, jpe
2022-02-03 16:38:40.251 DEBUG 13409 --- [    Test worker] javax.activation                         : Added: MIMETypeEntry: image/jpeg, JPG
2022-02-03 16:38:40.251 DEBUG 13409 --- [    Test worker] javax.activation                         : Added: MIMETypeEntry: image/tiff, tiff
2022-02-03 16:38:40.252 DEBUG 13409 --- [    Test worker] javax.activation                         : Added: MIMETypeEntry: image/tiff, tif
2022-02-03 16:38:40.252 DEBUG 13409 --- [    Test worker] javax.activation                         : Added: MIMETypeEntry: image/x-xwindowdump, xwd
2022-02-03 16:38:40.253 DEBUG 13409 --- [    Test worker] javax.activation                         : Added: MIMETypeEntry: application/postscript, ai
2022-02-03 16:38:40.253 DEBUG 13409 --- [    Test worker] javax.activation                         : Added: MIMETypeEntry: application/postscript, eps
2022-02-03 16:38:40.254 DEBUG 13409 --- [    Test worker] javax.activation                         : Added: MIMETypeEntry: application/postscript, ps
2022-02-03 16:38:40.254 DEBUG 13409 --- [    Test worker] javax.activation                         : Added: MIMETypeEntry: application/rtf, rtf
2022-02-03 16:38:40.255 DEBUG 13409 --- [    Test worker] javax.activation                         : Added: MIMETypeEntry: application/x-tex, tex
2022-02-03 16:38:40.255 DEBUG 13409 --- [    Test worker] javax.activation                         : Added: MIMETypeEntry: application/x-texinfo, texinfo
2022-02-03 16:38:40.255 DEBUG 13409 --- [    Test worker] javax.activation                         : Added: MIMETypeEntry: application/x-texinfo, texi
2022-02-03 16:38:40.256 DEBUG 13409 --- [    Test worker] javax.activation                         : Added: MIMETypeEntry: application/x-troff, t
2022-02-03 16:38:40.256 DEBUG 13409 --- [    Test worker] javax.activation                         : Added: MIMETypeEntry: application/x-troff, tr
2022-02-03 16:38:40.256 DEBUG 13409 --- [    Test worker] javax.activation                         : Added: MIMETypeEntry: application/x-troff, roff
2022-02-03 16:38:40.257 DEBUG 13409 --- [    Test worker] javax.activation                         : Added: MIMETypeEntry: audio/basic, au
2022-02-03 16:38:40.257 DEBUG 13409 --- [    Test worker] javax.activation                         : Added: MIMETypeEntry: audio/midi, midi
2022-02-03 16:38:40.258 DEBUG 13409 --- [    Test worker] javax.activation                         : Added: MIMETypeEntry: audio/midi, mid
2022-02-03 16:38:40.258 DEBUG 13409 --- [    Test worker] javax.activation                         : Added: MIMETypeEntry: audio/x-aifc, aifc
2022-02-03 16:38:40.259 DEBUG 13409 --- [    Test worker] javax.activation                         : Added: MIMETypeEntry: audio/x-aiff, aif
2022-02-03 16:38:40.259 DEBUG 13409 --- [    Test worker] javax.activation                         : Added: MIMETypeEntry: audio/x-aiff, aiff
2022-02-03 16:38:40.259 DEBUG 13409 --- [    Test worker] javax.activation                         : Added: MIMETypeEntry: audio/x-mpeg, mpeg
2022-02-03 16:38:40.260 DEBUG 13409 --- [onnection adder] com.zaxxer.hikari.pool.HikariPool        : HikariPool-1 - Added connection org.postgresql.jdbc.PgConnection@180c5afa
2022-02-03 16:38:40.260 DEBUG 13409 --- [    Test worker] javax.activation                         : Added: MIMETypeEntry: audio/x-mpeg, mpg
2022-02-03 16:38:40.261 DEBUG 13409 --- [    Test worker] javax.activation                         : Added: MIMETypeEntry: audio/x-wav, wav
2022-02-03 16:38:40.260 DEBUG 13409 --- [onnection adder] org.postgresql.Driver                    : Connecting with URL: jdbc:postgresql://localhost:15000/willagropastoral
2022-02-03 16:38:40.261 DEBUG 13409 --- [onnection adder] org.postgresql.jdbc.PgConnection         : PostgreSQL JDBC Driver 42.3.1
2022-02-03 16:38:40.261 DEBUG 13409 --- [    Test worker] javax.activation                         : Added: MIMETypeEntry: video/mpeg, mpeg
2022-02-03 16:38:40.261 DEBUG 13409 --- [    Test worker] javax.activation                         : Added: MIMETypeEntry: video/mpeg, mpg
2022-02-03 16:38:40.262 DEBUG 13409 --- [    Test worker] javax.activation                         : Added: MIMETypeEntry: video/mpeg, mpe
2022-02-03 16:38:40.262 DEBUG 13409 --- [onnection adder] org.postgresql.jdbc.PgConnection         :   setDefaultFetchSize = 0
2022-02-03 16:38:40.262 DEBUG 13409 --- [    Test worker] javax.activation                         : Added: MIMETypeEntry: video/quicktime, qt
2022-02-03 16:38:40.263 DEBUG 13409 --- [    Test worker] javax.activation                         : Added: MIMETypeEntry: video/quicktime, mov
2022-02-03 16:38:40.262 DEBUG 13409 --- [onnection adder] org.postgresql.jdbc.PgConnection         :   setPrepareThreshold = 5
2022-02-03 16:38:40.263 DEBUG 13409 --- [    Test worker] javax.activation                         : Added: MIMETypeEntry: video/x-msvideo, avi
2022-02-03 16:38:40.263 DEBUG 13409 --- [onnection adder] o.p.core.v3.ConnectionFactoryImpl        : Trying to establish a protocol version 3 connection to localhost:15000
2022-02-03 16:38:40.263 DEBUG 13409 --- [    Test worker] javax.activation                         : Added: MIMETypeEntry: text/x-speech, talk
2022-02-03 16:38:40.265 DEBUG 13409 --- [    Test worker] javax.activation                         : Added: MIMETypeEntry: text/css, css
2022-02-03 16:38:40.265 DEBUG 13409 --- [onnection adder] o.p.core.v3.ConnectionFactoryImpl        : Receive Buffer Size is 408.300
2022-02-03 16:38:40.266 DEBUG 13409 --- [onnection adder] o.p.core.v3.ConnectionFactoryImpl        : Send Buffer Size is 146.988
2022-02-03 16:38:40.265 DEBUG 13409 --- [    Test worker] javax.activation                         : Added: MIMETypeEntry: text/csv, csv
2022-02-03 16:38:40.268 DEBUG 13409 --- [    Test worker] javax.activation                         : Added: MIMETypeEntry: image/x-xbitmap, xbm
2022-02-03 16:38:40.269 DEBUG 13409 --- [    Test worker] javax.activation                         : Added: MIMETypeEntry: image/x-xpixmap, xpm
2022-02-03 16:38:40.269 DEBUG 13409 --- [    Test worker] javax.activation                         : Added: MIMETypeEntry: image/png, png
2022-02-03 16:38:40.269 DEBUG 13409 --- [    Test worker] javax.activation                         : Added: MIMETypeEntry: image/svg+xml, svg
2022-02-03 16:38:40.269 DEBUG 13409 --- [    Test worker] javax.activation                         : Added: MIMETypeEntry: image/ief, ief
2022-02-03 16:38:40.270 DEBUG 13409 --- [    Test worker] javax.activation                         : Added: MIMETypeEntry: image/rgb, rgb
2022-02-03 16:38:40.271 DEBUG 13409 --- [    Test worker] javax.activation                         : Added: MIMETypeEntry: image/g3fax, g3f
2022-02-03 16:38:40.271 DEBUG 13409 --- [    Test worker] javax.activation                         : Added: MIMETypeEntry: image/x-xwindowdump, xwd
2022-02-03 16:38:40.271 DEBUG 13409 --- [    Test worker] javax.activation                         : Added: MIMETypeEntry: image/x-pict, pict
2022-02-03 16:38:40.272 DEBUG 13409 --- [    Test worker] javax.activation                         : Added: MIMETypeEntry: image/x-portable-pixmap, ppm
2022-02-03 16:38:40.273 DEBUG 13409 --- [    Test worker] javax.activation                         : Added: MIMETypeEntry: image/x-portable-graymap, pgm
2022-02-03 16:38:40.273 DEBUG 13409 --- [    Test worker] javax.activation                         : Added: MIMETypeEntry: image/x-portable-bitmap, pbm
2022-02-03 16:38:40.273 DEBUG 13409 --- [    Test worker] javax.activation                         : Added: MIMETypeEntry: image/x-portable-anymap, pnm
2022-02-03 16:38:40.274 DEBUG 13409 --- [    Test worker] javax.activation                         : Added: MIMETypeEntry: image/x-ms-bmp, bmp
2022-02-03 16:38:40.274 DEBUG 13409 --- [    Test worker] javax.activation                         : Added: MIMETypeEntry: image/x-cmu-raster, ras
2022-02-03 16:38:40.275 DEBUG 13409 --- [    Test worker] javax.activation                         : Added: MIMETypeEntry: image/x-photo-cd, pcd
2022-02-03 16:38:40.275 DEBUG 13409 --- [    Test worker] javax.activation                         : Added: MIMETypeEntry: image/cgm, cgm
2022-02-03 16:38:40.275 DEBUG 13409 --- [    Test worker] javax.activation                         : Added: MIMETypeEntry: image/x-cals, mil
2022-02-03 16:38:40.276 DEBUG 13409 --- [    Test worker] javax.activation                         : Added: MIMETypeEntry: image/x-cals, cal
2022-02-03 16:38:40.277 DEBUG 13409 --- [    Test worker] javax.activation                         : Added: MIMETypeEntry: image/fif, fif
2022-02-03 16:38:40.279 DEBUG 13409 --- [    Test worker] javax.activation                         : Added: MIMETypeEntry: image/x-mgx-dsf, dsf
2022-02-03 16:38:40.279 DEBUG 13409 --- [    Test worker] javax.activation                         : Added: MIMETypeEntry: image/x-cmx, cmx
2022-02-03 16:38:40.279 DEBUG 13409 --- [    Test worker] javax.activation                         : Added: MIMETypeEntry: image/wavelet, wi
2022-02-03 16:38:40.280 DEBUG 13409 --- [    Test worker] javax.activation                         : Added: MIMETypeEntry: image/vnd.dwg, dwg
2022-02-03 16:38:40.280 DEBUG 13409 --- [    Test worker] javax.activation                         : Added: MIMETypeEntry: image/vnd.dxf, dxf
2022-02-03 16:38:40.281 DEBUG 13409 --- [    Test worker] javax.activation                         : Added: MIMETypeEntry: image/vnd.svf, svf
2022-02-03 16:38:40.281 DEBUG 13409 --- [    Test worker] javax.activation                         : Added: MIMETypeEntry: audio/basic, au
2022-02-03 16:38:40.281 DEBUG 13409 --- [    Test worker] javax.activation                         : Added: MIMETypeEntry: audio/basic, snd
2022-02-03 16:38:40.281 DEBUG 13409 --- [    Test worker] javax.activation                         : Added: MIMETypeEntry: audio/x-aiff, aif
2022-02-03 16:38:40.281 DEBUG 13409 --- [    Test worker] javax.activation                         : Added: MIMETypeEntry: audio/x-aiff, aiff
2022-02-03 16:38:40.281 DEBUG 13409 --- [    Test worker] javax.activation                         : Added: MIMETypeEntry: audio/x-aiff, aifc
2022-02-03 16:38:40.281 DEBUG 13409 --- [    Test worker] javax.activation                         : Added: MIMETypeEntry: audio/x-wav, wav
2022-02-03 16:38:40.281 DEBUG 13409 --- [    Test worker] javax.activation                         : Added: MIMETypeEntry: audio/x-mpeg, mpa
2022-02-03 16:38:40.281 DEBUG 13409 --- [    Test worker] javax.activation                         : Added: MIMETypeEntry: audio/x-mpeg, abs
2022-02-03 16:38:40.281 DEBUG 13409 --- [    Test worker] javax.activation                         : Added: MIMETypeEntry: audio/x-mpeg, mpega
2022-02-03 16:38:40.281 DEBUG 13409 --- [    Test worker] javax.activation                         : Added: MIMETypeEntry: audio/x-mpeg-2, mp2a
2022-02-03 16:38:40.281 DEBUG 13409 --- [    Test worker] javax.activation                         : Added: MIMETypeEntry: audio/x-mpeg-2, mpa2
2022-02-03 16:38:40.282 DEBUG 13409 --- [    Test worker] javax.activation                         : Added: MIMETypeEntry: audio/echospeech, es
2022-02-03 16:38:40.285 DEBUG 13409 --- [    Test worker] javax.activation                         : Added: MIMETypeEntry: audio/voxware, vox
2022-02-03 16:38:40.285 DEBUG 13409 --- [    Test worker] javax.activation                         : Added: MIMETypeEntry: application/fastman, lcc
2022-02-03 16:38:40.286 DEBUG 13409 --- [    Test worker] javax.activation                         : Added: MIMETypeEntry: application/x-pn-realaudio, ra
2022-02-03 16:38:40.287 DEBUG 13409 --- [    Test worker] javax.activation                         : Added: MIMETypeEntry: application/x-pn-realaudio, ram
2022-02-03 16:38:40.287 DEBUG 13409 --- [    Test worker] javax.activation                         : Added: MIMETypeEntry: x-music/x-midi, mmid
2022-02-03 16:38:40.287 DEBUG 13409 --- [    Test worker] javax.activation                         : Added: MIMETypeEntry: application/vnd.koan, skp
2022-02-03 16:38:40.291 DEBUG 13409 --- [    Test worker] javax.activation                         : Added: MIMETypeEntry: text/x-speech, talk
2022-02-03 16:38:40.292 DEBUG 13409 --- [    Test worker] javax.activation                         : Added: MIMETypeEntry: video/mpeg, mpeg
2022-02-03 16:38:40.293 DEBUG 13409 --- [    Test worker] javax.activation                         : Added: MIMETypeEntry: video/mpeg, mpg
2022-02-03 16:38:40.296 DEBUG 13409 --- [    Test worker] javax.activation                         : Added: MIMETypeEntry: video/mpeg, mpe
2022-02-03 16:38:40.297 DEBUG 13409 --- [    Test worker] javax.activation                         : Added: MIMETypeEntry: video/mpeg-2, mpv2
2022-02-03 16:38:40.299 DEBUG 13409 --- [    Test worker] javax.activation                         : Added: MIMETypeEntry: video/mpeg-2, mp2v
2022-02-03 16:38:40.299 DEBUG 13409 --- [    Test worker] javax.activation                         : Added: MIMETypeEntry: video/quicktime, qt
2022-02-03 16:38:40.299 DEBUG 13409 --- [    Test worker] javax.activation                         : Added: MIMETypeEntry: video/quicktime, mov
2022-02-03 16:38:40.299 DEBUG 13409 --- [    Test worker] javax.activation                         : Added: MIMETypeEntry: video/x-msvideo, avi
2022-02-03 16:38:40.299 DEBUG 13409 --- [    Test worker] javax.activation                         : Added: MIMETypeEntry: video/x-sgi-movie, movie
2022-02-03 16:38:40.299 DEBUG 13409 --- [    Test worker] javax.activation                         : Added: MIMETypeEntry: video/vdo, vdo
2022-02-03 16:38:40.300 DEBUG 13409 --- [    Test worker] javax.activation                         : Added: MIMETypeEntry: video/vnd.vivo, viv
2022-02-03 16:38:40.300 DEBUG 13409 --- [    Test worker] javax.activation                         : Added: MIMETypeEntry: application/x-ns-proxy-autoconfig, pac
2022-02-03 16:38:40.300 DEBUG 13409 --- [    Test worker] javax.activation                         : Added: MIMETypeEntry: x-conference/x-cooltalk, ice
2022-02-03 16:38:40.300 DEBUG 13409 --- [    Test worker] javax.activation                         : Added: MIMETypeEntry: application/postscript, ai
2022-02-03 16:38:40.300 DEBUG 13409 --- [    Test worker] javax.activation                         : Added: MIMETypeEntry: application/postscript, eps
2022-02-03 16:38:40.300 DEBUG 13409 --- [    Test worker] javax.activation                         : Added: MIMETypeEntry: application/postscript, ps
2022-02-03 16:38:40.300 DEBUG 13409 --- [    Test worker] javax.activation                         : Added: MIMETypeEntry: application/rtf, rtf
2022-02-03 16:38:40.300 DEBUG 13409 --- [    Test worker] javax.activation                         : Added: MIMETypeEntry: application/pdf, pdf
2022-02-03 16:38:40.301 DEBUG 13409 --- [    Test worker] javax.activation                         : Added: MIMETypeEntry: application/vnd.mif, mif
2022-02-03 16:38:40.301 DEBUG 13409 --- [    Test worker] javax.activation                         : Added: MIMETypeEntry: application/x-troff, t
2022-02-03 16:38:40.301 DEBUG 13409 --- [    Test worker] javax.activation                         : Added: MIMETypeEntry: application/x-troff, tr
2022-02-03 16:38:40.301 DEBUG 13409 --- [    Test worker] javax.activation                         : Added: MIMETypeEntry: application/x-troff, roff
2022-02-03 16:38:40.301 DEBUG 13409 --- [    Test worker] javax.activation                         : Added: MIMETypeEntry: application/x-troff-man, man
2022-02-03 16:38:40.301 DEBUG 13409 --- [    Test worker] javax.activation                         : Added: MIMETypeEntry: application/x-troff-me, me
2022-02-03 16:38:40.301 DEBUG 13409 --- [    Test worker] javax.activation                         : Added: MIMETypeEntry: application/x-troff-ms, ms
2022-02-03 16:38:40.301 DEBUG 13409 --- [    Test worker] javax.activation                         : Added: MIMETypeEntry: application/x-latex, latex
2022-02-03 16:38:40.301 DEBUG 13409 --- [    Test worker] javax.activation                         : Added: MIMETypeEntry: application/x-tex, tex
2022-02-03 16:38:40.302 DEBUG 13409 --- [    Test worker] javax.activation                         : Added: MIMETypeEntry: application/x-texinfo, texinfo
2022-02-03 16:38:40.302 DEBUG 13409 --- [    Test worker] javax.activation                         : Added: MIMETypeEntry: application/x-texinfo, texi
2022-02-03 16:38:40.302 DEBUG 13409 --- [    Test worker] javax.activation                         : Added: MIMETypeEntry: application/x-dvi, dvi
2022-02-03 16:38:40.302 DEBUG 13409 --- [    Test worker] javax.activation                         : Added: MIMETypeEntry: application/msword, doc
2022-02-03 16:38:40.302 DEBUG 13409 --- [    Test worker] javax.activation                         : Added: MIMETypeEntry: application/msword, DOC
2022-02-03 16:38:40.302 DEBUG 13409 --- [    Test worker] javax.activation                         : Added: MIMETypeEntry: application/oda, oda
2022-02-03 16:38:40.302 DEBUG 13409 --- [    Test worker] javax.activation                         : Added: MIMETypeEntry: application/envoy, evy
2022-02-03 16:38:40.302 DEBUG 13409 --- [    Test worker] javax.activation                         : Added: MIMETypeEntry: application/x-gtar, gtar
2022-02-03 16:38:40.302 DEBUG 13409 --- [    Test worker] javax.activation                         : Added: MIMETypeEntry: application/x-tar, tar
2022-02-03 16:38:40.303 DEBUG 13409 --- [    Test worker] javax.activation                         : Added: MIMETypeEntry: application/x-ustar, ustar
2022-02-03 16:38:40.303 DEBUG 13409 --- [    Test worker] javax.activation                         : Added: MIMETypeEntry: application/x-bcpio, bcpio
2022-02-03 16:38:40.303 DEBUG 13409 --- [    Test worker] javax.activation                         : Added: MIMETypeEntry: application/x-cpio, cpio
2022-02-03 16:38:40.303 DEBUG 13409 --- [    Test worker] javax.activation                         : Added: MIMETypeEntry: application/x-shar, shar
2022-02-03 16:38:40.303 DEBUG 13409 --- [    Test worker] javax.activation                         : Added: MIMETypeEntry: application/zip, zip
2022-02-03 16:38:40.303 DEBUG 13409 --- [    Test worker] javax.activation                         : Added: MIMETypeEntry: application/mac-binhex40, hqx
2022-02-03 16:38:40.303 DEBUG 13409 --- [    Test worker] javax.activation                         : Added: MIMETypeEntry: application/x-stuffit, sit
2022-02-03 16:38:40.303 DEBUG 13409 --- [    Test worker] javax.activation                         : Added: MIMETypeEntry: application/x-stuffit, sea
2022-02-03 16:38:40.303 DEBUG 13409 --- [    Test worker] javax.activation                         : Added: MIMETypeEntry: application/fractals, fif
2022-02-03 16:38:40.304 DEBUG 13409 --- [    Test worker] javax.activation                         : Added: MIMETypeEntry: application/octet-stream, bin
2022-02-03 16:38:40.304 DEBUG 13409 --- [    Test worker] javax.activation                         : Added: MIMETypeEntry: application/octet-stream, uu
2022-02-03 16:38:40.304 DEBUG 13409 --- [    Test worker] javax.activation                         : Added: MIMETypeEntry: application/octet-stream, exe
2022-02-03 16:38:40.304 DEBUG 13409 --- [    Test worker] javax.activation                         : Added: MIMETypeEntry: application/x-wais-source, src
2022-02-03 16:38:40.304 DEBUG 13409 --- [    Test worker] javax.activation                         : Added: MIMETypeEntry: application/x-wais-source, wsrc
2022-02-03 16:38:40.304 DEBUG 13409 --- [    Test worker] javax.activation                         : Added: MIMETypeEntry: application/hdf, hdf
2022-02-03 16:38:40.304 DEBUG 13409 --- [    Test worker] javax.activation                         : Added: MIMETypeEntry: text/javascript, js
2022-02-03 16:38:40.304 DEBUG 13409 --- [    Test worker] javax.activation                         : Added: MIMETypeEntry: text/javascript, ls
2022-02-03 16:38:40.304 DEBUG 13409 --- [    Test worker] javax.activation                         : Added: MIMETypeEntry: text/javascript, mocha
2022-02-03 16:38:40.304 DEBUG 13409 --- [    Test worker] javax.activation                         : Added: MIMETypeEntry: application/x-sh, sh
2022-02-03 16:38:40.304 DEBUG 13409 --- [    Test worker] javax.activation                         : Added: MIMETypeEntry: application/x-csh, csh
2022-02-03 16:38:40.305 DEBUG 13409 --- [    Test worker] javax.activation                         : Added: MIMETypeEntry: application/x-perl, pl
2022-02-03 16:38:40.305 DEBUG 13409 --- [    Test worker] javax.activation                         : Added: MIMETypeEntry: application/x-tcl, tcl
2022-02-03 16:38:40.305 DEBUG 13409 --- [    Test worker] javax.activation                         : Added: MIMETypeEntry: application/futuresplash, spl
2022-02-03 16:38:40.305 DEBUG 13409 --- [    Test worker] javax.activation                         : Added: MIMETypeEntry: application/mbedlet, mbd
2022-02-03 16:38:40.305 DEBUG 13409 --- [    Test worker] javax.activation                         : Added: MIMETypeEntry: application/x-rad-powermedia, rad
2022-02-03 16:38:40.305 DEBUG 13409 --- [    Test worker] javax.activation                         : Added: MIMETypeEntry: application/mspowerpoint, ppz
2022-02-03 16:38:40.305 DEBUG 13409 --- [    Test worker] javax.activation                         : Added: MIMETypeEntry: application/x-asap, asp
2022-02-03 16:38:40.305 DEBUG 13409 --- [    Test worker] javax.activation                         : Added: MIMETypeEntry: application/astound, asn
2022-02-03 16:38:40.305 DEBUG 13409 --- [    Test worker] javax.activation                         : Added: MIMETypeEntry: application/x-olescript, axs
2022-02-03 16:38:40.305 DEBUG 13409 --- [    Test worker] javax.activation                         : Added: MIMETypeEntry: application/x-oleobject, ods
2022-02-03 16:38:40.305 DEBUG 13409 --- [    Test worker] javax.activation                         : Added: MIMETypeEntry: x-form/x-openscape, opp
2022-02-03 16:38:40.306 DEBUG 13409 --- [    Test worker] javax.activation                         : Added: MIMETypeEntry: application/x-webbasic, wba
2022-02-03 16:38:40.306 DEBUG 13409 --- [    Test worker] javax.activation                         : Added: MIMETypeEntry: application/x-alpha-form, frm
2022-02-03 16:38:40.306 DEBUG 13409 --- [    Test worker] javax.activation                         : Added: MIMETypeEntry: x-script/x-wfxclient, wfx
2022-02-03 16:38:40.306 DEBUG 13409 --- [    Test worker] javax.activation                         : Added: MIMETypeEntry: application/octet-stream, exe
2022-02-03 16:38:40.306 DEBUG 13409 --- [    Test worker] javax.activation                         : Added: MIMETypeEntry: application/octet-stream, com
2022-02-03 16:38:40.306 DEBUG 13409 --- [    Test worker] javax.activation                         : Added: MIMETypeEntry: application/x-pcn, pcn
2022-02-03 16:38:40.306 DEBUG 13409 --- [    Test worker] javax.activation                         : Added: MIMETypeEntry: application/vnd.ms-excel, xls
2022-02-03 16:38:40.306 DEBUG 13409 --- [    Test worker] javax.activation                         : Added: MIMETypeEntry: application/vnd.ms-powerpoint, ppt
2022-02-03 16:38:40.306 DEBUG 13409 --- [    Test worker] javax.activation                         : Added: MIMETypeEntry: application/vnd.ms-project, mpp
2022-02-03 16:38:40.306 DEBUG 13409 --- [    Test worker] javax.activation                         : Added: MIMETypeEntry: application/vnd.svd, svd
2022-02-03 16:38:40.306 DEBUG 13409 --- [    Test worker] javax.activation                         : Added: MIMETypeEntry: application/x-net-install, ins
2022-02-03 16:38:40.307 DEBUG 13409 --- [    Test worker] javax.activation                         : Added: MIMETypeEntry: application/ccv, ccv
2022-02-03 16:38:40.307 DEBUG 13409 --- [    Test worker] javax.activation                         : Added: MIMETypeEntry: workbook/formulaone, vts
2022-02-03 16:38:40.307 DEBUG 13409 --- [    Test worker] javax.activation                         : Added: MIMETypeEntry: x-world/x-vrml, wrl
2022-02-03 16:38:40.307 DEBUG 13409 --- [    Test worker] javax.activation                         : Added: MIMETypeEntry: x-world/x-vrml, vrml
2022-02-03 16:38:40.307 DEBUG 13409 --- [    Test worker] javax.activation                         : Added: MIMETypeEntry: x-world/x-vream, vrw
2022-02-03 16:38:40.307 DEBUG 13409 --- [    Test worker] javax.activation                         : Added: MIMETypeEntry: application/x-p3d, p3d
2022-02-03 16:38:40.307 DEBUG 13409 --- [    Test worker] javax.activation                         : Added: MIMETypeEntry: x-world/x-svr, svr
2022-02-03 16:38:40.307 DEBUG 13409 --- [    Test worker] javax.activation                         : Added: MIMETypeEntry: x-world/x-wvr, wvr
2022-02-03 16:38:40.307 DEBUG 13409 --- [    Test worker] javax.activation                         : Added: MIMETypeEntry: x-world/x-3dmf, 3dmf
2022-02-03 16:38:40.307 DEBUG 13409 --- [    Test worker] javax.activation                         : Added: MIMETypeEntry: application/mathematica, ma
2022-02-03 16:38:40.308 DEBUG 13409 --- [    Test worker] javax.activation                         : Added: MIMETypeEntry: x-model/x-mesh, msh
2022-02-03 16:38:40.308 DEBUG 13409 --- [    Test worker] javax.activation                         : Added: MIMETypeEntry: application/vis5d, v5d
2022-02-03 16:38:40.308 DEBUG 13409 --- [    Test worker] javax.activation                         : Added: MIMETypeEntry: application/iges, igs
2022-02-03 16:38:40.308 DEBUG 13409 --- [    Test worker] javax.activation                         : Added: MIMETypeEntry: drawing/x-dwf, dwf
2022-02-03 16:38:40.398 DEBUG 13409 --- [onnection adder] com.zaxxer.hikari.pool.HikariPool        : HikariPool-1 - Added connection org.postgresql.jdbc.PgConnection@d345ff9
2022-02-03 16:38:40.399 DEBUG 13409 --- [onnection adder] org.postgresql.Driver                    : Connecting with URL: jdbc:postgresql://localhost:15000/willagropastoral
2022-02-03 16:38:40.399 DEBUG 13409 --- [onnection adder] org.postgresql.jdbc.PgConnection         : PostgreSQL JDBC Driver 42.3.1
2022-02-03 16:38:40.399 DEBUG 13409 --- [onnection adder] org.postgresql.jdbc.PgConnection         :   setDefaultFetchSize = 0
2022-02-03 16:38:40.400 DEBUG 13409 --- [onnection adder] org.postgresql.jdbc.PgConnection         :   setPrepareThreshold = 5
2022-02-03 16:38:40.400 DEBUG 13409 --- [onnection adder] o.p.core.v3.ConnectionFactoryImpl        : Trying to establish a protocol version 3 connection to localhost:15000
2022-02-03 16:38:40.401 DEBUG 13409 --- [onnection adder] o.p.core.v3.ConnectionFactoryImpl        : Receive Buffer Size is 408.300
2022-02-03 16:38:40.402 DEBUG 13409 --- [onnection adder] o.p.core.v3.ConnectionFactoryImpl        : Send Buffer Size is 146.988
2022-02-03 16:38:40.495 DEBUG 13409 --- [onnection adder] com.zaxxer.hikari.pool.HikariPool        : HikariPool-1 - Added connection org.postgresql.jdbc.PgConnection@d1f42b9
2022-02-03 16:38:40.495 DEBUG 13409 --- [onnection adder] org.postgresql.Driver                    : Connecting with URL: jdbc:postgresql://localhost:15000/willagropastoral
2022-02-03 16:38:40.495 DEBUG 13409 --- [onnection adder] org.postgresql.jdbc.PgConnection         : PostgreSQL JDBC Driver 42.3.1
2022-02-03 16:38:40.496 DEBUG 13409 --- [onnection adder] org.postgresql.jdbc.PgConnection         :   setDefaultFetchSize = 0
2022-02-03 16:38:40.496 DEBUG 13409 --- [onnection adder] org.postgresql.jdbc.PgConnection         :   setPrepareThreshold = 5
2022-02-03 16:38:40.496 DEBUG 13409 --- [onnection adder] o.p.core.v3.ConnectionFactoryImpl        : Trying to establish a protocol version 3 connection to localhost:15000
2022-02-03 16:38:40.499 DEBUG 13409 --- [onnection adder] o.p.core.v3.ConnectionFactoryImpl        : Receive Buffer Size is 408.300
2022-02-03 16:38:40.499 DEBUG 13409 --- [onnection adder] o.p.core.v3.ConnectionFactoryImpl        : Send Buffer Size is 146.988
2022-02-03 16:38:40.603 DEBUG 13409 --- [onnection adder] com.zaxxer.hikari.pool.HikariPool        : HikariPool-1 - Added connection org.postgresql.jdbc.PgConnection@a465237
2022-02-03 16:38:40.603 DEBUG 13409 --- [onnection adder] com.zaxxer.hikari.pool.HikariPool        : HikariPool-1 - After adding stats (total=10, active=0, idle=10, waiting=0)
2022-02-03 16:38:40.912  INFO 13409 --- [    Test worker] o.s.s.web.DefaultSecurityFilterChain     : Will secure any request with [org.springframework.security.web.context.request.async.WebAsyncManagerIntegrationFilter@d9f5fce, org.springframework.security.web.context.SecurityContextPersistenceFilter@32e5af53, org.springframework.security.web.header.HeaderWriterFilter@661e279d, org.springframework.security.web.csrf.CsrfFilter@1815577b, org.springframework.security.web.authentication.logout.LogoutFilter@79f5a6ed, org.springframework.security.web.authentication.UsernamePasswordAuthenticationFilter@482a58c7, org.springframework.security.web.authentication.ui.DefaultLoginPageGeneratingFilter@1e734eee, org.springframework.security.web.authentication.ui.DefaultLogoutPageGeneratingFilter@49653791, org.springframework.security.web.savedrequest.RequestCacheAwareFilter@5be4be74, org.springframework.security.web.servletapi.SecurityContextHolderAwareRequestFilter@4357524b, org.springframework.security.web.authentication.AnonymousAuthenticationFilter@45b7c97f, org.springframework.security.web.session.SessionManagementFilter@621624b1, org.springframework.security.web.access.ExceptionTranslationFilter@7f426ddd, org.springframework.security.web.access.intercept.FilterSecurityInterceptor@365cef67]
2022-02-03 16:38:41.004 DEBUG 13409 --- [    Test worker] o.a.catalina.core.AprLifecycleListener   : The Apache Tomcat Native library could not be found using names [tcnative-1, libtcnative-1] on the java.library.path [/Users/admin/Library/Java/Extensions:/Library/Java/Extensions:/Network/Library/Java/Extensions:/System/Library/Java/Extensions:/usr/lib/java:.]. The errors reported were [Can't load library: /Users/admin/Desktop/SprungInsMacAigain/HardCodes/willagropastoral-jdbc-oauth-email/bin/libtcnative-1.dylib, Can't load library: /Users/admin/Desktop/SprungInsMacAigain/HardCodes/willagropastoral-jdbc-oauth-email/bin/liblibtcnative-1.dylib, no tcnative-1 in java.library.path: /Users/admin/Library/Java/Extensions:/Library/Java/Extensions:/Network/Library/Java/Extensions:/System/Library/Java/Extensions:/usr/lib/java:., no libtcnative-1 in java.library.path: /Users/admin/Library/Java/Extensions:/Library/Java/Extensions:/Network/Library/Java/Extensions:/System/Library/Java/Extensions:/usr/lib/java:.]

org.apache.tomcat.jni.LibraryNotFoundError: Can't load library: /Users/admin/Desktop/SprungInsMacAigain/HardCodes/willagropastoral-jdbc-oauth-email/bin/libtcnative-1.dylib, Can't load library: /Users/admin/Desktop/SprungInsMacAigain/HardCodes/willagropastoral-jdbc-oauth-email/bin/liblibtcnative-1.dylib, no tcnative-1 in java.library.path: /Users/admin/Library/Java/Extensions:/Library/Java/Extensions:/Network/Library/Java/Extensions:/System/Library/Java/Extensions:/usr/lib/java:., no libtcnative-1 in java.library.path: /Users/admin/Library/Java/Extensions:/Library/Java/Extensions:/Network/Library/Java/Extensions:/System/Library/Java/Extensions:/usr/lib/java:.
	at org.apache.tomcat.jni.Library.<init>(Library.java:93) ~[tomcat-embed-core-9.0.56.jar:9.0.56]
	at org.apache.tomcat.jni.Library.initialize(Library.java:203) ~[tomcat-embed-core-9.0.56.jar:9.0.56]
	at org.apache.catalina.core.AprLifecycleListener.init(AprLifecycleListener.java:203) ~[tomcat-embed-core-9.0.56.jar:9.0.56]
	at org.apache.catalina.core.AprLifecycleListener.isAprAvailable(AprLifecycleListener.java:108) ~[tomcat-embed-core-9.0.56.jar:9.0.56]
	at org.springframework.boot.web.embedded.tomcat.TomcatServletWebServerFactory.getDefaultServerLifecycleListeners(TomcatServletWebServerFactory.java:182) ~[spring-boot-2.6.3.jar:2.6.3]
	at org.springframework.boot.web.embedded.tomcat.TomcatServletWebServerFactory.<init>(TomcatServletWebServerFactory.java:129) ~[spring-boot-2.6.3.jar:2.6.3]
	at org.springframework.boot.autoconfigure.web.servlet.ServletWebServerFactoryConfiguration$EmbeddedTomcat.tomcatServletWebServerFactory(ServletWebServerFactoryConfiguration.java:76) ~[spring-boot-autoconfigure-2.6.3.jar:2.6.3]
	at java.base/jdk.internal.reflect.NativeMethodAccessorImpl.invoke0(Native Method) ~[na:na]
	at java.base/jdk.internal.reflect.NativeMethodAccessorImpl.invoke(NativeMethodAccessorImpl.java:77) ~[na:na]
	at java.base/jdk.internal.reflect.DelegatingMethodAccessorImpl.invoke(DelegatingMethodAccessorImpl.java:43) ~[na:na]
	at java.base/java.lang.reflect.Method.invoke(Method.java:568) ~[na:na]
	at org.springframework.beans.factory.support.SimpleInstantiationStrategy.instantiate(SimpleInstantiationStrategy.java:154) ~[spring-beans-5.3.15.jar:5.3.15]
	at org.springframework.beans.factory.support.ConstructorResolver.instantiate(ConstructorResolver.java:653) ~[spring-beans-5.3.15.jar:5.3.15]
	at org.springframework.beans.factory.support.ConstructorResolver.instantiateUsingFactoryMethod(ConstructorResolver.java:638) ~[spring-beans-5.3.15.jar:5.3.15]
	at org.springframework.beans.factory.support.AbstractAutowireCapableBeanFactory.instantiateUsingFactoryMethod(AbstractAutowireCapableBeanFactory.java:1352) ~[spring-beans-5.3.15.jar:5.3.15]
	at org.springframework.beans.factory.support.AbstractAutowireCapableBeanFactory.createBeanInstance(AbstractAutowireCapableBeanFactory.java:1195) ~[spring-beans-5.3.15.jar:5.3.15]
	at org.springframework.beans.factory.support.AbstractAutowireCapableBeanFactory.doCreateBean(AbstractAutowireCapableBeanFactory.java:582) ~[spring-beans-5.3.15.jar:5.3.15]
	at org.springframework.beans.factory.support.AbstractAutowireCapableBeanFactory.createBean(AbstractAutowireCapableBeanFactory.java:542) ~[spring-beans-5.3.15.jar:5.3.15]
	at org.springframework.beans.factory.support.AbstractBeanFactory.lambda$doGetBean$0(AbstractBeanFactory.java:335) ~[spring-beans-5.3.15.jar:5.3.15]
	at org.springframework.beans.factory.support.DefaultSingletonBeanRegistry.getSingleton(DefaultSingletonBeanRegistry.java:234) ~[spring-beans-5.3.15.jar:5.3.15]
	at org.springframework.beans.factory.support.AbstractBeanFactory.doGetBean(AbstractBeanFactory.java:333) ~[spring-beans-5.3.15.jar:5.3.15]
	at org.springframework.beans.factory.support.AbstractBeanFactory.getBean(AbstractBeanFactory.java:208) ~[spring-beans-5.3.15.jar:5.3.15]
	at org.springframework.beans.factory.support.DefaultListableBeanFactory.preInstantiateSingletons(DefaultListableBeanFactory.java:953) ~[spring-beans-5.3.15.jar:5.3.15]
	at org.springframework.context.support.AbstractApplicationContext.finishBeanFactoryInitialization(AbstractApplicationContext.java:918) ~[spring-context-5.3.15.jar:5.3.15]
	at org.springframework.context.support.AbstractApplicationContext.refresh(AbstractApplicationContext.java:583) ~[spring-context-5.3.15.jar:5.3.15]
	at org.springframework.boot.SpringApplication.refresh(SpringApplication.java:732) ~[spring-boot-2.6.3.jar:2.6.3]
	at org.springframework.boot.SpringApplication.refreshContext(SpringApplication.java:414) ~[spring-boot-2.6.3.jar:2.6.3]
	at org.springframework.boot.SpringApplication.run(SpringApplication.java:302) ~[spring-boot-2.6.3.jar:2.6.3]
	at org.springframework.boot.test.context.SpringBootContextLoader.loadContext(SpringBootContextLoader.java:136) ~[spring-boot-test-2.6.3.jar:2.6.3]
	at org.springframework.test.context.cache.DefaultCacheAwareContextLoaderDelegate.loadContextInternal(DefaultCacheAwareContextLoaderDelegate.java:99) ~[spring-test-5.3.15.jar:5.3.15]
	at org.springframework.test.context.cache.DefaultCacheAwareContextLoaderDelegate.loadContext(DefaultCacheAwareContextLoaderDelegate.java:124) ~[spring-test-5.3.15.jar:5.3.15]
	at org.springframework.test.context.support.DefaultTestContext.getApplicationContext(DefaultTestContext.java:124) ~[spring-test-5.3.15.jar:5.3.15]
	at org.springframework.test.context.web.ServletTestExecutionListener.setUpRequestContextIfNecessary(ServletTestExecutionListener.java:190) ~[spring-test-5.3.15.jar:5.3.15]
	at org.springframework.test.context.web.ServletTestExecutionListener.prepareTestInstance(ServletTestExecutionListener.java:132) ~[spring-test-5.3.15.jar:5.3.15]
	at org.springframework.test.context.TestContextManager.prepareTestInstance(TestContextManager.java:248) ~[spring-test-5.3.15.jar:5.3.15]
	at org.springframework.test.context.junit.jupiter.SpringExtension.postProcessTestInstance(SpringExtension.java:138) ~[spring-test-5.3.15.jar:5.3.15]
	at org.junit.jupiter.engine.descriptor.ClassBasedTestDescriptor.lambda$invokeTestInstancePostProcessors$8(ClassBasedTestDescriptor.java:363) ~[junit-jupiter-engine-5.8.2.jar:5.8.2]
	at org.junit.jupiter.engine.descriptor.ClassBasedTestDescriptor.executeAndMaskThrowable(ClassBasedTestDescriptor.java:368) ~[junit-jupiter-engine-5.8.2.jar:5.8.2]
	at org.junit.jupiter.engine.descriptor.ClassBasedTestDescriptor.lambda$invokeTestInstancePostProcessors$9(ClassBasedTestDescriptor.java:363) ~[junit-jupiter-engine-5.8.2.jar:5.8.2]
	at java.base/java.util.stream.ReferencePipeline$3$1.accept(ReferencePipeline.java:197) ~[na:na]
	at java.base/java.util.stream.ReferencePipeline$2$1.accept(ReferencePipeline.java:179) ~[na:na]
	at java.base/java.util.ArrayList$ArrayListSpliterator.forEachRemaining(ArrayList.java:1625) ~[na:na]
	at java.base/java.util.stream.AbstractPipeline.copyInto(AbstractPipeline.java:509) ~[na:na]
	at java.base/java.util.stream.AbstractPipeline.wrapAndCopyInto(AbstractPipeline.java:499) ~[na:na]
	at java.base/java.util.stream.StreamSpliterators$WrappingSpliterator.forEachRemaining(StreamSpliterators.java:310) ~[na:na]
	at java.base/java.util.stream.Streams$ConcatSpliterator.forEachRemaining(Streams.java:735) ~[na:na]
	at java.base/java.util.stream.Streams$ConcatSpliterator.forEachRemaining(Streams.java:734) ~[na:na]
	at java.base/java.util.stream.ReferencePipeline$Head.forEach(ReferencePipeline.java:762) ~[na:na]
	at org.junit.jupiter.engine.descriptor.ClassBasedTestDescriptor.invokeTestInstancePostProcessors(ClassBasedTestDescriptor.java:362) ~[junit-jupiter-engine-5.8.2.jar:5.8.2]
	at org.junit.jupiter.engine.descriptor.ClassBasedTestDescriptor.lambda$instantiateAndPostProcessTestInstance$6(ClassBasedTestDescriptor.java:283) ~[junit-jupiter-engine-5.8.2.jar:5.8.2]
	at org.junit.platform.engine.support.hierarchical.ThrowableCollector.execute(ThrowableCollector.java:73) ~[junit-platform-engine-1.8.2.jar:1.8.2]
	at org.junit.jupiter.engine.descriptor.ClassBasedTestDescriptor.instantiateAndPostProcessTestInstance(ClassBasedTestDescriptor.java:282) ~[junit-jupiter-engine-5.8.2.jar:5.8.2]
	at org.junit.jupiter.engine.descriptor.ClassBasedTestDescriptor.lambda$testInstancesProvider$4(ClassBasedTestDescriptor.java:272) ~[junit-jupiter-engine-5.8.2.jar:5.8.2]
	at java.base/java.util.Optional.orElseGet(Optional.java:364) ~[na:na]
	at org.junit.jupiter.engine.descriptor.ClassBasedTestDescriptor.lambda$testInstancesProvider$5(ClassBasedTestDescriptor.java:271) ~[junit-jupiter-engine-5.8.2.jar:5.8.2]
	at org.junit.jupiter.engine.execution.TestInstancesProvider.getTestInstances(TestInstancesProvider.java:31) ~[junit-jupiter-engine-5.8.2.jar:5.8.2]
	at org.junit.jupiter.engine.descriptor.TestMethodTestDescriptor.lambda$prepare$0(TestMethodTestDescriptor.java:102) ~[junit-jupiter-engine-5.8.2.jar:5.8.2]
	at org.junit.platform.engine.support.hierarchical.ThrowableCollector.execute(ThrowableCollector.java:73) ~[junit-platform-engine-1.8.2.jar:1.8.2]
	at org.junit.jupiter.engine.descriptor.TestMethodTestDescriptor.prepare(TestMethodTestDescriptor.java:101) ~[junit-jupiter-engine-5.8.2.jar:5.8.2]
	at org.junit.jupiter.engine.descriptor.TestMethodTestDescriptor.prepare(TestMethodTestDescriptor.java:66) ~[junit-jupiter-engine-5.8.2.jar:5.8.2]
	at org.junit.platform.engine.support.hierarchical.NodeTestTask.lambda$prepare$2(NodeTestTask.java:123) ~[junit-platform-engine-1.8.2.jar:1.8.2]
	at org.junit.platform.engine.support.hierarchical.ThrowableCollector.execute(ThrowableCollector.java:73) ~[junit-platform-engine-1.8.2.jar:1.8.2]
	at org.junit.platform.engine.support.hierarchical.NodeTestTask.prepare(NodeTestTask.java:123) ~[junit-platform-engine-1.8.2.jar:1.8.2]
	at org.junit.platform.engine.support.hierarchical.NodeTestTask.execute(NodeTestTask.java:90) ~[junit-platform-engine-1.8.2.jar:1.8.2]
	at java.base/java.util.ArrayList.forEach(ArrayList.java:1511) ~[na:na]
	at org.junit.platform.engine.support.hierarchical.SameThreadHierarchicalTestExecutorService.invokeAll(SameThreadHierarchicalTestExecutorService.java:41) ~[junit-platform-engine-1.8.2.jar:1.8.2]
	at org.junit.platform.engine.support.hierarchical.NodeTestTask.lambda$executeRecursively$6(NodeTestTask.java:155) ~[junit-platform-engine-1.8.2.jar:1.8.2]
	at org.junit.platform.engine.support.hierarchical.ThrowableCollector.execute(ThrowableCollector.java:73) ~[junit-platform-engine-1.8.2.jar:1.8.2]
	at org.junit.platform.engine.support.hierarchical.NodeTestTask.lambda$executeRecursively$8(NodeTestTask.java:141) ~[junit-platform-engine-1.8.2.jar:1.8.2]
	at org.junit.platform.engine.support.hierarchical.Node.around(Node.java:137) ~[junit-platform-engine-1.8.2.jar:1.8.2]
	at org.junit.platform.engine.support.hierarchical.NodeTestTask.lambda$executeRecursively$9(NodeTestTask.java:139) ~[junit-platform-engine-1.8.2.jar:1.8.2]
	at org.junit.platform.engine.support.hierarchical.ThrowableCollector.execute(ThrowableCollector.java:73) ~[junit-platform-engine-1.8.2.jar:1.8.2]
	at org.junit.platform.engine.support.hierarchical.NodeTestTask.executeRecursively(NodeTestTask.java:138) ~[junit-platform-engine-1.8.2.jar:1.8.2]
	at org.junit.platform.engine.support.hierarchical.NodeTestTask.execute(NodeTestTask.java:95) ~[junit-platform-engine-1.8.2.jar:1.8.2]
	at java.base/java.util.ArrayList.forEach(ArrayList.java:1511) ~[na:na]
	at org.junit.platform.engine.support.hierarchical.SameThreadHierarchicalTestExecutorService.invokeAll(SameThreadHierarchicalTestExecutorService.java:41) ~[junit-platform-engine-1.8.2.jar:1.8.2]
	at org.junit.platform.engine.support.hierarchical.NodeTestTask.lambda$executeRecursively$6(NodeTestTask.java:155) ~[junit-platform-engine-1.8.2.jar:1.8.2]
	at org.junit.platform.engine.support.hierarchical.ThrowableCollector.execute(ThrowableCollector.java:73) ~[junit-platform-engine-1.8.2.jar:1.8.2]
	at org.junit.platform.engine.support.hierarchical.NodeTestTask.lambda$executeRecursively$8(NodeTestTask.java:141) ~[junit-platform-engine-1.8.2.jar:1.8.2]
	at org.junit.platform.engine.support.hierarchical.Node.around(Node.java:137) ~[junit-platform-engine-1.8.2.jar:1.8.2]
	at org.junit.platform.engine.support.hierarchical.NodeTestTask.lambda$executeRecursively$9(NodeTestTask.java:139) ~[junit-platform-engine-1.8.2.jar:1.8.2]
	at org.junit.platform.engine.support.hierarchical.ThrowableCollector.execute(ThrowableCollector.java:73) ~[junit-platform-engine-1.8.2.jar:1.8.2]
	at org.junit.platform.engine.support.hierarchical.NodeTestTask.executeRecursively(NodeTestTask.java:138) ~[junit-platform-engine-1.8.2.jar:1.8.2]
	at org.junit.platform.engine.support.hierarchical.NodeTestTask.execute(NodeTestTask.java:95) ~[junit-platform-engine-1.8.2.jar:1.8.2]
	at org.junit.platform.engine.support.hierarchical.SameThreadHierarchicalTestExecutorService.submit(SameThreadHierarchicalTestExecutorService.java:35) ~[junit-platform-engine-1.8.2.jar:1.8.2]
	at org.junit.platform.engine.support.hierarchical.HierarchicalTestExecutor.execute(HierarchicalTestExecutor.java:57) ~[junit-platform-engine-1.8.2.jar:1.8.2]
	at org.junit.platform.engine.support.hierarchical.HierarchicalTestEngine.execute(HierarchicalTestEngine.java:54) ~[junit-platform-engine-1.8.2.jar:1.8.2]
	at org.junit.platform.launcher.core.EngineExecutionOrchestrator.execute(EngineExecutionOrchestrator.java:108) ~[na:na]
	at org.junit.platform.launcher.core.EngineExecutionOrchestrator.execute(EngineExecutionOrchestrator.java:88) ~[na:na]
	at org.junit.platform.launcher.core.EngineExecutionOrchestrator.lambda$execute$0(EngineExecutionOrchestrator.java:54) ~[na:na]
	at org.junit.platform.launcher.core.EngineExecutionOrchestrator.withInterceptedStreams(EngineExecutionOrchestrator.java:67) ~[na:na]
	at org.junit.platform.launcher.core.EngineExecutionOrchestrator.execute(EngineExecutionOrchestrator.java:52) ~[na:na]
	at org.junit.platform.launcher.core.DefaultLauncher.execute(DefaultLauncher.java:96) ~[na:na]
	at org.junit.platform.launcher.core.DefaultLauncher.execute(DefaultLauncher.java:75) ~[na:na]
	at org.gradle.api.internal.tasks.testing.junitplatform.JUnitPlatformTestClassProcessor$CollectAllTestClassesExecutor.processAllTestClasses(JUnitPlatformTestClassProcessor.java:99) ~[na:na]
	at org.gradle.api.internal.tasks.testing.junitplatform.JUnitPlatformTestClassProcessor$CollectAllTestClassesExecutor.access$000(JUnitPlatformTestClassProcessor.java:79) ~[na:na]
	at org.gradle.api.internal.tasks.testing.junitplatform.JUnitPlatformTestClassProcessor.stop(JUnitPlatformTestClassProcessor.java:75) ~[na:na]
	at org.gradle.api.internal.tasks.testing.SuiteTestClassProcessor.stop(SuiteTestClassProcessor.java:61) ~[na:na]
	at java.base/jdk.internal.reflect.NativeMethodAccessorImpl.invoke0(Native Method) ~[na:na]
	at java.base/jdk.internal.reflect.NativeMethodAccessorImpl.invoke(NativeMethodAccessorImpl.java:77) ~[na:na]
	at java.base/jdk.internal.reflect.DelegatingMethodAccessorImpl.invoke(DelegatingMethodAccessorImpl.java:43) ~[na:na]
	at java.base/java.lang.reflect.Method.invoke(Method.java:568) ~[na:na]
	at org.gradle.internal.dispatch.ReflectionDispatch.dispatch(ReflectionDispatch.java:36) ~[na:na]
	at org.gradle.internal.dispatch.ReflectionDispatch.dispatch(ReflectionDispatch.java:24) ~[na:na]
	at org.gradle.internal.dispatch.ContextClassLoaderDispatch.dispatch(ContextClassLoaderDispatch.java:33) ~[na:na]
	at org.gradle.internal.dispatch.ProxyDispatchAdapter$DispatchingInvocationHandler.invoke(ProxyDispatchAdapter.java:94) ~[na:na]
	at jdk.proxy1/jdk.proxy1.$Proxy2.stop(Unknown Source) ~[na:na]
	at org.gradle.api.internal.tasks.testing.worker.TestWorker$3.run(TestWorker.java:193) ~[na:na]
	at org.gradle.api.internal.tasks.testing.worker.TestWorker.executeAndMaintainThreadName(TestWorker.java:129) ~[na:na]
	at org.gradle.api.internal.tasks.testing.worker.TestWorker.execute(TestWorker.java:100) ~[na:na]
	at org.gradle.api.internal.tasks.testing.worker.TestWorker.execute(TestWorker.java:60) ~[na:na]
	at org.gradle.process.internal.worker.child.ActionExecutionWorker.execute(ActionExecutionWorker.java:56) ~[na:na]
	at org.gradle.process.internal.worker.child.SystemApplicationClassLoaderWorker.call(SystemApplicationClassLoaderWorker.java:133) ~[na:na]
	at org.gradle.process.internal.worker.child.SystemApplicationClassLoaderWorker.call(SystemApplicationClassLoaderWorker.java:71) ~[na:na]
	at worker.org.gradle.process.internal.worker.GradleWorkerMain.run(GradleWorkerMain.java:69) ~[gradle-worker.jar:na]
	at worker.org.gradle.process.internal.worker.GradleWorkerMain.main(GradleWorkerMain.java:74) ~[gradle-worker.jar:na]

2022-02-03 16:38:41.201 DEBUG 13409 --- [    Test worker] .h.v.m.ResourceBundleMessageInterpolator : Loaded expression factory via original TCCL
2022-02-03 16:38:41.213 DEBUG 13409 --- [    Test worker] o.h.v.i.e.AbstractConfigurationImpl      : Setting custom MessageInterpolator of type org.springframework.validation.beanvalidation.LocaleContextMessageInterpolator
2022-02-03 16:38:41.214 DEBUG 13409 --- [    Test worker] o.h.v.i.e.AbstractConfigurationImpl      : Setting custom ConstraintValidatorFactory of type org.springframework.validation.beanvalidation.SpringConstraintValidatorFactory
2022-02-03 16:38:41.214 DEBUG 13409 --- [    Test worker] o.h.v.i.e.AbstractConfigurationImpl      : Setting custom ParameterNameProvider of type org.springframework.validation.beanvalidation.LocalValidatorFactoryBean$1
2022-02-03 16:38:41.216 DEBUG 13409 --- [    Test worker] o.h.v.i.xml.config.ValidationXmlParser   : Trying to load META-INF/validation.xml for XML based Validator configuration.
2022-02-03 16:38:41.216 DEBUG 13409 --- [    Test worker] o.h.v.i.xml.config.ResourceLoaderHelper  : Trying to load META-INF/validation.xml via user class loader
2022-02-03 16:38:41.216 DEBUG 13409 --- [    Test worker] o.h.v.i.xml.config.ResourceLoaderHelper  : Trying to load META-INF/validation.xml via TCCL
2022-02-03 16:38:41.216 DEBUG 13409 --- [    Test worker] o.h.v.i.xml.config.ResourceLoaderHelper  : Trying to load META-INF/validation.xml via Hibernate Validator's class loader
2022-02-03 16:38:41.217 DEBUG 13409 --- [    Test worker] o.h.v.i.xml.config.ValidationXmlParser   : No META-INF/validation.xml found. Using annotation based configuration only.
2022-02-03 16:38:41.218 DEBUG 13409 --- [    Test worker] o.h.v.i.e.resolver.TraversableResolvers  : Cannot find javax.persistence.Persistence on classpath. Assuming non JPA 2 environment. All properties will per default be traversable.
2022-02-03 16:38:41.221 DEBUG 13409 --- [    Test worker] .i.e.ValidatorFactoryConfigurationHelper : HV000252: Using org.hibernate.validator.internal.engine.DefaultPropertyNodeNameProvider as property node name provider.
2022-02-03 16:38:41.222 DEBUG 13409 --- [    Test worker] .i.e.ValidatorFactoryConfigurationHelper : HV000234: Using org.springframework.validation.beanvalidation.LocaleContextMessageInterpolator as ValidatorFactory-scoped message interpolator.
2022-02-03 16:38:41.223 DEBUG 13409 --- [    Test worker] .i.e.ValidatorFactoryConfigurationHelper : HV000234: Using org.hibernate.validator.internal.engine.resolver.TraverseAllTraversableResolver as ValidatorFactory-scoped traversable resolver.
2022-02-03 16:38:41.223 DEBUG 13409 --- [    Test worker] .i.e.ValidatorFactoryConfigurationHelper : HV000234: Using org.hibernate.validator.internal.util.ExecutableParameterNameProvider as ValidatorFactory-scoped parameter name provider.
2022-02-03 16:38:41.223 DEBUG 13409 --- [    Test worker] .i.e.ValidatorFactoryConfigurationHelper : HV000234: Using org.hibernate.validator.internal.engine.DefaultClockProvider as ValidatorFactory-scoped clock provider.
2022-02-03 16:38:41.224 DEBUG 13409 --- [    Test worker] .i.e.ValidatorFactoryConfigurationHelper : HV000234: Using org.hibernate.validator.internal.engine.scripting.DefaultScriptEvaluatorFactory as ValidatorFactory-scoped script evaluator factory.
2022-02-03 16:38:41.804 DEBUG 13409 --- [    Test worker] _.s.web.servlet.HandlerMapping.Mappings  : 
	d.c.w.w.c.DetermineURLController:
	{GET [/leaderindex]}: leaderindex(Model,String)
	{GET [/adminindex]}: adminindex(Model,String)
	{GET [/index]}: userindex(Model,String)
2022-02-03 16:38:41.809 DEBUG 13409 --- [    Test worker] _.s.web.servlet.HandlerMapping.Mappings  : 
	d.c.w.w.c.NotificationsController:
	{GET [/notifications]}: notifications()
2022-02-03 16:38:41.812 DEBUG 13409 --- [    Test worker] _.s.web.servlet.HandlerMapping.Mappings  : 
	d.c.w.w.c.RecoveryPasswordController:
	{GET [/maileingabe]}: maileingabe()
	{POST [/maileingabe]}: maileingabePost(Model,String)
	{GET [/delete/confirm]}: deleteAccount(Model,String)
2022-02-03 16:38:41.814 DEBUG 13409 --- [    Test worker] _.s.web.servlet.HandlerMapping.Mappings  : 
	d.c.w.w.c.RegistrationController:
	{POST [/registration]}: register(Model,RegistrationRequest)
	{GET [/]}: loginOrResgister()
	{GET [/registration]}: registerForm(Model,RegistrationRequest)
	{GET [/registration/confirm]}: confirm(Model,String)
2022-02-03 16:38:41.815 DEBUG 13409 --- [    Test worker] _.s.web.servlet.HandlerMapping.Mappings  : 
	d.c.w.w.c.WebSeiteController:
	{GET [/home]}: home()
2022-02-03 16:38:41.816 DEBUG 13409 --- [    Test worker] _.s.web.servlet.HandlerMapping.Mappings  : 
	d.c.w.w.c.WillAgropastoralController:
	{GET [/analyse]}: index(Model)
	{POST [/analyse]}: indexpost(Model,CustomAnalyseForm)
2022-02-03 16:38:41.822 DEBUG 13409 --- [    Test worker] _.s.web.servlet.HandlerMapping.Mappings  : 
	o.s.b.a.w.s.e.BasicErrorController:
	{ [/error]}: error(HttpServletRequest)
	{ [/error], produces [text/html]}: errorHtml(HttpServletRequest,HttpServletResponse)
2022-02-03 16:38:41.912 DEBUG 13409 --- [    Test worker] _.s.web.servlet.HandlerMapping.Mappings  : 'beanNameHandlerMapping' {}
2022-02-03 16:38:42.094 DEBUG 13409 --- [    Test worker] _.s.web.servlet.HandlerMapping.Mappings  : 'resourceHandlerMapping' {/webjars/**=ResourceHttpRequestHandler [classpath [META-INF/resources/webjars/]], /**=ResourceHttpRequestHandler [classpath [META-INF/resources/], classpath [resources/], classpath [static/], classpath [public/], ServletContext [/]]}
2022-02-03 16:38:42.473  INFO 13409 --- [    Test worker] ropastoralJdbcOauthEmailApplicationTests : Started WillagropastoralJdbcOauthEmailApplicationTests in 6.184 seconds (JVM running for 7.966)
]]></system-out>
  <system-err><![CDATA[]]></system-err>
</testsuite>
